16:09:43.436 [main                     ] DEBUG Logger               - Configured Logger
16:09:43.463 [main                     ] DEBUG GameApplication      - Logging settings
Title: Survivor Game
Version: 1.0
Width: 1280
Height: 720
Fullscreen: false
Intro: false
Profiling: false
Single step:false
App Mode: DEVELOPER
Menu Key: ESCAPE
Stage Style: DECORATED
Scene Factory: class com.almasb.fxgl.app.scene.SceneFactory

16:09:43.855 [JavaFX Application Thread] DEBUG FXGLApplication      - Initializing FXGL
16:09:43.860 [JavaFX Application Thread] INFO  Engine               - FXGL-17.3 (30.03.2023 11.49) on WINDOWS (J:21.0.5 FX:20)
16:09:43.860 [JavaFX Application Thread] DEBUG Engine               - JRE Vendor Name: Oracle Corporation
16:09:43.860 [JavaFX Application Thread] DEBUG Engine               - Running on OS: Windows 11 version 10.0
16:09:43.860 [JavaFX Application Thread] DEBUG Engine               - Architecture: amd64
16:09:43.861 [JavaFX Application Thread] INFO  Engine               - Source code and latest versions at: https://github.com/AlmasB/FXGL
16:09:43.861 [JavaFX Application Thread] INFO  Engine               -       Ask questions and discuss at: https://github.com/AlmasB/FXGL/discussions
16:09:43.861 [JavaFX Application Thread] INFO  Engine               -              Join the FXGL chat at: https://gitter.im/AlmasB/FXGL
16:09:43.954 [JavaFX Application Thread] DEBUG PrimaryStageWindow   - Creating a JavaFX scene
16:09:44.015 [JavaFX Application Thread] DEBUG PrimaryStageWindow   - Target settings size: 1280.0 x 720.0
16:09:44.015 [JavaFX Application Thread] DEBUG PrimaryStageWindow   - Scaled scene size:    1280.0 x 720.0
16:09:44.016 [JavaFX Application Thread] DEBUG PrimaryStageWindow   - Scaled ratio: (1.0, 1.0)
16:09:44.017 [JavaFX Application Thread] DEBUG PrimaryStageWindow   - Set initial scene to FXGLStartupScene
16:09:44.022 [JavaFX Application Thread] DEBUG PrimaryStageWindow   - Opening main window
16:09:44.124 [JavaFX Application Thread] DEBUG PrimaryStageWindow   - Window border size: (14.6666259765625, 37.33331298828125)
16:09:44.124 [JavaFX Application Thread] DEBUG PrimaryStageWindow   - Scaled size: 1280.0 x 720.0
16:09:44.125 [JavaFX Application Thread] DEBUG PrimaryStageWindow   - Scaled ratio: (1.0, 1.0)
16:09:44.125 [JavaFX Application Thread] DEBUG PrimaryStageWindow   - Scene size: 1280.0 x 720.0
16:09:44.125 [JavaFX Application Thread] DEBUG PrimaryStageWindow   - Stage size: 1294.6666259765625 x 757.3333129882812
16:09:44.133 [FXGL Background Thread 1 ] DEBUG Engine               - Initializing environment variables
16:09:44.190 [FXGL Background Thread 1 ] DEBUG FXGLAssetLoaderServi - User app class for loading assets: class com.survivor.main.GameApp
16:09:44.190 [FXGL Background Thread 1 ] DEBUG GameApplicationServi - Applying CSS: fxgl_dark.css
16:09:44.192 [FXGL Background Thread 1 ] DEBUG FXGLAssetLoaderServi - Loading from file system: jar:file:/C:/Users/11706/.m2/repository/com/github/almasb/fxgl/17.3/fxgl-17.3.jar!/fxglassets/ui/css/fxgl_dark.css
16:09:44.237 [FXGL Background Thread 1 ] DEBUG GameApplicationServi - Initializing application scenes
16:09:44.357 [FXGL Background Thread 1 ] DEBUG GameWorld            - Game world initialized
16:09:44.466 [FXGL Background Thread 1 ] DEBUG PhysicsWorld         - Physics world initialized: appHeight=720, physics.ppm=50.0
16:09:44.466 [FXGL Background Thread 1 ] DEBUG PhysicsWorld         - Using strategy: BRUTE_FORCE
16:09:44.472 [FXGL Background Thread 1 ] DEBUG GameScene            - Game scene initialized: 1280x720
16:09:44.485 [FXGL Background Thread 1 ] DEBUG FXGL.DefaultMenu     - createMenuBodyGameMenu()
16:09:44.497 [FXGL Background Thread 1 ] DEBUG FXGL.DefaultMenu     - createOptionsMenu()
16:09:44.512 [FXGL Background Thread 1 ] DEBUG FXGLAssetLoaderServi - Loading from file system: jar:file:/C:/Users/11706/.m2/repository/com/github/almasb/fxgl/17.3/fxgl-17.3.jar!/fxglassets/textures/particles/smoke.png
16:09:44.632 [FXGL Background Thread 1 ] DEBUG FXGLAssetLoaderServi - Loading from file system: jar:file:/C:/Users/11706/.m2/repository/com/github/almasb/fxgl/17.3/fxgl-17.3.jar!/fxglassets/textures/particles/trace_horizontal.png
16:09:44.655 [FXGL Background Thread 1 ] DEBUG GameApplicationServi - Application scenes initialized
16:09:44.668 [FXGL Background Thread 1 ] DEBUG SystemBundleService  - Loading FXGL system data
16:09:44.673 [FXGL Background Thread 1 ] DEBUG FileSystemAccess     - Reading from: C:\Users\11706\IdeaProjects\survivior-game3\SurvivorGame\system\fxgl.bundle
16:09:44.682 [FXGL Background Thread 1 ] DEBUG SystemBundleService  - Bundle FXGL: {}
16:09:44.682 [FXGL Background Thread 1 ] DEBUG UpdaterService       - Checking for updates
16:09:44.685 [FXGL Background Thread 4 ] DEBUG FXGLApplication      - Loading fonts
16:09:44.686 [FXGL Background Thread 4 ] DEBUG FXGLAssetLoaderServi - Loading from file system: jar:file:/C:/Users/11706/.m2/repository/com/github/almasb/fxgl/17.3/fxgl-17.3.jar!/fxglassets/ui/fonts/VarelaRound-Regular.ttf
16:09:44.686 [FXGL Background Thread 1 ] DEBUG FXGLApplication      - Loading default localization
16:09:44.687 [FXGL Background Thread 1 ] DEBUG FXGLAssetLoaderServi - Loading from file system: jar:file:/C:/Users/11706/.m2/repository/com/github/almasb/fxgl/17.3/fxgl-17.3.jar!/fxglassets/languages/english.lang
16:09:44.745 [FXGL Background Thread 4 ] DEBUG FXGLAssetLoaderServi - Loading from file system: jar:file:/C:/Users/11706/.m2/repository/com/github/almasb/fxgl/17.3/fxgl-17.3.jar!/fxglassets/ui/fonts/Abel-Regular.ttf
16:09:44.749 [FXGL Background Thread 4 ] DEBUG FXGLAssetLoaderServi - Loading from file system: jar:file:/C:/Users/11706/.m2/repository/com/github/almasb/fxgl/17.3/fxgl-17.3.jar!/fxglassets/ui/fonts/TerminalLandMono-Regular.otf
16:09:44.753 [FXGL Background Thread 4 ] DEBUG FXGLAssetLoaderServi - Loading from file system: jar:file:/C:/Users/11706/.m2/repository/com/github/almasb/fxgl/17.3/fxgl-17.3.jar!/fxglassets/ui/fonts/Courier-Prime.ttf
16:09:44.754 [FXGL Background Thread 1 ] INFO  FXGLApplication      - FXGL initialization took: 0.621 sec
16:09:44.768 [JavaFX Application Thread] DEBUG FXGLAssetLoaderServi - Loading from file system: file:/C:/Users/11706/IdeaProjects/survivior-game3/SurvivorGame/target/classes/assets/textures/icon.png
16:09:44.777 [JavaFX Application Thread] DEBUG FXGLAssetLoaderServi - Loading from file system: jar:file:/C:/Users/11706/.m2/repository/com/github/almasb/fxgl/17.3/fxgl-17.3.jar!/fxglassets/textures/fxgl_default_cursor.png
16:09:44.790 [JavaFX Application Thread] DEBUG Input                - Registered new binding: Screenshot - CTRL+8
16:09:44.791 [JavaFX Application Thread] DEBUG Input                - Registered new binding: System info dump - CTRL+9
16:09:44.791 [JavaFX Application Thread] DEBUG Input                - Registered new binding: Restart - CTRL+R
16:09:44.794 [JavaFX Application Thread] DEBUG Input                - Registered new binding: Toggle Debug Camera - CTRL+7
16:09:44.800 [JavaFX Application Thread] DEBUG LoopRunner           - Starting loop
16:09:44.800 [JavaFX Application Thread] DEBUG LoopRunner           - Initializing ScheduledExecutorLoop with fps: 120
16:09:44.802 [JavaFX Application Thread] DEBUG GameApplicationServi - Starting new game
16:09:44.803 [JavaFX Application Thread] DEBUG Input                - Clearing active input actions
16:09:44.819 [JavaFX Application Thread] DEBUG GameApplicationServi - Removing overlay from FXGLStartupScene and adding to FXGLLoadingScene
16:09:44.820 [JavaFX Application Thread] DEBUG PrimaryStageWindow   - FXGLStartupScene -> FXGLLoadingScene
16:09:44.820 [JavaFX Application Thread] DEBUG GameApplicationServi - Clearing previous game
16:09:44.820 [JavaFX Application Thread] DEBUG GameScene            - Clearing game scene
16:09:44.820 [JavaFX Application Thread] DEBUG GameWorld            - Clearing game world
16:09:44.820 [JavaFX Application Thread] DEBUG PhysicsWorld         - Clearing physics world
16:09:44.823 [FXGL Background Thread 4 ] DEBUG FXGLApplication      - Initializing game
16:09:44.826 [JavaFX Application Thread] DEBUG FXGLApplication      - Registering font factories with UI factory
16:09:45.268 [FXGL Background Thread 4 ] WARN  TMXLevelLoader       - TiledMap generated from 1.11.2. Supported version: 1.9.0. Some features may not be parsed fully.
16:09:45.417 [FXGL Background Thread 4 ] DEBUG TMXLevelLoader       - Parsed TiledMap: file:/C:/Users/11706/IdeaProjects/survivior-game3/SurvivorGame/target/classes/assets/levels/Bigdongeonmap.tmx
16:09:45.422 [FXGL Background Thread 4 ] DEBUG TMXLevelLoader       - Creating tile layer entities
16:09:45.429 [FXGL Background Thread 4 ] DEBUG TilesetLoader        - Loading view for layer 图块层 1
16:09:45.494 [FXGL Background Thread 4 ] DEBUG TilesetLoader        - Created buffer with size 9600.0x5600.0
16:09:45.620 [FXGL Background Thread 4 ] DEBUG TilesetLoader        - Loading view for layer 图块层 2
16:09:45.673 [FXGL Background Thread 4 ] DEBUG TilesetLoader        - Created buffer with size 9600.0x5600.0
16:09:45.702 [FXGL Background Thread 4 ] DEBUG TMXLevelLoader       - Creating object layer entities
16:09:45.820 [FXGL Background Thread 4 ] DEBUG GameWorld            - Clearing removable entities
16:09:45.822 [FXGL Background Thread 4 ] DEBUG GameWorld            - Setting level: com.almasb.fxgl.entity.level.Level@20429daa
16:09:45.887 [FXGL Background Thread 4 ] DEBUG Input                - Registered new binding: Move Up - W
16:09:45.888 [FXGL Background Thread 4 ] DEBUG Input                - Registered new binding: Move Down - S
16:09:45.888 [FXGL Background Thread 4 ] DEBUG Input                - Registered new binding: Move Left - A
16:09:45.888 [FXGL Background Thread 4 ] DEBUG Input                - Registered new binding: Move Right - D
16:09:45.888 [FXGL Background Thread 4 ] DEBUG Input                - Registered new binding: AttackLeft - J
16:09:45.888 [FXGL Background Thread 4 ] DEBUG Input                - Registered new binding: AttackRight - K
16:09:45.889 [FXGL Background Thread 4 ] DEBUG Input                - Registered new binding: Dash - L
16:09:45.894 [FXGL Background Thread 4 ] DEBUG FXGLAssetLoaderServi - Loading from file system: file:/C:/Users/11706/IdeaProjects/survivior-game3/SurvivorGame/target/classes/assets/textures/Idle.png
16:09:45.899 [FXGL Background Thread 4 ] DEBUG FXGLAssetLoaderServi - Loading from file system: file:/C:/Users/11706/IdeaProjects/survivior-game3/SurvivorGame/target/classes/assets/textures/Run.png
16:09:45.902 [FXGL Background Thread 4 ] DEBUG FXGLAssetLoaderServi - Loading from file system: file:/C:/Users/11706/IdeaProjects/survivior-game3/SurvivorGame/target/classes/assets/textures/Attack3.png
16:09:45.915 [FXGL Background Thread 4 ] INFO  FXGLApplication      - Game initialization took: 1.091 sec
16:09:46.403 [JavaFX Application Thread] DEBUG Input                - Clearing active input actions
16:09:46.433 [JavaFX Application Thread] DEBUG GameApplicationServi - Removing overlay from FXGLLoadingScene and adding to GameScene
16:09:46.433 [JavaFX Application Thread] DEBUG PrimaryStageWindow   - FXGLLoadingScene -> GameScene
16:09:47.307 [JavaFX Application Thread] DEBUG Input                - Registered new binding: action0 - U
16:09:47.307 [JavaFX Application Thread] DEBUG Input                - Registered new binding: action1 - G
16:09:47.685 [FXGL Background Thread 3 ] DEBUG Engine               - Logging environment variables
16:09:47.685 [FXGL Background Thread 3 ] DEBUG Engine               - achievements: []
16:09:47.685 [FXGL Background Thread 3 ] DEBUG Engine               - actualHeight: 720.0
16:09:47.686 [FXGL Background Thread 3 ] DEBUG Engine               - actualHeightProperty: ReadOnlyDoubleProperty [value: 720.0]
16:09:47.686 [FXGL Background Thread 3 ] DEBUG Engine               - actualWidth: 1280.0
16:09:47.686 [FXGL Background Thread 3 ] DEBUG Engine               - actualWidthProperty: ReadOnlyDoubleProperty [value: 1280.0]
16:09:47.686 [FXGL Background Thread 3 ] DEBUG Engine               - appIcon: icon.png
16:09:47.686 [FXGL Background Thread 3 ] DEBUG Engine               - applicationMode: DEVELOPER
16:09:47.686 [FXGL Background Thread 3 ] DEBUG Engine               - cSSList: [fxgl_dark.css]
16:09:47.686 [FXGL Background Thread 3 ] DEBUG Engine               - collisionDetectionStrategy: BRUTE_FORCE
16:09:47.686 [FXGL Background Thread 3 ] DEBUG Engine               - configClass: Optional.empty
16:09:47.686 [FXGL Background Thread 3 ] DEBUG Engine               - credits: []
16:09:47.686 [FXGL Background Thread 3 ] DEBUG Engine               - defaultCursor: CursorInfo(imageName=fxgl_default_cursor.png, hotspotX=7.0, hotspotY=6.0)
16:09:47.686 [FXGL Background Thread 3 ] DEBUG Engine               - devBBoxColorProperty: ObjectProperty [value: 0xff0000ff]
16:09:47.686 [FXGL Background Thread 3 ] DEBUG Engine               - devEnableDebugCameraProperty: BooleanProperty [value: false]
16:09:47.687 [FXGL Background Thread 3 ] DEBUG Engine               - devSensorColorProperty: ObjectProperty [value: 0xffff00ff]
16:09:47.687 [FXGL Background Thread 3 ] DEBUG Engine               - devShowBBoxProperty: BooleanProperty [value: false]
16:09:47.687 [FXGL Background Thread 3 ] DEBUG Engine               - devShowPositionProperty: BooleanProperty [value: false]
16:09:47.687 [FXGL Background Thread 3 ] DEBUG Engine               - enabledMenuItems: []
16:09:47.687 [FXGL Background Thread 3 ] DEBUG Engine               - engineServices: [class com.almasb.fxgl.app.services.FXGLAssetLoaderService, class com.almasb.fxgl.app.FXGLApplication$GameApplicationService, class com.almasb.fxgl.app.services.FXGLDialogService, class com.almasb.fxgl.app.services.IOTaskExecutorService, class com.almasb.fxgl.io.FileSystemService, class com.almasb.fxgl.localization.LocalizationService, class com.almasb.fxgl.app.services.SystemBundleService, class com.almasb.fxgl.profile.SaveLoadService, class com.almasb.fxgl.ui.FXGLUIFactoryServiceProvider, class com.almasb.fxgl.ui.FXGLDialogFactoryServiceProvider, class com.almasb.fxgl.audio.AudioPlayer, class com.almasb.fxgl.notification.impl.NotificationServiceProvider, class com.almasb.fxgl.achievement.AchievementService, class com.almasb.fxgl.cutscene.CutsceneService, class com.almasb.fxgl.minigames.MiniGameService, class com.almasb.fxgl.net.NetService, class com.almasb.fxgl.app.services.UpdaterService, class com.almasb.fxgl.dev.DevService]
16:09:47.687 [FXGL Background Thread 3 ] DEBUG Engine               - fontGame: Abel-Regular.ttf
16:09:47.687 [FXGL Background Thread 3 ] DEBUG Engine               - fontMono: TerminalLandMono-Regular.otf
16:09:47.687 [FXGL Background Thread 3 ] DEBUG Engine               - fontSizeScaleUI: 1.0
16:09:47.687 [FXGL Background Thread 3 ] DEBUG Engine               - fontText: Courier-Prime.ttf
16:09:47.687 [FXGL Background Thread 3 ] DEBUG Engine               - fontUI: VarelaRound-Regular.ttf
16:09:47.687 [FXGL Background Thread 3 ] DEBUG Engine               - fullScreen: BooleanProperty [value: false]
16:09:47.687 [FXGL Background Thread 3 ] DEBUG Engine               - gameDifficulty: MEDIUM
16:09:47.687 [FXGL Background Thread 3 ] DEBUG Engine               - gameDifficultyProperty: ObjectProperty [value: MEDIUM]
16:09:47.688 [FXGL Background Thread 3 ] DEBUG Engine               - globalMusicVolume: 0.5
16:09:47.688 [FXGL Background Thread 3 ] DEBUG Engine               - globalMusicVolumeProperty: DoubleProperty [value: 0.5]
16:09:47.688 [FXGL Background Thread 3 ] DEBUG Engine               - globalSoundVolume: 0.5
16:09:47.688 [FXGL Background Thread 3 ] DEBUG Engine               - globalSoundVolumeProperty: DoubleProperty [value: 0.5]
16:09:47.688 [FXGL Background Thread 3 ] DEBUG Engine               - height: 720
16:09:47.688 [FXGL Background Thread 3 ] DEBUG Engine               - is3D: false
16:09:47.688 [FXGL Background Thread 3 ] DEBUG Engine               - isAndroid: false
16:09:47.688 [FXGL Background Thread 3 ] DEBUG Engine               - isBrowser: false
16:09:47.688 [FXGL Background Thread 3 ] DEBUG Engine               - isClickFeedbackEnabled: false
16:09:47.688 [FXGL Background Thread 3 ] DEBUG Engine               - isCloseConfirmation: false
16:09:47.688 [FXGL Background Thread 3 ] DEBUG Engine               - isDesktop: true
16:09:47.688 [FXGL Background Thread 3 ] DEBUG Engine               - isDeveloperMenuEnabled: false
16:09:47.688 [FXGL Background Thread 3 ] DEBUG Engine               - isEmbedded: false
16:09:47.688 [FXGL Background Thread 3 ] DEBUG Engine               - isEntityPreloadEnabled: true
16:09:47.688 [FXGL Background Thread 3 ] DEBUG Engine               - isExperimentalTiledLargeMap: false
16:09:47.688 [FXGL Background Thread 3 ] DEBUG Engine               - isFileSystemWriteAllowed: true
16:09:47.689 [FXGL Background Thread 3 ] DEBUG Engine               - isFullScreenAllowed: false
16:09:47.689 [FXGL Background Thread 3 ] DEBUG Engine               - isFullScreenFromStart: false
16:09:47.689 [FXGL Background Thread 3 ] DEBUG Engine               - isGameMenuEnabled: true
16:09:47.689 [FXGL Background Thread 3 ] DEBUG Engine               - isIOS: false
16:09:47.689 [FXGL Background Thread 3 ] DEBUG Engine               - isIntroEnabled: false
16:09:47.689 [FXGL Background Thread 3 ] DEBUG Engine               - isLinux: false
16:09:47.689 [FXGL Background Thread 3 ] DEBUG Engine               - isMac: false
16:09:47.689 [FXGL Background Thread 3 ] DEBUG Engine               - isMainMenuEnabled: false
16:09:47.689 [FXGL Background Thread 3 ] DEBUG Engine               - isManualResizeEnabled: false
16:09:47.689 [FXGL Background Thread 3 ] DEBUG Engine               - isMobile: false
16:09:47.689 [FXGL Background Thread 3 ] DEBUG Engine               - isNative: false
16:09:47.689 [FXGL Background Thread 3 ] DEBUG Engine               - isPauseMusicWhenMinimized: true
16:09:47.689 [FXGL Background Thread 3 ] DEBUG Engine               - isPreserveResizeRatio: false
16:09:47.689 [FXGL Background Thread 3 ] DEBUG Engine               - isProfilingEnabled: false
16:09:47.689 [FXGL Background Thread 3 ] DEBUG Engine               - isScaleAffectedOnResize: true
16:09:47.689 [FXGL Background Thread 3 ] DEBUG Engine               - isSingleStep: false
16:09:47.689 [FXGL Background Thread 3 ] DEBUG Engine               - isUserProfileEnabled: false
16:09:47.689 [FXGL Background Thread 3 ] DEBUG Engine               - isWindows: true
16:09:47.689 [FXGL Background Thread 3 ] DEBUG Engine               - language: ObjectProperty [value: ENGLISH]
16:09:47.689 [FXGL Background Thread 3 ] DEBUG Engine               - menuKey: ESCAPE
16:09:47.689 [FXGL Background Thread 3 ] DEBUG Engine               - mouseSensitivity: 0.2
16:09:47.689 [FXGL Background Thread 3 ] DEBUG Engine               - notificationViewClass: class com.almasb.fxgl.notification.view.XboxNotificationView
16:09:47.689 [FXGL Background Thread 3 ] DEBUG Engine               - pixelsPerMeter: 50.0
16:09:47.689 [FXGL Background Thread 3 ] DEBUG Engine               - platform: WINDOWS
16:09:47.689 [FXGL Background Thread 3 ] DEBUG Engine               - prefHeightProperty: ReadOnlyDoubleProperty [value: 720.0]
16:09:47.689 [FXGL Background Thread 3 ] DEBUG Engine               - prefWidthProperty: ReadOnlyDoubleProperty [value: 1280.0]
16:09:47.690 [FXGL Background Thread 3 ] DEBUG Engine               - profileDir: profiles/
16:09:47.690 [FXGL Background Thread 3 ] DEBUG Engine               - profileName: StringProperty [value: DEFAULT]
16:09:47.690 [FXGL Background Thread 3 ] DEBUG Engine               - randomSeed: -1
16:09:47.690 [FXGL Background Thread 3 ] DEBUG Engine               - runtimeInfo: RuntimeInfo(platform=WINDOWS, version=17.3, build=30.03.2023 11.49)
16:09:47.690 [FXGL Background Thread 3 ] DEBUG Engine               - saveFileExt: sav
16:09:47.690 [FXGL Background Thread 3 ] DEBUG Engine               - scaledHeightProp$fxgl: DoubleProperty [bound, value: 720.0]
16:09:47.690 [FXGL Background Thread 3 ] DEBUG Engine               - scaledWidthProp$fxgl: DoubleProperty [bound, value: 1280.0]
16:09:47.690 [FXGL Background Thread 3 ] DEBUG Engine               - sceneFactory: com.almasb.fxgl.app.scene.SceneFactory@5fed86c5
16:09:47.690 [FXGL Background Thread 3 ] DEBUG Engine               - secondsIn24h: 60
16:09:47.690 [FXGL Background Thread 3 ] DEBUG Engine               - soundMenuBack: menu/back.wav
16:09:47.690 [FXGL Background Thread 3 ] DEBUG Engine               - soundMenuPress: menu/press.wav
16:09:47.690 [FXGL Background Thread 3 ] DEBUG Engine               - soundMenuSelect: menu/select.wav
16:09:47.690 [FXGL Background Thread 3 ] DEBUG Engine               - soundNotification: core/notification.wav
16:09:47.690 [FXGL Background Thread 3 ] DEBUG Engine               - stageStyle: DECORATED
16:09:47.690 [FXGL Background Thread 3 ] DEBUG Engine               - supportedLanguages: [ENGLISH, FRENCH, GERMAN, HUNGARIAN, RUSSIAN]
16:09:47.690 [FXGL Background Thread 3 ] DEBUG Engine               - ticksPerSecond: 120
16:09:47.690 [FXGL Background Thread 3 ] DEBUG Engine               - title: Survivor Game
16:09:47.691 [FXGL Background Thread 3 ] DEBUG Engine               - urlGithub: https://github.com/AlmasB/FXGL
16:09:47.691 [FXGL Background Thread 3 ] DEBUG Engine               - urlLeaderboard: http://fxgl-top.herokuapp.com/
16:09:47.691 [FXGL Background Thread 3 ] DEBUG Engine               - urlPOM: https://raw.githubusercontent.com/AlmasB/FXGL/release/README.md
16:09:47.691 [FXGL Background Thread 3 ] DEBUG Engine               - userAppClass: class com.survivor.main.GameApp
16:09:47.691 [FXGL Background Thread 3 ] DEBUG Engine               - version: 1.0
16:09:47.691 [FXGL Background Thread 3 ] DEBUG Engine               - versionCheckDays: 7
16:09:47.691 [FXGL Background Thread 3 ] DEBUG Engine               - width: 1280
16:09:47.691 [FXGL Background Thread 3 ] DEBUG Engine               - Logging services
16:09:47.691 [FXGL Background Thread 3 ] DEBUG Engine               - class com.almasb.fxgl.app.services.FXGLAssetLoaderService
16:09:47.691 [FXGL Background Thread 3 ] DEBUG Engine               - class com.almasb.fxgl.app.FXGLApplication$GameApplicationService
16:09:47.691 [FXGL Background Thread 3 ] DEBUG Engine               - class com.almasb.fxgl.app.services.FXGLDialogService
16:09:47.691 [FXGL Background Thread 3 ] DEBUG Engine               - class com.almasb.fxgl.app.services.IOTaskExecutorService
16:09:47.691 [FXGL Background Thread 3 ] DEBUG Engine               - class com.almasb.fxgl.io.FileSystemService
16:09:47.691 [FXGL Background Thread 3 ] DEBUG Engine               - class com.almasb.fxgl.localization.LocalizationService
16:09:47.691 [FXGL Background Thread 3 ] DEBUG Engine               - class com.almasb.fxgl.app.services.SystemBundleService
16:09:47.691 [FXGL Background Thread 3 ] DEBUG Engine               - class com.almasb.fxgl.profile.SaveLoadService
16:09:47.691 [FXGL Background Thread 3 ] DEBUG Engine               - class com.almasb.fxgl.ui.FXGLUIFactoryServiceProvider
16:09:47.691 [FXGL Background Thread 3 ] DEBUG Engine               - class com.almasb.fxgl.ui.FXGLDialogFactoryServiceProvider
16:09:47.691 [FXGL Background Thread 3 ] DEBUG Engine               - class com.almasb.fxgl.audio.AudioPlayer
16:09:47.691 [FXGL Background Thread 3 ] DEBUG Engine               - class com.almasb.fxgl.notification.impl.NotificationServiceProvider
16:09:47.691 [FXGL Background Thread 3 ] DEBUG Engine               - class com.almasb.fxgl.achievement.AchievementService
16:09:47.691 [FXGL Background Thread 3 ] DEBUG Engine               - class com.almasb.fxgl.cutscene.CutsceneService
16:09:47.691 [FXGL Background Thread 3 ] DEBUG Engine               - class com.almasb.fxgl.minigames.MiniGameService
16:09:47.691 [FXGL Background Thread 3 ] DEBUG Engine               - class com.almasb.fxgl.net.NetService
16:09:47.691 [FXGL Background Thread 3 ] DEBUG Engine               - class com.almasb.fxgl.app.services.UpdaterService
16:09:47.691 [FXGL Background Thread 3 ] DEBUG Engine               - class com.almasb.fxgl.dev.DevService
16:10:00.828 [JavaFX Application Thread] DEBUG FXGLAssetLoaderServi - Loading from file system: file:/C:/Users/11706/IdeaProjects/survivior-game3/SurvivorGame/target/classes/assets/textures/enemy.png
16:10:05.783 [FXGL Background Thread 2 ] INFO  UpdaterService       - Your current version:  17.3
16:10:05.784 [FXGL Background Thread 2 ] INFO  UpdaterService       - Latest stable version: 21.1
16:10:06.913 [JavaFX Application Thread] DEBUG FXGLApplication      - Exiting FXGL
16:10:06.913 [JavaFX Application Thread] DEBUG LoopRunner           - Stopping loop
16:10:06.914 [JavaFX Application Thread] DEBUG SystemBundleService  - Saving FXGL system data
16:10:06.915 [JavaFX Application Thread] DEBUG FileSystemAccess     - Writing to: C:\Users\11706\IdeaProjects\survivior-game3\SurvivorGame\system\fxgl.bundle
16:10:06.918 [JavaFX Application Thread] DEBUG Async                - Shutting down background threads
16:10:06.919 [JavaFX Application Thread] DEBUG PrimaryStageWindow   - Closing main window
16:10:06.977 [JavaFX Application Thread] DEBUG Logger               - Closing Logger
