23:42:51.492 [main                     ] DEBUG Logger               - Configured Logger
23:42:51.528 [main                     ] DEBUG GameApplication      - Logging settings
Title: Survivor Game
Version: 1.0
Width: 1280
Height: 720
Fullscreen: false
Intro: false
Profiling: false
Single step:false
App Mode: DEVELOPER
Menu Key: ESCAPE
Stage Style: DECORATED
Scene Factory: class com.almasb.fxgl.app.scene.SceneFactory

23:42:51.933 [JavaFX Application Thread] DEBUG FXGLApplication      - Initializing FXGL
23:42:51.938 [JavaFX Application Thread] INFO  Engine               - FXGL-17.3 (30.03.2023 11.49) on WINDOWS (J:21.0.5 FX:20)
23:42:51.938 [JavaFX Application Thread] DEBUG Engine               - JRE Vendor Name: Oracle Corporation
23:42:51.938 [JavaFX Application Thread] DEBUG Engine               - Running on OS: Windows 11 version 10.0
23:42:51.938 [JavaFX Application Thread] DEBUG Engine               - Architecture: amd64
23:42:51.939 [JavaFX Application Thread] INFO  Engine               - Source code and latest versions at: https://github.com/AlmasB/FXGL
23:42:51.939 [JavaFX Application Thread] INFO  Engine               -       Ask questions and discuss at: https://github.com/AlmasB/FXGL/discussions
23:42:51.939 [JavaFX Application Thread] INFO  Engine               -              Join the FXGL chat at: https://gitter.im/AlmasB/FXGL
23:42:52.023 [JavaFX Application Thread] DEBUG PrimaryStageWindow   - Creating a JavaFX scene
23:42:52.065 [JavaFX Application Thread] DEBUG PrimaryStageWindow   - Target settings size: 1280.0 x 720.0
23:42:52.066 [JavaFX Application Thread] DEBUG PrimaryStageWindow   - Scaled scene size:    1280.0 x 720.0
23:42:52.066 [JavaFX Application Thread] DEBUG PrimaryStageWindow   - Scaled ratio: (1.0, 1.0)
23:42:52.067 [JavaFX Application Thread] DEBUG PrimaryStageWindow   - Set initial scene to FXGLStartupScene
23:42:52.070 [JavaFX Application Thread] DEBUG PrimaryStageWindow   - Opening main window
23:42:52.155 [JavaFX Application Thread] DEBUG PrimaryStageWindow   - Window border size: (14.6666259765625, 37.33331298828125)
23:42:52.156 [JavaFX Application Thread] DEBUG PrimaryStageWindow   - Scaled size: 1280.0 x 720.0
23:42:52.156 [JavaFX Application Thread] DEBUG PrimaryStageWindow   - Scaled ratio: (1.0, 1.0)
23:42:52.156 [JavaFX Application Thread] DEBUG PrimaryStageWindow   - Scene size: 1280.0 x 720.0
23:42:52.156 [JavaFX Application Thread] DEBUG PrimaryStageWindow   - Stage size: 1294.6666259765625 x 757.3333129882812
23:42:52.164 [FXGL Background Thread 1 ] DEBUG Engine               - Initializing environment variables
23:42:52.219 [FXGL Background Thread 1 ] DEBUG FXGLAssetLoaderServi - User app class for loading assets: class com.survivor.main.GameApp
23:42:52.220 [FXGL Background Thread 1 ] DEBUG GameApplicationServi - Applying CSS: fxgl_dark.css
23:42:52.221 [FXGL Background Thread 1 ] DEBUG FXGLAssetLoaderServi - Loading from file system: jar:file:/C:/Users/11706/.m2/repository/com/github/almasb/fxgl/17.3/fxgl-17.3.jar!/fxglassets/ui/css/fxgl_dark.css
23:42:52.266 [FXGL Background Thread 1 ] DEBUG GameApplicationServi - Initializing application scenes
23:42:52.384 [FXGL Background Thread 1 ] DEBUG GameWorld            - Game world initialized
23:42:52.475 [FXGL Background Thread 1 ] DEBUG PhysicsWorld         - Physics world initialized: appHeight=720, physics.ppm=50.0
23:42:52.475 [FXGL Background Thread 1 ] DEBUG PhysicsWorld         - Using strategy: BRUTE_FORCE
23:42:52.479 [FXGL Background Thread 1 ] DEBUG GameScene            - Game scene initialized: 1280x720
23:42:52.491 [FXGL Background Thread 1 ] DEBUG FXGL.DefaultMenu     - createMenuBodyGameMenu()
23:42:52.502 [FXGL Background Thread 1 ] DEBUG FXGL.DefaultMenu     - createOptionsMenu()
23:42:52.516 [FXGL Background Thread 1 ] DEBUG FXGLAssetLoaderServi - Loading from file system: jar:file:/C:/Users/11706/.m2/repository/com/github/almasb/fxgl/17.3/fxgl-17.3.jar!/fxglassets/textures/particles/smoke.png
23:42:52.622 [FXGL Background Thread 1 ] DEBUG FXGLAssetLoaderServi - Loading from file system: jar:file:/C:/Users/11706/.m2/repository/com/github/almasb/fxgl/17.3/fxgl-17.3.jar!/fxglassets/textures/particles/trace_horizontal.png
23:42:52.646 [FXGL Background Thread 1 ] DEBUG GameApplicationServi - Application scenes initialized
23:42:52.660 [FXGL Background Thread 1 ] DEBUG SystemBundleService  - Loading FXGL system data
23:42:52.664 [FXGL Background Thread 1 ] DEBUG FileSystemAccess     - Reading from: C:\Users\11706\IdeaProjects\survivior-game1\SurvivorGame\system\fxgl.bundle
23:42:52.672 [FXGL Background Thread 1 ] DEBUG SystemBundleService  - Bundle FXGL: {}
23:42:52.673 [FXGL Background Thread 1 ] DEBUG UpdaterService       - Checking for updates
23:42:52.677 [FXGL Background Thread 4 ] DEBUG FXGLApplication      - Loading fonts
23:42:52.677 [FXGL Background Thread 4 ] DEBUG FXGLAssetLoaderServi - Loading from file system: jar:file:/C:/Users/11706/.m2/repository/com/github/almasb/fxgl/17.3/fxgl-17.3.jar!/fxglassets/ui/fonts/VarelaRound-Regular.ttf
23:42:52.677 [FXGL Background Thread 1 ] DEBUG FXGLApplication      - Loading default localization
23:42:52.678 [FXGL Background Thread 1 ] DEBUG FXGLAssetLoaderServi - Loading from file system: jar:file:/C:/Users/11706/.m2/repository/com/github/almasb/fxgl/17.3/fxgl-17.3.jar!/fxglassets/languages/english.lang
23:42:52.732 [FXGL Background Thread 4 ] DEBUG FXGLAssetLoaderServi - Loading from file system: jar:file:/C:/Users/11706/.m2/repository/com/github/almasb/fxgl/17.3/fxgl-17.3.jar!/fxglassets/ui/fonts/Abel-Regular.ttf
23:42:52.736 [FXGL Background Thread 4 ] DEBUG FXGLAssetLoaderServi - Loading from file system: jar:file:/C:/Users/11706/.m2/repository/com/github/almasb/fxgl/17.3/fxgl-17.3.jar!/fxglassets/ui/fonts/TerminalLandMono-Regular.otf
23:42:52.740 [FXGL Background Thread 4 ] DEBUG FXGLAssetLoaderServi - Loading from file system: jar:file:/C:/Users/11706/.m2/repository/com/github/almasb/fxgl/17.3/fxgl-17.3.jar!/fxglassets/ui/fonts/Courier-Prime.ttf
23:42:52.743 [FXGL Background Thread 1 ] INFO  FXGLApplication      - FXGL initialization took: 0.579 sec
23:42:52.746 [JavaFX Application Thread] DEBUG FXGLAssetLoaderServi - Loading from file system: file:/C:/Users/11706/IdeaProjects/survivior-game1/SurvivorGame/target/classes/assets/textures/icon.png
23:42:52.754 [JavaFX Application Thread] DEBUG FXGLAssetLoaderServi - Loading from file system: jar:file:/C:/Users/11706/.m2/repository/com/github/almasb/fxgl/17.3/fxgl-17.3.jar!/fxglassets/textures/fxgl_default_cursor.png
23:42:52.765 [JavaFX Application Thread] DEBUG Input                - Registered new binding: Screenshot - CTRL+8
23:42:52.766 [JavaFX Application Thread] DEBUG Input                - Registered new binding: System info dump - CTRL+9
23:42:52.767 [JavaFX Application Thread] DEBUG Input                - Registered new binding: Restart - CTRL+R
23:42:52.768 [JavaFX Application Thread] DEBUG Input                - Registered new binding: Toggle Debug Camera - CTRL+7
23:42:52.772 [JavaFX Application Thread] DEBUG LoopRunner           - Starting loop
23:42:52.772 [JavaFX Application Thread] DEBUG LoopRunner           - Initializing ScheduledExecutorLoop with fps: 120
23:42:52.775 [JavaFX Application Thread] DEBUG GameApplicationServi - Starting new game
23:42:52.775 [JavaFX Application Thread] DEBUG Input                - Clearing active input actions
23:42:52.794 [JavaFX Application Thread] DEBUG GameApplicationServi - Removing overlay from FXGLStartupScene and adding to FXGLLoadingScene
23:42:52.794 [JavaFX Application Thread] DEBUG PrimaryStageWindow   - FXGLStartupScene -> FXGLLoadingScene
23:42:52.795 [JavaFX Application Thread] DEBUG GameApplicationServi - Clearing previous game
23:42:52.795 [JavaFX Application Thread] DEBUG GameScene            - Clearing game scene
23:42:52.795 [JavaFX Application Thread] DEBUG GameWorld            - Clearing game world
23:42:52.795 [JavaFX Application Thread] DEBUG PhysicsWorld         - Clearing physics world
23:42:52.798 [JavaFX Application Thread] DEBUG FXGLApplication      - Registering font factories with UI factory
23:42:52.798 [FXGL Background Thread 4 ] DEBUG FXGLApplication      - Initializing game
23:42:53.120 [FXGL Background Thread 4 ] WARN  TMXLevelLoader       - TiledMap generated from 1.11.2. Supported version: 1.9.0. Some features may not be parsed fully.
23:42:53.353 [FXGL Background Thread 4 ] DEBUG TMXLevelLoader       - Parsed TiledMap: file:/C:/Users/11706/IdeaProjects/survivior-game1/SurvivorGame/target/classes/assets/levels/Bigdongeonmap.tmx
23:42:53.359 [FXGL Background Thread 4 ] DEBUG TMXLevelLoader       - Creating tile layer entities
23:42:53.370 [FXGL Background Thread 4 ] DEBUG TilesetLoader        - Loading view for layer 图块层 1
23:42:53.422 [FXGL Background Thread 4 ] DEBUG TilesetLoader        - Created buffer with size 9600.0x5600.0
23:42:53.594 [FXGL Background Thread 4 ] DEBUG TilesetLoader        - Loading view for layer 图块层 2
23:42:53.654 [FXGL Background Thread 4 ] DEBUG TilesetLoader        - Created buffer with size 9600.0x5600.0
23:42:53.692 [FXGL Background Thread 4 ] DEBUG TMXLevelLoader       - Creating object layer entities
23:42:53.926 [FXGL Background Thread 4 ] DEBUG GameWorld            - Clearing removable entities
23:42:53.928 [FXGL Background Thread 4 ] DEBUG GameWorld            - Setting level: com.almasb.fxgl.entity.level.Level@47dfdf86
23:42:54.018 [FXGL Background Thread 4 ] DEBUG Input                - Registered new binding: Move Up - W
23:42:54.018 [FXGL Background Thread 4 ] DEBUG Input                - Registered new binding: Move Down - S
23:42:54.019 [FXGL Background Thread 4 ] DEBUG Input                - Registered new binding: Move Left - A
23:42:54.019 [FXGL Background Thread 4 ] DEBUG Input                - Registered new binding: Move Right - D
23:42:54.021 [FXGL Background Thread 4 ] DEBUG Input                - Registered new binding: AttackLeft - J
23:42:54.021 [FXGL Background Thread 4 ] DEBUG Input                - Registered new binding: AttackRight - K
23:42:54.022 [FXGL Background Thread 4 ] DEBUG Input                - Registered new binding: Dash - L
23:42:54.041 [FXGL Background Thread 4 ] DEBUG FXGLAssetLoaderServi - Loading from file system: file:/C:/Users/11706/IdeaProjects/survivior-game1/SurvivorGame/target/classes/assets/textures/Idle.png
23:42:54.050 [FXGL Background Thread 4 ] DEBUG FXGLAssetLoaderServi - Loading from file system: file:/C:/Users/11706/IdeaProjects/survivior-game1/SurvivorGame/target/classes/assets/textures/Run.png
23:42:54.055 [FXGL Background Thread 4 ] DEBUG FXGLAssetLoaderServi - Loading from file system: file:/C:/Users/11706/IdeaProjects/survivior-game1/SurvivorGame/target/classes/assets/textures/Attack3.png
23:42:54.072 [FXGL Background Thread 4 ] INFO  FXGLApplication      - Game initialization took: 1.274 sec
23:42:54.308 [JavaFX Application Thread] DEBUG Input                - Clearing active input actions
23:42:54.334 [JavaFX Application Thread] DEBUG GameApplicationServi - Removing overlay from FXGLLoadingScene and adding to GameScene
23:42:54.334 [JavaFX Application Thread] DEBUG PrimaryStageWindow   - FXGLLoadingScene -> GameScene
23:42:54.489 [JavaFX Application Thread] DEBUG FXGLAssetLoaderServi - Loading from file system: file:/C:/Users/11706/IdeaProjects/survivior-game1/SurvivorGame/target/classes/assets/textures/enemy.png
23:42:55.675 [FXGL Background Thread 3 ] DEBUG Engine               - Logging environment variables
23:42:55.675 [FXGL Background Thread 3 ] DEBUG Engine               - achievements: []
23:42:55.676 [FXGL Background Thread 3 ] DEBUG Engine               - actualHeight: 720.0
23:42:55.676 [FXGL Background Thread 3 ] DEBUG Engine               - actualHeightProperty: ReadOnlyDoubleProperty [value: 720.0]
23:42:55.676 [FXGL Background Thread 3 ] DEBUG Engine               - actualWidth: 1280.0
23:42:55.676 [FXGL Background Thread 3 ] DEBUG Engine               - actualWidthProperty: ReadOnlyDoubleProperty [value: 1280.0]
23:42:55.676 [FXGL Background Thread 3 ] DEBUG Engine               - appIcon: icon.png
23:42:55.676 [FXGL Background Thread 3 ] DEBUG Engine               - applicationMode: DEVELOPER
23:42:55.676 [FXGL Background Thread 3 ] DEBUG Engine               - cSSList: [fxgl_dark.css]
23:42:55.676 [FXGL Background Thread 3 ] DEBUG Engine               - collisionDetectionStrategy: BRUTE_FORCE
23:42:55.677 [FXGL Background Thread 3 ] DEBUG Engine               - configClass: Optional.empty
23:42:55.677 [FXGL Background Thread 3 ] DEBUG Engine               - credits: []
23:42:55.677 [FXGL Background Thread 3 ] DEBUG Engine               - defaultCursor: CursorInfo(imageName=fxgl_default_cursor.png, hotspotX=7.0, hotspotY=6.0)
23:42:55.677 [FXGL Background Thread 3 ] DEBUG Engine               - devBBoxColorProperty: ObjectProperty [value: 0xff0000ff]
23:42:55.677 [FXGL Background Thread 3 ] DEBUG Engine               - devEnableDebugCameraProperty: BooleanProperty [value: false]
23:42:55.677 [FXGL Background Thread 3 ] DEBUG Engine               - devSensorColorProperty: ObjectProperty [value: 0xffff00ff]
23:42:55.678 [FXGL Background Thread 3 ] DEBUG Engine               - devShowBBoxProperty: BooleanProperty [value: false]
23:42:55.678 [FXGL Background Thread 3 ] DEBUG Engine               - devShowPositionProperty: BooleanProperty [value: false]
23:42:55.678 [FXGL Background Thread 3 ] DEBUG Engine               - enabledMenuItems: []
23:42:55.678 [FXGL Background Thread 3 ] DEBUG Engine               - engineServices: [class com.almasb.fxgl.app.services.FXGLAssetLoaderService, class com.almasb.fxgl.app.FXGLApplication$GameApplicationService, class com.almasb.fxgl.app.services.FXGLDialogService, class com.almasb.fxgl.app.services.IOTaskExecutorService, class com.almasb.fxgl.io.FileSystemService, class com.almasb.fxgl.localization.LocalizationService, class com.almasb.fxgl.app.services.SystemBundleService, class com.almasb.fxgl.profile.SaveLoadService, class com.almasb.fxgl.ui.FXGLUIFactoryServiceProvider, class com.almasb.fxgl.ui.FXGLDialogFactoryServiceProvider, class com.almasb.fxgl.audio.AudioPlayer, class com.almasb.fxgl.notification.impl.NotificationServiceProvider, class com.almasb.fxgl.achievement.AchievementService, class com.almasb.fxgl.cutscene.CutsceneService, class com.almasb.fxgl.minigames.MiniGameService, class com.almasb.fxgl.net.NetService, class com.almasb.fxgl.app.services.UpdaterService, class com.almasb.fxgl.dev.DevService]
23:42:55.678 [FXGL Background Thread 3 ] DEBUG Engine               - fontGame: Abel-Regular.ttf
23:42:55.678 [FXGL Background Thread 3 ] DEBUG Engine               - fontMono: TerminalLandMono-Regular.otf
23:42:55.678 [FXGL Background Thread 3 ] DEBUG Engine               - fontSizeScaleUI: 1.0
23:42:55.678 [FXGL Background Thread 3 ] DEBUG Engine               - fontText: Courier-Prime.ttf
23:42:55.678 [FXGL Background Thread 3 ] DEBUG Engine               - fontUI: VarelaRound-Regular.ttf
23:42:55.678 [FXGL Background Thread 3 ] DEBUG Engine               - fullScreen: BooleanProperty [value: false]
23:42:55.678 [FXGL Background Thread 3 ] DEBUG Engine               - gameDifficulty: MEDIUM
23:42:55.678 [FXGL Background Thread 3 ] DEBUG Engine               - gameDifficultyProperty: ObjectProperty [value: MEDIUM]
23:42:55.678 [FXGL Background Thread 3 ] DEBUG Engine               - globalMusicVolume: 0.5
23:42:55.678 [FXGL Background Thread 3 ] DEBUG Engine               - globalMusicVolumeProperty: DoubleProperty [value: 0.5]
23:42:55.678 [FXGL Background Thread 3 ] DEBUG Engine               - globalSoundVolume: 0.5
23:42:55.678 [FXGL Background Thread 3 ] DEBUG Engine               - globalSoundVolumeProperty: DoubleProperty [value: 0.5]
23:42:55.678 [FXGL Background Thread 3 ] DEBUG Engine               - height: 720
23:42:55.678 [FXGL Background Thread 3 ] DEBUG Engine               - is3D: false
23:42:55.678 [FXGL Background Thread 3 ] DEBUG Engine               - isAndroid: false
23:42:55.678 [FXGL Background Thread 3 ] DEBUG Engine               - isBrowser: false
23:42:55.678 [FXGL Background Thread 3 ] DEBUG Engine               - isClickFeedbackEnabled: false
23:42:55.678 [FXGL Background Thread 3 ] DEBUG Engine               - isCloseConfirmation: false
23:42:55.678 [FXGL Background Thread 3 ] DEBUG Engine               - isDesktop: true
23:42:55.678 [FXGL Background Thread 3 ] DEBUG Engine               - isDeveloperMenuEnabled: false
23:42:55.678 [FXGL Background Thread 3 ] DEBUG Engine               - isEmbedded: false
23:42:55.678 [FXGL Background Thread 3 ] DEBUG Engine               - isEntityPreloadEnabled: true
23:42:55.678 [FXGL Background Thread 3 ] DEBUG Engine               - isExperimentalTiledLargeMap: false
23:42:55.678 [FXGL Background Thread 3 ] DEBUG Engine               - isFileSystemWriteAllowed: true
23:42:55.678 [FXGL Background Thread 3 ] DEBUG Engine               - isFullScreenAllowed: false
23:42:55.678 [FXGL Background Thread 3 ] DEBUG Engine               - isFullScreenFromStart: false
23:42:55.678 [FXGL Background Thread 3 ] DEBUG Engine               - isGameMenuEnabled: true
23:42:55.679 [FXGL Background Thread 3 ] DEBUG Engine               - isIOS: false
23:42:55.679 [FXGL Background Thread 3 ] DEBUG Engine               - isIntroEnabled: false
23:42:55.679 [FXGL Background Thread 3 ] DEBUG Engine               - isLinux: false
23:42:55.679 [FXGL Background Thread 3 ] DEBUG Engine               - isMac: false
23:42:55.679 [FXGL Background Thread 3 ] DEBUG Engine               - isMainMenuEnabled: false
23:42:55.679 [FXGL Background Thread 3 ] DEBUG Engine               - isManualResizeEnabled: false
23:42:55.679 [FXGL Background Thread 3 ] DEBUG Engine               - isMobile: false
23:42:55.679 [FXGL Background Thread 3 ] DEBUG Engine               - isNative: false
23:42:55.679 [FXGL Background Thread 3 ] DEBUG Engine               - isPauseMusicWhenMinimized: true
23:42:55.679 [FXGL Background Thread 3 ] DEBUG Engine               - isPreserveResizeRatio: false
23:42:55.679 [FXGL Background Thread 3 ] DEBUG Engine               - isProfilingEnabled: false
23:42:55.679 [FXGL Background Thread 3 ] DEBUG Engine               - isScaleAffectedOnResize: true
23:42:55.679 [FXGL Background Thread 3 ] DEBUG Engine               - isSingleStep: false
23:42:55.679 [FXGL Background Thread 3 ] DEBUG Engine               - isUserProfileEnabled: false
23:42:55.679 [FXGL Background Thread 3 ] DEBUG Engine               - isWindows: true
23:42:55.679 [FXGL Background Thread 3 ] DEBUG Engine               - language: ObjectProperty [value: ENGLISH]
23:42:55.679 [FXGL Background Thread 3 ] DEBUG Engine               - menuKey: ESCAPE
23:42:55.679 [FXGL Background Thread 3 ] DEBUG Engine               - mouseSensitivity: 0.2
23:42:55.679 [FXGL Background Thread 3 ] DEBUG Engine               - notificationViewClass: class com.almasb.fxgl.notification.view.XboxNotificationView
23:42:55.679 [FXGL Background Thread 3 ] DEBUG Engine               - pixelsPerMeter: 50.0
23:42:55.679 [FXGL Background Thread 3 ] DEBUG Engine               - platform: WINDOWS
23:42:55.679 [FXGL Background Thread 3 ] DEBUG Engine               - prefHeightProperty: ReadOnlyDoubleProperty [value: 720.0]
23:42:55.679 [FXGL Background Thread 3 ] DEBUG Engine               - prefWidthProperty: ReadOnlyDoubleProperty [value: 1280.0]
23:42:55.679 [FXGL Background Thread 3 ] DEBUG Engine               - profileDir: profiles/
23:42:55.679 [FXGL Background Thread 3 ] DEBUG Engine               - profileName: StringProperty [value: DEFAULT]
23:42:55.679 [FXGL Background Thread 3 ] DEBUG Engine               - randomSeed: -1
23:42:55.679 [FXGL Background Thread 3 ] DEBUG Engine               - runtimeInfo: RuntimeInfo(platform=WINDOWS, version=17.3, build=30.03.2023 11.49)
23:42:55.679 [FXGL Background Thread 3 ] DEBUG Engine               - saveFileExt: sav
23:42:55.679 [FXGL Background Thread 3 ] DEBUG Engine               - scaledHeightProp$fxgl: DoubleProperty [bound, value: 720.0]
23:42:55.679 [FXGL Background Thread 3 ] DEBUG Engine               - scaledWidthProp$fxgl: DoubleProperty [bound, value: 1280.0]
23:42:55.679 [FXGL Background Thread 3 ] DEBUG Engine               - sceneFactory: com.almasb.fxgl.app.scene.SceneFactory@7c72b608
23:42:55.679 [FXGL Background Thread 3 ] DEBUG Engine               - secondsIn24h: 60
23:42:55.679 [FXGL Background Thread 3 ] DEBUG Engine               - soundMenuBack: menu/back.wav
23:42:55.680 [FXGL Background Thread 3 ] DEBUG Engine               - soundMenuPress: menu/press.wav
23:42:55.680 [FXGL Background Thread 3 ] DEBUG Engine               - soundMenuSelect: menu/select.wav
23:42:55.680 [FXGL Background Thread 3 ] DEBUG Engine               - soundNotification: core/notification.wav
23:42:55.680 [FXGL Background Thread 3 ] DEBUG Engine               - stageStyle: DECORATED
23:42:55.680 [FXGL Background Thread 3 ] DEBUG Engine               - supportedLanguages: [ENGLISH, FRENCH, GERMAN, HUNGARIAN, RUSSIAN]
23:42:55.680 [FXGL Background Thread 3 ] DEBUG Engine               - ticksPerSecond: 120
23:42:55.680 [FXGL Background Thread 3 ] DEBUG Engine               - title: Survivor Game
23:42:55.680 [FXGL Background Thread 3 ] DEBUG Engine               - urlGithub: https://github.com/AlmasB/FXGL
23:42:55.680 [FXGL Background Thread 3 ] DEBUG Engine               - urlLeaderboard: http://fxgl-top.herokuapp.com/
23:42:55.680 [FXGL Background Thread 3 ] DEBUG Engine               - urlPOM: https://raw.githubusercontent.com/AlmasB/FXGL/release/README.md
23:42:55.680 [FXGL Background Thread 3 ] DEBUG Engine               - userAppClass: class com.survivor.main.GameApp
23:42:55.680 [FXGL Background Thread 3 ] DEBUG Engine               - version: 1.0
23:42:55.680 [FXGL Background Thread 3 ] DEBUG Engine               - versionCheckDays: 7
23:42:55.680 [FXGL Background Thread 3 ] DEBUG Engine               - width: 1280
23:42:55.680 [FXGL Background Thread 3 ] DEBUG Engine               - Logging services
23:42:55.680 [FXGL Background Thread 3 ] DEBUG Engine               - class com.almasb.fxgl.app.services.FXGLAssetLoaderService
23:42:55.680 [FXGL Background Thread 3 ] DEBUG Engine               - class com.almasb.fxgl.app.FXGLApplication$GameApplicationService
23:42:55.680 [FXGL Background Thread 3 ] DEBUG Engine               - class com.almasb.fxgl.app.services.FXGLDialogService
23:42:55.680 [FXGL Background Thread 3 ] DEBUG Engine               - class com.almasb.fxgl.app.services.IOTaskExecutorService
23:42:55.680 [FXGL Background Thread 3 ] DEBUG Engine               - class com.almasb.fxgl.io.FileSystemService
23:42:55.680 [FXGL Background Thread 3 ] DEBUG Engine               - class com.almasb.fxgl.localization.LocalizationService
23:42:55.680 [FXGL Background Thread 3 ] DEBUG Engine               - class com.almasb.fxgl.app.services.SystemBundleService
23:42:55.680 [FXGL Background Thread 3 ] DEBUG Engine               - class com.almasb.fxgl.profile.SaveLoadService
23:42:55.680 [FXGL Background Thread 3 ] DEBUG Engine               - class com.almasb.fxgl.ui.FXGLUIFactoryServiceProvider
23:42:55.680 [FXGL Background Thread 3 ] DEBUG Engine               - class com.almasb.fxgl.ui.FXGLDialogFactoryServiceProvider
23:42:55.680 [FXGL Background Thread 3 ] DEBUG Engine               - class com.almasb.fxgl.audio.AudioPlayer
23:42:55.680 [FXGL Background Thread 3 ] DEBUG Engine               - class com.almasb.fxgl.notification.impl.NotificationServiceProvider
23:42:55.680 [FXGL Background Thread 3 ] DEBUG Engine               - class com.almasb.fxgl.achievement.AchievementService
23:42:55.680 [FXGL Background Thread 3 ] DEBUG Engine               - class com.almasb.fxgl.cutscene.CutsceneService
23:42:55.680 [FXGL Background Thread 3 ] DEBUG Engine               - class com.almasb.fxgl.minigames.MiniGameService
23:42:55.680 [FXGL Background Thread 3 ] DEBUG Engine               - class com.almasb.fxgl.net.NetService
23:42:55.680 [FXGL Background Thread 3 ] DEBUG Engine               - class com.almasb.fxgl.app.services.UpdaterService
23:42:55.680 [FXGL Background Thread 3 ] DEBUG Engine               - class com.almasb.fxgl.dev.DevService
23:42:59.469 [JavaFX Application Thread] DEBUG Input                - Registered new binding: action0 - U
23:42:59.470 [JavaFX Application Thread] DEBUG Input                - Registered new binding: action1 - G
23:43:33.412 [JavaFX Application Thread] DEBUG FXGLApplication      - Exiting FXGL
23:43:33.412 [JavaFX Application Thread] DEBUG LoopRunner           - Stopping loop
23:43:33.412 [JavaFX Application Thread] DEBUG SystemBundleService  - Saving FXGL system data
23:43:33.415 [JavaFX Application Thread] DEBUG FileSystemAccess     - Writing to: C:\Users\11706\IdeaProjects\survivior-game1\SurvivorGame\system\fxgl.bundle
23:43:33.418 [JavaFX Application Thread] DEBUG Async                - Shutting down background threads
23:43:33.418 [JavaFX Application Thread] DEBUG PrimaryStageWindow   - Closing main window
23:43:33.498 [JavaFX Application Thread] DEBUG Logger               - Closing Logger
