22:07:43.563 [main                     ] DEBUG Logger               - Configured Logger
22:07:43.590 [main                     ] DEBUG GameApplication      - Logging settings
Title: Survivor Game
Version: 1.0
Width: 1280
Height: 720
Fullscreen: false
Intro: false
Profiling: false
Single step:false
App Mode: DEVELOPER
Menu Key: ESCAPE
Stage Style: DECORATED
Scene Factory: class com.almasb.fxgl.app.scene.SceneFactory

22:07:43.987 [JavaFX Application Thread] DEBUG FXGLApplication      - Initializing FXGL
22:07:43.992 [JavaFX Application Thread] INFO  Engine               - FXGL-17.3 (30.03.2023 11.49) on WINDOWS (J:21.0.5 FX:20)
22:07:43.992 [JavaFX Application Thread] DEBUG Engine               - JRE Vendor Name: Oracle Corporation
22:07:43.992 [JavaFX Application Thread] DEBUG Engine               - Running on OS: Windows 11 version 10.0
22:07:43.992 [JavaFX Application Thread] DEBUG Engine               - Architecture: amd64
22:07:43.992 [JavaFX Application Thread] INFO  Engine               - Source code and latest versions at: https://github.com/AlmasB/FXGL
22:07:43.992 [JavaFX Application Thread] INFO  Engine               -       Ask questions and discuss at: https://github.com/AlmasB/FXGL/discussions
22:07:43.993 [JavaFX Application Thread] INFO  Engine               -              Join the FXGL chat at: https://gitter.im/AlmasB/FXGL
22:07:44.076 [JavaFX Application Thread] DEBUG PrimaryStageWindow   - Creating a JavaFX scene
22:07:44.116 [JavaFX Application Thread] DEBUG PrimaryStageWindow   - Target settings size: 1280.0 x 720.0
22:07:44.116 [JavaFX Application Thread] DEBUG PrimaryStageWindow   - Scaled scene size:    1280.0 x 720.0
22:07:44.116 [JavaFX Application Thread] DEBUG PrimaryStageWindow   - Scaled ratio: (1.0, 1.0)
22:07:44.118 [JavaFX Application Thread] DEBUG PrimaryStageWindow   - Set initial scene to FXGLStartupScene
22:07:44.121 [JavaFX Application Thread] DEBUG PrimaryStageWindow   - Opening main window
22:07:44.212 [JavaFX Application Thread] DEBUG PrimaryStageWindow   - Window border size: (14.6666259765625, 37.33331298828125)
22:07:44.212 [JavaFX Application Thread] DEBUG PrimaryStageWindow   - Scaled size: 1280.0 x 720.0
22:07:44.212 [JavaFX Application Thread] DEBUG PrimaryStageWindow   - Scaled ratio: (1.0, 1.0)
22:07:44.212 [JavaFX Application Thread] DEBUG PrimaryStageWindow   - Scene size: 1280.0 x 720.0
22:07:44.212 [JavaFX Application Thread] DEBUG PrimaryStageWindow   - Stage size: 1294.6666259765625 x 757.3333129882812
22:07:44.220 [FXGL Background Thread 1 ] DEBUG Engine               - Initializing environment variables
22:07:44.285 [FXGL Background Thread 1 ] DEBUG FXGLAssetLoaderServi - User app class for loading assets: class com.survivor.main.GameApp
22:07:44.285 [FXGL Background Thread 1 ] DEBUG GameApplicationServi - Applying CSS: fxgl_dark.css
22:07:44.287 [FXGL Background Thread 1 ] DEBUG FXGLAssetLoaderServi - Loading from file system: jar:file:/C:/Users/11706/.m2/repository/com/github/almasb/fxgl/17.3/fxgl-17.3.jar!/fxglassets/ui/css/fxgl_dark.css
22:07:44.332 [FXGL Background Thread 1 ] DEBUG GameApplicationServi - Initializing application scenes
22:07:44.446 [FXGL Background Thread 1 ] DEBUG GameWorld            - Game world initialized
22:07:44.574 [FXGL Background Thread 1 ] DEBUG PhysicsWorld         - Physics world initialized: appHeight=720, physics.ppm=50.0
22:07:44.574 [FXGL Background Thread 1 ] DEBUG PhysicsWorld         - Using strategy: BRUTE_FORCE
22:07:44.579 [FXGL Background Thread 1 ] DEBUG GameScene            - Game scene initialized: 1280x720
22:07:44.596 [FXGL Background Thread 1 ] DEBUG FXGL.DefaultMenu     - createMenuBodyGameMenu()
22:07:44.608 [FXGL Background Thread 1 ] DEBUG FXGL.DefaultMenu     - createOptionsMenu()
22:07:44.620 [FXGL Background Thread 1 ] DEBUG FXGLAssetLoaderServi - Loading from file system: jar:file:/C:/Users/11706/.m2/repository/com/github/almasb/fxgl/17.3/fxgl-17.3.jar!/fxglassets/textures/particles/smoke.png
22:07:44.733 [FXGL Background Thread 1 ] DEBUG FXGLAssetLoaderServi - Loading from file system: jar:file:/C:/Users/11706/.m2/repository/com/github/almasb/fxgl/17.3/fxgl-17.3.jar!/fxglassets/textures/particles/trace_horizontal.png
22:07:44.756 [FXGL Background Thread 1 ] DEBUG GameApplicationServi - Application scenes initialized
22:07:44.774 [FXGL Background Thread 1 ] DEBUG SystemBundleService  - Loading FXGL system data
22:07:44.779 [FXGL Background Thread 1 ] DEBUG FileSystemAccess     - Reading from: C:\Users\11706\IdeaProjects\survivior-game3\SurvivorGame\system\fxgl.bundle
22:07:44.788 [FXGL Background Thread 1 ] DEBUG SystemBundleService  - Bundle FXGL: {}
22:07:44.788 [FXGL Background Thread 1 ] DEBUG UpdaterService       - Checking for updates
22:07:44.792 [FXGL Background Thread 4 ] DEBUG FXGLApplication      - Loading fonts
22:07:44.793 [FXGL Background Thread 4 ] DEBUG FXGLAssetLoaderServi - Loading from file system: jar:file:/C:/Users/11706/.m2/repository/com/github/almasb/fxgl/17.3/fxgl-17.3.jar!/fxglassets/ui/fonts/VarelaRound-Regular.ttf
22:07:44.793 [FXGL Background Thread 1 ] DEBUG FXGLApplication      - Loading default localization
22:07:44.794 [FXGL Background Thread 1 ] DEBUG FXGLAssetLoaderServi - Loading from file system: jar:file:/C:/Users/11706/.m2/repository/com/github/almasb/fxgl/17.3/fxgl-17.3.jar!/fxglassets/languages/english.lang
22:07:44.841 [FXGL Background Thread 4 ] DEBUG FXGLAssetLoaderServi - Loading from file system: jar:file:/C:/Users/11706/.m2/repository/com/github/almasb/fxgl/17.3/fxgl-17.3.jar!/fxglassets/ui/fonts/Abel-Regular.ttf
22:07:44.845 [FXGL Background Thread 4 ] DEBUG FXGLAssetLoaderServi - Loading from file system: jar:file:/C:/Users/11706/.m2/repository/com/github/almasb/fxgl/17.3/fxgl-17.3.jar!/fxglassets/ui/fonts/TerminalLandMono-Regular.otf
22:07:44.848 [FXGL Background Thread 4 ] DEBUG FXGLAssetLoaderServi - Loading from file system: jar:file:/C:/Users/11706/.m2/repository/com/github/almasb/fxgl/17.3/fxgl-17.3.jar!/fxglassets/ui/fonts/Courier-Prime.ttf
22:07:44.852 [FXGL Background Thread 1 ] INFO  FXGLApplication      - FXGL initialization took: 0.631 sec
22:07:44.853 [JavaFX Application Thread] DEBUG Input                - Clearing active input actions
22:07:44.861 [JavaFX Application Thread] DEBUG Input                - Registered new binding: Move Up - W
22:07:44.862 [JavaFX Application Thread] DEBUG Input                - Registered new binding: Move Down - S
22:07:44.862 [JavaFX Application Thread] DEBUG Input                - Registered new binding: Move Left - A
22:07:44.862 [JavaFX Application Thread] DEBUG Input                - Registered new binding: Move Right - D
22:07:44.863 [JavaFX Application Thread] DEBUG Input                - Registered new binding: AttackLeft - J
22:07:44.863 [JavaFX Application Thread] DEBUG Input                - Registered new binding: AttackRight - K
22:07:44.863 [JavaFX Application Thread] DEBUG Input                - Registered new binding: Dash - L
22:07:44.864 [JavaFX Application Thread] DEBUG FXGLAssetLoaderServi - Loading from file system: file:/C:/Users/11706/IdeaProjects/survivior-game3/SurvivorGame/target/classes/assets/textures/icon.png
22:07:44.869 [JavaFX Application Thread] DEBUG FXGLAssetLoaderServi - Loading from file system: jar:file:/C:/Users/11706/.m2/repository/com/github/almasb/fxgl/17.3/fxgl-17.3.jar!/fxglassets/textures/fxgl_default_cursor.png
22:07:44.871 [JavaFX Application Thread] DEBUG Input                - Registered new binding: Screenshot - CTRL+8
22:07:44.872 [JavaFX Application Thread] DEBUG Input                - Registered new binding: System info dump - CTRL+9
22:07:44.872 [JavaFX Application Thread] DEBUG Input                - Registered new binding: Restart - CTRL+R
22:07:44.873 [JavaFX Application Thread] DEBUG Input                - Registered new binding: Toggle Debug Camera - CTRL+7
22:07:44.877 [JavaFX Application Thread] DEBUG LoopRunner           - Starting loop
22:07:44.878 [JavaFX Application Thread] DEBUG LoopRunner           - Initializing ScheduledExecutorLoop with fps: 120
22:07:44.881 [JavaFX Application Thread] DEBUG GameApplicationServi - Starting new game
22:07:44.881 [JavaFX Application Thread] DEBUG Input                - Clearing active input actions
22:07:44.898 [JavaFX Application Thread] DEBUG GameApplicationServi - Removing overlay from FXGLStartupScene and adding to FXGLLoadingScene
22:07:44.898 [JavaFX Application Thread] DEBUG PrimaryStageWindow   - FXGLStartupScene -> FXGLLoadingScene
22:07:44.898 [JavaFX Application Thread] DEBUG GameApplicationServi - Clearing previous game
22:07:44.898 [JavaFX Application Thread] DEBUG GameScene            - Clearing game scene
22:07:44.898 [JavaFX Application Thread] DEBUG GameWorld            - Clearing game world
22:07:44.898 [JavaFX Application Thread] DEBUG PhysicsWorld         - Clearing physics world
22:07:44.902 [FXGL Background Thread 4 ] DEBUG FXGLApplication      - Initializing game
22:07:44.904 [JavaFX Application Thread] DEBUG FXGLApplication      - Registering font factories with UI factory
22:07:45.473 [FXGL Background Thread 4 ] WARN  TMXLevelLoader       - TiledMap generated from 1.11.2. Supported version: 1.9.0. Some features may not be parsed fully.
22:07:45.639 [FXGL Background Thread 4 ] DEBUG TMXLevelLoader       - Parsed TiledMap: file:/C:/Users/11706/IdeaProjects/survivior-game3/SurvivorGame/target/classes/assets/levels/Bigdongeonmap.tmx
22:07:45.644 [FXGL Background Thread 4 ] DEBUG TMXLevelLoader       - Creating tile layer entities
22:07:45.652 [FXGL Background Thread 4 ] DEBUG TilesetLoader        - Loading view for layer 图块层 1
22:07:45.708 [FXGL Background Thread 4 ] DEBUG TilesetLoader        - Created buffer with size 9600.0x5600.0
22:07:45.858 [FXGL Background Thread 4 ] DEBUG TilesetLoader        - Loading view for layer 图块层 2
22:07:45.912 [FXGL Background Thread 4 ] DEBUG TilesetLoader        - Created buffer with size 9600.0x5600.0
22:07:45.941 [FXGL Background Thread 4 ] DEBUG TMXLevelLoader       - Creating object layer entities
22:07:46.056 [FXGL Background Thread 4 ] DEBUG GameWorld            - Clearing removable entities
22:07:46.058 [FXGL Background Thread 4 ] DEBUG GameWorld            - Setting level: com.almasb.fxgl.entity.level.Level@6cd49abf
22:07:46.137 [FXGL Background Thread 4 ] DEBUG FXGLAssetLoaderServi - Loading from file system: file:/C:/Users/11706/IdeaProjects/survivior-game3/SurvivorGame/target/classes/assets/textures/Idle.png
22:07:46.146 [FXGL Background Thread 4 ] DEBUG FXGLAssetLoaderServi - Loading from file system: file:/C:/Users/11706/IdeaProjects/survivior-game3/SurvivorGame/target/classes/assets/textures/Run.png
22:07:46.148 [FXGL Background Thread 4 ] DEBUG FXGLAssetLoaderServi - Loading from file system: file:/C:/Users/11706/IdeaProjects/survivior-game3/SurvivorGame/target/classes/assets/textures/Attack3.png
22:07:46.159 [FXGL Background Thread 4 ] INFO  FXGLApplication      - Game initialization took: 1.258 sec
22:07:46.634 [FXGL Background Thread 2 ] INFO  UpdaterService       - Your current version:  17.3
22:07:46.635 [FXGL Background Thread 2 ] INFO  UpdaterService       - Latest stable version: 21.1
22:07:46.753 [JavaFX Application Thread] DEBUG Input                - Clearing active input actions
22:07:46.781 [JavaFX Application Thread] DEBUG GameApplicationServi - Removing overlay from FXGLLoadingScene and adding to GameScene
22:07:46.781 [JavaFX Application Thread] DEBUG PrimaryStageWindow   - FXGLLoadingScene -> GameScene
22:07:47.790 [FXGL Background Thread 3 ] DEBUG Engine               - Logging environment variables
22:07:47.790 [FXGL Background Thread 3 ] DEBUG Engine               - achievements: []
22:07:47.790 [FXGL Background Thread 3 ] DEBUG Engine               - actualHeight: 720.0
22:07:47.790 [FXGL Background Thread 3 ] DEBUG Engine               - actualHeightProperty: ReadOnlyDoubleProperty [value: 720.0]
22:07:47.790 [FXGL Background Thread 3 ] DEBUG Engine               - actualWidth: 1280.0
22:07:47.790 [FXGL Background Thread 3 ] DEBUG Engine               - actualWidthProperty: ReadOnlyDoubleProperty [value: 1280.0]
22:07:47.790 [FXGL Background Thread 3 ] DEBUG Engine               - appIcon: icon.png
22:07:47.790 [FXGL Background Thread 3 ] DEBUG Engine               - applicationMode: DEVELOPER
22:07:47.790 [FXGL Background Thread 3 ] DEBUG Engine               - cSSList: [fxgl_dark.css]
22:07:47.790 [FXGL Background Thread 3 ] DEBUG Engine               - collisionDetectionStrategy: BRUTE_FORCE
22:07:47.790 [FXGL Background Thread 3 ] DEBUG Engine               - configClass: Optional.empty
22:07:47.790 [FXGL Background Thread 3 ] DEBUG Engine               - credits: []
22:07:47.790 [FXGL Background Thread 3 ] DEBUG Engine               - defaultCursor: CursorInfo(imageName=fxgl_default_cursor.png, hotspotX=7.0, hotspotY=6.0)
22:07:47.792 [FXGL Background Thread 3 ] DEBUG Engine               - devBBoxColorProperty: ObjectProperty [value: 0xff0000ff]
22:07:47.792 [FXGL Background Thread 3 ] DEBUG Engine               - devEnableDebugCameraProperty: BooleanProperty [value: false]
22:07:47.792 [FXGL Background Thread 3 ] DEBUG Engine               - devSensorColorProperty: ObjectProperty [value: 0xffff00ff]
22:07:47.792 [FXGL Background Thread 3 ] DEBUG Engine               - devShowBBoxProperty: BooleanProperty [value: false]
22:07:47.792 [FXGL Background Thread 3 ] DEBUG Engine               - devShowPositionProperty: BooleanProperty [value: false]
22:07:47.792 [FXGL Background Thread 3 ] DEBUG Engine               - enabledMenuItems: []
22:07:47.792 [FXGL Background Thread 3 ] DEBUG Engine               - engineServices: [class com.almasb.fxgl.app.services.FXGLAssetLoaderService, class com.almasb.fxgl.app.FXGLApplication$GameApplicationService, class com.almasb.fxgl.app.services.FXGLDialogService, class com.almasb.fxgl.app.services.IOTaskExecutorService, class com.almasb.fxgl.io.FileSystemService, class com.almasb.fxgl.localization.LocalizationService, class com.almasb.fxgl.app.services.SystemBundleService, class com.almasb.fxgl.profile.SaveLoadService, class com.almasb.fxgl.ui.FXGLUIFactoryServiceProvider, class com.almasb.fxgl.ui.FXGLDialogFactoryServiceProvider, class com.almasb.fxgl.audio.AudioPlayer, class com.almasb.fxgl.notification.impl.NotificationServiceProvider, class com.almasb.fxgl.achievement.AchievementService, class com.almasb.fxgl.cutscene.CutsceneService, class com.almasb.fxgl.minigames.MiniGameService, class com.almasb.fxgl.net.NetService, class com.almasb.fxgl.app.services.UpdaterService, class com.almasb.fxgl.dev.DevService]
22:07:47.792 [FXGL Background Thread 3 ] DEBUG Engine               - fontGame: Abel-Regular.ttf
22:07:47.792 [FXGL Background Thread 3 ] DEBUG Engine               - fontMono: TerminalLandMono-Regular.otf
22:07:47.792 [FXGL Background Thread 3 ] DEBUG Engine               - fontSizeScaleUI: 1.0
22:07:47.792 [FXGL Background Thread 3 ] DEBUG Engine               - fontText: Courier-Prime.ttf
22:07:47.792 [FXGL Background Thread 3 ] DEBUG Engine               - fontUI: VarelaRound-Regular.ttf
22:07:47.792 [FXGL Background Thread 3 ] DEBUG Engine               - fullScreen: BooleanProperty [value: false]
22:07:47.792 [FXGL Background Thread 3 ] DEBUG Engine               - gameDifficulty: MEDIUM
22:07:47.792 [FXGL Background Thread 3 ] DEBUG Engine               - gameDifficultyProperty: ObjectProperty [value: MEDIUM]
22:07:47.792 [FXGL Background Thread 3 ] DEBUG Engine               - globalMusicVolume: 0.5
22:07:47.792 [FXGL Background Thread 3 ] DEBUG Engine               - globalMusicVolumeProperty: DoubleProperty [value: 0.5]
22:07:47.792 [FXGL Background Thread 3 ] DEBUG Engine               - globalSoundVolume: 0.5
22:07:47.792 [FXGL Background Thread 3 ] DEBUG Engine               - globalSoundVolumeProperty: DoubleProperty [value: 0.5]
22:07:47.793 [FXGL Background Thread 3 ] DEBUG Engine               - height: 720
22:07:47.793 [FXGL Background Thread 3 ] DEBUG Engine               - is3D: false
22:07:47.793 [FXGL Background Thread 3 ] DEBUG Engine               - isAndroid: false
22:07:47.793 [FXGL Background Thread 3 ] DEBUG Engine               - isBrowser: false
22:07:47.793 [FXGL Background Thread 3 ] DEBUG Engine               - isClickFeedbackEnabled: false
22:07:47.793 [FXGL Background Thread 3 ] DEBUG Engine               - isCloseConfirmation: false
22:07:47.793 [FXGL Background Thread 3 ] DEBUG Engine               - isDesktop: true
22:07:47.793 [FXGL Background Thread 3 ] DEBUG Engine               - isDeveloperMenuEnabled: false
22:07:47.793 [FXGL Background Thread 3 ] DEBUG Engine               - isEmbedded: false
22:07:47.793 [FXGL Background Thread 3 ] DEBUG Engine               - isEntityPreloadEnabled: true
22:07:47.793 [FXGL Background Thread 3 ] DEBUG Engine               - isExperimentalTiledLargeMap: false
22:07:47.793 [FXGL Background Thread 3 ] DEBUG Engine               - isFileSystemWriteAllowed: true
22:07:47.793 [FXGL Background Thread 3 ] DEBUG Engine               - isFullScreenAllowed: false
22:07:47.793 [FXGL Background Thread 3 ] DEBUG Engine               - isFullScreenFromStart: false
22:07:47.793 [FXGL Background Thread 3 ] DEBUG Engine               - isGameMenuEnabled: true
22:07:47.793 [FXGL Background Thread 3 ] DEBUG Engine               - isIOS: false
22:07:47.793 [FXGL Background Thread 3 ] DEBUG Engine               - isIntroEnabled: false
22:07:47.793 [FXGL Background Thread 3 ] DEBUG Engine               - isLinux: false
22:07:47.793 [FXGL Background Thread 3 ] DEBUG Engine               - isMac: false
22:07:47.793 [FXGL Background Thread 3 ] DEBUG Engine               - isMainMenuEnabled: false
22:07:47.793 [FXGL Background Thread 3 ] DEBUG Engine               - isManualResizeEnabled: false
22:07:47.793 [FXGL Background Thread 3 ] DEBUG Engine               - isMobile: false
22:07:47.793 [FXGL Background Thread 3 ] DEBUG Engine               - isNative: false
22:07:47.793 [FXGL Background Thread 3 ] DEBUG Engine               - isPauseMusicWhenMinimized: true
22:07:47.793 [FXGL Background Thread 3 ] DEBUG Engine               - isPreserveResizeRatio: false
22:07:47.793 [FXGL Background Thread 3 ] DEBUG Engine               - isProfilingEnabled: false
22:07:47.793 [FXGL Background Thread 3 ] DEBUG Engine               - isScaleAffectedOnResize: true
22:07:47.793 [FXGL Background Thread 3 ] DEBUG Engine               - isSingleStep: false
22:07:47.793 [FXGL Background Thread 3 ] DEBUG Engine               - isUserProfileEnabled: false
22:07:47.793 [FXGL Background Thread 3 ] DEBUG Engine               - isWindows: true
22:07:47.793 [FXGL Background Thread 3 ] DEBUG Engine               - language: ObjectProperty [value: ENGLISH]
22:07:47.793 [FXGL Background Thread 3 ] DEBUG Engine               - menuKey: ESCAPE
22:07:47.793 [FXGL Background Thread 3 ] DEBUG Engine               - mouseSensitivity: 0.2
22:07:47.793 [FXGL Background Thread 3 ] DEBUG Engine               - notificationViewClass: class com.almasb.fxgl.notification.view.XboxNotificationView
22:07:47.793 [FXGL Background Thread 3 ] DEBUG Engine               - pixelsPerMeter: 50.0
22:07:47.793 [FXGL Background Thread 3 ] DEBUG Engine               - platform: WINDOWS
22:07:47.793 [FXGL Background Thread 3 ] DEBUG Engine               - prefHeightProperty: ReadOnlyDoubleProperty [value: 720.0]
22:07:47.793 [FXGL Background Thread 3 ] DEBUG Engine               - prefWidthProperty: ReadOnlyDoubleProperty [value: 1280.0]
22:07:47.793 [FXGL Background Thread 3 ] DEBUG Engine               - profileDir: profiles/
22:07:47.793 [FXGL Background Thread 3 ] DEBUG Engine               - profileName: StringProperty [value: DEFAULT]
22:07:47.793 [FXGL Background Thread 3 ] DEBUG Engine               - randomSeed: -1
22:07:47.794 [FXGL Background Thread 3 ] DEBUG Engine               - runtimeInfo: RuntimeInfo(platform=WINDOWS, version=17.3, build=30.03.2023 11.49)
22:07:47.794 [FXGL Background Thread 3 ] DEBUG Engine               - saveFileExt: sav
22:07:47.794 [FXGL Background Thread 3 ] DEBUG Engine               - scaledHeightProp$fxgl: DoubleProperty [bound, value: 720.0]
22:07:47.794 [FXGL Background Thread 3 ] DEBUG Engine               - scaledWidthProp$fxgl: DoubleProperty [bound, value: 1280.0]
22:07:47.794 [FXGL Background Thread 3 ] DEBUG Engine               - sceneFactory: com.almasb.fxgl.app.scene.SceneFactory@5c0af431
22:07:47.794 [FXGL Background Thread 3 ] DEBUG Engine               - secondsIn24h: 60
22:07:47.794 [FXGL Background Thread 3 ] DEBUG Engine               - soundMenuBack: menu/back.wav
22:07:47.794 [FXGL Background Thread 3 ] DEBUG Engine               - soundMenuPress: menu/press.wav
22:07:47.794 [FXGL Background Thread 3 ] DEBUG Engine               - soundMenuSelect: menu/select.wav
22:07:47.794 [FXGL Background Thread 3 ] DEBUG Engine               - soundNotification: core/notification.wav
22:07:47.794 [FXGL Background Thread 3 ] DEBUG Engine               - stageStyle: DECORATED
22:07:47.794 [FXGL Background Thread 3 ] DEBUG Engine               - supportedLanguages: [ENGLISH, FRENCH, GERMAN, HUNGARIAN, RUSSIAN]
22:07:47.794 [FXGL Background Thread 3 ] DEBUG Engine               - ticksPerSecond: 120
22:07:47.794 [FXGL Background Thread 3 ] DEBUG Engine               - title: Survivor Game
22:07:47.794 [FXGL Background Thread 3 ] DEBUG Engine               - urlGithub: https://github.com/AlmasB/FXGL
22:07:47.794 [FXGL Background Thread 3 ] DEBUG Engine               - urlLeaderboard: http://fxgl-top.herokuapp.com/
22:07:47.794 [FXGL Background Thread 3 ] DEBUG Engine               - urlPOM: https://raw.githubusercontent.com/AlmasB/FXGL/release/README.md
22:07:47.794 [FXGL Background Thread 3 ] DEBUG Engine               - userAppClass: class com.survivor.main.GameApp
22:07:47.794 [FXGL Background Thread 3 ] DEBUG Engine               - version: 1.0
22:07:47.794 [FXGL Background Thread 3 ] DEBUG Engine               - versionCheckDays: 7
22:07:47.794 [FXGL Background Thread 3 ] DEBUG Engine               - width: 1280
22:07:47.794 [FXGL Background Thread 3 ] DEBUG Engine               - Logging services
22:07:47.794 [FXGL Background Thread 3 ] DEBUG Engine               - class com.almasb.fxgl.app.services.FXGLAssetLoaderService
22:07:47.794 [FXGL Background Thread 3 ] DEBUG Engine               - class com.almasb.fxgl.app.FXGLApplication$GameApplicationService
22:07:47.794 [FXGL Background Thread 3 ] DEBUG Engine               - class com.almasb.fxgl.app.services.FXGLDialogService
22:07:47.794 [FXGL Background Thread 3 ] DEBUG Engine               - class com.almasb.fxgl.app.services.IOTaskExecutorService
22:07:47.794 [FXGL Background Thread 3 ] DEBUG Engine               - class com.almasb.fxgl.io.FileSystemService
22:07:47.794 [FXGL Background Thread 3 ] DEBUG Engine               - class com.almasb.fxgl.localization.LocalizationService
22:07:47.794 [FXGL Background Thread 3 ] DEBUG Engine               - class com.almasb.fxgl.app.services.SystemBundleService
22:07:47.794 [FXGL Background Thread 3 ] DEBUG Engine               - class com.almasb.fxgl.profile.SaveLoadService
22:07:47.794 [FXGL Background Thread 3 ] DEBUG Engine               - class com.almasb.fxgl.ui.FXGLUIFactoryServiceProvider
22:07:47.794 [FXGL Background Thread 3 ] DEBUG Engine               - class com.almasb.fxgl.ui.FXGLDialogFactoryServiceProvider
22:07:47.794 [FXGL Background Thread 3 ] DEBUG Engine               - class com.almasb.fxgl.audio.AudioPlayer
22:07:47.794 [FXGL Background Thread 3 ] DEBUG Engine               - class com.almasb.fxgl.notification.impl.NotificationServiceProvider
22:07:47.794 [FXGL Background Thread 3 ] DEBUG Engine               - class com.almasb.fxgl.achievement.AchievementService
22:07:47.794 [FXGL Background Thread 3 ] DEBUG Engine               - class com.almasb.fxgl.cutscene.CutsceneService
22:07:47.794 [FXGL Background Thread 3 ] DEBUG Engine               - class com.almasb.fxgl.minigames.MiniGameService
22:07:47.794 [FXGL Background Thread 3 ] DEBUG Engine               - class com.almasb.fxgl.net.NetService
22:07:47.794 [FXGL Background Thread 3 ] DEBUG Engine               - class com.almasb.fxgl.app.services.UpdaterService
22:07:47.794 [FXGL Background Thread 3 ] DEBUG Engine               - class com.almasb.fxgl.dev.DevService
22:07:50.460 [JavaFX Application Thread] DEBUG LoopRunner           - Pausing loop
22:07:52.045 [JavaFX Application Thread] DEBUG LoopRunner           - Resuming loop
22:07:53.209 [JavaFX Application Thread] DEBUG FXGLAssetLoaderServi - Loading from file system: file:/C:/Users/11706/IdeaProjects/survivior-game3/SurvivorGame/target/classes/assets/textures/enemy.png
22:07:57.579 [JavaFX Application Thread] DEBUG FXGLApplication      - Exiting FXGL
22:07:57.579 [JavaFX Application Thread] DEBUG LoopRunner           - Stopping loop
22:07:57.579 [JavaFX Application Thread] DEBUG SystemBundleService  - Saving FXGL system data
22:07:57.581 [JavaFX Application Thread] DEBUG FileSystemAccess     - Writing to: C:\Users\11706\IdeaProjects\survivior-game3\SurvivorGame\system\fxgl.bundle
22:07:57.583 [JavaFX Application Thread] DEBUG Async                - Shutting down background threads
22:07:57.584 [JavaFX Application Thread] DEBUG PrimaryStageWindow   - Closing main window
22:07:57.627 [JavaFX Application Thread] DEBUG Logger               - Closing Logger
