14:04:33.523 [main                     ] DEBUG Logger               - Configured Logger
14:04:33.542 [main                     ] DEBUG GameApplication      - Logging settings
Title: Survivor Game
Version: 1.0
Width: 1280
Height: 720
Fullscreen: false
Intro: false
Profiling: false
Single step:false
App Mode: DEVELOPER
Menu Key: ESCAPE
Stage Style: DECORATED
Scene Factory: class com.almasb.fxgl.app.scene.SceneFactory

14:04:33.862 [JavaFX Application Thread] DEBUG FXGLApplication      - Initializing FXGL
14:04:33.865 [JavaFX Application Thread] INFO  Engine               - FXGL-17.3 (30.03.2023 11.49) on WINDOWS (J:17.0.16 FX:20)
14:04:33.865 [JavaFX Application Thread] DEBUG Engine               - JRE Vendor Name: Microsoft
14:04:33.865 [JavaFX Application Thread] DEBUG Engine               - Running on OS: Windows 11 version 10.0
14:04:33.865 [JavaFX Application Thread] DEBUG Engine               - Architecture: amd64
14:04:33.865 [JavaFX Application Thread] INFO  Engine               - Source code and latest versions at: https://github.com/AlmasB/FXGL
14:04:33.865 [JavaFX Application Thread] INFO  Engine               -       Ask questions and discuss at: https://github.com/AlmasB/FXGL/discussions
14:04:33.865 [JavaFX Application Thread] INFO  Engine               -              Join the FXGL chat at: https://gitter.im/AlmasB/FXGL
14:04:33.934 [JavaFX Application Thread] DEBUG PrimaryStageWindow   - Creating a JavaFX scene
14:04:33.961 [JavaFX Application Thread] DEBUG PrimaryStageWindow   - Target settings size: 1280.0 x 720.0
14:04:33.961 [JavaFX Application Thread] DEBUG PrimaryStageWindow   - Scaled scene size:    1280.0 x 720.0
14:04:33.962 [JavaFX Application Thread] DEBUG PrimaryStageWindow   - Scaled ratio: (1.0, 1.0)
14:04:33.962 [JavaFX Application Thread] DEBUG PrimaryStageWindow   - Set initial scene to FXGLStartupScene
14:04:33.964 [JavaFX Application Thread] DEBUG PrimaryStageWindow   - Opening main window
14:04:34.009 [JavaFX Application Thread] DEBUG PrimaryStageWindow   - Window border size: (14.6666259765625, 37.33331298828125)
14:04:34.010 [JavaFX Application Thread] DEBUG PrimaryStageWindow   - Scaled size: 1280.0 x 720.0
14:04:34.010 [JavaFX Application Thread] DEBUG PrimaryStageWindow   - Scaled ratio: (1.0, 1.0)
14:04:34.010 [JavaFX Application Thread] DEBUG PrimaryStageWindow   - Scene size: 1280.0 x 720.0
14:04:34.010 [JavaFX Application Thread] DEBUG PrimaryStageWindow   - Stage size: 1294.6666259765625 x 757.3333129882812
14:04:34.014 [FXGL Background Thread 1 ] DEBUG Engine               - Initializing environment variables
14:04:34.035 [FXGL Background Thread 1 ] DEBUG FXGLAssetLoaderServi - User app class for loading assets: class com.survivor.main.GameApp
14:04:34.035 [FXGL Background Thread 1 ] DEBUG GameApplicationServi - Applying CSS: fxgl_dark.css
14:04:34.035 [FXGL Background Thread 1 ] DEBUG FXGLAssetLoaderServi - Loading from file system: jar:file:/C:/Users/zrj/.m2/repository/com/github/almasb/fxgl/17.3/fxgl-17.3.jar!/fxglassets/ui/css/fxgl_dark.css
14:04:34.058 [FXGL Background Thread 1 ] DEBUG GameApplicationServi - Initializing application scenes
14:04:34.093 [FXGL Background Thread 1 ] DEBUG GameWorld            - Game world initialized
14:04:34.125 [FXGL Background Thread 1 ] DEBUG PhysicsWorld         - Physics world initialized: appHeight=720, physics.ppm=50.0
14:04:34.125 [FXGL Background Thread 1 ] DEBUG PhysicsWorld         - Using strategy: BRUTE_FORCE
14:04:34.128 [FXGL Background Thread 1 ] DEBUG GameScene            - Game scene initialized: 1280x720
14:04:34.136 [FXGL Background Thread 1 ] DEBUG FXGL.DefaultMenu     - createMenuBodyGameMenu()
14:04:34.145 [FXGL Background Thread 1 ] DEBUG FXGL.DefaultMenu     - createOptionsMenu()
14:04:34.151 [FXGL Background Thread 1 ] DEBUG FXGLAssetLoaderServi - Loading from file system: jar:file:/C:/Users/zrj/.m2/repository/com/github/almasb/fxgl/17.3/fxgl-17.3.jar!/fxglassets/textures/particles/smoke.png
14:04:34.219 [FXGL Background Thread 1 ] DEBUG FXGLAssetLoaderServi - Loading from file system: jar:file:/C:/Users/zrj/.m2/repository/com/github/almasb/fxgl/17.3/fxgl-17.3.jar!/fxglassets/textures/particles/trace_horizontal.png
14:04:34.238 [FXGL Background Thread 1 ] DEBUG GameApplicationServi - Application scenes initialized
14:04:34.249 [FXGL Background Thread 1 ] DEBUG SystemBundleService  - Loading FXGL system data
14:04:34.251 [FXGL Background Thread 1 ] DEBUG FileSystemAccess     - Reading from: D:\1\survivior-game-main\SurvivorGame\system\fxgl.bundle
14:04:34.257 [FXGL Background Thread 1 ] DEBUG SystemBundleService  - Bundle FXGL: {}
14:04:34.257 [FXGL Background Thread 1 ] DEBUG UpdaterService       - Checking for updates
14:04:34.260 [FXGL Background Thread 4 ] DEBUG FXGLApplication      - Loading fonts
14:04:34.260 [FXGL Background Thread 4 ] DEBUG FXGLAssetLoaderServi - Loading from file system: jar:file:/C:/Users/zrj/.m2/repository/com/github/almasb/fxgl/17.3/fxgl-17.3.jar!/fxglassets/ui/fonts/VarelaRound-Regular.ttf
14:04:34.261 [FXGL Background Thread 1 ] DEBUG FXGLApplication      - Loading default localization
14:04:34.261 [FXGL Background Thread 1 ] DEBUG FXGLAssetLoaderServi - Loading from file system: jar:file:/C:/Users/zrj/.m2/repository/com/github/almasb/fxgl/17.3/fxgl-17.3.jar!/fxglassets/languages/english.lang
14:04:34.277 [FXGL Background Thread 1 ] INFO  FXGLApplication      - FXGL initialization took: 0.262 sec
14:04:34.278 [JavaFX Application Thread] DEBUG FXGLAssetLoaderServi - Loading from file system: file:/D:/1/survivior-game-main/SurvivorGame/target/classes/assets/textures/icon.png
14:04:34.283 [JavaFX Application Thread] DEBUG FXGLAssetLoaderServi - Loading from file system: jar:file:/C:/Users/zrj/.m2/repository/com/github/almasb/fxgl/17.3/fxgl-17.3.jar!/fxglassets/textures/fxgl_default_cursor.png
14:04:34.291 [JavaFX Application Thread] DEBUG Input                - Registered new binding: Screenshot - CTRL+8
14:04:34.292 [JavaFX Application Thread] DEBUG Input                - Registered new binding: System info dump - CTRL+9
14:04:34.292 [JavaFX Application Thread] DEBUG Input                - Registered new binding: Restart - CTRL+R
14:04:34.293 [JavaFX Application Thread] DEBUG Input                - Registered new binding: Toggle Debug Camera - CTRL+7
14:04:34.295 [JavaFX Application Thread] DEBUG LoopRunner           - Starting loop
14:04:34.295 [JavaFX Application Thread] DEBUG LoopRunner           - Initializing ScheduledExecutorLoop with fps: 120
14:04:34.297 [JavaFX Application Thread] DEBUG GameApplicationServi - Starting new game
14:04:34.298 [JavaFX Application Thread] DEBUG Input                - Clearing active input actions
14:04:34.307 [JavaFX Application Thread] DEBUG GameApplicationServi - Removing overlay from FXGLStartupScene and adding to FXGLLoadingScene
14:04:34.307 [JavaFX Application Thread] DEBUG PrimaryStageWindow   - FXGLStartupScene -> FXGLLoadingScene
14:04:34.307 [JavaFX Application Thread] DEBUG GameApplicationServi - Clearing previous game
14:04:34.307 [JavaFX Application Thread] DEBUG GameScene            - Clearing game scene
14:04:34.307 [JavaFX Application Thread] DEBUG GameWorld            - Clearing game world
14:04:34.307 [JavaFX Application Thread] DEBUG PhysicsWorld         - Clearing physics world
14:04:34.309 [FXGL Background Thread 1 ] DEBUG FXGLApplication      - Initializing game
14:04:34.335 [FXGL Background Thread 4 ] DEBUG FXGLAssetLoaderServi - Loading from file system: jar:file:/C:/Users/zrj/.m2/repository/com/github/almasb/fxgl/17.3/fxgl-17.3.jar!/fxglassets/ui/fonts/Abel-Regular.ttf
14:04:34.352 [FXGL Background Thread 4 ] DEBUG FXGLAssetLoaderServi - Loading from file system: jar:file:/C:/Users/zrj/.m2/repository/com/github/almasb/fxgl/17.3/fxgl-17.3.jar!/fxglassets/ui/fonts/TerminalLandMono-Regular.otf
14:04:34.366 [FXGL Background Thread 4 ] DEBUG FXGLAssetLoaderServi - Loading from file system: jar:file:/C:/Users/zrj/.m2/repository/com/github/almasb/fxgl/17.3/fxgl-17.3.jar!/fxglassets/ui/fonts/Courier-Prime.ttf
14:04:34.391 [JavaFX Application Thread] DEBUG FXGLApplication      - Registering font factories with UI factory
14:04:34.607 [FXGL Background Thread 1 ] WARN  TMXLevelLoader       - TiledMap generated from 1.11.2. Supported version: 1.9.0. Some features may not be parsed fully.
14:04:34.690 [FXGL Background Thread 1 ] DEBUG TMXLevelLoader       - Parsed TiledMap: file:/D:/1/survivior-game-main/SurvivorGame/target/classes/assets/levels/Bigdongeonmap.tmx
14:04:34.691 [FXGL Background Thread 1 ] DEBUG TMXLevelLoader       - Creating tile layer entities
14:04:34.694 [FXGL Background Thread 1 ] DEBUG TilesetLoader        - Loading view for layer 图块层 1
14:04:34.738 [FXGL Background Thread 1 ] DEBUG TilesetLoader        - Created buffer with size 9600.0x5600.0
14:04:34.814 [FXGL Background Thread 1 ] DEBUG TilesetLoader        - Loading view for layer 图块层 2
14:04:34.858 [FXGL Background Thread 1 ] DEBUG TilesetLoader        - Created buffer with size 9600.0x5600.0
14:04:34.874 [FXGL Background Thread 1 ] DEBUG TMXLevelLoader       - Creating object layer entities
14:04:34.946 [FXGL Background Thread 1 ] DEBUG GameWorld            - Clearing removable entities
14:04:34.946 [FXGL Background Thread 1 ] DEBUG GameWorld            - Setting level: com.almasb.fxgl.entity.level.Level@6d39cd53
14:04:34.976 [FXGL Background Thread 1 ] DEBUG Input                - Registered new binding: Move Up - W
14:04:34.976 [FXGL Background Thread 1 ] DEBUG Input                - Registered new binding: Move Down - S
14:04:34.976 [FXGL Background Thread 1 ] DEBUG Input                - Registered new binding: Move Left - A
14:04:34.976 [FXGL Background Thread 1 ] DEBUG Input                - Registered new binding: Move Right - D
14:04:34.977 [FXGL Background Thread 1 ] DEBUG Input                - Registered new binding: AttackLeft - J
14:04:34.977 [FXGL Background Thread 1 ] DEBUG Input                - Registered new binding: AttackRight - K
14:04:34.977 [FXGL Background Thread 1 ] DEBUG Input                - Registered new binding: Dash - L
14:04:34.980 [FXGL Background Thread 1 ] DEBUG FXGLAssetLoaderServi - Loading from file system: file:/D:/1/survivior-game-main/SurvivorGame/target/classes/assets/textures/Idle.png
14:04:34.984 [FXGL Background Thread 1 ] DEBUG FXGLAssetLoaderServi - Loading from file system: file:/D:/1/survivior-game-main/SurvivorGame/target/classes/assets/textures/Run.png
14:04:34.985 [FXGL Background Thread 1 ] DEBUG FXGLAssetLoaderServi - Loading from file system: file:/D:/1/survivior-game-main/SurvivorGame/target/classes/assets/textures/Attack2.png
14:04:34.992 [FXGL Background Thread 1 ] INFO  FXGLApplication      - Game initialization took: 0.682 sec
14:04:34.993 [JavaFX Application Thread] DEBUG Input                - Clearing active input actions
14:04:35.006 [JavaFX Application Thread] DEBUG GameApplicationServi - Removing overlay from FXGLLoadingScene and adding to GameScene
14:04:35.006 [JavaFX Application Thread] DEBUG PrimaryStageWindow   - FXGLLoadingScene -> GameScene
14:04:35.391 [JavaFX Application Thread] DEBUG FXGLAssetLoaderServi - Loading from file system: file:/D:/1/survivior-game-main/SurvivorGame/target/classes/assets/textures/enemy.png
14:04:37.260 [FXGL Background Thread 3 ] DEBUG Engine               - Logging environment variables
14:04:37.261 [FXGL Background Thread 3 ] DEBUG Engine               - achievements: []
14:04:37.261 [FXGL Background Thread 3 ] DEBUG Engine               - actualHeight: 720.0
14:04:37.261 [FXGL Background Thread 3 ] DEBUG Engine               - actualHeightProperty: ReadOnlyDoubleProperty [value: 720.0]
14:04:37.262 [FXGL Background Thread 3 ] DEBUG Engine               - actualWidth: 1280.0
14:04:37.262 [FXGL Background Thread 3 ] DEBUG Engine               - actualWidthProperty: ReadOnlyDoubleProperty [value: 1280.0]
14:04:37.262 [FXGL Background Thread 3 ] DEBUG Engine               - appIcon: icon.png
14:04:37.262 [FXGL Background Thread 3 ] DEBUG Engine               - applicationMode: DEVELOPER
14:04:37.262 [FXGL Background Thread 3 ] DEBUG Engine               - cSSList: [fxgl_dark.css]
14:04:37.262 [FXGL Background Thread 3 ] DEBUG Engine               - collisionDetectionStrategy: BRUTE_FORCE
14:04:37.262 [FXGL Background Thread 3 ] DEBUG Engine               - configClass: Optional.empty
14:04:37.262 [FXGL Background Thread 3 ] DEBUG Engine               - credits: []
14:04:37.262 [FXGL Background Thread 3 ] DEBUG Engine               - defaultCursor: CursorInfo(imageName=fxgl_default_cursor.png, hotspotX=7.0, hotspotY=6.0)
14:04:37.262 [FXGL Background Thread 3 ] DEBUG Engine               - devBBoxColorProperty: ObjectProperty [value: 0xff0000ff]
14:04:37.262 [FXGL Background Thread 3 ] DEBUG Engine               - devEnableDebugCameraProperty: BooleanProperty [value: false]
14:04:37.262 [FXGL Background Thread 3 ] DEBUG Engine               - devSensorColorProperty: ObjectProperty [value: 0xffff00ff]
14:04:37.263 [FXGL Background Thread 3 ] DEBUG Engine               - devShowBBoxProperty: BooleanProperty [value: false]
14:04:37.263 [FXGL Background Thread 3 ] DEBUG Engine               - devShowPositionProperty: BooleanProperty [value: false]
14:04:37.263 [FXGL Background Thread 3 ] DEBUG Engine               - enabledMenuItems: []
14:04:37.263 [FXGL Background Thread 3 ] DEBUG Engine               - engineServices: [class com.almasb.fxgl.app.services.FXGLAssetLoaderService, class com.almasb.fxgl.app.FXGLApplication$GameApplicationService, class com.almasb.fxgl.app.services.FXGLDialogService, class com.almasb.fxgl.app.services.IOTaskExecutorService, class com.almasb.fxgl.io.FileSystemService, class com.almasb.fxgl.localization.LocalizationService, class com.almasb.fxgl.app.services.SystemBundleService, class com.almasb.fxgl.profile.SaveLoadService, class com.almasb.fxgl.ui.FXGLUIFactoryServiceProvider, class com.almasb.fxgl.ui.FXGLDialogFactoryServiceProvider, class com.almasb.fxgl.audio.AudioPlayer, class com.almasb.fxgl.notification.impl.NotificationServiceProvider, class com.almasb.fxgl.achievement.AchievementService, class com.almasb.fxgl.cutscene.CutsceneService, class com.almasb.fxgl.minigames.MiniGameService, class com.almasb.fxgl.net.NetService, class com.almasb.fxgl.app.services.UpdaterService, class com.almasb.fxgl.dev.DevService]
14:04:37.263 [FXGL Background Thread 3 ] DEBUG Engine               - fontGame: Abel-Regular.ttf
14:04:37.263 [FXGL Background Thread 3 ] DEBUG Engine               - fontMono: TerminalLandMono-Regular.otf
14:04:37.263 [FXGL Background Thread 3 ] DEBUG Engine               - fontSizeScaleUI: 1.0
14:04:37.263 [FXGL Background Thread 3 ] DEBUG Engine               - fontText: Courier-Prime.ttf
14:04:37.263 [FXGL Background Thread 3 ] DEBUG Engine               - fontUI: VarelaRound-Regular.ttf
14:04:37.263 [FXGL Background Thread 3 ] DEBUG Engine               - fullScreen: BooleanProperty [value: false]
14:04:37.263 [FXGL Background Thread 3 ] DEBUG Engine               - gameDifficulty: MEDIUM
14:04:37.263 [FXGL Background Thread 3 ] DEBUG Engine               - gameDifficultyProperty: ObjectProperty [value: MEDIUM]
14:04:37.263 [FXGL Background Thread 3 ] DEBUG Engine               - globalMusicVolume: 0.5
14:04:37.264 [FXGL Background Thread 3 ] DEBUG Engine               - globalMusicVolumeProperty: DoubleProperty [value: 0.5]
14:04:37.264 [FXGL Background Thread 3 ] DEBUG Engine               - globalSoundVolume: 0.5
14:04:37.264 [FXGL Background Thread 3 ] DEBUG Engine               - globalSoundVolumeProperty: DoubleProperty [value: 0.5]
14:04:37.264 [FXGL Background Thread 3 ] DEBUG Engine               - height: 720
14:04:37.264 [FXGL Background Thread 3 ] DEBUG Engine               - is3D: false
14:04:37.264 [FXGL Background Thread 3 ] DEBUG Engine               - isAndroid: false
14:04:37.264 [FXGL Background Thread 3 ] DEBUG Engine               - isBrowser: false
14:04:37.264 [FXGL Background Thread 3 ] DEBUG Engine               - isClickFeedbackEnabled: false
14:04:37.264 [FXGL Background Thread 3 ] DEBUG Engine               - isCloseConfirmation: false
14:04:37.265 [FXGL Background Thread 3 ] DEBUG Engine               - isDesktop: true
14:04:37.265 [FXGL Background Thread 3 ] DEBUG Engine               - isDeveloperMenuEnabled: false
14:04:37.265 [FXGL Background Thread 3 ] DEBUG Engine               - isEmbedded: false
14:04:37.265 [FXGL Background Thread 3 ] DEBUG Engine               - isEntityPreloadEnabled: true
14:04:37.265 [FXGL Background Thread 3 ] DEBUG Engine               - isExperimentalTiledLargeMap: false
14:04:37.265 [FXGL Background Thread 3 ] DEBUG Engine               - isFileSystemWriteAllowed: true
14:04:37.265 [FXGL Background Thread 3 ] DEBUG Engine               - isFullScreenAllowed: false
14:04:37.265 [FXGL Background Thread 3 ] DEBUG Engine               - isFullScreenFromStart: false
14:04:37.265 [FXGL Background Thread 3 ] DEBUG Engine               - isGameMenuEnabled: true
14:04:37.265 [FXGL Background Thread 3 ] DEBUG Engine               - isIOS: false
14:04:37.265 [FXGL Background Thread 3 ] DEBUG Engine               - isIntroEnabled: false
14:04:37.265 [FXGL Background Thread 3 ] DEBUG Engine               - isLinux: false
14:04:37.265 [FXGL Background Thread 3 ] DEBUG Engine               - isMac: false
14:04:37.265 [FXGL Background Thread 3 ] DEBUG Engine               - isMainMenuEnabled: false
14:04:37.265 [FXGL Background Thread 3 ] DEBUG Engine               - isManualResizeEnabled: false
14:04:37.265 [FXGL Background Thread 3 ] DEBUG Engine               - isMobile: false
14:04:37.265 [FXGL Background Thread 3 ] DEBUG Engine               - isNative: false
14:04:37.265 [FXGL Background Thread 3 ] DEBUG Engine               - isPauseMusicWhenMinimized: true
14:04:37.265 [FXGL Background Thread 3 ] DEBUG Engine               - isPreserveResizeRatio: false
14:04:37.265 [FXGL Background Thread 3 ] DEBUG Engine               - isProfilingEnabled: false
14:04:37.266 [FXGL Background Thread 3 ] DEBUG Engine               - isScaleAffectedOnResize: true
14:04:37.266 [FXGL Background Thread 3 ] DEBUG Engine               - isSingleStep: false
14:04:37.266 [FXGL Background Thread 3 ] DEBUG Engine               - isUserProfileEnabled: false
14:04:37.266 [FXGL Background Thread 3 ] DEBUG Engine               - isWindows: true
14:04:37.266 [FXGL Background Thread 3 ] DEBUG Engine               - language: ObjectProperty [value: ENGLISH]
14:04:37.266 [FXGL Background Thread 3 ] DEBUG Engine               - menuKey: ESCAPE
14:04:37.266 [FXGL Background Thread 3 ] DEBUG Engine               - mouseSensitivity: 0.2
14:04:37.266 [FXGL Background Thread 3 ] DEBUG Engine               - notificationViewClass: class com.almasb.fxgl.notification.view.XboxNotificationView
14:04:37.266 [FXGL Background Thread 3 ] DEBUG Engine               - pixelsPerMeter: 50.0
14:04:37.266 [FXGL Background Thread 3 ] DEBUG Engine               - platform: WINDOWS
14:04:37.266 [FXGL Background Thread 3 ] DEBUG Engine               - prefHeightProperty: ReadOnlyDoubleProperty [value: 720.0]
14:04:37.266 [FXGL Background Thread 3 ] DEBUG Engine               - prefWidthProperty: ReadOnlyDoubleProperty [value: 1280.0]
14:04:37.266 [FXGL Background Thread 3 ] DEBUG Engine               - profileDir: profiles/
14:04:37.266 [FXGL Background Thread 3 ] DEBUG Engine               - profileName: StringProperty [value: DEFAULT]
14:04:37.266 [FXGL Background Thread 3 ] DEBUG Engine               - randomSeed: -1
14:04:37.266 [FXGL Background Thread 3 ] DEBUG Engine               - runtimeInfo: RuntimeInfo(platform=WINDOWS, version=17.3, build=30.03.2023 11.49)
14:04:37.266 [FXGL Background Thread 3 ] DEBUG Engine               - saveFileExt: sav
14:04:37.266 [FXGL Background Thread 3 ] DEBUG Engine               - scaledHeightProp$fxgl: DoubleProperty [bound, value: 720.0]
14:04:37.266 [FXGL Background Thread 3 ] DEBUG Engine               - scaledWidthProp$fxgl: DoubleProperty [bound, value: 1280.0]
14:04:37.266 [FXGL Background Thread 3 ] DEBUG Engine               - sceneFactory: com.almasb.fxgl.app.scene.SceneFactory@589f76
14:04:37.266 [FXGL Background Thread 3 ] DEBUG Engine               - secondsIn24h: 60
14:04:37.266 [FXGL Background Thread 3 ] DEBUG Engine               - soundMenuBack: menu/back.wav
14:04:37.266 [FXGL Background Thread 3 ] DEBUG Engine               - soundMenuPress: menu/press.wav
14:04:37.266 [FXGL Background Thread 3 ] DEBUG Engine               - soundMenuSelect: menu/select.wav
14:04:37.266 [FXGL Background Thread 3 ] DEBUG Engine               - soundNotification: core/notification.wav
14:04:37.266 [FXGL Background Thread 3 ] DEBUG Engine               - stageStyle: DECORATED
14:04:37.266 [FXGL Background Thread 3 ] DEBUG Engine               - supportedLanguages: [ENGLISH, FRENCH, GERMAN, HUNGARIAN, RUSSIAN]
14:04:37.266 [FXGL Background Thread 3 ] DEBUG Engine               - ticksPerSecond: 120
14:04:37.266 [FXGL Background Thread 3 ] DEBUG Engine               - title: Survivor Game
14:04:37.266 [FXGL Background Thread 3 ] DEBUG Engine               - urlGithub: https://github.com/AlmasB/FXGL
14:04:37.266 [FXGL Background Thread 3 ] DEBUG Engine               - urlLeaderboard: http://fxgl-top.herokuapp.com/
14:04:37.266 [FXGL Background Thread 3 ] DEBUG Engine               - urlPOM: https://raw.githubusercontent.com/AlmasB/FXGL/release/README.md
14:04:37.266 [FXGL Background Thread 3 ] DEBUG Engine               - userAppClass: class com.survivor.main.GameApp
14:04:37.266 [FXGL Background Thread 3 ] DEBUG Engine               - version: 1.0
14:04:37.266 [FXGL Background Thread 3 ] DEBUG Engine               - versionCheckDays: 7
14:04:37.266 [FXGL Background Thread 3 ] DEBUG Engine               - width: 1280
14:04:37.266 [FXGL Background Thread 3 ] DEBUG Engine               - Logging services
14:04:37.266 [FXGL Background Thread 3 ] DEBUG Engine               - class com.almasb.fxgl.app.services.FXGLAssetLoaderService
14:04:37.268 [FXGL Background Thread 3 ] DEBUG Engine               - class com.almasb.fxgl.app.FXGLApplication$GameApplicationService
14:04:37.268 [FXGL Background Thread 3 ] DEBUG Engine               - class com.almasb.fxgl.app.services.FXGLDialogService
14:04:37.268 [FXGL Background Thread 3 ] DEBUG Engine               - class com.almasb.fxgl.app.services.IOTaskExecutorService
14:04:37.268 [FXGL Background Thread 3 ] DEBUG Engine               - class com.almasb.fxgl.io.FileSystemService
14:04:37.268 [FXGL Background Thread 3 ] DEBUG Engine               - class com.almasb.fxgl.localization.LocalizationService
14:04:37.268 [FXGL Background Thread 3 ] DEBUG Engine               - class com.almasb.fxgl.app.services.SystemBundleService
14:04:37.268 [FXGL Background Thread 3 ] DEBUG Engine               - class com.almasb.fxgl.profile.SaveLoadService
14:04:37.268 [FXGL Background Thread 3 ] DEBUG Engine               - class com.almasb.fxgl.ui.FXGLUIFactoryServiceProvider
14:04:37.268 [FXGL Background Thread 3 ] DEBUG Engine               - class com.almasb.fxgl.ui.FXGLDialogFactoryServiceProvider
14:04:37.268 [FXGL Background Thread 3 ] DEBUG Engine               - class com.almasb.fxgl.audio.AudioPlayer
14:04:37.268 [FXGL Background Thread 3 ] DEBUG Engine               - class com.almasb.fxgl.notification.impl.NotificationServiceProvider
14:04:37.268 [FXGL Background Thread 3 ] DEBUG Engine               - class com.almasb.fxgl.achievement.AchievementService
14:04:37.268 [FXGL Background Thread 3 ] DEBUG Engine               - class com.almasb.fxgl.cutscene.CutsceneService
14:04:37.268 [FXGL Background Thread 3 ] DEBUG Engine               - class com.almasb.fxgl.minigames.MiniGameService
14:04:37.268 [FXGL Background Thread 3 ] DEBUG Engine               - class com.almasb.fxgl.net.NetService
14:04:37.268 [FXGL Background Thread 3 ] DEBUG Engine               - class com.almasb.fxgl.app.services.UpdaterService
14:04:37.268 [FXGL Background Thread 3 ] DEBUG Engine               - class com.almasb.fxgl.dev.DevService
14:04:42.826 [JavaFX Application Thread] DEBUG LoopRunner           - Stopping loop
14:04:42.826 [JavaFX Application Thread] FATAL FXGLApplication      - Uncaught Exception:
java.lang.IllegalArgumentException: Component PhysicsComponent not found!
	at com.almasb.fxgl.entity.Entity.getComponent(Entity.java:366)
	at com.survivor.entity.Projectile.onAdded(Projectile.java:51)
	at com.almasb.fxgl.entity.Entity.addComponentNoChecks(Entity.java:401)
	at com.almasb.fxgl.entity.Entity.addComponent(Entity.java:393)
	at com.almasb.fxgl.dsl.EntityBuilder.with(EntityBuilder.kt:202)
	at com.survivor.system.ResourceLoader.newFire(ResourceLoader.java:147)
	at java.base/jdk.internal.reflect.NativeMethodAccessorImpl.invoke0(Native Method)
	at java.base/jdk.internal.reflect.NativeMethodAccessorImpl.invoke(NativeMethodAccessorImpl.java:77)
	at java.base/jdk.internal.reflect.DelegatingMethodAccessorImpl.invoke(DelegatingMethodAccessorImpl.java:43)
	at java.base/java.lang.reflect.Method.invoke(Method.java:569)
	at com.almasb.fxgl.core.reflect.ReflectionUtils.call(ReflectionUtils.java:104)
	at com.almasb.fxgl.core.reflect.ReflectionUtils.lambda$mapToFunction$3(ReflectionUtils.java:111)
	at com.almasb.fxgl.entity.GameWorld$create$2.invoke(GameWorld.kt:430)
	at com.almasb.fxgl.entity.GameWorld$create$2.invoke(GameWorld.kt:430)
	at com.almasb.fxgl.core.util.DSLKt.tryCatchRoot(DSL.kt:34)
	at com.almasb.fxgl.entity.GameWorld.create(GameWorld.kt:430)
	at com.almasb.fxgl.entity.GameWorld.spawn(GameWorld.kt:396)
	at com.almasb.fxgl.dsl.FXGL$Companion.spawn(FXGL.kt:565)
	at com.almasb.fxgl.dsl.FXGL.spawn(FXGL.kt)
	at com.survivor.entity.Player.PlayerMovementComponent.onUpdate(PlayerMovementComponent.java:124)
	at com.almasb.fxgl.entity.Entity$ComponentMap.update(Entity.java:60)
	at com.almasb.fxgl.entity.Entity.update(Entity.java:248)
	at com.almasb.fxgl.entity.GameWorld.onUpdate(GameWorld.kt:177)
	at com.almasb.fxgl.app.scene.GameScene.step(GameScene.kt:228)
	at com.almasb.fxgl.app.scene.GameScene.onUpdate(GameScene.kt:224)
	at com.almasb.fxgl.scene.Scene.update(Scene.kt:105)
	at com.almasb.fxgl.app.MainWindow$update$1.invoke(MainWindow.kt:115)
	at com.almasb.fxgl.app.MainWindow$update$1.invoke(MainWindow.kt:115)
	at com.almasb.fxgl.core.fsm.StateMachine.runOnActiveStates(StateMachine.kt:69)
	at com.almasb.fxgl.app.MainWindow.update(MainWindow.kt:115)
	at com.almasb.fxgl.app.FXGLApplication$GameApplicationService.onUpdate(FXGLApplication.kt:426)
	at com.almasb.fxgl.app.Engine.loop(Engine.kt:134)
	at com.almasb.fxgl.app.Engine.access$loop(Engine.kt:24)
	at com.almasb.fxgl.app.Engine$loop$1.invoke(Engine.kt:28)
	at com.almasb.fxgl.app.Engine$loop$1.invoke(Engine.kt:28)
	at com.almasb.fxgl.app.LoopRunner.frame(LoopRunner.kt:103)
	at com.almasb.fxgl.app.LoopRunner.access$frame(LoopRunner.kt:23)
	at com.almasb.fxgl.app.LoopRunner$impl$2$2.onTick(LoopRunner.kt:64)
	at com.almasb.fxgl.app.ScheduledExecutorLoop.start$lambda$1$lambda$0(LoopRunner.kt:170)
	at com.sun.javafx.application.PlatformImpl.lambda$runLater$10(PlatformImpl.java:456)
	at java.base/java.security.AccessController.doPrivileged(AccessController.java:399)
	at com.sun.javafx.application.PlatformImpl.lambda$runLater$11(PlatformImpl.java:455)
	at com.sun.glass.ui.InvokeLaterDispatcher$Future.run(InvokeLaterDispatcher.java:95)
	at com.sun.glass.ui.win.WinApplication._runLoop(Native Method)
	at com.sun.glass.ui.win.WinApplication.lambda$runLoop$3(WinApplication.java:185)
	at java.base/java.lang.Thread.run(Thread.java:840)

14:04:42.826 [JavaFX Application Thread] FATAL FXGLApplication      - Application will now exit
14:04:42.837 [JavaFX Application Thread] DEBUG PrimaryStageWindow   - Push state: ErrorSubScene
14:04:42.837 [JavaFX Application Thread] DEBUG Input                - Clearing active input actions
14:04:42.841 [JavaFX Application Thread] DEBUG GameApplicationServi - Removing overlay from GameScene and adding to ErrorSubScene
14:04:42.841 [JavaFX Application Thread] DEBUG PrimaryStageWindow   - GameScene -> ErrorSubScene
14:04:44.804 [JavaFX Application Thread] DEBUG FXGLApplication      - Exiting FXGL
14:04:44.804 [JavaFX Application Thread] DEBUG Async                - Shutting down background threads
14:04:44.804 [JavaFX Application Thread] DEBUG PrimaryStageWindow   - Closing main window
14:04:44.817 [JavaFX Application Thread] DEBUG Logger               - Closing Logger
