23:50:24.990 [main                     ] DEBUG Logger               - Configured Logger
23:50:25.016 [main                     ] DEBUG GameApplication      - Logging settings
Title: Survivor Game
Version: 1.0
Width: 1280
Height: 720
Fullscreen: false
Intro: false
Profiling: false
Single step:false
App Mode: DEVELOPER
Menu Key: ESCAPE
Stage Style: DECORATED
Scene Factory: class com.almasb.fxgl.app.scene.SceneFactory

23:50:25.428 [JavaFX Application Thread] DEBUG FXGLApplication      - Initializing FXGL
23:50:25.432 [JavaFX Application Thread] INFO  Engine               - FXGL-17.3 (30.03.2023 11.49) on WINDOWS (J:21.0.5 FX:20)
23:50:25.432 [JavaFX Application Thread] DEBUG Engine               - JRE Vendor Name: Oracle Corporation
23:50:25.432 [JavaFX Application Thread] DEBUG Engine               - Running on OS: Windows 11 version 10.0
23:50:25.432 [JavaFX Application Thread] DEBUG Engine               - Architecture: amd64
23:50:25.433 [JavaFX Application Thread] INFO  Engine               - Source code and latest versions at: https://github.com/AlmasB/FXGL
23:50:25.433 [JavaFX Application Thread] INFO  Engine               -       Ask questions and discuss at: https://github.com/AlmasB/FXGL/discussions
23:50:25.433 [JavaFX Application Thread] INFO  Engine               -              Join the FXGL chat at: https://gitter.im/AlmasB/FXGL
23:50:25.521 [JavaFX Application Thread] DEBUG PrimaryStageWindow   - Creating a JavaFX scene
23:50:25.566 [JavaFX Application Thread] DEBUG PrimaryStageWindow   - Target settings size: 1280.0 x 720.0
23:50:25.567 [JavaFX Application Thread] DEBUG PrimaryStageWindow   - Scaled scene size:    1280.0 x 720.0
23:50:25.567 [JavaFX Application Thread] DEBUG PrimaryStageWindow   - Scaled ratio: (1.0, 1.0)
23:50:25.568 [JavaFX Application Thread] DEBUG PrimaryStageWindow   - Set initial scene to FXGLStartupScene
23:50:25.572 [JavaFX Application Thread] DEBUG PrimaryStageWindow   - Opening main window
23:50:25.728 [JavaFX Application Thread] DEBUG PrimaryStageWindow   - Window border size: (14.6666259765625, 37.33331298828125)
23:50:25.728 [JavaFX Application Thread] DEBUG PrimaryStageWindow   - Scaled size: 1280.0 x 720.0
23:50:25.729 [JavaFX Application Thread] DEBUG PrimaryStageWindow   - Scaled ratio: (1.0, 1.0)
23:50:25.729 [JavaFX Application Thread] DEBUG PrimaryStageWindow   - Scene size: 1280.0 x 720.0
23:50:25.729 [JavaFX Application Thread] DEBUG PrimaryStageWindow   - Stage size: 1294.6666259765625 x 757.3333129882812
23:50:25.736 [FXGL Background Thread 1 ] DEBUG Engine               - Initializing environment variables
23:50:25.791 [FXGL Background Thread 1 ] DEBUG FXGLAssetLoaderServi - User app class for loading assets: class com.survivor.main.GameApp
23:50:25.792 [FXGL Background Thread 1 ] DEBUG GameApplicationServi - Applying CSS: fxgl_dark.css
23:50:25.793 [FXGL Background Thread 1 ] DEBUG FXGLAssetLoaderServi - Loading from file system: jar:file:/C:/Users/11706/.m2/repository/com/github/almasb/fxgl/17.3/fxgl-17.3.jar!/fxglassets/ui/css/fxgl_dark.css
23:50:25.836 [FXGL Background Thread 1 ] DEBUG GameApplicationServi - Initializing application scenes
23:50:25.951 [FXGL Background Thread 1 ] DEBUG GameWorld            - Game world initialized
23:50:26.058 [FXGL Background Thread 1 ] DEBUG PhysicsWorld         - Physics world initialized: appHeight=720, physics.ppm=50.0
23:50:26.059 [FXGL Background Thread 1 ] DEBUG PhysicsWorld         - Using strategy: BRUTE_FORCE
23:50:26.063 [FXGL Background Thread 1 ] DEBUG GameScene            - Game scene initialized: 1280x720
23:50:26.074 [FXGL Background Thread 1 ] DEBUG FXGL.DefaultMenu     - createMenuBodyGameMenu()
23:50:26.088 [FXGL Background Thread 1 ] DEBUG FXGL.DefaultMenu     - createOptionsMenu()
23:50:26.102 [FXGL Background Thread 1 ] DEBUG FXGLAssetLoaderServi - Loading from file system: jar:file:/C:/Users/11706/.m2/repository/com/github/almasb/fxgl/17.3/fxgl-17.3.jar!/fxglassets/textures/particles/smoke.png
23:50:26.210 [FXGL Background Thread 1 ] DEBUG FXGLAssetLoaderServi - Loading from file system: jar:file:/C:/Users/11706/.m2/repository/com/github/almasb/fxgl/17.3/fxgl-17.3.jar!/fxglassets/textures/particles/trace_horizontal.png
23:50:26.233 [FXGL Background Thread 1 ] DEBUG GameApplicationServi - Application scenes initialized
23:50:26.247 [FXGL Background Thread 1 ] DEBUG SystemBundleService  - Loading FXGL system data
23:50:26.251 [FXGL Background Thread 1 ] DEBUG FileSystemAccess     - Reading from: C:\Users\11706\IdeaProjects\survivior-game1\SurvivorGame\system\fxgl.bundle
23:50:26.260 [FXGL Background Thread 1 ] DEBUG SystemBundleService  - Bundle FXGL: {}
23:50:26.260 [FXGL Background Thread 1 ] DEBUG UpdaterService       - Checking for updates
23:50:26.265 [FXGL Background Thread 4 ] DEBUG FXGLApplication      - Loading fonts
23:50:26.265 [FXGL Background Thread 4 ] DEBUG FXGLAssetLoaderServi - Loading from file system: jar:file:/C:/Users/11706/.m2/repository/com/github/almasb/fxgl/17.3/fxgl-17.3.jar!/fxglassets/ui/fonts/VarelaRound-Regular.ttf
23:50:26.268 [FXGL Background Thread 1 ] DEBUG FXGLApplication      - Loading default localization
23:50:26.268 [FXGL Background Thread 1 ] DEBUG FXGLAssetLoaderServi - Loading from file system: jar:file:/C:/Users/11706/.m2/repository/com/github/almasb/fxgl/17.3/fxgl-17.3.jar!/fxglassets/languages/english.lang
23:50:26.322 [FXGL Background Thread 4 ] DEBUG FXGLAssetLoaderServi - Loading from file system: jar:file:/C:/Users/11706/.m2/repository/com/github/almasb/fxgl/17.3/fxgl-17.3.jar!/fxglassets/ui/fonts/Abel-Regular.ttf
23:50:26.326 [FXGL Background Thread 4 ] DEBUG FXGLAssetLoaderServi - Loading from file system: jar:file:/C:/Users/11706/.m2/repository/com/github/almasb/fxgl/17.3/fxgl-17.3.jar!/fxglassets/ui/fonts/TerminalLandMono-Regular.otf
23:50:26.329 [FXGL Background Thread 4 ] DEBUG FXGLAssetLoaderServi - Loading from file system: jar:file:/C:/Users/11706/.m2/repository/com/github/almasb/fxgl/17.3/fxgl-17.3.jar!/fxglassets/ui/fonts/Courier-Prime.ttf
23:50:26.332 [FXGL Background Thread 1 ] INFO  FXGLApplication      - FXGL initialization took: 0.596 sec
23:50:26.333 [JavaFX Application Thread] DEBUG FXGLAssetLoaderServi - Loading from file system: file:/C:/Users/11706/IdeaProjects/survivior-game1/SurvivorGame/target/classes/assets/textures/icon.png
23:50:26.340 [JavaFX Application Thread] DEBUG FXGLAssetLoaderServi - Loading from file system: jar:file:/C:/Users/11706/.m2/repository/com/github/almasb/fxgl/17.3/fxgl-17.3.jar!/fxglassets/textures/fxgl_default_cursor.png
23:50:26.351 [JavaFX Application Thread] DEBUG Input                - Registered new binding: Screenshot - CTRL+8
23:50:26.351 [JavaFX Application Thread] DEBUG Input                - Registered new binding: System info dump - CTRL+9
23:50:26.353 [JavaFX Application Thread] DEBUG Input                - Registered new binding: Restart - CTRL+R
23:50:26.355 [JavaFX Application Thread] DEBUG Input                - Registered new binding: Toggle Debug Camera - CTRL+7
23:50:26.364 [JavaFX Application Thread] DEBUG LoopRunner           - Starting loop
23:50:26.364 [JavaFX Application Thread] DEBUG LoopRunner           - Initializing ScheduledExecutorLoop with fps: 120
23:50:26.367 [JavaFX Application Thread] DEBUG GameApplicationServi - Starting new game
23:50:26.368 [JavaFX Application Thread] DEBUG Input                - Clearing active input actions
23:50:26.384 [JavaFX Application Thread] DEBUG GameApplicationServi - Removing overlay from FXGLStartupScene and adding to FXGLLoadingScene
23:50:26.384 [JavaFX Application Thread] DEBUG PrimaryStageWindow   - FXGLStartupScene -> FXGLLoadingScene
23:50:26.384 [JavaFX Application Thread] DEBUG GameApplicationServi - Clearing previous game
23:50:26.384 [JavaFX Application Thread] DEBUG GameScene            - Clearing game scene
23:50:26.384 [JavaFX Application Thread] DEBUG GameWorld            - Clearing game world
23:50:26.384 [JavaFX Application Thread] DEBUG PhysicsWorld         - Clearing physics world
23:50:26.388 [FXGL Background Thread 4 ] DEBUG FXGLApplication      - Initializing game
23:50:26.388 [JavaFX Application Thread] DEBUG FXGLApplication      - Registering font factories with UI factory
23:50:26.711 [FXGL Background Thread 4 ] WARN  TMXLevelLoader       - TiledMap generated from 1.11.2. Supported version: 1.9.0. Some features may not be parsed fully.
23:50:26.908 [FXGL Background Thread 4 ] DEBUG TMXLevelLoader       - Parsed TiledMap: file:/C:/Users/11706/IdeaProjects/survivior-game1/SurvivorGame/target/classes/assets/levels/Bigdongeonmap.tmx
23:50:26.915 [FXGL Background Thread 4 ] DEBUG TMXLevelLoader       - Creating tile layer entities
23:50:26.924 [FXGL Background Thread 4 ] DEBUG TilesetLoader        - Loading view for layer 图块层 1
23:50:26.977 [FXGL Background Thread 4 ] DEBUG TilesetLoader        - Created buffer with size 9600.0x5600.0
23:50:27.126 [FXGL Background Thread 4 ] DEBUG TilesetLoader        - Loading view for layer 图块层 2
23:50:27.182 [FXGL Background Thread 4 ] DEBUG TilesetLoader        - Created buffer with size 9600.0x5600.0
23:50:27.214 [FXGL Background Thread 4 ] DEBUG TMXLevelLoader       - Creating object layer entities
23:50:27.336 [FXGL Background Thread 4 ] DEBUG GameWorld            - Clearing removable entities
23:50:27.338 [FXGL Background Thread 4 ] DEBUG GameWorld            - Setting level: com.almasb.fxgl.entity.level.Level@5a44fad1
23:50:27.412 [FXGL Background Thread 4 ] DEBUG Input                - Registered new binding: Move Up - W
23:50:27.412 [FXGL Background Thread 4 ] DEBUG Input                - Registered new binding: Move Down - S
23:50:27.413 [FXGL Background Thread 4 ] DEBUG Input                - Registered new binding: Move Left - A
23:50:27.413 [FXGL Background Thread 4 ] DEBUG Input                - Registered new binding: Move Right - D
23:50:27.413 [FXGL Background Thread 4 ] DEBUG Input                - Registered new binding: AttackLeft - J
23:50:27.414 [FXGL Background Thread 4 ] DEBUG Input                - Registered new binding: AttackRight - K
23:50:27.414 [FXGL Background Thread 4 ] DEBUG Input                - Registered new binding: Dash - L
23:50:27.427 [FXGL Background Thread 4 ] DEBUG FXGLAssetLoaderServi - Loading from file system: file:/C:/Users/11706/IdeaProjects/survivior-game1/SurvivorGame/target/classes/assets/textures/Idle.png
23:50:27.436 [FXGL Background Thread 4 ] DEBUG FXGLAssetLoaderServi - Loading from file system: file:/C:/Users/11706/IdeaProjects/survivior-game1/SurvivorGame/target/classes/assets/textures/Run.png
23:50:27.439 [FXGL Background Thread 4 ] DEBUG FXGLAssetLoaderServi - Loading from file system: file:/C:/Users/11706/IdeaProjects/survivior-game1/SurvivorGame/target/classes/assets/textures/Attack3.png
23:50:27.452 [FXGL Background Thread 4 ] INFO  FXGLApplication      - Game initialization took: 1.064 sec
23:50:27.902 [JavaFX Application Thread] DEBUG Input                - Clearing active input actions
23:50:27.931 [JavaFX Application Thread] DEBUG GameApplicationServi - Removing overlay from FXGLLoadingScene and adding to GameScene
23:50:27.931 [JavaFX Application Thread] DEBUG PrimaryStageWindow   - FXGLLoadingScene -> GameScene
23:50:27.993 [JavaFX Application Thread] DEBUG FXGLAssetLoaderServi - Loading from file system: file:/C:/Users/11706/IdeaProjects/survivior-game1/SurvivorGame/target/classes/assets/textures/enemy.png
23:50:28.822 [JavaFX Application Thread] DEBUG Input                - Registered new binding: action0 - U
23:50:28.822 [JavaFX Application Thread] DEBUG Input                - Registered new binding: action1 - G
23:50:29.264 [FXGL Background Thread 3 ] DEBUG Engine               - Logging environment variables
23:50:29.264 [FXGL Background Thread 3 ] DEBUG Engine               - achievements: []
23:50:29.264 [FXGL Background Thread 3 ] DEBUG Engine               - actualHeight: 720.0
23:50:29.264 [FXGL Background Thread 3 ] DEBUG Engine               - actualHeightProperty: ReadOnlyDoubleProperty [value: 720.0]
23:50:29.264 [FXGL Background Thread 3 ] DEBUG Engine               - actualWidth: 1280.0
23:50:29.265 [FXGL Background Thread 3 ] DEBUG Engine               - actualWidthProperty: ReadOnlyDoubleProperty [value: 1280.0]
23:50:29.265 [FXGL Background Thread 3 ] DEBUG Engine               - appIcon: icon.png
23:50:29.265 [FXGL Background Thread 3 ] DEBUG Engine               - applicationMode: DEVELOPER
23:50:29.265 [FXGL Background Thread 3 ] DEBUG Engine               - cSSList: [fxgl_dark.css]
23:50:29.265 [FXGL Background Thread 3 ] DEBUG Engine               - collisionDetectionStrategy: BRUTE_FORCE
23:50:29.265 [FXGL Background Thread 3 ] DEBUG Engine               - configClass: Optional.empty
23:50:29.265 [FXGL Background Thread 3 ] DEBUG Engine               - credits: []
23:50:29.265 [FXGL Background Thread 3 ] DEBUG Engine               - defaultCursor: CursorInfo(imageName=fxgl_default_cursor.png, hotspotX=7.0, hotspotY=6.0)
23:50:29.265 [FXGL Background Thread 3 ] DEBUG Engine               - devBBoxColorProperty: ObjectProperty [value: 0xff0000ff]
23:50:29.265 [FXGL Background Thread 3 ] DEBUG Engine               - devEnableDebugCameraProperty: BooleanProperty [value: false]
23:50:29.265 [FXGL Background Thread 3 ] DEBUG Engine               - devSensorColorProperty: ObjectProperty [value: 0xffff00ff]
23:50:29.265 [FXGL Background Thread 3 ] DEBUG Engine               - devShowBBoxProperty: BooleanProperty [value: false]
23:50:29.265 [FXGL Background Thread 3 ] DEBUG Engine               - devShowPositionProperty: BooleanProperty [value: false]
23:50:29.266 [FXGL Background Thread 3 ] DEBUG Engine               - enabledMenuItems: []
23:50:29.267 [FXGL Background Thread 3 ] DEBUG Engine               - engineServices: [class com.almasb.fxgl.app.services.FXGLAssetLoaderService, class com.almasb.fxgl.app.FXGLApplication$GameApplicationService, class com.almasb.fxgl.app.services.FXGLDialogService, class com.almasb.fxgl.app.services.IOTaskExecutorService, class com.almasb.fxgl.io.FileSystemService, class com.almasb.fxgl.localization.LocalizationService, class com.almasb.fxgl.app.services.SystemBundleService, class com.almasb.fxgl.profile.SaveLoadService, class com.almasb.fxgl.ui.FXGLUIFactoryServiceProvider, class com.almasb.fxgl.ui.FXGLDialogFactoryServiceProvider, class com.almasb.fxgl.audio.AudioPlayer, class com.almasb.fxgl.notification.impl.NotificationServiceProvider, class com.almasb.fxgl.achievement.AchievementService, class com.almasb.fxgl.cutscene.CutsceneService, class com.almasb.fxgl.minigames.MiniGameService, class com.almasb.fxgl.net.NetService, class com.almasb.fxgl.app.services.UpdaterService, class com.almasb.fxgl.dev.DevService]
23:50:29.267 [FXGL Background Thread 3 ] DEBUG Engine               - fontGame: Abel-Regular.ttf
23:50:29.267 [FXGL Background Thread 3 ] DEBUG Engine               - fontMono: TerminalLandMono-Regular.otf
23:50:29.267 [FXGL Background Thread 3 ] DEBUG Engine               - fontSizeScaleUI: 1.0
23:50:29.267 [FXGL Background Thread 3 ] DEBUG Engine               - fontText: Courier-Prime.ttf
23:50:29.267 [FXGL Background Thread 3 ] DEBUG Engine               - fontUI: VarelaRound-Regular.ttf
23:50:29.267 [FXGL Background Thread 3 ] DEBUG Engine               - fullScreen: BooleanProperty [value: false]
23:50:29.267 [FXGL Background Thread 3 ] DEBUG Engine               - gameDifficulty: MEDIUM
23:50:29.267 [FXGL Background Thread 3 ] DEBUG Engine               - gameDifficultyProperty: ObjectProperty [value: MEDIUM]
23:50:29.267 [FXGL Background Thread 3 ] DEBUG Engine               - globalMusicVolume: 0.5
23:50:29.267 [FXGL Background Thread 3 ] DEBUG Engine               - globalMusicVolumeProperty: DoubleProperty [value: 0.5]
23:50:29.267 [FXGL Background Thread 3 ] DEBUG Engine               - globalSoundVolume: 0.5
23:50:29.267 [FXGL Background Thread 3 ] DEBUG Engine               - globalSoundVolumeProperty: DoubleProperty [value: 0.5]
23:50:29.267 [FXGL Background Thread 3 ] DEBUG Engine               - height: 720
23:50:29.267 [FXGL Background Thread 3 ] DEBUG Engine               - is3D: false
23:50:29.267 [FXGL Background Thread 3 ] DEBUG Engine               - isAndroid: false
23:50:29.267 [FXGL Background Thread 3 ] DEBUG Engine               - isBrowser: false
23:50:29.267 [FXGL Background Thread 3 ] DEBUG Engine               - isClickFeedbackEnabled: false
23:50:29.267 [FXGL Background Thread 3 ] DEBUG Engine               - isCloseConfirmation: false
23:50:29.267 [FXGL Background Thread 3 ] DEBUG Engine               - isDesktop: true
23:50:29.267 [FXGL Background Thread 3 ] DEBUG Engine               - isDeveloperMenuEnabled: false
23:50:29.267 [FXGL Background Thread 3 ] DEBUG Engine               - isEmbedded: false
23:50:29.267 [FXGL Background Thread 3 ] DEBUG Engine               - isEntityPreloadEnabled: true
23:50:29.267 [FXGL Background Thread 3 ] DEBUG Engine               - isExperimentalTiledLargeMap: false
23:50:29.267 [FXGL Background Thread 3 ] DEBUG Engine               - isFileSystemWriteAllowed: true
23:50:29.267 [FXGL Background Thread 3 ] DEBUG Engine               - isFullScreenAllowed: false
23:50:29.267 [FXGL Background Thread 3 ] DEBUG Engine               - isFullScreenFromStart: false
23:50:29.267 [FXGL Background Thread 3 ] DEBUG Engine               - isGameMenuEnabled: true
23:50:29.268 [FXGL Background Thread 3 ] DEBUG Engine               - isIOS: false
23:50:29.268 [FXGL Background Thread 3 ] DEBUG Engine               - isIntroEnabled: false
23:50:29.268 [FXGL Background Thread 3 ] DEBUG Engine               - isLinux: false
23:50:29.268 [FXGL Background Thread 3 ] DEBUG Engine               - isMac: false
23:50:29.268 [FXGL Background Thread 3 ] DEBUG Engine               - isMainMenuEnabled: false
23:50:29.268 [FXGL Background Thread 3 ] DEBUG Engine               - isManualResizeEnabled: false
23:50:29.268 [FXGL Background Thread 3 ] DEBUG Engine               - isMobile: false
23:50:29.268 [FXGL Background Thread 3 ] DEBUG Engine               - isNative: false
23:50:29.268 [FXGL Background Thread 3 ] DEBUG Engine               - isPauseMusicWhenMinimized: true
23:50:29.268 [FXGL Background Thread 3 ] DEBUG Engine               - isPreserveResizeRatio: false
23:50:29.268 [FXGL Background Thread 3 ] DEBUG Engine               - isProfilingEnabled: false
23:50:29.268 [FXGL Background Thread 3 ] DEBUG Engine               - isScaleAffectedOnResize: true
23:50:29.268 [FXGL Background Thread 3 ] DEBUG Engine               - isSingleStep: false
23:50:29.268 [FXGL Background Thread 3 ] DEBUG Engine               - isUserProfileEnabled: false
23:50:29.268 [FXGL Background Thread 3 ] DEBUG Engine               - isWindows: true
23:50:29.268 [FXGL Background Thread 3 ] DEBUG Engine               - language: ObjectProperty [value: ENGLISH]
23:50:29.268 [FXGL Background Thread 3 ] DEBUG Engine               - menuKey: ESCAPE
23:50:29.268 [FXGL Background Thread 3 ] DEBUG Engine               - mouseSensitivity: 0.2
23:50:29.268 [FXGL Background Thread 3 ] DEBUG Engine               - notificationViewClass: class com.almasb.fxgl.notification.view.XboxNotificationView
23:50:29.268 [FXGL Background Thread 3 ] DEBUG Engine               - pixelsPerMeter: 50.0
23:50:29.268 [FXGL Background Thread 3 ] DEBUG Engine               - platform: WINDOWS
23:50:29.268 [FXGL Background Thread 3 ] DEBUG Engine               - prefHeightProperty: ReadOnlyDoubleProperty [value: 720.0]
23:50:29.268 [FXGL Background Thread 3 ] DEBUG Engine               - prefWidthProperty: ReadOnlyDoubleProperty [value: 1280.0]
23:50:29.268 [FXGL Background Thread 3 ] DEBUG Engine               - profileDir: profiles/
23:50:29.268 [FXGL Background Thread 3 ] DEBUG Engine               - profileName: StringProperty [value: DEFAULT]
23:50:29.268 [FXGL Background Thread 3 ] DEBUG Engine               - randomSeed: -1
23:50:29.268 [FXGL Background Thread 3 ] DEBUG Engine               - runtimeInfo: RuntimeInfo(platform=WINDOWS, version=17.3, build=30.03.2023 11.49)
23:50:29.268 [FXGL Background Thread 3 ] DEBUG Engine               - saveFileExt: sav
23:50:29.268 [FXGL Background Thread 3 ] DEBUG Engine               - scaledHeightProp$fxgl: DoubleProperty [bound, value: 720.0]
23:50:29.268 [FXGL Background Thread 3 ] DEBUG Engine               - scaledWidthProp$fxgl: DoubleProperty [bound, value: 1280.0]
23:50:29.268 [FXGL Background Thread 3 ] DEBUG Engine               - sceneFactory: com.almasb.fxgl.app.scene.SceneFactory@2141e133
23:50:29.269 [FXGL Background Thread 3 ] DEBUG Engine               - secondsIn24h: 60
23:50:29.269 [FXGL Background Thread 3 ] DEBUG Engine               - soundMenuBack: menu/back.wav
23:50:29.269 [FXGL Background Thread 3 ] DEBUG Engine               - soundMenuPress: menu/press.wav
23:50:29.269 [FXGL Background Thread 3 ] DEBUG Engine               - soundMenuSelect: menu/select.wav
23:50:29.269 [FXGL Background Thread 3 ] DEBUG Engine               - soundNotification: core/notification.wav
23:50:29.269 [FXGL Background Thread 3 ] DEBUG Engine               - stageStyle: DECORATED
23:50:29.269 [FXGL Background Thread 3 ] DEBUG Engine               - supportedLanguages: [ENGLISH, FRENCH, GERMAN, HUNGARIAN, RUSSIAN]
23:50:29.269 [FXGL Background Thread 3 ] DEBUG Engine               - ticksPerSecond: 120
23:50:29.269 [FXGL Background Thread 3 ] DEBUG Engine               - title: Survivor Game
23:50:29.269 [FXGL Background Thread 3 ] DEBUG Engine               - urlGithub: https://github.com/AlmasB/FXGL
23:50:29.269 [FXGL Background Thread 3 ] DEBUG Engine               - urlLeaderboard: http://fxgl-top.herokuapp.com/
23:50:29.269 [FXGL Background Thread 3 ] DEBUG Engine               - urlPOM: https://raw.githubusercontent.com/AlmasB/FXGL/release/README.md
23:50:29.269 [FXGL Background Thread 3 ] DEBUG Engine               - userAppClass: class com.survivor.main.GameApp
23:50:29.269 [FXGL Background Thread 3 ] DEBUG Engine               - version: 1.0
23:50:29.269 [FXGL Background Thread 3 ] DEBUG Engine               - versionCheckDays: 7
23:50:29.269 [FXGL Background Thread 3 ] DEBUG Engine               - width: 1280
23:50:29.269 [FXGL Background Thread 3 ] DEBUG Engine               - Logging services
23:50:29.269 [FXGL Background Thread 3 ] DEBUG Engine               - class com.almasb.fxgl.app.services.FXGLAssetLoaderService
23:50:29.269 [FXGL Background Thread 3 ] DEBUG Engine               - class com.almasb.fxgl.app.FXGLApplication$GameApplicationService
23:50:29.269 [FXGL Background Thread 3 ] DEBUG Engine               - class com.almasb.fxgl.app.services.FXGLDialogService
23:50:29.269 [FXGL Background Thread 3 ] DEBUG Engine               - class com.almasb.fxgl.app.services.IOTaskExecutorService
23:50:29.269 [FXGL Background Thread 3 ] DEBUG Engine               - class com.almasb.fxgl.io.FileSystemService
23:50:29.269 [FXGL Background Thread 3 ] DEBUG Engine               - class com.almasb.fxgl.localization.LocalizationService
23:50:29.269 [FXGL Background Thread 3 ] DEBUG Engine               - class com.almasb.fxgl.app.services.SystemBundleService
23:50:29.269 [FXGL Background Thread 3 ] DEBUG Engine               - class com.almasb.fxgl.profile.SaveLoadService
23:50:29.269 [FXGL Background Thread 3 ] DEBUG Engine               - class com.almasb.fxgl.ui.FXGLUIFactoryServiceProvider
23:50:29.269 [FXGL Background Thread 3 ] DEBUG Engine               - class com.almasb.fxgl.ui.FXGLDialogFactoryServiceProvider
23:50:29.269 [FXGL Background Thread 3 ] DEBUG Engine               - class com.almasb.fxgl.audio.AudioPlayer
23:50:29.269 [FXGL Background Thread 3 ] DEBUG Engine               - class com.almasb.fxgl.notification.impl.NotificationServiceProvider
23:50:29.269 [FXGL Background Thread 3 ] DEBUG Engine               - class com.almasb.fxgl.achievement.AchievementService
23:50:29.269 [FXGL Background Thread 3 ] DEBUG Engine               - class com.almasb.fxgl.cutscene.CutsceneService
23:50:29.269 [FXGL Background Thread 3 ] DEBUG Engine               - class com.almasb.fxgl.minigames.MiniGameService
23:50:29.269 [FXGL Background Thread 3 ] DEBUG Engine               - class com.almasb.fxgl.net.NetService
23:50:29.269 [FXGL Background Thread 3 ] DEBUG Engine               - class com.almasb.fxgl.app.services.UpdaterService
23:50:29.269 [FXGL Background Thread 3 ] DEBUG Engine               - class com.almasb.fxgl.dev.DevService
23:50:36.657 [JavaFX Application Thread] DEBUG FXGLApplication      - Exiting FXGL
23:50:36.658 [JavaFX Application Thread] DEBUG LoopRunner           - Stopping loop
23:50:36.658 [JavaFX Application Thread] DEBUG SystemBundleService  - Saving FXGL system data
23:50:36.660 [JavaFX Application Thread] DEBUG FileSystemAccess     - Writing to: C:\Users\11706\IdeaProjects\survivior-game1\SurvivorGame\system\fxgl.bundle
23:50:36.663 [JavaFX Application Thread] DEBUG Async                - Shutting down background threads
23:50:36.663 [JavaFX Application Thread] DEBUG PrimaryStageWindow   - Closing main window
23:50:36.727 [JavaFX Application Thread] DEBUG Logger               - Closing Logger
