10:39:13.320 [main                     ] DEBUG Logger               - Configured Logger
10:39:13.346 [main                     ] DEBUG GameApplication      - Logging settings
Title: Survivor Game
Version: 1.0
Width: 1280
Height: 720
Fullscreen: false
Intro: false
Profiling: false
Single step:false
App Mode: DEVELOPER
Menu Key: ESCAPE
Stage Style: DECORATED
Scene Factory: class com.almasb.fxgl.app.scene.SceneFactory

10:39:13.731 [JavaFX Application Thread] DEBUG FXGLApplication      - Initializing FXGL
10:39:13.735 [JavaFX Application Thread] INFO  Engine               - FXGL-17.3 (30.03.2023 11.49) on WINDOWS (J:21.0.5 FX:20)
10:39:13.735 [JavaFX Application Thread] DEBUG Engine               - JRE Vendor Name: Oracle Corporation
10:39:13.735 [JavaFX Application Thread] DEBUG Engine               - Running on OS: Windows 11 version 10.0
10:39:13.736 [JavaFX Application Thread] DEBUG Engine               - Architecture: amd64
10:39:13.736 [JavaFX Application Thread] INFO  Engine               - Source code and latest versions at: https://github.com/AlmasB/FXGL
10:39:13.736 [JavaFX Application Thread] INFO  Engine               -       Ask questions and discuss at: https://github.com/AlmasB/FXGL/discussions
10:39:13.736 [JavaFX Application Thread] INFO  Engine               -              Join the FXGL chat at: https://gitter.im/AlmasB/FXGL
10:39:13.852 [JavaFX Application Thread] DEBUG PrimaryStageWindow   - Creating a JavaFX scene
10:39:13.899 [JavaFX Application Thread] DEBUG PrimaryStageWindow   - Target settings size: 1280.0 x 720.0
10:39:13.899 [JavaFX Application Thread] DEBUG PrimaryStageWindow   - Scaled scene size:    1280.0 x 720.0
10:39:13.900 [JavaFX Application Thread] DEBUG PrimaryStageWindow   - Scaled ratio: (1.0, 1.0)
10:39:13.900 [JavaFX Application Thread] DEBUG PrimaryStageWindow   - Set initial scene to FXGLStartupScene
10:39:13.903 [JavaFX Application Thread] DEBUG PrimaryStageWindow   - Opening main window
10:39:14.010 [JavaFX Application Thread] DEBUG PrimaryStageWindow   - Window border size: (14.6666259765625, 37.33331298828125)
10:39:14.010 [JavaFX Application Thread] DEBUG PrimaryStageWindow   - Scaled size: 1280.0 x 720.0
10:39:14.011 [JavaFX Application Thread] DEBUG PrimaryStageWindow   - Scaled ratio: (1.0, 1.0)
10:39:14.011 [JavaFX Application Thread] DEBUG PrimaryStageWindow   - Scene size: 1280.0 x 720.0
10:39:14.011 [JavaFX Application Thread] DEBUG PrimaryStageWindow   - Stage size: 1294.6666259765625 x 757.3333129882812
10:39:14.018 [FXGL Background Thread 1 ] DEBUG Engine               - Initializing environment variables
10:39:14.076 [FXGL Background Thread 1 ] DEBUG FXGLAssetLoaderServi - User app class for loading assets: class com.survivor.main.GameApp
10:39:14.076 [FXGL Background Thread 1 ] DEBUG GameApplicationServi - Applying CSS: fxgl_dark.css
10:39:14.078 [FXGL Background Thread 1 ] DEBUG FXGLAssetLoaderServi - Loading from file system: jar:file:/C:/Users/11706/.m2/repository/com/github/almasb/fxgl/17.3/fxgl-17.3.jar!/fxglassets/ui/css/fxgl_dark.css
10:39:14.130 [FXGL Background Thread 1 ] DEBUG GameApplicationServi - Initializing application scenes
10:39:14.241 [FXGL Background Thread 1 ] DEBUG GameWorld            - Game world initialized
10:39:14.361 [FXGL Background Thread 1 ] DEBUG PhysicsWorld         - Physics world initialized: appHeight=720, physics.ppm=50.0
10:39:14.362 [FXGL Background Thread 1 ] DEBUG PhysicsWorld         - Using strategy: BRUTE_FORCE
10:39:14.366 [FXGL Background Thread 1 ] DEBUG GameScene            - Game scene initialized: 1280x720
10:39:14.377 [FXGL Background Thread 1 ] DEBUG FXGL.DefaultMenu     - createMenuBodyGameMenu()
10:39:14.392 [FXGL Background Thread 1 ] DEBUG FXGL.DefaultMenu     - createOptionsMenu()
10:39:14.404 [FXGL Background Thread 1 ] DEBUG FXGLAssetLoaderServi - Loading from file system: jar:file:/C:/Users/11706/.m2/repository/com/github/almasb/fxgl/17.3/fxgl-17.3.jar!/fxglassets/textures/particles/smoke.png
10:39:14.517 [FXGL Background Thread 1 ] DEBUG FXGLAssetLoaderServi - Loading from file system: jar:file:/C:/Users/11706/.m2/repository/com/github/almasb/fxgl/17.3/fxgl-17.3.jar!/fxglassets/textures/particles/trace_horizontal.png
10:39:14.543 [FXGL Background Thread 1 ] DEBUG GameApplicationServi - Application scenes initialized
10:39:14.556 [FXGL Background Thread 1 ] DEBUG SystemBundleService  - Loading FXGL system data
10:39:14.561 [FXGL Background Thread 1 ] DEBUG FileSystemAccess     - Reading from: C:\Users\11706\IdeaProjects\survivior-game2\SurvivorGame\system\fxgl.bundle
10:39:14.569 [FXGL Background Thread 1 ] DEBUG SystemBundleService  - Bundle FXGL: {}
10:39:14.569 [FXGL Background Thread 1 ] DEBUG UpdaterService       - Checking for updates
10:39:14.572 [FXGL Background Thread 4 ] DEBUG FXGLApplication      - Loading fonts
10:39:14.573 [FXGL Background Thread 4 ] DEBUG FXGLAssetLoaderServi - Loading from file system: jar:file:/C:/Users/11706/.m2/repository/com/github/almasb/fxgl/17.3/fxgl-17.3.jar!/fxglassets/ui/fonts/VarelaRound-Regular.ttf
10:39:14.574 [FXGL Background Thread 1 ] DEBUG FXGLApplication      - Loading default localization
10:39:14.575 [FXGL Background Thread 1 ] DEBUG FXGLAssetLoaderServi - Loading from file system: jar:file:/C:/Users/11706/.m2/repository/com/github/almasb/fxgl/17.3/fxgl-17.3.jar!/fxglassets/languages/english.lang
10:39:14.617 [FXGL Background Thread 4 ] DEBUG FXGLAssetLoaderServi - Loading from file system: jar:file:/C:/Users/11706/.m2/repository/com/github/almasb/fxgl/17.3/fxgl-17.3.jar!/fxglassets/ui/fonts/Abel-Regular.ttf
10:39:14.621 [FXGL Background Thread 4 ] DEBUG FXGLAssetLoaderServi - Loading from file system: jar:file:/C:/Users/11706/.m2/repository/com/github/almasb/fxgl/17.3/fxgl-17.3.jar!/fxglassets/ui/fonts/TerminalLandMono-Regular.otf
10:39:14.624 [FXGL Background Thread 4 ] DEBUG FXGLAssetLoaderServi - Loading from file system: jar:file:/C:/Users/11706/.m2/repository/com/github/almasb/fxgl/17.3/fxgl-17.3.jar!/fxglassets/ui/fonts/Courier-Prime.ttf
10:39:14.631 [JavaFX Application Thread] DEBUG FXGLApplication      - Registering font factories with UI factory
10:39:14.633 [FXGL Background Thread 1 ] INFO  FXGLApplication      - FXGL initialization took: 0.614 sec
10:39:14.634 [JavaFX Application Thread] DEBUG FXGLAssetLoaderServi - Loading from file system: file:/C:/Users/11706/IdeaProjects/survivior-game2/SurvivorGame/target/classes/assets/textures/icon.png
10:39:14.641 [JavaFX Application Thread] DEBUG FXGLAssetLoaderServi - Loading from file system: jar:file:/C:/Users/11706/.m2/repository/com/github/almasb/fxgl/17.3/fxgl-17.3.jar!/fxglassets/textures/fxgl_default_cursor.png
10:39:14.656 [JavaFX Application Thread] DEBUG Input                - Registered new binding: Screenshot - CTRL+8
10:39:14.657 [JavaFX Application Thread] DEBUG Input                - Registered new binding: System info dump - CTRL+9
10:39:14.658 [JavaFX Application Thread] DEBUG Input                - Registered new binding: Restart - CTRL+R
10:39:14.659 [JavaFX Application Thread] DEBUG Input                - Registered new binding: Toggle Debug Camera - CTRL+7
10:39:14.661 [JavaFX Application Thread] DEBUG LoopRunner           - Starting loop
10:39:14.661 [JavaFX Application Thread] DEBUG LoopRunner           - Initializing JavaFX AnimationTimerLoop
10:39:14.662 [JavaFX Application Thread] DEBUG GameApplicationServi - Starting new game
10:39:14.663 [JavaFX Application Thread] DEBUG Input                - Clearing active input actions
10:39:14.678 [JavaFX Application Thread] DEBUG GameApplicationServi - Removing overlay from FXGLStartupScene and adding to FXGLLoadingScene
10:39:14.679 [JavaFX Application Thread] DEBUG PrimaryStageWindow   - FXGLStartupScene -> FXGLLoadingScene
10:39:14.679 [JavaFX Application Thread] DEBUG GameApplicationServi - Clearing previous game
10:39:14.679 [JavaFX Application Thread] DEBUG GameScene            - Clearing game scene
10:39:14.679 [JavaFX Application Thread] DEBUG GameWorld            - Clearing game world
10:39:14.679 [JavaFX Application Thread] DEBUG PhysicsWorld         - Clearing physics world
10:39:14.682 [FXGL Background Thread 1 ] DEBUG FXGLApplication      - Initializing game
10:39:14.990 [FXGL Background Thread 1 ] WARN  TMXLevelLoader       - TiledMap generated from 1.11.2. Supported version: 1.9.0. Some features may not be parsed fully.
10:39:15.169 [FXGL Background Thread 1 ] DEBUG TMXLevelLoader       - Parsed TiledMap: file:/C:/Users/11706/IdeaProjects/survivior-game2/SurvivorGame/target/classes/assets/levels/Bigdongeonmap.tmx
10:39:15.174 [FXGL Background Thread 1 ] DEBUG TMXLevelLoader       - Creating tile layer entities
10:39:15.182 [FXGL Background Thread 1 ] DEBUG TilesetLoader        - Loading view for layer 图块层 1
10:39:15.239 [FXGL Background Thread 1 ] DEBUG TilesetLoader        - Created buffer with size 9600.0x5600.0
10:39:15.388 [FXGL Background Thread 1 ] DEBUG TilesetLoader        - Loading view for layer 图块层 2
10:39:15.445 [FXGL Background Thread 1 ] DEBUG TilesetLoader        - Created buffer with size 9600.0x5600.0
10:39:15.473 [FXGL Background Thread 1 ] DEBUG TMXLevelLoader       - Creating object layer entities
10:39:15.595 [FXGL Background Thread 1 ] DEBUG GameWorld            - Clearing removable entities
10:39:15.597 [FXGL Background Thread 1 ] DEBUG GameWorld            - Setting level: com.almasb.fxgl.entity.level.Level@35274083
10:39:15.664 [FXGL Background Thread 1 ] DEBUG Input                - Registered new binding: Move Up - W
10:39:15.664 [FXGL Background Thread 1 ] DEBUG Input                - Registered new binding: Move Down - S
10:39:15.665 [FXGL Background Thread 1 ] DEBUG Input                - Registered new binding: Move Left - A
10:39:15.665 [FXGL Background Thread 1 ] DEBUG Input                - Registered new binding: Move Right - D
10:39:15.665 [FXGL Background Thread 1 ] DEBUG Input                - Registered new binding: AttackLeft - J
10:39:15.665 [FXGL Background Thread 1 ] DEBUG Input                - Registered new binding: AttackRight - K
10:39:15.666 [FXGL Background Thread 1 ] DEBUG Input                - Registered new binding: Dash - L
10:39:15.671 [FXGL Background Thread 1 ] DEBUG FXGLAssetLoaderServi - Loading from file system: file:/C:/Users/11706/IdeaProjects/survivior-game2/SurvivorGame/target/classes/assets/textures/Idle.png
10:39:15.674 [FXGL Background Thread 1 ] DEBUG FXGLAssetLoaderServi - Loading from file system: file:/C:/Users/11706/IdeaProjects/survivior-game2/SurvivorGame/target/classes/assets/textures/Run.png
10:39:15.677 [FXGL Background Thread 1 ] DEBUG FXGLAssetLoaderServi - Loading from file system: file:/C:/Users/11706/IdeaProjects/survivior-game2/SurvivorGame/target/classes/assets/textures/Attack3.png
10:39:15.686 [FXGL Background Thread 1 ] INFO  FXGLApplication      - Game initialization took: 1.004 sec
10:39:16.156 [JavaFX Application Thread] DEBUG Input                - Clearing active input actions
10:39:16.182 [JavaFX Application Thread] DEBUG GameApplicationServi - Removing overlay from FXGLLoadingScene and adding to GameScene
10:39:16.183 [JavaFX Application Thread] DEBUG PrimaryStageWindow   - FXGLLoadingScene -> GameScene
10:39:16.836 [JavaFX Application Thread] DEBUG Input                - Registered new binding: action0 - U
10:39:16.837 [JavaFX Application Thread] DEBUG Input                - Registered new binding: action1 - G
10:39:17.572 [FXGL Background Thread 3 ] DEBUG Engine               - Logging environment variables
10:39:17.572 [FXGL Background Thread 3 ] DEBUG Engine               - achievements: []
10:39:17.572 [FXGL Background Thread 3 ] DEBUG Engine               - actualHeight: 720.0
10:39:17.572 [FXGL Background Thread 3 ] DEBUG Engine               - actualHeightProperty: ReadOnlyDoubleProperty [value: 720.0]
10:39:17.572 [FXGL Background Thread 3 ] DEBUG Engine               - actualWidth: 1280.0
10:39:17.572 [FXGL Background Thread 3 ] DEBUG Engine               - actualWidthProperty: ReadOnlyDoubleProperty [value: 1280.0]
10:39:17.572 [FXGL Background Thread 3 ] DEBUG Engine               - appIcon: icon.png
10:39:17.572 [FXGL Background Thread 3 ] DEBUG Engine               - applicationMode: DEVELOPER
10:39:17.572 [FXGL Background Thread 3 ] DEBUG Engine               - cSSList: [fxgl_dark.css]
10:39:17.572 [FXGL Background Thread 3 ] DEBUG Engine               - collisionDetectionStrategy: BRUTE_FORCE
10:39:17.572 [FXGL Background Thread 3 ] DEBUG Engine               - configClass: Optional.empty
10:39:17.572 [FXGL Background Thread 3 ] DEBUG Engine               - credits: []
10:39:17.573 [FXGL Background Thread 3 ] DEBUG Engine               - defaultCursor: CursorInfo(imageName=fxgl_default_cursor.png, hotspotX=7.0, hotspotY=6.0)
10:39:17.573 [FXGL Background Thread 3 ] DEBUG Engine               - devBBoxColorProperty: ObjectProperty [value: 0xff0000ff]
10:39:17.573 [FXGL Background Thread 3 ] DEBUG Engine               - devEnableDebugCameraProperty: BooleanProperty [value: false]
10:39:17.573 [FXGL Background Thread 3 ] DEBUG Engine               - devSensorColorProperty: ObjectProperty [value: 0xffff00ff]
10:39:17.573 [FXGL Background Thread 3 ] DEBUG Engine               - devShowBBoxProperty: BooleanProperty [value: false]
10:39:17.573 [FXGL Background Thread 3 ] DEBUG Engine               - devShowPositionProperty: BooleanProperty [value: false]
10:39:17.573 [FXGL Background Thread 3 ] DEBUG Engine               - enabledMenuItems: []
10:39:17.573 [FXGL Background Thread 3 ] DEBUG Engine               - engineServices: [class com.almasb.fxgl.app.services.FXGLAssetLoaderService, class com.almasb.fxgl.app.FXGLApplication$GameApplicationService, class com.almasb.fxgl.app.services.FXGLDialogService, class com.almasb.fxgl.app.services.IOTaskExecutorService, class com.almasb.fxgl.io.FileSystemService, class com.almasb.fxgl.localization.LocalizationService, class com.almasb.fxgl.app.services.SystemBundleService, class com.almasb.fxgl.profile.SaveLoadService, class com.almasb.fxgl.ui.FXGLUIFactoryServiceProvider, class com.almasb.fxgl.ui.FXGLDialogFactoryServiceProvider, class com.almasb.fxgl.audio.AudioPlayer, class com.almasb.fxgl.notification.impl.NotificationServiceProvider, class com.almasb.fxgl.achievement.AchievementService, class com.almasb.fxgl.cutscene.CutsceneService, class com.almasb.fxgl.minigames.MiniGameService, class com.almasb.fxgl.net.NetService, class com.almasb.fxgl.app.services.UpdaterService, class com.almasb.fxgl.dev.DevService]
10:39:17.573 [FXGL Background Thread 3 ] DEBUG Engine               - fontGame: Abel-Regular.ttf
10:39:17.573 [FXGL Background Thread 3 ] DEBUG Engine               - fontMono: TerminalLandMono-Regular.otf
10:39:17.573 [FXGL Background Thread 3 ] DEBUG Engine               - fontSizeScaleUI: 1.0
10:39:17.573 [FXGL Background Thread 3 ] DEBUG Engine               - fontText: Courier-Prime.ttf
10:39:17.573 [FXGL Background Thread 3 ] DEBUG Engine               - fontUI: VarelaRound-Regular.ttf
10:39:17.573 [FXGL Background Thread 3 ] DEBUG Engine               - fullScreen: BooleanProperty [value: false]
10:39:17.573 [FXGL Background Thread 3 ] DEBUG Engine               - gameDifficulty: MEDIUM
10:39:17.573 [FXGL Background Thread 3 ] DEBUG Engine               - gameDifficultyProperty: ObjectProperty [value: MEDIUM]
10:39:17.573 [FXGL Background Thread 3 ] DEBUG Engine               - globalMusicVolume: 0.5
10:39:17.574 [FXGL Background Thread 3 ] DEBUG Engine               - globalMusicVolumeProperty: DoubleProperty [value: 0.5]
10:39:17.574 [FXGL Background Thread 3 ] DEBUG Engine               - globalSoundVolume: 0.5
10:39:17.574 [FXGL Background Thread 3 ] DEBUG Engine               - globalSoundVolumeProperty: DoubleProperty [value: 0.5]
10:39:17.574 [FXGL Background Thread 3 ] DEBUG Engine               - height: 720
10:39:17.574 [FXGL Background Thread 3 ] DEBUG Engine               - is3D: false
10:39:17.574 [FXGL Background Thread 3 ] DEBUG Engine               - isAndroid: false
10:39:17.574 [FXGL Background Thread 3 ] DEBUG Engine               - isBrowser: false
10:39:17.574 [FXGL Background Thread 3 ] DEBUG Engine               - isClickFeedbackEnabled: false
10:39:17.574 [FXGL Background Thread 3 ] DEBUG Engine               - isCloseConfirmation: false
10:39:17.574 [FXGL Background Thread 3 ] DEBUG Engine               - isDesktop: true
10:39:17.574 [FXGL Background Thread 3 ] DEBUG Engine               - isDeveloperMenuEnabled: false
10:39:17.574 [FXGL Background Thread 3 ] DEBUG Engine               - isEmbedded: false
10:39:17.574 [FXGL Background Thread 3 ] DEBUG Engine               - isEntityPreloadEnabled: true
10:39:17.574 [FXGL Background Thread 3 ] DEBUG Engine               - isExperimentalTiledLargeMap: false
10:39:17.574 [FXGL Background Thread 3 ] DEBUG Engine               - isFileSystemWriteAllowed: true
10:39:17.574 [FXGL Background Thread 3 ] DEBUG Engine               - isFullScreenAllowed: false
10:39:17.575 [FXGL Background Thread 3 ] DEBUG Engine               - isFullScreenFromStart: false
10:39:17.575 [FXGL Background Thread 3 ] DEBUG Engine               - isGameMenuEnabled: true
10:39:17.575 [FXGL Background Thread 3 ] DEBUG Engine               - isIOS: false
10:39:17.575 [FXGL Background Thread 3 ] DEBUG Engine               - isIntroEnabled: false
10:39:17.575 [FXGL Background Thread 3 ] DEBUG Engine               - isLinux: false
10:39:17.575 [FXGL Background Thread 3 ] DEBUG Engine               - isMac: false
10:39:17.575 [FXGL Background Thread 3 ] DEBUG Engine               - isMainMenuEnabled: false
10:39:17.575 [FXGL Background Thread 3 ] DEBUG Engine               - isManualResizeEnabled: false
10:39:17.575 [FXGL Background Thread 3 ] DEBUG Engine               - isMobile: false
10:39:17.575 [FXGL Background Thread 3 ] DEBUG Engine               - isNative: false
10:39:17.575 [FXGL Background Thread 3 ] DEBUG Engine               - isPauseMusicWhenMinimized: true
10:39:17.575 [FXGL Background Thread 3 ] DEBUG Engine               - isPreserveResizeRatio: false
10:39:17.575 [FXGL Background Thread 3 ] DEBUG Engine               - isProfilingEnabled: false
10:39:17.575 [FXGL Background Thread 3 ] DEBUG Engine               - isScaleAffectedOnResize: true
10:39:17.575 [FXGL Background Thread 3 ] DEBUG Engine               - isSingleStep: false
10:39:17.575 [FXGL Background Thread 3 ] DEBUG Engine               - isUserProfileEnabled: false
10:39:17.575 [FXGL Background Thread 3 ] DEBUG Engine               - isWindows: true
10:39:17.575 [FXGL Background Thread 3 ] DEBUG Engine               - language: ObjectProperty [value: ENGLISH]
10:39:17.575 [FXGL Background Thread 3 ] DEBUG Engine               - menuKey: ESCAPE
10:39:17.575 [FXGL Background Thread 3 ] DEBUG Engine               - mouseSensitivity: 0.2
10:39:17.575 [FXGL Background Thread 3 ] DEBUG Engine               - notificationViewClass: class com.almasb.fxgl.notification.view.XboxNotificationView
10:39:17.575 [FXGL Background Thread 3 ] DEBUG Engine               - pixelsPerMeter: 50.0
10:39:17.575 [FXGL Background Thread 3 ] DEBUG Engine               - platform: WINDOWS
10:39:17.575 [FXGL Background Thread 3 ] DEBUG Engine               - prefHeightProperty: ReadOnlyDoubleProperty [value: 720.0]
10:39:17.575 [FXGL Background Thread 3 ] DEBUG Engine               - prefWidthProperty: ReadOnlyDoubleProperty [value: 1280.0]
10:39:17.575 [FXGL Background Thread 3 ] DEBUG Engine               - profileDir: profiles/
10:39:17.575 [FXGL Background Thread 3 ] DEBUG Engine               - profileName: StringProperty [value: DEFAULT]
10:39:17.575 [FXGL Background Thread 3 ] DEBUG Engine               - randomSeed: -1
10:39:17.575 [FXGL Background Thread 3 ] DEBUG Engine               - runtimeInfo: RuntimeInfo(platform=WINDOWS, version=17.3, build=30.03.2023 11.49)
10:39:17.575 [FXGL Background Thread 3 ] DEBUG Engine               - saveFileExt: sav
10:39:17.575 [FXGL Background Thread 3 ] DEBUG Engine               - scaledHeightProp$fxgl: DoubleProperty [bound, value: 720.0]
10:39:17.575 [FXGL Background Thread 3 ] DEBUG Engine               - scaledWidthProp$fxgl: DoubleProperty [bound, value: 1280.0]
10:39:17.575 [FXGL Background Thread 3 ] DEBUG Engine               - sceneFactory: com.almasb.fxgl.app.scene.SceneFactory@399e54c1
10:39:17.575 [FXGL Background Thread 3 ] DEBUG Engine               - secondsIn24h: 60
10:39:17.575 [FXGL Background Thread 3 ] DEBUG Engine               - soundMenuBack: menu/back.wav
10:39:17.575 [FXGL Background Thread 3 ] DEBUG Engine               - soundMenuPress: menu/press.wav
10:39:17.575 [FXGL Background Thread 3 ] DEBUG Engine               - soundMenuSelect: menu/select.wav
10:39:17.575 [FXGL Background Thread 3 ] DEBUG Engine               - soundNotification: core/notification.wav
10:39:17.575 [FXGL Background Thread 3 ] DEBUG Engine               - stageStyle: DECORATED
10:39:17.575 [FXGL Background Thread 3 ] DEBUG Engine               - supportedLanguages: [ENGLISH, FRENCH, GERMAN, HUNGARIAN, RUSSIAN]
10:39:17.575 [FXGL Background Thread 3 ] DEBUG Engine               - ticksPerSecond: -1
10:39:17.575 [FXGL Background Thread 3 ] DEBUG Engine               - title: Survivor Game
10:39:17.575 [FXGL Background Thread 3 ] DEBUG Engine               - urlGithub: https://github.com/AlmasB/FXGL
10:39:17.575 [FXGL Background Thread 3 ] DEBUG Engine               - urlLeaderboard: http://fxgl-top.herokuapp.com/
10:39:17.575 [FXGL Background Thread 3 ] DEBUG Engine               - urlPOM: https://raw.githubusercontent.com/AlmasB/FXGL/release/README.md
10:39:17.575 [FXGL Background Thread 3 ] DEBUG Engine               - userAppClass: class com.survivor.main.GameApp
10:39:17.575 [FXGL Background Thread 3 ] DEBUG Engine               - version: 1.0
10:39:17.575 [FXGL Background Thread 3 ] DEBUG Engine               - versionCheckDays: 7
10:39:17.575 [FXGL Background Thread 3 ] DEBUG Engine               - width: 1280
10:39:17.575 [FXGL Background Thread 3 ] DEBUG Engine               - Logging services
10:39:17.576 [FXGL Background Thread 3 ] DEBUG Engine               - class com.almasb.fxgl.app.services.FXGLAssetLoaderService
10:39:17.576 [FXGL Background Thread 3 ] DEBUG Engine               - class com.almasb.fxgl.app.FXGLApplication$GameApplicationService
10:39:17.576 [FXGL Background Thread 3 ] DEBUG Engine               - class com.almasb.fxgl.app.services.FXGLDialogService
10:39:17.576 [FXGL Background Thread 3 ] DEBUG Engine               - class com.almasb.fxgl.app.services.IOTaskExecutorService
10:39:17.576 [FXGL Background Thread 3 ] DEBUG Engine               - class com.almasb.fxgl.io.FileSystemService
10:39:17.576 [FXGL Background Thread 3 ] DEBUG Engine               - class com.almasb.fxgl.localization.LocalizationService
10:39:17.576 [FXGL Background Thread 3 ] DEBUG Engine               - class com.almasb.fxgl.app.services.SystemBundleService
10:39:17.576 [FXGL Background Thread 3 ] DEBUG Engine               - class com.almasb.fxgl.profile.SaveLoadService
10:39:17.576 [FXGL Background Thread 3 ] DEBUG Engine               - class com.almasb.fxgl.ui.FXGLUIFactoryServiceProvider
10:39:17.576 [FXGL Background Thread 3 ] DEBUG Engine               - class com.almasb.fxgl.ui.FXGLDialogFactoryServiceProvider
10:39:17.576 [FXGL Background Thread 3 ] DEBUG Engine               - class com.almasb.fxgl.audio.AudioPlayer
10:39:17.576 [FXGL Background Thread 3 ] DEBUG Engine               - class com.almasb.fxgl.notification.impl.NotificationServiceProvider
10:39:17.576 [FXGL Background Thread 3 ] DEBUG Engine               - class com.almasb.fxgl.achievement.AchievementService
10:39:17.576 [FXGL Background Thread 3 ] DEBUG Engine               - class com.almasb.fxgl.cutscene.CutsceneService
10:39:17.576 [FXGL Background Thread 3 ] DEBUG Engine               - class com.almasb.fxgl.minigames.MiniGameService
10:39:17.576 [FXGL Background Thread 3 ] DEBUG Engine               - class com.almasb.fxgl.net.NetService
10:39:17.576 [FXGL Background Thread 3 ] DEBUG Engine               - class com.almasb.fxgl.app.services.UpdaterService
10:39:17.576 [FXGL Background Thread 3 ] DEBUG Engine               - class com.almasb.fxgl.dev.DevService
10:39:25.648 [JavaFX Application Thread] DEBUG LoopRunner           - Pausing loop
10:39:41.795 [FXGL Background Thread 2 ] WARN  UpdaterService       - Failed to find updates: java.net.SocketException: 由于连接方在一段时间后没有正确答复或连接的主机没有反应，连接尝试失败。
10:40:04.863 [JavaFX Application Thread] DEBUG LoopRunner           - Resuming loop
10:40:27.052 [JavaFX Application Thread] DEBUG FXGLApplication      - Exiting FXGL
10:40:27.052 [JavaFX Application Thread] DEBUG LoopRunner           - Stopping loop
10:40:27.052 [JavaFX Application Thread] DEBUG SystemBundleService  - Saving FXGL system data
10:40:27.054 [JavaFX Application Thread] DEBUG FileSystemAccess     - Writing to: C:\Users\11706\IdeaProjects\survivior-game2\SurvivorGame\system\fxgl.bundle
10:40:27.057 [JavaFX Application Thread] DEBUG Async                - Shutting down background threads
10:40:27.057 [JavaFX Application Thread] DEBUG PrimaryStageWindow   - Closing main window
10:40:27.099 [JavaFX Application Thread] DEBUG Logger               - Closing Logger
