11:27:03.804 [main                     ] DEBUG Logger               - Configured Logger
11:27:03.821 [main                     ] DEBUG GameApplication      - Logging settings
Title: Survivor Game
Version: 1.0
Width: 1280
Height: 720
Fullscreen: false
Intro: false
Profiling: false
Single step:false
App Mode: DEVELOPER
Menu Key: ESCAPE
Stage Style: DECORATED
Scene Factory: class com.almasb.fxgl.app.scene.SceneFactory

11:27:04.150 [JavaFX Application Thread] DEBUG FXGLApplication      - Initializing FXGL
11:27:04.153 [JavaFX Application Thread] INFO  Engine               - FXGL-17.3 (30.03.2023 11.49) on WINDOWS (J:17.0.16 FX:20)
11:27:04.153 [JavaFX Application Thread] DEBUG Engine               - JRE Vendor Name: Microsoft
11:27:04.154 [JavaFX Application Thread] DEBUG Engine               - Running on OS: Windows 11 version 10.0
11:27:04.154 [JavaFX Application Thread] DEBUG Engine               - Architecture: amd64
11:27:04.154 [JavaFX Application Thread] INFO  Engine               - Source code and latest versions at: https://github.com/AlmasB/FXGL
11:27:04.154 [JavaFX Application Thread] INFO  Engine               -       Ask questions and discuss at: https://github.com/AlmasB/FXGL/discussions
11:27:04.154 [JavaFX Application Thread] INFO  Engine               -              Join the FXGL chat at: https://gitter.im/AlmasB/FXGL
11:27:04.222 [JavaFX Application Thread] DEBUG PrimaryStageWindow   - Creating a JavaFX scene
11:27:04.252 [JavaFX Application Thread] DEBUG PrimaryStageWindow   - Target settings size: 1280.0 x 720.0
11:27:04.252 [JavaFX Application Thread] DEBUG PrimaryStageWindow   - Scaled scene size:    1280.0 x 720.0
11:27:04.252 [JavaFX Application Thread] DEBUG PrimaryStageWindow   - Scaled ratio: (1.0, 1.0)
11:27:04.253 [JavaFX Application Thread] DEBUG PrimaryStageWindow   - Set initial scene to FXGLStartupScene
11:27:04.254 [JavaFX Application Thread] DEBUG PrimaryStageWindow   - Opening main window
11:27:04.308 [JavaFX Application Thread] DEBUG PrimaryStageWindow   - Window border size: (14.6666259765625, 37.33331298828125)
11:27:04.309 [JavaFX Application Thread] DEBUG PrimaryStageWindow   - Scaled size: 1280.0 x 720.0
11:27:04.309 [JavaFX Application Thread] DEBUG PrimaryStageWindow   - Scaled ratio: (1.0, 1.0)
11:27:04.309 [JavaFX Application Thread] DEBUG PrimaryStageWindow   - Scene size: 1280.0 x 720.0
11:27:04.309 [JavaFX Application Thread] DEBUG PrimaryStageWindow   - Stage size: 1294.6666259765625 x 757.3333129882812
11:27:04.314 [FXGL Background Thread 1 ] DEBUG Engine               - Initializing environment variables
11:27:04.337 [FXGL Background Thread 1 ] DEBUG FXGLAssetLoaderServi - User app class for loading assets: class com.survivor.main.GameApp
11:27:04.337 [FXGL Background Thread 1 ] DEBUG GameApplicationServi - Applying CSS: fxgl_dark.css
11:27:04.337 [FXGL Background Thread 1 ] DEBUG FXGLAssetLoaderServi - Loading from file system: jar:file:/C:/Users/zrj/.m2/repository/com/github/almasb/fxgl/17.3/fxgl-17.3.jar!/fxglassets/ui/css/fxgl_dark.css
11:27:04.361 [FXGL Background Thread 1 ] DEBUG GameApplicationServi - Initializing application scenes
11:27:04.397 [FXGL Background Thread 1 ] DEBUG GameWorld            - Game world initialized
11:27:04.428 [FXGL Background Thread 1 ] DEBUG PhysicsWorld         - Physics world initialized: appHeight=720, physics.ppm=50.0
11:27:04.428 [FXGL Background Thread 1 ] DEBUG PhysicsWorld         - Using strategy: BRUTE_FORCE
11:27:04.430 [FXGL Background Thread 1 ] DEBUG GameScene            - Game scene initialized: 1280x720
11:27:04.439 [FXGL Background Thread 1 ] DEBUG FXGL.DefaultMenu     - createMenuBodyGameMenu()
11:27:04.452 [FXGL Background Thread 1 ] DEBUG FXGL.DefaultMenu     - createOptionsMenu()
11:27:04.458 [FXGL Background Thread 1 ] DEBUG FXGLAssetLoaderServi - Loading from file system: jar:file:/C:/Users/zrj/.m2/repository/com/github/almasb/fxgl/17.3/fxgl-17.3.jar!/fxglassets/textures/particles/smoke.png
11:27:04.510 [FXGL Background Thread 1 ] DEBUG FXGLAssetLoaderServi - Loading from file system: jar:file:/C:/Users/zrj/.m2/repository/com/github/almasb/fxgl/17.3/fxgl-17.3.jar!/fxglassets/textures/particles/trace_horizontal.png
11:27:04.528 [FXGL Background Thread 1 ] DEBUG GameApplicationServi - Application scenes initialized
11:27:04.539 [FXGL Background Thread 1 ] DEBUG SystemBundleService  - Loading FXGL system data
11:27:04.541 [FXGL Background Thread 1 ] DEBUG FileSystemAccess     - Reading from: D:\1\survivior-game-main\SurvivorGame\system\fxgl.bundle
11:27:04.547 [FXGL Background Thread 1 ] DEBUG SystemBundleService  - Bundle FXGL: {}
11:27:04.547 [FXGL Background Thread 1 ] DEBUG UpdaterService       - Checking for updates
11:27:04.550 [FXGL Background Thread 4 ] DEBUG FXGLApplication      - Loading fonts
11:27:04.550 [FXGL Background Thread 4 ] DEBUG FXGLAssetLoaderServi - Loading from file system: jar:file:/C:/Users/zrj/.m2/repository/com/github/almasb/fxgl/17.3/fxgl-17.3.jar!/fxglassets/ui/fonts/VarelaRound-Regular.ttf
11:27:04.550 [FXGL Background Thread 1 ] DEBUG FXGLApplication      - Loading default localization
11:27:04.551 [FXGL Background Thread 1 ] DEBUG FXGLAssetLoaderServi - Loading from file system: jar:file:/C:/Users/zrj/.m2/repository/com/github/almasb/fxgl/17.3/fxgl-17.3.jar!/fxglassets/languages/english.lang
11:27:04.565 [FXGL Background Thread 1 ] INFO  FXGLApplication      - FXGL initialization took: 0.250 sec
11:27:04.566 [JavaFX Application Thread] DEBUG FXGLAssetLoaderServi - Loading from file system: file:/D:/1/survivior-game-main/SurvivorGame/target/classes/assets/textures/icon.png
11:27:04.570 [JavaFX Application Thread] DEBUG FXGLAssetLoaderServi - Loading from file system: jar:file:/C:/Users/zrj/.m2/repository/com/github/almasb/fxgl/17.3/fxgl-17.3.jar!/fxglassets/textures/fxgl_default_cursor.png
11:27:04.579 [JavaFX Application Thread] DEBUG Input                - Registered new binding: Screenshot - CTRL+8
11:27:04.579 [JavaFX Application Thread] DEBUG Input                - Registered new binding: System info dump - CTRL+9
11:27:04.580 [JavaFX Application Thread] DEBUG Input                - Registered new binding: Restart - CTRL+R
11:27:04.580 [JavaFX Application Thread] DEBUG Input                - Registered new binding: Toggle Debug Camera - CTRL+7
11:27:04.582 [JavaFX Application Thread] DEBUG LoopRunner           - Starting loop
11:27:04.583 [JavaFX Application Thread] DEBUG LoopRunner           - Initializing ScheduledExecutorLoop with fps: 120
11:27:04.584 [JavaFX Application Thread] DEBUG GameApplicationServi - Starting new game
11:27:04.584 [JavaFX Application Thread] DEBUG Input                - Clearing active input actions
11:27:04.595 [JavaFX Application Thread] DEBUG GameApplicationServi - Removing overlay from FXGLStartupScene and adding to FXGLLoadingScene
11:27:04.595 [JavaFX Application Thread] DEBUG PrimaryStageWindow   - FXGLStartupScene -> FXGLLoadingScene
11:27:04.595 [JavaFX Application Thread] DEBUG GameApplicationServi - Clearing previous game
11:27:04.595 [JavaFX Application Thread] DEBUG GameScene            - Clearing game scene
11:27:04.595 [JavaFX Application Thread] DEBUG GameWorld            - Clearing game world
11:27:04.595 [JavaFX Application Thread] DEBUG PhysicsWorld         - Clearing physics world
11:27:04.597 [FXGL Background Thread 1 ] DEBUG FXGLApplication      - Initializing game
11:27:04.614 [FXGL Background Thread 4 ] DEBUG FXGLAssetLoaderServi - Loading from file system: jar:file:/C:/Users/zrj/.m2/repository/com/github/almasb/fxgl/17.3/fxgl-17.3.jar!/fxglassets/ui/fonts/Abel-Regular.ttf
11:27:04.626 [FXGL Background Thread 4 ] DEBUG FXGLAssetLoaderServi - Loading from file system: jar:file:/C:/Users/zrj/.m2/repository/com/github/almasb/fxgl/17.3/fxgl-17.3.jar!/fxglassets/ui/fonts/TerminalLandMono-Regular.otf
11:27:04.637 [FXGL Background Thread 4 ] DEBUG FXGLAssetLoaderServi - Loading from file system: jar:file:/C:/Users/zrj/.m2/repository/com/github/almasb/fxgl/17.3/fxgl-17.3.jar!/fxglassets/ui/fonts/Courier-Prime.ttf
11:27:04.691 [JavaFX Application Thread] DEBUG FXGLApplication      - Registering font factories with UI factory
11:27:04.932 [FXGL Background Thread 1 ] WARN  TMXLevelLoader       - TiledMap generated from 1.11.2. Supported version: 1.9.0. Some features may not be parsed fully.
11:27:05.006 [FXGL Background Thread 2 ] INFO  UpdaterService       - Your current version:  17.3
11:27:05.006 [FXGL Background Thread 2 ] INFO  UpdaterService       - Latest stable version: 21.1
11:27:05.021 [FXGL Background Thread 1 ] DEBUG TMXLevelLoader       - Parsed TiledMap: file:/D:/1/survivior-game-main/SurvivorGame/target/classes/assets/levels/Bigdongeonmap.tmx
11:27:05.024 [FXGL Background Thread 1 ] DEBUG TMXLevelLoader       - Creating tile layer entities
11:27:05.027 [FXGL Background Thread 1 ] DEBUG TilesetLoader        - Loading view for layer 图块层 1
11:27:05.066 [FXGL Background Thread 1 ] DEBUG TilesetLoader        - Created buffer with size 9600.0x5600.0
11:27:05.148 [FXGL Background Thread 1 ] DEBUG TilesetLoader        - Loading view for layer 图块层 2
11:27:05.191 [FXGL Background Thread 1 ] DEBUG TilesetLoader        - Created buffer with size 9600.0x5600.0
11:27:05.272 [FXGL Background Thread 1 ] DEBUG TMXLevelLoader       - Creating object layer entities
11:27:05.342 [FXGL Background Thread 1 ] DEBUG GameWorld            - Clearing removable entities
11:27:05.342 [FXGL Background Thread 1 ] DEBUG GameWorld            - Setting level: com.almasb.fxgl.entity.level.Level@74cd5763
11:27:05.372 [FXGL Background Thread 1 ] DEBUG Input                - Registered new binding: Move Up - W
11:27:05.372 [FXGL Background Thread 1 ] DEBUG Input                - Registered new binding: Move Down - S
11:27:05.373 [FXGL Background Thread 1 ] DEBUG Input                - Registered new binding: Move Left - A
11:27:05.373 [FXGL Background Thread 1 ] DEBUG Input                - Registered new binding: Move Right - D
11:27:05.373 [FXGL Background Thread 1 ] DEBUG Input                - Registered new binding: AttackLeft - J
11:27:05.374 [FXGL Background Thread 1 ] DEBUG Input                - Registered new binding: AttackRight - K
11:27:05.374 [FXGL Background Thread 1 ] DEBUG Input                - Registered new binding: Dash - L
11:27:05.376 [FXGL Background Thread 1 ] DEBUG FXGLAssetLoaderServi - Loading from file system: file:/D:/1/survivior-game-main/SurvivorGame/target/classes/assets/textures/Idle.png
11:27:05.380 [FXGL Background Thread 1 ] DEBUG FXGLAssetLoaderServi - Loading from file system: file:/D:/1/survivior-game-main/SurvivorGame/target/classes/assets/textures/Run.png
11:27:05.382 [FXGL Background Thread 1 ] DEBUG FXGLAssetLoaderServi - Loading from file system: file:/D:/1/survivior-game-main/SurvivorGame/target/classes/assets/textures/Attack2.png
11:27:05.387 [FXGL Background Thread 1 ] INFO  FXGLApplication      - Game initialization took: 0.790 sec
11:27:05.388 [JavaFX Application Thread] DEBUG Input                - Clearing active input actions
11:27:05.400 [JavaFX Application Thread] DEBUG GameApplicationServi - Removing overlay from FXGLLoadingScene and adding to GameScene
11:27:05.400 [JavaFX Application Thread] DEBUG PrimaryStageWindow   - FXGLLoadingScene -> GameScene
11:27:05.787 [JavaFX Application Thread] DEBUG FXGLAssetLoaderServi - Loading from file system: file:/D:/1/survivior-game-main/SurvivorGame/target/classes/assets/textures/enemy.png
11:27:07.550 [FXGL Background Thread 3 ] DEBUG Engine               - Logging environment variables
11:27:07.550 [FXGL Background Thread 3 ] DEBUG Engine               - achievements: []
11:27:07.550 [FXGL Background Thread 3 ] DEBUG Engine               - actualHeight: 720.0
11:27:07.550 [FXGL Background Thread 3 ] DEBUG Engine               - actualHeightProperty: ReadOnlyDoubleProperty [value: 720.0]
11:27:07.550 [FXGL Background Thread 3 ] DEBUG Engine               - actualWidth: 1280.0
11:27:07.550 [FXGL Background Thread 3 ] DEBUG Engine               - actualWidthProperty: ReadOnlyDoubleProperty [value: 1280.0]
11:27:07.550 [FXGL Background Thread 3 ] DEBUG Engine               - appIcon: icon.png
11:27:07.551 [FXGL Background Thread 3 ] DEBUG Engine               - applicationMode: DEVELOPER
11:27:07.551 [FXGL Background Thread 3 ] DEBUG Engine               - cSSList: [fxgl_dark.css]
11:27:07.551 [FXGL Background Thread 3 ] DEBUG Engine               - collisionDetectionStrategy: BRUTE_FORCE
11:27:07.551 [FXGL Background Thread 3 ] DEBUG Engine               - configClass: Optional.empty
11:27:07.551 [FXGL Background Thread 3 ] DEBUG Engine               - credits: []
11:27:07.551 [FXGL Background Thread 3 ] DEBUG Engine               - defaultCursor: CursorInfo(imageName=fxgl_default_cursor.png, hotspotX=7.0, hotspotY=6.0)
11:27:07.551 [FXGL Background Thread 3 ] DEBUG Engine               - devBBoxColorProperty: ObjectProperty [value: 0xff0000ff]
11:27:07.551 [FXGL Background Thread 3 ] DEBUG Engine               - devEnableDebugCameraProperty: BooleanProperty [value: false]
11:27:07.551 [FXGL Background Thread 3 ] DEBUG Engine               - devSensorColorProperty: ObjectProperty [value: 0xffff00ff]
11:27:07.551 [FXGL Background Thread 3 ] DEBUG Engine               - devShowBBoxProperty: BooleanProperty [value: false]
11:27:07.551 [FXGL Background Thread 3 ] DEBUG Engine               - devShowPositionProperty: BooleanProperty [value: false]
11:27:07.551 [FXGL Background Thread 3 ] DEBUG Engine               - enabledMenuItems: []
11:27:07.551 [FXGL Background Thread 3 ] DEBUG Engine               - engineServices: [class com.almasb.fxgl.app.services.FXGLAssetLoaderService, class com.almasb.fxgl.app.FXGLApplication$GameApplicationService, class com.almasb.fxgl.app.services.FXGLDialogService, class com.almasb.fxgl.app.services.IOTaskExecutorService, class com.almasb.fxgl.io.FileSystemService, class com.almasb.fxgl.localization.LocalizationService, class com.almasb.fxgl.app.services.SystemBundleService, class com.almasb.fxgl.profile.SaveLoadService, class com.almasb.fxgl.ui.FXGLUIFactoryServiceProvider, class com.almasb.fxgl.ui.FXGLDialogFactoryServiceProvider, class com.almasb.fxgl.audio.AudioPlayer, class com.almasb.fxgl.notification.impl.NotificationServiceProvider, class com.almasb.fxgl.achievement.AchievementService, class com.almasb.fxgl.cutscene.CutsceneService, class com.almasb.fxgl.minigames.MiniGameService, class com.almasb.fxgl.net.NetService, class com.almasb.fxgl.app.services.UpdaterService, class com.almasb.fxgl.dev.DevService]
11:27:07.551 [FXGL Background Thread 3 ] DEBUG Engine               - fontGame: Abel-Regular.ttf
11:27:07.551 [FXGL Background Thread 3 ] DEBUG Engine               - fontMono: TerminalLandMono-Regular.otf
11:27:07.551 [FXGL Background Thread 3 ] DEBUG Engine               - fontSizeScaleUI: 1.0
11:27:07.551 [FXGL Background Thread 3 ] DEBUG Engine               - fontText: Courier-Prime.ttf
11:27:07.551 [FXGL Background Thread 3 ] DEBUG Engine               - fontUI: VarelaRound-Regular.ttf
11:27:07.551 [FXGL Background Thread 3 ] DEBUG Engine               - fullScreen: BooleanProperty [value: false]
11:27:07.551 [FXGL Background Thread 3 ] DEBUG Engine               - gameDifficulty: MEDIUM
11:27:07.552 [FXGL Background Thread 3 ] DEBUG Engine               - gameDifficultyProperty: ObjectProperty [value: MEDIUM]
11:27:07.552 [FXGL Background Thread 3 ] DEBUG Engine               - globalMusicVolume: 0.5
11:27:07.552 [FXGL Background Thread 3 ] DEBUG Engine               - globalMusicVolumeProperty: DoubleProperty [value: 0.5]
11:27:07.552 [FXGL Background Thread 3 ] DEBUG Engine               - globalSoundVolume: 0.5
11:27:07.552 [FXGL Background Thread 3 ] DEBUG Engine               - globalSoundVolumeProperty: DoubleProperty [value: 0.5]
11:27:07.552 [FXGL Background Thread 3 ] DEBUG Engine               - height: 720
11:27:07.552 [FXGL Background Thread 3 ] DEBUG Engine               - is3D: false
11:27:07.552 [FXGL Background Thread 3 ] DEBUG Engine               - isAndroid: false
11:27:07.552 [FXGL Background Thread 3 ] DEBUG Engine               - isBrowser: false
11:27:07.552 [FXGL Background Thread 3 ] DEBUG Engine               - isClickFeedbackEnabled: false
11:27:07.552 [FXGL Background Thread 3 ] DEBUG Engine               - isCloseConfirmation: false
11:27:07.552 [FXGL Background Thread 3 ] DEBUG Engine               - isDesktop: true
11:27:07.552 [FXGL Background Thread 3 ] DEBUG Engine               - isDeveloperMenuEnabled: false
11:27:07.552 [FXGL Background Thread 3 ] DEBUG Engine               - isEmbedded: false
11:27:07.552 [FXGL Background Thread 3 ] DEBUG Engine               - isEntityPreloadEnabled: true
11:27:07.552 [FXGL Background Thread 3 ] DEBUG Engine               - isExperimentalTiledLargeMap: false
11:27:07.552 [FXGL Background Thread 3 ] DEBUG Engine               - isFileSystemWriteAllowed: true
11:27:07.552 [FXGL Background Thread 3 ] DEBUG Engine               - isFullScreenAllowed: false
11:27:07.552 [FXGL Background Thread 3 ] DEBUG Engine               - isFullScreenFromStart: false
11:27:07.552 [FXGL Background Thread 3 ] DEBUG Engine               - isGameMenuEnabled: true
11:27:07.552 [FXGL Background Thread 3 ] DEBUG Engine               - isIOS: false
11:27:07.552 [FXGL Background Thread 3 ] DEBUG Engine               - isIntroEnabled: false
11:27:07.552 [FXGL Background Thread 3 ] DEBUG Engine               - isLinux: false
11:27:07.552 [FXGL Background Thread 3 ] DEBUG Engine               - isMac: false
11:27:07.552 [FXGL Background Thread 3 ] DEBUG Engine               - isMainMenuEnabled: false
11:27:07.552 [FXGL Background Thread 3 ] DEBUG Engine               - isManualResizeEnabled: false
11:27:07.552 [FXGL Background Thread 3 ] DEBUG Engine               - isMobile: false
11:27:07.552 [FXGL Background Thread 3 ] DEBUG Engine               - isNative: false
11:27:07.553 [FXGL Background Thread 3 ] DEBUG Engine               - isPauseMusicWhenMinimized: true
11:27:07.553 [FXGL Background Thread 3 ] DEBUG Engine               - isPreserveResizeRatio: false
11:27:07.553 [FXGL Background Thread 3 ] DEBUG Engine               - isProfilingEnabled: false
11:27:07.553 [FXGL Background Thread 3 ] DEBUG Engine               - isScaleAffectedOnResize: true
11:27:07.553 [FXGL Background Thread 3 ] DEBUG Engine               - isSingleStep: false
11:27:07.553 [FXGL Background Thread 3 ] DEBUG Engine               - isUserProfileEnabled: false
11:27:07.553 [FXGL Background Thread 3 ] DEBUG Engine               - isWindows: true
11:27:07.553 [FXGL Background Thread 3 ] DEBUG Engine               - language: ObjectProperty [value: ENGLISH]
11:27:07.553 [FXGL Background Thread 3 ] DEBUG Engine               - menuKey: ESCAPE
11:27:07.553 [FXGL Background Thread 3 ] DEBUG Engine               - mouseSensitivity: 0.2
11:27:07.553 [FXGL Background Thread 3 ] DEBUG Engine               - notificationViewClass: class com.almasb.fxgl.notification.view.XboxNotificationView
11:27:07.553 [FXGL Background Thread 3 ] DEBUG Engine               - pixelsPerMeter: 50.0
11:27:07.553 [FXGL Background Thread 3 ] DEBUG Engine               - platform: WINDOWS
11:27:07.553 [FXGL Background Thread 3 ] DEBUG Engine               - prefHeightProperty: ReadOnlyDoubleProperty [value: 720.0]
11:27:07.553 [FXGL Background Thread 3 ] DEBUG Engine               - prefWidthProperty: ReadOnlyDoubleProperty [value: 1280.0]
11:27:07.553 [FXGL Background Thread 3 ] DEBUG Engine               - profileDir: profiles/
11:27:07.553 [FXGL Background Thread 3 ] DEBUG Engine               - profileName: StringProperty [value: DEFAULT]
11:27:07.553 [FXGL Background Thread 3 ] DEBUG Engine               - randomSeed: -1
11:27:07.553 [FXGL Background Thread 3 ] DEBUG Engine               - runtimeInfo: RuntimeInfo(platform=WINDOWS, version=17.3, build=30.03.2023 11.49)
11:27:07.553 [FXGL Background Thread 3 ] DEBUG Engine               - saveFileExt: sav
11:27:07.553 [FXGL Background Thread 3 ] DEBUG Engine               - scaledHeightProp$fxgl: DoubleProperty [bound, value: 720.0]
11:27:07.553 [FXGL Background Thread 3 ] DEBUG Engine               - scaledWidthProp$fxgl: DoubleProperty [bound, value: 1280.0]
11:27:07.553 [FXGL Background Thread 3 ] DEBUG Engine               - sceneFactory: com.almasb.fxgl.app.scene.SceneFactory@e755e68
11:27:07.553 [FXGL Background Thread 3 ] DEBUG Engine               - secondsIn24h: 60
11:27:07.553 [FXGL Background Thread 3 ] DEBUG Engine               - soundMenuBack: menu/back.wav
11:27:07.553 [FXGL Background Thread 3 ] DEBUG Engine               - soundMenuPress: menu/press.wav
11:27:07.553 [FXGL Background Thread 3 ] DEBUG Engine               - soundMenuSelect: menu/select.wav
11:27:07.553 [FXGL Background Thread 3 ] DEBUG Engine               - soundNotification: core/notification.wav
11:27:07.553 [FXGL Background Thread 3 ] DEBUG Engine               - stageStyle: DECORATED
11:27:07.553 [FXGL Background Thread 3 ] DEBUG Engine               - supportedLanguages: [ENGLISH, FRENCH, GERMAN, HUNGARIAN, RUSSIAN]
11:27:07.553 [FXGL Background Thread 3 ] DEBUG Engine               - ticksPerSecond: 120
11:27:07.553 [FXGL Background Thread 3 ] DEBUG Engine               - title: Survivor Game
11:27:07.553 [FXGL Background Thread 3 ] DEBUG Engine               - urlGithub: https://github.com/AlmasB/FXGL
11:27:07.553 [FXGL Background Thread 3 ] DEBUG Engine               - urlLeaderboard: http://fxgl-top.herokuapp.com/
11:27:07.553 [FXGL Background Thread 3 ] DEBUG Engine               - urlPOM: https://raw.githubusercontent.com/AlmasB/FXGL/release/README.md
11:27:07.553 [FXGL Background Thread 3 ] DEBUG Engine               - userAppClass: class com.survivor.main.GameApp
11:27:07.553 [FXGL Background Thread 3 ] DEBUG Engine               - version: 1.0
11:27:07.553 [FXGL Background Thread 3 ] DEBUG Engine               - versionCheckDays: 7
11:27:07.553 [FXGL Background Thread 3 ] DEBUG Engine               - width: 1280
11:27:07.553 [FXGL Background Thread 3 ] DEBUG Engine               - Logging services
11:27:07.553 [FXGL Background Thread 3 ] DEBUG Engine               - class com.almasb.fxgl.app.services.FXGLAssetLoaderService
11:27:07.553 [FXGL Background Thread 3 ] DEBUG Engine               - class com.almasb.fxgl.app.FXGLApplication$GameApplicationService
11:27:07.553 [FXGL Background Thread 3 ] DEBUG Engine               - class com.almasb.fxgl.app.services.FXGLDialogService
11:27:07.553 [FXGL Background Thread 3 ] DEBUG Engine               - class com.almasb.fxgl.app.services.IOTaskExecutorService
11:27:07.553 [FXGL Background Thread 3 ] DEBUG Engine               - class com.almasb.fxgl.io.FileSystemService
11:27:07.553 [FXGL Background Thread 3 ] DEBUG Engine               - class com.almasb.fxgl.localization.LocalizationService
11:27:07.553 [FXGL Background Thread 3 ] DEBUG Engine               - class com.almasb.fxgl.app.services.SystemBundleService
11:27:07.555 [FXGL Background Thread 3 ] DEBUG Engine               - class com.almasb.fxgl.profile.SaveLoadService
11:27:07.555 [FXGL Background Thread 3 ] DEBUG Engine               - class com.almasb.fxgl.ui.FXGLUIFactoryServiceProvider
11:27:07.555 [FXGL Background Thread 3 ] DEBUG Engine               - class com.almasb.fxgl.ui.FXGLDialogFactoryServiceProvider
11:27:07.555 [FXGL Background Thread 3 ] DEBUG Engine               - class com.almasb.fxgl.audio.AudioPlayer
11:27:07.555 [FXGL Background Thread 3 ] DEBUG Engine               - class com.almasb.fxgl.notification.impl.NotificationServiceProvider
11:27:07.555 [FXGL Background Thread 3 ] DEBUG Engine               - class com.almasb.fxgl.achievement.AchievementService
11:27:07.555 [FXGL Background Thread 3 ] DEBUG Engine               - class com.almasb.fxgl.cutscene.CutsceneService
11:27:07.555 [FXGL Background Thread 3 ] DEBUG Engine               - class com.almasb.fxgl.minigames.MiniGameService
11:27:07.555 [FXGL Background Thread 3 ] DEBUG Engine               - class com.almasb.fxgl.net.NetService
11:27:07.555 [FXGL Background Thread 3 ] DEBUG Engine               - class com.almasb.fxgl.app.services.UpdaterService
11:27:07.555 [FXGL Background Thread 3 ] DEBUG Engine               - class com.almasb.fxgl.dev.DevService
11:27:13.229 [JavaFX Application Thread] DEBUG LoopRunner           - Stopping loop
11:27:13.233 [JavaFX Application Thread] FATAL FXGLApplication      - Uncaught Exception:
java.lang.NullPointerException: Cannot invoke "javafx.geometry.Point2D.getX()" because "localOrigin" is null
	at com.almasb.fxgl.physics.HitBox.<init>(HitBox.java:100)
	at com.almasb.fxgl.physics.HitBox.<init>(HitBox.java:76)
	at com.survivor.entity.Projectile.onAdded(Projectile.java:61)
	at com.almasb.fxgl.entity.Entity.addComponentNoChecks(Entity.java:401)
	at com.almasb.fxgl.entity.Entity.addComponent(Entity.java:393)
	at com.almasb.fxgl.dsl.EntityBuilder.with(EntityBuilder.kt:202)
	at com.survivor.system.ResourceLoader.newFire(ResourceLoader.java:143)
	at java.base/jdk.internal.reflect.NativeMethodAccessorImpl.invoke0(Native Method)
	at java.base/jdk.internal.reflect.NativeMethodAccessorImpl.invoke(NativeMethodAccessorImpl.java:77)
	at java.base/jdk.internal.reflect.DelegatingMethodAccessorImpl.invoke(DelegatingMethodAccessorImpl.java:43)
	at java.base/java.lang.reflect.Method.invoke(Method.java:569)
	at com.almasb.fxgl.core.reflect.ReflectionUtils.call(ReflectionUtils.java:104)
	at com.almasb.fxgl.core.reflect.ReflectionUtils.lambda$mapToFunction$3(ReflectionUtils.java:111)
	at com.almasb.fxgl.entity.GameWorld$create$2.invoke(GameWorld.kt:430)
	at com.almasb.fxgl.entity.GameWorld$create$2.invoke(GameWorld.kt:430)
	at com.almasb.fxgl.core.util.DSLKt.tryCatchRoot(DSL.kt:34)
	at com.almasb.fxgl.entity.GameWorld.create(GameWorld.kt:430)
	at com.almasb.fxgl.entity.GameWorld.spawn(GameWorld.kt:396)
	at com.almasb.fxgl.dsl.FXGL$Companion.spawn(FXGL.kt:565)
	at com.almasb.fxgl.dsl.FXGL.spawn(FXGL.kt)
	at com.survivor.entity.Player.PlayerMovementComponent.onUpdate(PlayerMovementComponent.java:124)
	at com.almasb.fxgl.entity.Entity$ComponentMap.update(Entity.java:60)
	at com.almasb.fxgl.entity.Entity.update(Entity.java:248)
	at com.almasb.fxgl.entity.GameWorld.onUpdate(GameWorld.kt:177)
	at com.almasb.fxgl.app.scene.GameScene.step(GameScene.kt:228)
	at com.almasb.fxgl.app.scene.GameScene.onUpdate(GameScene.kt:224)
	at com.almasb.fxgl.scene.Scene.update(Scene.kt:105)
	at com.almasb.fxgl.app.MainWindow$update$1.invoke(MainWindow.kt:115)
	at com.almasb.fxgl.app.MainWindow$update$1.invoke(MainWindow.kt:115)
	at com.almasb.fxgl.core.fsm.StateMachine.runOnActiveStates(StateMachine.kt:69)
	at com.almasb.fxgl.app.MainWindow.update(MainWindow.kt:115)
	at com.almasb.fxgl.app.FXGLApplication$GameApplicationService.onUpdate(FXGLApplication.kt:426)
	at com.almasb.fxgl.app.Engine.loop(Engine.kt:134)
	at com.almasb.fxgl.app.Engine.access$loop(Engine.kt:24)
	at com.almasb.fxgl.app.Engine$loop$1.invoke(Engine.kt:28)
	at com.almasb.fxgl.app.Engine$loop$1.invoke(Engine.kt:28)
	at com.almasb.fxgl.app.LoopRunner.frame(LoopRunner.kt:103)
	at com.almasb.fxgl.app.LoopRunner.access$frame(LoopRunner.kt:23)
	at com.almasb.fxgl.app.LoopRunner$impl$2$2.onTick(LoopRunner.kt:64)
	at com.almasb.fxgl.app.ScheduledExecutorLoop.start$lambda$1$lambda$0(LoopRunner.kt:170)
	at com.sun.javafx.application.PlatformImpl.lambda$runLater$10(PlatformImpl.java:456)
	at java.base/java.security.AccessController.doPrivileged(AccessController.java:399)
	at com.sun.javafx.application.PlatformImpl.lambda$runLater$11(PlatformImpl.java:455)
	at com.sun.glass.ui.InvokeLaterDispatcher$Future.run(InvokeLaterDispatcher.java:95)
	at com.sun.glass.ui.win.WinApplication._runLoop(Native Method)
	at com.sun.glass.ui.win.WinApplication.lambda$runLoop$3(WinApplication.java:185)
	at java.base/java.lang.Thread.run(Thread.java:840)

11:27:13.233 [JavaFX Application Thread] FATAL FXGLApplication      - Application will now exit
11:27:13.243 [JavaFX Application Thread] DEBUG PrimaryStageWindow   - Push state: ErrorSubScene
11:27:13.243 [JavaFX Application Thread] DEBUG Input                - Clearing active input actions
11:27:13.248 [JavaFX Application Thread] DEBUG GameApplicationServi - Removing overlay from GameScene and adding to ErrorSubScene
11:27:13.248 [JavaFX Application Thread] DEBUG PrimaryStageWindow   - GameScene -> ErrorSubScene
11:27:15.127 [JavaFX Application Thread] DEBUG FXGLApplication      - Exiting FXGL
11:27:15.127 [JavaFX Application Thread] DEBUG Async                - Shutting down background threads
11:27:15.127 [JavaFX Application Thread] DEBUG PrimaryStageWindow   - Closing main window
11:27:15.139 [JavaFX Application Thread] DEBUG Logger               - Closing Logger
