14:15:33.139 [main                     ] DEBUG Logger               - Configured Logger
14:15:33.156 [main                     ] DEBUG GameApplication      - Logging settings
Title: Survivor Game
Version: 1.0
Width: 1280
Height: 720
Fullscreen: false
Intro: false
Profiling: false
Single step:false
App Mode: DEVELOPER
Menu Key: ESCAPE
Stage Style: DECORATED
Scene Factory: class com.almasb.fxgl.app.scene.SceneFactory

14:15:33.475 [JavaFX Application Thread] DEBUG FXGLApplication      - Initializing FXGL
14:15:33.478 [JavaFX Application Thread] INFO  Engine               - FXGL-17.3 (30.03.2023 11.49) on WINDOWS (J:17.0.16 FX:20)
14:15:33.478 [JavaFX Application Thread] DEBUG Engine               - JRE Vendor Name: Microsoft
14:15:33.478 [JavaFX Application Thread] DEBUG Engine               - Running on OS: Windows 11 version 10.0
14:15:33.478 [JavaFX Application Thread] DEBUG Engine               - Architecture: amd64
14:15:33.478 [JavaFX Application Thread] INFO  Engine               - Source code and latest versions at: https://github.com/AlmasB/FXGL
14:15:33.478 [JavaFX Application Thread] INFO  Engine               -       Ask questions and discuss at: https://github.com/AlmasB/FXGL/discussions
14:15:33.478 [JavaFX Application Thread] INFO  Engine               -              Join the FXGL chat at: https://gitter.im/AlmasB/FXGL
14:15:33.546 [JavaFX Application Thread] DEBUG PrimaryStageWindow   - Creating a JavaFX scene
14:15:33.574 [JavaFX Application Thread] DEBUG PrimaryStageWindow   - Target settings size: 1280.0 x 720.0
14:15:33.574 [JavaFX Application Thread] DEBUG PrimaryStageWindow   - Scaled scene size:    1280.0 x 720.0
14:15:33.574 [JavaFX Application Thread] DEBUG PrimaryStageWindow   - Scaled ratio: (1.0, 1.0)
14:15:33.575 [JavaFX Application Thread] DEBUG PrimaryStageWindow   - Set initial scene to FXGLStartupScene
14:15:33.576 [JavaFX Application Thread] DEBUG PrimaryStageWindow   - Opening main window
14:15:33.629 [JavaFX Application Thread] DEBUG PrimaryStageWindow   - Window border size: (14.6666259765625, 37.33331298828125)
14:15:33.629 [JavaFX Application Thread] DEBUG PrimaryStageWindow   - Scaled size: 1280.0 x 720.0
14:15:33.629 [JavaFX Application Thread] DEBUG PrimaryStageWindow   - Scaled ratio: (1.0, 1.0)
14:15:33.629 [JavaFX Application Thread] DEBUG PrimaryStageWindow   - Scene size: 1280.0 x 720.0
14:15:33.629 [JavaFX Application Thread] DEBUG PrimaryStageWindow   - Stage size: 1294.6666259765625 x 757.3333129882812
14:15:33.634 [FXGL Background Thread 1 ] DEBUG Engine               - Initializing environment variables
14:15:33.655 [FXGL Background Thread 1 ] DEBUG FXGLAssetLoaderServi - User app class for loading assets: class com.survivor.main.GameApp
14:15:33.656 [FXGL Background Thread 1 ] DEBUG GameApplicationServi - Applying CSS: fxgl_dark.css
14:15:33.656 [FXGL Background Thread 1 ] DEBUG FXGLAssetLoaderServi - Loading from file system: jar:file:/C:/Users/zrj/.m2/repository/com/github/almasb/fxgl/17.3/fxgl-17.3.jar!/fxglassets/ui/css/fxgl_dark.css
14:15:33.678 [FXGL Background Thread 1 ] DEBUG GameApplicationServi - Initializing application scenes
14:15:33.715 [FXGL Background Thread 1 ] DEBUG GameWorld            - Game world initialized
14:15:33.748 [FXGL Background Thread 1 ] DEBUG PhysicsWorld         - Physics world initialized: appHeight=720, physics.ppm=50.0
14:15:33.748 [FXGL Background Thread 1 ] DEBUG PhysicsWorld         - Using strategy: BRUTE_FORCE
14:15:33.751 [FXGL Background Thread 1 ] DEBUG GameScene            - Game scene initialized: 1280x720
14:15:33.758 [FXGL Background Thread 1 ] DEBUG FXGL.DefaultMenu     - createMenuBodyGameMenu()
14:15:33.767 [FXGL Background Thread 1 ] DEBUG FXGL.DefaultMenu     - createOptionsMenu()
14:15:33.779 [FXGL Background Thread 1 ] DEBUG FXGLAssetLoaderServi - Loading from file system: jar:file:/C:/Users/zrj/.m2/repository/com/github/almasb/fxgl/17.3/fxgl-17.3.jar!/fxglassets/textures/particles/smoke.png
14:15:33.833 [FXGL Background Thread 1 ] DEBUG FXGLAssetLoaderServi - Loading from file system: jar:file:/C:/Users/zrj/.m2/repository/com/github/almasb/fxgl/17.3/fxgl-17.3.jar!/fxglassets/textures/particles/trace_horizontal.png
14:15:33.853 [FXGL Background Thread 1 ] DEBUG GameApplicationServi - Application scenes initialized
14:15:33.862 [FXGL Background Thread 1 ] DEBUG SystemBundleService  - Loading FXGL system data
14:15:33.865 [FXGL Background Thread 1 ] DEBUG FileSystemAccess     - Reading from: D:\1\survivior-game-main\SurvivorGame\system\fxgl.bundle
14:15:33.869 [FXGL Background Thread 1 ] DEBUG SystemBundleService  - Bundle FXGL: {}
14:15:33.869 [FXGL Background Thread 1 ] DEBUG UpdaterService       - Checking for updates
14:15:33.872 [FXGL Background Thread 4 ] DEBUG FXGLApplication      - Loading fonts
14:15:33.873 [FXGL Background Thread 4 ] DEBUG FXGLAssetLoaderServi - Loading from file system: jar:file:/C:/Users/zrj/.m2/repository/com/github/almasb/fxgl/17.3/fxgl-17.3.jar!/fxglassets/ui/fonts/VarelaRound-Regular.ttf
14:15:33.873 [FXGL Background Thread 1 ] DEBUG FXGLApplication      - Loading default localization
14:15:33.873 [FXGL Background Thread 1 ] DEBUG FXGLAssetLoaderServi - Loading from file system: jar:file:/C:/Users/zrj/.m2/repository/com/github/almasb/fxgl/17.3/fxgl-17.3.jar!/fxglassets/languages/english.lang
14:15:33.897 [FXGL Background Thread 1 ] INFO  FXGLApplication      - FXGL initialization took: 0.263 sec
14:15:33.898 [JavaFX Application Thread] DEBUG FXGLAssetLoaderServi - Loading from file system: file:/D:/1/survivior-game-main/SurvivorGame/target/classes/assets/textures/icon.png
14:15:33.903 [JavaFX Application Thread] DEBUG FXGLAssetLoaderServi - Loading from file system: jar:file:/C:/Users/zrj/.m2/repository/com/github/almasb/fxgl/17.3/fxgl-17.3.jar!/fxglassets/textures/fxgl_default_cursor.png
14:15:33.911 [JavaFX Application Thread] DEBUG Input                - Registered new binding: Screenshot - CTRL+8
14:15:33.912 [JavaFX Application Thread] DEBUG Input                - Registered new binding: System info dump - CTRL+9
14:15:33.912 [JavaFX Application Thread] DEBUG Input                - Registered new binding: Restart - CTRL+R
14:15:33.913 [JavaFX Application Thread] DEBUG Input                - Registered new binding: Toggle Debug Camera - CTRL+7
14:15:33.918 [JavaFX Application Thread] DEBUG LoopRunner           - Starting loop
14:15:33.918 [JavaFX Application Thread] DEBUG LoopRunner           - Initializing ScheduledExecutorLoop with fps: 120
14:15:33.919 [JavaFX Application Thread] DEBUG GameApplicationServi - Starting new game
14:15:33.919 [JavaFX Application Thread] DEBUG Input                - Clearing active input actions
14:15:33.930 [JavaFX Application Thread] DEBUG GameApplicationServi - Removing overlay from FXGLStartupScene and adding to FXGLLoadingScene
14:15:33.930 [JavaFX Application Thread] DEBUG PrimaryStageWindow   - FXGLStartupScene -> FXGLLoadingScene
14:15:33.930 [JavaFX Application Thread] DEBUG GameApplicationServi - Clearing previous game
14:15:33.930 [JavaFX Application Thread] DEBUG GameScene            - Clearing game scene
14:15:33.931 [JavaFX Application Thread] DEBUG GameWorld            - Clearing game world
14:15:33.931 [JavaFX Application Thread] DEBUG PhysicsWorld         - Clearing physics world
14:15:33.931 [FXGL Background Thread 1 ] DEBUG FXGLApplication      - Initializing game
14:15:33.934 [FXGL Background Thread 4 ] DEBUG FXGLAssetLoaderServi - Loading from file system: jar:file:/C:/Users/zrj/.m2/repository/com/github/almasb/fxgl/17.3/fxgl-17.3.jar!/fxglassets/ui/fonts/Abel-Regular.ttf
14:15:33.943 [FXGL Background Thread 4 ] DEBUG FXGLAssetLoaderServi - Loading from file system: jar:file:/C:/Users/zrj/.m2/repository/com/github/almasb/fxgl/17.3/fxgl-17.3.jar!/fxglassets/ui/fonts/TerminalLandMono-Regular.otf
14:15:33.952 [FXGL Background Thread 4 ] DEBUG FXGLAssetLoaderServi - Loading from file system: jar:file:/C:/Users/zrj/.m2/repository/com/github/almasb/fxgl/17.3/fxgl-17.3.jar!/fxglassets/ui/fonts/Courier-Prime.ttf
14:15:33.974 [JavaFX Application Thread] DEBUG FXGLApplication      - Registering font factories with UI factory
14:15:34.284 [FXGL Background Thread 1 ] WARN  TMXLevelLoader       - TiledMap generated from 1.11.2. Supported version: 1.9.0. Some features may not be parsed fully.
14:15:34.354 [FXGL Background Thread 2 ] INFO  UpdaterService       - Your current version:  17.3
14:15:34.354 [FXGL Background Thread 2 ] INFO  UpdaterService       - Latest stable version: 21.1
14:15:34.375 [FXGL Background Thread 1 ] DEBUG TMXLevelLoader       - Parsed TiledMap: file:/D:/1/survivior-game-main/SurvivorGame/target/classes/assets/levels/Bigdongeonmap.tmx
14:15:34.378 [FXGL Background Thread 1 ] DEBUG TMXLevelLoader       - Creating tile layer entities
14:15:34.379 [FXGL Background Thread 1 ] DEBUG TilesetLoader        - Loading view for layer 图块层 1
14:15:34.419 [FXGL Background Thread 1 ] DEBUG TilesetLoader        - Created buffer with size 9600.0x5600.0
14:15:34.502 [FXGL Background Thread 1 ] DEBUG TilesetLoader        - Loading view for layer 图块层 2
14:15:34.548 [FXGL Background Thread 1 ] DEBUG TilesetLoader        - Created buffer with size 9600.0x5600.0
14:15:34.630 [FXGL Background Thread 1 ] DEBUG TMXLevelLoader       - Creating object layer entities
14:15:34.685 [FXGL Background Thread 1 ] DEBUG GameWorld            - Clearing removable entities
14:15:34.686 [FXGL Background Thread 1 ] DEBUG GameWorld            - Setting level: com.almasb.fxgl.entity.level.Level@25af4740
14:15:34.715 [FXGL Background Thread 1 ] DEBUG Input                - Registered new binding: Move Up - W
14:15:34.715 [FXGL Background Thread 1 ] DEBUG Input                - Registered new binding: Move Down - S
14:15:34.715 [FXGL Background Thread 1 ] DEBUG Input                - Registered new binding: Move Left - A
14:15:34.715 [FXGL Background Thread 1 ] DEBUG Input                - Registered new binding: Move Right - D
14:15:34.715 [FXGL Background Thread 1 ] DEBUG Input                - Registered new binding: AttackLeft - J
14:15:34.716 [FXGL Background Thread 1 ] DEBUG Input                - Registered new binding: AttackRight - K
14:15:34.716 [FXGL Background Thread 1 ] DEBUG Input                - Registered new binding: Dash - L
14:15:34.721 [FXGL Background Thread 1 ] DEBUG FXGLAssetLoaderServi - Loading from file system: file:/D:/1/survivior-game-main/SurvivorGame/target/classes/assets/textures/Idle.png
14:15:34.725 [FXGL Background Thread 1 ] DEBUG FXGLAssetLoaderServi - Loading from file system: file:/D:/1/survivior-game-main/SurvivorGame/target/classes/assets/textures/Run.png
14:15:34.727 [FXGL Background Thread 1 ] DEBUG FXGLAssetLoaderServi - Loading from file system: file:/D:/1/survivior-game-main/SurvivorGame/target/classes/assets/textures/Attack2.png
14:15:34.734 [FXGL Background Thread 1 ] INFO  FXGLApplication      - Game initialization took: 0.801 sec
14:15:34.734 [JavaFX Application Thread] DEBUG Input                - Clearing active input actions
14:15:34.747 [JavaFX Application Thread] DEBUG GameApplicationServi - Removing overlay from FXGLLoadingScene and adding to GameScene
14:15:34.748 [JavaFX Application Thread] DEBUG PrimaryStageWindow   - FXGLLoadingScene -> GameScene
14:15:35.128 [JavaFX Application Thread] DEBUG FXGLAssetLoaderServi - Loading from file system: file:/D:/1/survivior-game-main/SurvivorGame/target/classes/assets/textures/enemy.png
14:15:36.873 [FXGL Background Thread 3 ] DEBUG Engine               - Logging environment variables
14:15:36.873 [FXGL Background Thread 3 ] DEBUG Engine               - achievements: []
14:15:36.873 [FXGL Background Thread 3 ] DEBUG Engine               - actualHeight: 720.0
14:15:36.873 [FXGL Background Thread 3 ] DEBUG Engine               - actualHeightProperty: ReadOnlyDoubleProperty [value: 720.0]
14:15:36.873 [FXGL Background Thread 3 ] DEBUG Engine               - actualWidth: 1280.0
14:15:36.874 [FXGL Background Thread 3 ] DEBUG Engine               - actualWidthProperty: ReadOnlyDoubleProperty [value: 1280.0]
14:15:36.874 [FXGL Background Thread 3 ] DEBUG Engine               - appIcon: icon.png
14:15:36.874 [FXGL Background Thread 3 ] DEBUG Engine               - applicationMode: DEVELOPER
14:15:36.874 [FXGL Background Thread 3 ] DEBUG Engine               - cSSList: [fxgl_dark.css]
14:15:36.874 [FXGL Background Thread 3 ] DEBUG Engine               - collisionDetectionStrategy: BRUTE_FORCE
14:15:36.874 [FXGL Background Thread 3 ] DEBUG Engine               - configClass: Optional.empty
14:15:36.874 [FXGL Background Thread 3 ] DEBUG Engine               - credits: []
14:15:36.874 [FXGL Background Thread 3 ] DEBUG Engine               - defaultCursor: CursorInfo(imageName=fxgl_default_cursor.png, hotspotX=7.0, hotspotY=6.0)
14:15:36.874 [FXGL Background Thread 3 ] DEBUG Engine               - devBBoxColorProperty: ObjectProperty [value: 0xff0000ff]
14:15:36.874 [FXGL Background Thread 3 ] DEBUG Engine               - devEnableDebugCameraProperty: BooleanProperty [value: false]
14:15:36.874 [FXGL Background Thread 3 ] DEBUG Engine               - devSensorColorProperty: ObjectProperty [value: 0xffff00ff]
14:15:36.874 [FXGL Background Thread 3 ] DEBUG Engine               - devShowBBoxProperty: BooleanProperty [value: false]
14:15:36.874 [FXGL Background Thread 3 ] DEBUG Engine               - devShowPositionProperty: BooleanProperty [value: false]
14:15:36.875 [FXGL Background Thread 3 ] DEBUG Engine               - enabledMenuItems: []
14:15:36.875 [FXGL Background Thread 3 ] DEBUG Engine               - engineServices: [class com.almasb.fxgl.app.services.FXGLAssetLoaderService, class com.almasb.fxgl.app.FXGLApplication$GameApplicationService, class com.almasb.fxgl.app.services.FXGLDialogService, class com.almasb.fxgl.app.services.IOTaskExecutorService, class com.almasb.fxgl.io.FileSystemService, class com.almasb.fxgl.localization.LocalizationService, class com.almasb.fxgl.app.services.SystemBundleService, class com.almasb.fxgl.profile.SaveLoadService, class com.almasb.fxgl.ui.FXGLUIFactoryServiceProvider, class com.almasb.fxgl.ui.FXGLDialogFactoryServiceProvider, class com.almasb.fxgl.audio.AudioPlayer, class com.almasb.fxgl.notification.impl.NotificationServiceProvider, class com.almasb.fxgl.achievement.AchievementService, class com.almasb.fxgl.cutscene.CutsceneService, class com.almasb.fxgl.minigames.MiniGameService, class com.almasb.fxgl.net.NetService, class com.almasb.fxgl.app.services.UpdaterService, class com.almasb.fxgl.dev.DevService]
14:15:36.875 [FXGL Background Thread 3 ] DEBUG Engine               - fontGame: Abel-Regular.ttf
14:15:36.875 [FXGL Background Thread 3 ] DEBUG Engine               - fontMono: TerminalLandMono-Regular.otf
14:15:36.875 [FXGL Background Thread 3 ] DEBUG Engine               - fontSizeScaleUI: 1.0
14:15:36.875 [FXGL Background Thread 3 ] DEBUG Engine               - fontText: Courier-Prime.ttf
14:15:36.875 [FXGL Background Thread 3 ] DEBUG Engine               - fontUI: VarelaRound-Regular.ttf
14:15:36.875 [FXGL Background Thread 3 ] DEBUG Engine               - fullScreen: BooleanProperty [value: false]
14:15:36.875 [FXGL Background Thread 3 ] DEBUG Engine               - gameDifficulty: MEDIUM
14:15:36.875 [FXGL Background Thread 3 ] DEBUG Engine               - gameDifficultyProperty: ObjectProperty [value: MEDIUM]
14:15:36.875 [FXGL Background Thread 3 ] DEBUG Engine               - globalMusicVolume: 0.5
14:15:36.875 [FXGL Background Thread 3 ] DEBUG Engine               - globalMusicVolumeProperty: DoubleProperty [value: 0.5]
14:15:36.875 [FXGL Background Thread 3 ] DEBUG Engine               - globalSoundVolume: 0.5
14:15:36.875 [FXGL Background Thread 3 ] DEBUG Engine               - globalSoundVolumeProperty: DoubleProperty [value: 0.5]
14:15:36.875 [FXGL Background Thread 3 ] DEBUG Engine               - height: 720
14:15:36.875 [FXGL Background Thread 3 ] DEBUG Engine               - is3D: false
14:15:36.875 [FXGL Background Thread 3 ] DEBUG Engine               - isAndroid: false
14:15:36.875 [FXGL Background Thread 3 ] DEBUG Engine               - isBrowser: false
14:15:36.875 [FXGL Background Thread 3 ] DEBUG Engine               - isClickFeedbackEnabled: false
14:15:36.875 [FXGL Background Thread 3 ] DEBUG Engine               - isCloseConfirmation: false
14:15:36.875 [FXGL Background Thread 3 ] DEBUG Engine               - isDesktop: true
14:15:36.875 [FXGL Background Thread 3 ] DEBUG Engine               - isDeveloperMenuEnabled: false
14:15:36.875 [FXGL Background Thread 3 ] DEBUG Engine               - isEmbedded: false
14:15:36.875 [FXGL Background Thread 3 ] DEBUG Engine               - isEntityPreloadEnabled: true
14:15:36.875 [FXGL Background Thread 3 ] DEBUG Engine               - isExperimentalTiledLargeMap: false
14:15:36.875 [FXGL Background Thread 3 ] DEBUG Engine               - isFileSystemWriteAllowed: true
14:15:36.876 [FXGL Background Thread 3 ] DEBUG Engine               - isFullScreenAllowed: false
14:15:36.876 [FXGL Background Thread 3 ] DEBUG Engine               - isFullScreenFromStart: false
14:15:36.876 [FXGL Background Thread 3 ] DEBUG Engine               - isGameMenuEnabled: true
14:15:36.876 [FXGL Background Thread 3 ] DEBUG Engine               - isIOS: false
14:15:36.876 [FXGL Background Thread 3 ] DEBUG Engine               - isIntroEnabled: false
14:15:36.876 [FXGL Background Thread 3 ] DEBUG Engine               - isLinux: false
14:15:36.876 [FXGL Background Thread 3 ] DEBUG Engine               - isMac: false
14:15:36.876 [FXGL Background Thread 3 ] DEBUG Engine               - isMainMenuEnabled: false
14:15:36.876 [FXGL Background Thread 3 ] DEBUG Engine               - isManualResizeEnabled: false
14:15:36.876 [FXGL Background Thread 3 ] DEBUG Engine               - isMobile: false
14:15:36.876 [FXGL Background Thread 3 ] DEBUG Engine               - isNative: false
14:15:36.876 [FXGL Background Thread 3 ] DEBUG Engine               - isPauseMusicWhenMinimized: true
14:15:36.876 [FXGL Background Thread 3 ] DEBUG Engine               - isPreserveResizeRatio: false
14:15:36.876 [FXGL Background Thread 3 ] DEBUG Engine               - isProfilingEnabled: false
14:15:36.876 [FXGL Background Thread 3 ] DEBUG Engine               - isScaleAffectedOnResize: true
14:15:36.876 [FXGL Background Thread 3 ] DEBUG Engine               - isSingleStep: false
14:15:36.876 [FXGL Background Thread 3 ] DEBUG Engine               - isUserProfileEnabled: false
14:15:36.876 [FXGL Background Thread 3 ] DEBUG Engine               - isWindows: true
14:15:36.876 [FXGL Background Thread 3 ] DEBUG Engine               - language: ObjectProperty [value: ENGLISH]
14:15:36.876 [FXGL Background Thread 3 ] DEBUG Engine               - menuKey: ESCAPE
14:15:36.876 [FXGL Background Thread 3 ] DEBUG Engine               - mouseSensitivity: 0.2
14:15:36.876 [FXGL Background Thread 3 ] DEBUG Engine               - notificationViewClass: class com.almasb.fxgl.notification.view.XboxNotificationView
14:15:36.876 [FXGL Background Thread 3 ] DEBUG Engine               - pixelsPerMeter: 50.0
14:15:36.876 [FXGL Background Thread 3 ] DEBUG Engine               - platform: WINDOWS
14:15:36.876 [FXGL Background Thread 3 ] DEBUG Engine               - prefHeightProperty: ReadOnlyDoubleProperty [value: 720.0]
14:15:36.876 [FXGL Background Thread 3 ] DEBUG Engine               - prefWidthProperty: ReadOnlyDoubleProperty [value: 1280.0]
14:15:36.876 [FXGL Background Thread 3 ] DEBUG Engine               - profileDir: profiles/
14:15:36.876 [FXGL Background Thread 3 ] DEBUG Engine               - profileName: StringProperty [value: DEFAULT]
14:15:36.876 [FXGL Background Thread 3 ] DEBUG Engine               - randomSeed: -1
14:15:36.877 [FXGL Background Thread 3 ] DEBUG Engine               - runtimeInfo: RuntimeInfo(platform=WINDOWS, version=17.3, build=30.03.2023 11.49)
14:15:36.877 [FXGL Background Thread 3 ] DEBUG Engine               - saveFileExt: sav
14:15:36.877 [FXGL Background Thread 3 ] DEBUG Engine               - scaledHeightProp$fxgl: DoubleProperty [bound, value: 720.0]
14:15:36.877 [FXGL Background Thread 3 ] DEBUG Engine               - scaledWidthProp$fxgl: DoubleProperty [bound, value: 1280.0]
14:15:36.877 [FXGL Background Thread 3 ] DEBUG Engine               - sceneFactory: com.almasb.fxgl.app.scene.SceneFactory@3ec95e18
14:15:36.877 [FXGL Background Thread 3 ] DEBUG Engine               - secondsIn24h: 60
14:15:36.877 [FXGL Background Thread 3 ] DEBUG Engine               - soundMenuBack: menu/back.wav
14:15:36.877 [FXGL Background Thread 3 ] DEBUG Engine               - soundMenuPress: menu/press.wav
14:15:36.877 [FXGL Background Thread 3 ] DEBUG Engine               - soundMenuSelect: menu/select.wav
14:15:36.877 [FXGL Background Thread 3 ] DEBUG Engine               - soundNotification: core/notification.wav
14:15:36.877 [FXGL Background Thread 3 ] DEBUG Engine               - stageStyle: DECORATED
14:15:36.877 [FXGL Background Thread 3 ] DEBUG Engine               - supportedLanguages: [ENGLISH, FRENCH, GERMAN, HUNGARIAN, RUSSIAN]
14:15:36.877 [FXGL Background Thread 3 ] DEBUG Engine               - ticksPerSecond: 120
14:15:36.877 [FXGL Background Thread 3 ] DEBUG Engine               - title: Survivor Game
14:15:36.877 [FXGL Background Thread 3 ] DEBUG Engine               - urlGithub: https://github.com/AlmasB/FXGL
14:15:36.877 [FXGL Background Thread 3 ] DEBUG Engine               - urlLeaderboard: http://fxgl-top.herokuapp.com/
14:15:36.877 [FXGL Background Thread 3 ] DEBUG Engine               - urlPOM: https://raw.githubusercontent.com/AlmasB/FXGL/release/README.md
14:15:36.877 [FXGL Background Thread 3 ] DEBUG Engine               - userAppClass: class com.survivor.main.GameApp
14:15:36.877 [FXGL Background Thread 3 ] DEBUG Engine               - version: 1.0
14:15:36.877 [FXGL Background Thread 3 ] DEBUG Engine               - versionCheckDays: 7
14:15:36.877 [FXGL Background Thread 3 ] DEBUG Engine               - width: 1280
14:15:36.877 [FXGL Background Thread 3 ] DEBUG Engine               - Logging services
14:15:36.877 [FXGL Background Thread 3 ] DEBUG Engine               - class com.almasb.fxgl.app.services.FXGLAssetLoaderService
14:15:36.877 [FXGL Background Thread 3 ] DEBUG Engine               - class com.almasb.fxgl.app.FXGLApplication$GameApplicationService
14:15:36.877 [FXGL Background Thread 3 ] DEBUG Engine               - class com.almasb.fxgl.app.services.FXGLDialogService
14:15:36.877 [FXGL Background Thread 3 ] DEBUG Engine               - class com.almasb.fxgl.app.services.IOTaskExecutorService
14:15:36.877 [FXGL Background Thread 3 ] DEBUG Engine               - class com.almasb.fxgl.io.FileSystemService
14:15:36.877 [FXGL Background Thread 3 ] DEBUG Engine               - class com.almasb.fxgl.localization.LocalizationService
14:15:36.877 [FXGL Background Thread 3 ] DEBUG Engine               - class com.almasb.fxgl.app.services.SystemBundleService
14:15:36.877 [FXGL Background Thread 3 ] DEBUG Engine               - class com.almasb.fxgl.profile.SaveLoadService
14:15:36.877 [FXGL Background Thread 3 ] DEBUG Engine               - class com.almasb.fxgl.ui.FXGLUIFactoryServiceProvider
14:15:36.877 [FXGL Background Thread 3 ] DEBUG Engine               - class com.almasb.fxgl.ui.FXGLDialogFactoryServiceProvider
14:15:36.877 [FXGL Background Thread 3 ] DEBUG Engine               - class com.almasb.fxgl.audio.AudioPlayer
14:15:36.877 [FXGL Background Thread 3 ] DEBUG Engine               - class com.almasb.fxgl.notification.impl.NotificationServiceProvider
14:15:36.877 [FXGL Background Thread 3 ] DEBUG Engine               - class com.almasb.fxgl.achievement.AchievementService
14:15:36.877 [FXGL Background Thread 3 ] DEBUG Engine               - class com.almasb.fxgl.cutscene.CutsceneService
14:15:36.877 [FXGL Background Thread 3 ] DEBUG Engine               - class com.almasb.fxgl.minigames.MiniGameService
14:15:36.877 [FXGL Background Thread 3 ] DEBUG Engine               - class com.almasb.fxgl.net.NetService
14:15:36.877 [FXGL Background Thread 3 ] DEBUG Engine               - class com.almasb.fxgl.app.services.UpdaterService
14:15:36.877 [FXGL Background Thread 3 ] DEBUG Engine               - class com.almasb.fxgl.dev.DevService
14:15:37.925 [JavaFX Application Thread] WARN  FXGLAssetLoaderServi - Asset "/assets/textures/projectiles/FireBall.png" was not found!
14:15:37.925 [JavaFX Application Thread] WARN  FXGLAssetLoaderServi - Failed to load IMAGE
14:15:37.931 [JavaFX Application Thread] WARN  FXGLAssetLoaderServi - Asset "/assets/textures/projectiles/FireBall.png" was not found!
14:15:37.931 [JavaFX Application Thread] WARN  FXGLAssetLoaderServi - Failed to load IMAGE
14:15:39.954 [JavaFX Application Thread] WARN  FXGLAssetLoaderServi - Asset "/assets/textures/projectiles/FireBall.png" was not found!
14:15:39.954 [JavaFX Application Thread] WARN  FXGLAssetLoaderServi - Failed to load IMAGE
14:15:39.954 [JavaFX Application Thread] WARN  FXGLAssetLoaderServi - Asset "/assets/textures/projectiles/FireBall.png" was not found!
14:15:39.954 [JavaFX Application Thread] WARN  FXGLAssetLoaderServi - Failed to load IMAGE
14:15:40.487 [JavaFX Application Thread] WARN  FXGLAssetLoaderServi - Asset "/assets/textures/projectiles/FireBall.png" was not found!
14:15:40.487 [JavaFX Application Thread] WARN  FXGLAssetLoaderServi - Failed to load IMAGE
14:15:40.488 [JavaFX Application Thread] WARN  FXGLAssetLoaderServi - Asset "/assets/textures/projectiles/FireBall.png" was not found!
14:15:40.488 [JavaFX Application Thread] WARN  FXGLAssetLoaderServi - Failed to load IMAGE
14:15:41.570 [JavaFX Application Thread] WARN  FXGLAssetLoaderServi - Asset "/assets/textures/projectiles/FireBall.png" was not found!
14:15:41.570 [JavaFX Application Thread] WARN  FXGLAssetLoaderServi - Failed to load IMAGE
14:15:41.570 [JavaFX Application Thread] WARN  FXGLAssetLoaderServi - Asset "/assets/textures/projectiles/FireBall.png" was not found!
14:15:41.570 [JavaFX Application Thread] WARN  FXGLAssetLoaderServi - Failed to load IMAGE
14:15:42.136 [JavaFX Application Thread] WARN  FXGLAssetLoaderServi - Asset "/assets/textures/projectiles/FireBall.png" was not found!
14:15:42.136 [JavaFX Application Thread] WARN  FXGLAssetLoaderServi - Failed to load IMAGE
14:15:42.136 [JavaFX Application Thread] WARN  FXGLAssetLoaderServi - Asset "/assets/textures/projectiles/FireBall.png" was not found!
14:15:42.136 [JavaFX Application Thread] WARN  FXGLAssetLoaderServi - Failed to load IMAGE
14:15:42.672 [JavaFX Application Thread] WARN  FXGLAssetLoaderServi - Asset "/assets/textures/projectiles/FireBall.png" was not found!
14:15:42.672 [JavaFX Application Thread] WARN  FXGLAssetLoaderServi - Failed to load IMAGE
14:15:42.672 [JavaFX Application Thread] WARN  FXGLAssetLoaderServi - Asset "/assets/textures/projectiles/FireBall.png" was not found!
14:15:42.672 [JavaFX Application Thread] WARN  FXGLAssetLoaderServi - Failed to load IMAGE
14:15:43.229 [JavaFX Application Thread] WARN  FXGLAssetLoaderServi - Asset "/assets/textures/projectiles/FireBall.png" was not found!
14:15:43.229 [JavaFX Application Thread] WARN  FXGLAssetLoaderServi - Failed to load IMAGE
14:15:43.229 [JavaFX Application Thread] WARN  FXGLAssetLoaderServi - Asset "/assets/textures/projectiles/FireBall.png" was not found!
14:15:43.229 [JavaFX Application Thread] WARN  FXGLAssetLoaderServi - Failed to load IMAGE
14:15:44.004 [JavaFX Application Thread] WARN  FXGLAssetLoaderServi - Asset "/assets/textures/projectiles/FireBall.png" was not found!
14:15:44.004 [JavaFX Application Thread] WARN  FXGLAssetLoaderServi - Failed to load IMAGE
14:15:44.004 [JavaFX Application Thread] WARN  FXGLAssetLoaderServi - Asset "/assets/textures/projectiles/FireBall.png" was not found!
14:15:44.004 [JavaFX Application Thread] WARN  FXGLAssetLoaderServi - Failed to load IMAGE
14:15:44.562 [JavaFX Application Thread] WARN  FXGLAssetLoaderServi - Asset "/assets/textures/projectiles/FireBall.png" was not found!
14:15:44.562 [JavaFX Application Thread] WARN  FXGLAssetLoaderServi - Failed to load IMAGE
14:15:44.562 [JavaFX Application Thread] WARN  FXGLAssetLoaderServi - Asset "/assets/textures/projectiles/FireBall.png" was not found!
14:15:44.562 [JavaFX Application Thread] WARN  FXGLAssetLoaderServi - Failed to load IMAGE
14:15:45.137 [JavaFX Application Thread] WARN  FXGLAssetLoaderServi - Asset "/assets/textures/projectiles/FireBall.png" was not found!
14:15:45.137 [JavaFX Application Thread] WARN  FXGLAssetLoaderServi - Failed to load IMAGE
14:15:45.137 [JavaFX Application Thread] WARN  FXGLAssetLoaderServi - Asset "/assets/textures/projectiles/FireBall.png" was not found!
14:15:45.138 [JavaFX Application Thread] WARN  FXGLAssetLoaderServi - Failed to load IMAGE
14:15:45.645 [JavaFX Application Thread] WARN  FXGLAssetLoaderServi - Asset "/assets/textures/projectiles/FireBall.png" was not found!
14:15:45.645 [JavaFX Application Thread] WARN  FXGLAssetLoaderServi - Failed to load IMAGE
14:15:45.645 [JavaFX Application Thread] WARN  FXGLAssetLoaderServi - Asset "/assets/textures/projectiles/FireBall.png" was not found!
14:15:45.645 [JavaFX Application Thread] WARN  FXGLAssetLoaderServi - Failed to load IMAGE
14:15:46.155 [JavaFX Application Thread] WARN  FXGLAssetLoaderServi - Asset "/assets/textures/projectiles/FireBall.png" was not found!
14:15:46.155 [JavaFX Application Thread] WARN  FXGLAssetLoaderServi - Failed to load IMAGE
14:15:46.155 [JavaFX Application Thread] WARN  FXGLAssetLoaderServi - Asset "/assets/textures/projectiles/FireBall.png" was not found!
14:15:46.155 [JavaFX Application Thread] WARN  FXGLAssetLoaderServi - Failed to load IMAGE
14:15:46.662 [JavaFX Application Thread] WARN  FXGLAssetLoaderServi - Asset "/assets/textures/projectiles/FireBall.png" was not found!
14:15:46.662 [JavaFX Application Thread] WARN  FXGLAssetLoaderServi - Failed to load IMAGE
14:15:46.663 [JavaFX Application Thread] WARN  FXGLAssetLoaderServi - Asset "/assets/textures/projectiles/FireBall.png" was not found!
14:15:46.663 [JavaFX Application Thread] WARN  FXGLAssetLoaderServi - Failed to load IMAGE
14:15:47.178 [JavaFX Application Thread] WARN  FXGLAssetLoaderServi - Asset "/assets/textures/projectiles/FireBall.png" was not found!
14:15:47.178 [JavaFX Application Thread] WARN  FXGLAssetLoaderServi - Failed to load IMAGE
14:15:47.179 [JavaFX Application Thread] WARN  FXGLAssetLoaderServi - Asset "/assets/textures/projectiles/FireBall.png" was not found!
14:15:47.179 [JavaFX Application Thread] WARN  FXGLAssetLoaderServi - Failed to load IMAGE
14:15:47.761 [JavaFX Application Thread] WARN  FXGLAssetLoaderServi - Asset "/assets/textures/projectiles/FireBall.png" was not found!
14:15:47.761 [JavaFX Application Thread] WARN  FXGLAssetLoaderServi - Failed to load IMAGE
14:15:47.761 [JavaFX Application Thread] WARN  FXGLAssetLoaderServi - Asset "/assets/textures/projectiles/FireBall.png" was not found!
14:15:47.761 [JavaFX Application Thread] WARN  FXGLAssetLoaderServi - Failed to load IMAGE
14:15:48.279 [JavaFX Application Thread] WARN  FXGLAssetLoaderServi - Asset "/assets/textures/projectiles/FireBall.png" was not found!
14:15:48.279 [JavaFX Application Thread] WARN  FXGLAssetLoaderServi - Failed to load IMAGE
14:15:48.279 [JavaFX Application Thread] WARN  FXGLAssetLoaderServi - Asset "/assets/textures/projectiles/FireBall.png" was not found!
14:15:48.280 [JavaFX Application Thread] WARN  FXGLAssetLoaderServi - Failed to load IMAGE
14:15:48.786 [JavaFX Application Thread] WARN  FXGLAssetLoaderServi - Asset "/assets/textures/projectiles/FireBall.png" was not found!
14:15:48.786 [JavaFX Application Thread] WARN  FXGLAssetLoaderServi - Failed to load IMAGE
14:15:48.786 [JavaFX Application Thread] WARN  FXGLAssetLoaderServi - Asset "/assets/textures/projectiles/FireBall.png" was not found!
14:15:48.786 [JavaFX Application Thread] WARN  FXGLAssetLoaderServi - Failed to load IMAGE
14:15:49.295 [JavaFX Application Thread] WARN  FXGLAssetLoaderServi - Asset "/assets/textures/projectiles/FireBall.png" was not found!
14:15:49.295 [JavaFX Application Thread] WARN  FXGLAssetLoaderServi - Failed to load IMAGE
14:15:49.295 [JavaFX Application Thread] WARN  FXGLAssetLoaderServi - Asset "/assets/textures/projectiles/FireBall.png" was not found!
14:15:49.295 [JavaFX Application Thread] WARN  FXGLAssetLoaderServi - Failed to load IMAGE
14:15:49.929 [JavaFX Application Thread] WARN  FXGLAssetLoaderServi - Asset "/assets/textures/projectiles/FireBall.png" was not found!
14:15:49.929 [JavaFX Application Thread] WARN  FXGLAssetLoaderServi - Failed to load IMAGE
14:15:49.929 [JavaFX Application Thread] WARN  FXGLAssetLoaderServi - Asset "/assets/textures/projectiles/FireBall.png" was not found!
14:15:49.929 [JavaFX Application Thread] WARN  FXGLAssetLoaderServi - Failed to load IMAGE
14:15:52.037 [JavaFX Application Thread] WARN  FXGLAssetLoaderServi - Asset "/assets/textures/projectiles/FireBall.png" was not found!
14:15:52.037 [JavaFX Application Thread] WARN  FXGLAssetLoaderServi - Failed to load IMAGE
14:15:52.037 [JavaFX Application Thread] WARN  FXGLAssetLoaderServi - Asset "/assets/textures/projectiles/FireBall.png" was not found!
14:15:52.037 [JavaFX Application Thread] WARN  FXGLAssetLoaderServi - Failed to load IMAGE
14:15:52.578 [JavaFX Application Thread] WARN  FXGLAssetLoaderServi - Asset "/assets/textures/projectiles/FireBall.png" was not found!
14:15:52.578 [JavaFX Application Thread] WARN  FXGLAssetLoaderServi - Failed to load IMAGE
14:15:52.578 [JavaFX Application Thread] WARN  FXGLAssetLoaderServi - Asset "/assets/textures/projectiles/FireBall.png" was not found!
14:15:52.578 [JavaFX Application Thread] WARN  FXGLAssetLoaderServi - Failed to load IMAGE
14:15:53.087 [JavaFX Application Thread] WARN  FXGLAssetLoaderServi - Asset "/assets/textures/projectiles/FireBall.png" was not found!
14:15:53.087 [JavaFX Application Thread] WARN  FXGLAssetLoaderServi - Failed to load IMAGE
14:15:53.088 [JavaFX Application Thread] WARN  FXGLAssetLoaderServi - Asset "/assets/textures/projectiles/FireBall.png" was not found!
14:15:53.088 [JavaFX Application Thread] WARN  FXGLAssetLoaderServi - Failed to load IMAGE
14:15:53.637 [JavaFX Application Thread] WARN  FXGLAssetLoaderServi - Asset "/assets/textures/projectiles/FireBall.png" was not found!
14:15:53.637 [JavaFX Application Thread] WARN  FXGLAssetLoaderServi - Failed to load IMAGE
14:15:53.637 [JavaFX Application Thread] WARN  FXGLAssetLoaderServi - Asset "/assets/textures/projectiles/FireBall.png" was not found!
14:15:53.637 [JavaFX Application Thread] WARN  FXGLAssetLoaderServi - Failed to load IMAGE
14:15:54.178 [JavaFX Application Thread] WARN  FXGLAssetLoaderServi - Asset "/assets/textures/projectiles/FireBall.png" was not found!
14:15:54.178 [JavaFX Application Thread] WARN  FXGLAssetLoaderServi - Failed to load IMAGE
14:15:54.178 [JavaFX Application Thread] WARN  FXGLAssetLoaderServi - Asset "/assets/textures/projectiles/FireBall.png" was not found!
14:15:54.178 [JavaFX Application Thread] WARN  FXGLAssetLoaderServi - Failed to load IMAGE
14:15:54.761 [JavaFX Application Thread] WARN  FXGLAssetLoaderServi - Asset "/assets/textures/projectiles/FireBall.png" was not found!
14:15:54.761 [JavaFX Application Thread] WARN  FXGLAssetLoaderServi - Failed to load IMAGE
14:15:54.761 [JavaFX Application Thread] WARN  FXGLAssetLoaderServi - Asset "/assets/textures/projectiles/FireBall.png" was not found!
14:15:54.761 [JavaFX Application Thread] WARN  FXGLAssetLoaderServi - Failed to load IMAGE
14:15:55.270 [JavaFX Application Thread] WARN  FXGLAssetLoaderServi - Asset "/assets/textures/projectiles/FireBall.png" was not found!
14:15:55.270 [JavaFX Application Thread] WARN  FXGLAssetLoaderServi - Failed to load IMAGE
14:15:55.271 [JavaFX Application Thread] WARN  FXGLAssetLoaderServi - Asset "/assets/textures/projectiles/FireBall.png" was not found!
14:15:55.271 [JavaFX Application Thread] WARN  FXGLAssetLoaderServi - Failed to load IMAGE
14:15:55.795 [JavaFX Application Thread] WARN  FXGLAssetLoaderServi - Asset "/assets/textures/projectiles/FireBall.png" was not found!
14:15:55.795 [JavaFX Application Thread] WARN  FXGLAssetLoaderServi - Failed to load IMAGE
14:15:55.795 [JavaFX Application Thread] WARN  FXGLAssetLoaderServi - Asset "/assets/textures/projectiles/FireBall.png" was not found!
14:15:55.795 [JavaFX Application Thread] WARN  FXGLAssetLoaderServi - Failed to load IMAGE
14:15:56.405 [JavaFX Application Thread] WARN  FXGLAssetLoaderServi - Asset "/assets/textures/projectiles/FireBall.png" was not found!
14:15:56.405 [JavaFX Application Thread] WARN  FXGLAssetLoaderServi - Failed to load IMAGE
14:15:56.406 [JavaFX Application Thread] WARN  FXGLAssetLoaderServi - Asset "/assets/textures/projectiles/FireBall.png" was not found!
14:15:56.406 [JavaFX Application Thread] WARN  FXGLAssetLoaderServi - Failed to load IMAGE
14:15:57.304 [JavaFX Application Thread] WARN  FXGLAssetLoaderServi - Asset "/assets/textures/projectiles/FireBall.png" was not found!
14:15:57.304 [JavaFX Application Thread] WARN  FXGLAssetLoaderServi - Failed to load IMAGE
14:15:57.304 [JavaFX Application Thread] WARN  FXGLAssetLoaderServi - Asset "/assets/textures/projectiles/FireBall.png" was not found!
14:15:57.304 [JavaFX Application Thread] WARN  FXGLAssetLoaderServi - Failed to load IMAGE
14:15:57.812 [JavaFX Application Thread] WARN  FXGLAssetLoaderServi - Asset "/assets/textures/projectiles/FireBall.png" was not found!
14:15:57.812 [JavaFX Application Thread] WARN  FXGLAssetLoaderServi - Failed to load IMAGE
14:15:57.812 [JavaFX Application Thread] WARN  FXGLAssetLoaderServi - Asset "/assets/textures/projectiles/FireBall.png" was not found!
14:15:57.813 [JavaFX Application Thread] WARN  FXGLAssetLoaderServi - Failed to load IMAGE
14:15:58.328 [JavaFX Application Thread] WARN  FXGLAssetLoaderServi - Asset "/assets/textures/projectiles/FireBall.png" was not found!
14:15:58.328 [JavaFX Application Thread] WARN  FXGLAssetLoaderServi - Failed to load IMAGE
14:15:58.328 [JavaFX Application Thread] WARN  FXGLAssetLoaderServi - Asset "/assets/textures/projectiles/FireBall.png" was not found!
14:15:58.328 [JavaFX Application Thread] WARN  FXGLAssetLoaderServi - Failed to load IMAGE
14:15:58.878 [JavaFX Application Thread] WARN  FXGLAssetLoaderServi - Asset "/assets/textures/projectiles/FireBall.png" was not found!
14:15:58.878 [JavaFX Application Thread] WARN  FXGLAssetLoaderServi - Failed to load IMAGE
14:15:58.878 [JavaFX Application Thread] WARN  FXGLAssetLoaderServi - Asset "/assets/textures/projectiles/FireBall.png" was not found!
14:15:58.878 [JavaFX Application Thread] WARN  FXGLAssetLoaderServi - Failed to load IMAGE
14:15:59.470 [JavaFX Application Thread] WARN  FXGLAssetLoaderServi - Asset "/assets/textures/projectiles/FireBall.png" was not found!
14:15:59.470 [JavaFX Application Thread] WARN  FXGLAssetLoaderServi - Failed to load IMAGE
14:15:59.470 [JavaFX Application Thread] WARN  FXGLAssetLoaderServi - Asset "/assets/textures/projectiles/FireBall.png" was not found!
14:15:59.470 [JavaFX Application Thread] WARN  FXGLAssetLoaderServi - Failed to load IMAGE
14:16:00.020 [JavaFX Application Thread] WARN  FXGLAssetLoaderServi - Asset "/assets/textures/projectiles/FireBall.png" was not found!
14:16:00.020 [JavaFX Application Thread] WARN  FXGLAssetLoaderServi - Failed to load IMAGE
14:16:00.020 [JavaFX Application Thread] WARN  FXGLAssetLoaderServi - Asset "/assets/textures/projectiles/FireBall.png" was not found!
14:16:00.020 [JavaFX Application Thread] WARN  FXGLAssetLoaderServi - Failed to load IMAGE
14:16:00.528 [JavaFX Application Thread] WARN  FXGLAssetLoaderServi - Asset "/assets/textures/projectiles/FireBall.png" was not found!
14:16:00.528 [JavaFX Application Thread] WARN  FXGLAssetLoaderServi - Failed to load IMAGE
14:16:00.528 [JavaFX Application Thread] WARN  FXGLAssetLoaderServi - Asset "/assets/textures/projectiles/FireBall.png" was not found!
14:16:00.528 [JavaFX Application Thread] WARN  FXGLAssetLoaderServi - Failed to load IMAGE
14:16:01.104 [JavaFX Application Thread] WARN  FXGLAssetLoaderServi - Asset "/assets/textures/projectiles/FireBall.png" was not found!
14:16:01.104 [JavaFX Application Thread] WARN  FXGLAssetLoaderServi - Failed to load IMAGE
14:16:01.104 [JavaFX Application Thread] WARN  FXGLAssetLoaderServi - Asset "/assets/textures/projectiles/FireBall.png" was not found!
14:16:01.104 [JavaFX Application Thread] WARN  FXGLAssetLoaderServi - Failed to load IMAGE
14:16:02.844 [JavaFX Application Thread] DEBUG FXGLApplication      - Exiting FXGL
14:16:02.844 [JavaFX Application Thread] DEBUG LoopRunner           - Stopping loop
14:16:02.844 [JavaFX Application Thread] DEBUG SystemBundleService  - Saving FXGL system data
14:16:02.846 [JavaFX Application Thread] DEBUG FileSystemAccess     - Writing to: D:\1\survivior-game-main\SurvivorGame\system\fxgl.bundle
14:16:02.848 [JavaFX Application Thread] DEBUG Async                - Shutting down background threads
14:16:02.848 [JavaFX Application Thread] DEBUG PrimaryStageWindow   - Closing main window
14:16:02.857 [JavaFX Application Thread] DEBUG Logger               - Closing Logger
