15:56:08.936 [main                     ] DEBUG Logger               - Configured Logger
15:56:08.960 [main                     ] DEBUG GameApplication      - Logging settings
Title: Survivor Game
Version: 1.0
Width: 1280
Height: 720
Fullscreen: false
Intro: false
Profiling: false
Single step:false
App Mode: DEVELOPER
Menu Key: ESCAPE
Stage Style: DECORATED
Scene Factory: class com.almasb.fxgl.app.scene.SceneFactory

15:56:09.343 [JavaFX Application Thread] DEBUG FXGLApplication      - Initializing FXGL
15:56:09.347 [JavaFX Application Thread] INFO  Engine               - FXGL-17.3 (30.03.2023 11.49) on WINDOWS (J:21.0.5 FX:20)
15:56:09.347 [JavaFX Application Thread] DEBUG Engine               - JRE Vendor Name: Oracle Corporation
15:56:09.348 [JavaFX Application Thread] DEBUG Engine               - Running on OS: Windows 11 version 10.0
15:56:09.348 [JavaFX Application Thread] DEBUG Engine               - Architecture: amd64
15:56:09.348 [JavaFX Application Thread] INFO  Engine               - Source code and latest versions at: https://github.com/AlmasB/FXGL
15:56:09.348 [JavaFX Application Thread] INFO  Engine               -       Ask questions and discuss at: https://github.com/AlmasB/FXGL/discussions
15:56:09.348 [JavaFX Application Thread] INFO  Engine               -              Join the FXGL chat at: https://gitter.im/AlmasB/FXGL
15:56:09.455 [JavaFX Application Thread] DEBUG PrimaryStageWindow   - Creating a JavaFX scene
15:56:09.500 [JavaFX Application Thread] DEBUG PrimaryStageWindow   - Target settings size: 1280.0 x 720.0
15:56:09.500 [JavaFX Application Thread] DEBUG PrimaryStageWindow   - Scaled scene size:    1280.0 x 720.0
15:56:09.500 [JavaFX Application Thread] DEBUG PrimaryStageWindow   - Scaled ratio: (1.0, 1.0)
15:56:09.501 [JavaFX Application Thread] DEBUG PrimaryStageWindow   - Set initial scene to FXGLStartupScene
15:56:09.504 [JavaFX Application Thread] DEBUG PrimaryStageWindow   - Opening main window
15:56:09.583 [JavaFX Application Thread] DEBUG PrimaryStageWindow   - Window border size: (14.6666259765625, 37.33331298828125)
15:56:09.583 [JavaFX Application Thread] DEBUG PrimaryStageWindow   - Scaled size: 1280.0 x 720.0
15:56:09.583 [JavaFX Application Thread] DEBUG PrimaryStageWindow   - Scaled ratio: (1.0, 1.0)
15:56:09.583 [JavaFX Application Thread] DEBUG PrimaryStageWindow   - Scene size: 1280.0 x 720.0
15:56:09.584 [JavaFX Application Thread] DEBUG PrimaryStageWindow   - Stage size: 1294.6666259765625 x 757.3333129882812
15:56:09.591 [FXGL Background Thread 1 ] DEBUG Engine               - Initializing environment variables
15:56:09.647 [FXGL Background Thread 1 ] DEBUG FXGLAssetLoaderServi - User app class for loading assets: class com.survivor.main.GameApp
15:56:09.647 [FXGL Background Thread 1 ] DEBUG GameApplicationServi - Applying CSS: fxgl_dark.css
15:56:09.649 [FXGL Background Thread 1 ] DEBUG FXGLAssetLoaderServi - Loading from file system: jar:file:/C:/Users/11706/.m2/repository/com/github/almasb/fxgl/17.3/fxgl-17.3.jar!/fxglassets/ui/css/fxgl_dark.css
15:56:09.690 [FXGL Background Thread 1 ] DEBUG GameApplicationServi - Initializing application scenes
15:56:09.792 [FXGL Background Thread 1 ] DEBUG GameWorld            - Game world initialized
15:56:09.894 [FXGL Background Thread 1 ] DEBUG PhysicsWorld         - Physics world initialized: appHeight=720, physics.ppm=50.0
15:56:09.894 [FXGL Background Thread 1 ] DEBUG PhysicsWorld         - Using strategy: BRUTE_FORCE
15:56:09.898 [FXGL Background Thread 1 ] DEBUG GameScene            - Game scene initialized: 1280x720
15:56:09.913 [FXGL Background Thread 1 ] DEBUG FXGL.DefaultMenu     - createMenuBodyGameMenu()
15:56:09.929 [FXGL Background Thread 1 ] DEBUG FXGL.DefaultMenu     - createOptionsMenu()
15:56:09.942 [FXGL Background Thread 1 ] DEBUG FXGLAssetLoaderServi - Loading from file system: jar:file:/C:/Users/11706/.m2/repository/com/github/almasb/fxgl/17.3/fxgl-17.3.jar!/fxglassets/textures/particles/smoke.png
15:56:10.055 [FXGL Background Thread 1 ] DEBUG FXGLAssetLoaderServi - Loading from file system: jar:file:/C:/Users/11706/.m2/repository/com/github/almasb/fxgl/17.3/fxgl-17.3.jar!/fxglassets/textures/particles/trace_horizontal.png
15:56:10.078 [FXGL Background Thread 1 ] DEBUG GameApplicationServi - Application scenes initialized
15:56:10.092 [FXGL Background Thread 1 ] DEBUG SystemBundleService  - Loading FXGL system data
15:56:10.097 [FXGL Background Thread 1 ] DEBUG FileSystemAccess     - Reading from: C:\Users\11706\IdeaProjects\survivior-game3\SurvivorGame\system\fxgl.bundle
15:56:10.106 [FXGL Background Thread 1 ] DEBUG SystemBundleService  - Bundle FXGL: {}
15:56:10.106 [FXGL Background Thread 1 ] DEBUG UpdaterService       - Checking for updates
15:56:10.109 [FXGL Background Thread 4 ] DEBUG FXGLApplication      - Loading fonts
15:56:10.109 [FXGL Background Thread 4 ] DEBUG FXGLAssetLoaderServi - Loading from file system: jar:file:/C:/Users/11706/.m2/repository/com/github/almasb/fxgl/17.3/fxgl-17.3.jar!/fxglassets/ui/fonts/VarelaRound-Regular.ttf
15:56:10.110 [FXGL Background Thread 1 ] DEBUG FXGLApplication      - Loading default localization
15:56:10.111 [FXGL Background Thread 1 ] DEBUG FXGLAssetLoaderServi - Loading from file system: jar:file:/C:/Users/11706/.m2/repository/com/github/almasb/fxgl/17.3/fxgl-17.3.jar!/fxglassets/languages/english.lang
15:56:10.166 [FXGL Background Thread 4 ] DEBUG FXGLAssetLoaderServi - Loading from file system: jar:file:/C:/Users/11706/.m2/repository/com/github/almasb/fxgl/17.3/fxgl-17.3.jar!/fxglassets/ui/fonts/Abel-Regular.ttf
15:56:10.169 [FXGL Background Thread 4 ] DEBUG FXGLAssetLoaderServi - Loading from file system: jar:file:/C:/Users/11706/.m2/repository/com/github/almasb/fxgl/17.3/fxgl-17.3.jar!/fxglassets/ui/fonts/TerminalLandMono-Regular.otf
15:56:10.172 [FXGL Background Thread 4 ] DEBUG FXGLAssetLoaderServi - Loading from file system: jar:file:/C:/Users/11706/.m2/repository/com/github/almasb/fxgl/17.3/fxgl-17.3.jar!/fxglassets/ui/fonts/Courier-Prime.ttf
15:56:10.178 [JavaFX Application Thread] DEBUG FXGLApplication      - Registering font factories with UI factory
15:56:10.183 [FXGL Background Thread 1 ] INFO  FXGLApplication      - FXGL initialization took: 0.592 sec
15:56:10.184 [JavaFX Application Thread] DEBUG FXGLAssetLoaderServi - Loading from file system: file:/C:/Users/11706/IdeaProjects/survivior-game3/SurvivorGame/target/classes/assets/textures/icon.png
15:56:10.192 [JavaFX Application Thread] DEBUG FXGLAssetLoaderServi - Loading from file system: jar:file:/C:/Users/11706/.m2/repository/com/github/almasb/fxgl/17.3/fxgl-17.3.jar!/fxglassets/textures/fxgl_default_cursor.png
15:56:10.205 [JavaFX Application Thread] DEBUG Input                - Registered new binding: Screenshot - CTRL+8
15:56:10.206 [JavaFX Application Thread] DEBUG Input                - Registered new binding: System info dump - CTRL+9
15:56:10.207 [JavaFX Application Thread] DEBUG Input                - Registered new binding: Restart - CTRL+R
15:56:10.208 [JavaFX Application Thread] DEBUG Input                - Registered new binding: Toggle Debug Camera - CTRL+7
15:56:10.214 [JavaFX Application Thread] DEBUG LoopRunner           - Starting loop
15:56:10.214 [JavaFX Application Thread] DEBUG LoopRunner           - Initializing ScheduledExecutorLoop with fps: 120
15:56:10.218 [JavaFX Application Thread] DEBUG GameApplicationServi - Starting new game
15:56:10.218 [JavaFX Application Thread] DEBUG Input                - Clearing active input actions
15:56:10.232 [JavaFX Application Thread] DEBUG GameApplicationServi - Removing overlay from FXGLStartupScene and adding to FXGLLoadingScene
15:56:10.233 [JavaFX Application Thread] DEBUG PrimaryStageWindow   - FXGLStartupScene -> FXGLLoadingScene
15:56:10.233 [JavaFX Application Thread] DEBUG GameApplicationServi - Clearing previous game
15:56:10.233 [JavaFX Application Thread] DEBUG GameScene            - Clearing game scene
15:56:10.233 [JavaFX Application Thread] DEBUG GameWorld            - Clearing game world
15:56:10.233 [JavaFX Application Thread] DEBUG PhysicsWorld         - Clearing physics world
15:56:10.235 [FXGL Background Thread 1 ] DEBUG FXGLApplication      - Initializing game
15:56:10.663 [FXGL Background Thread 1 ] WARN  TMXLevelLoader       - TiledMap generated from 1.11.2. Supported version: 1.9.0. Some features may not be parsed fully.
15:56:10.889 [FXGL Background Thread 1 ] DEBUG TMXLevelLoader       - Parsed TiledMap: file:/C:/Users/11706/IdeaProjects/survivior-game3/SurvivorGame/target/classes/assets/levels/Bigdongeonmap.tmx
15:56:10.893 [FXGL Background Thread 1 ] DEBUG TMXLevelLoader       - Creating tile layer entities
15:56:10.900 [FXGL Background Thread 1 ] DEBUG TilesetLoader        - Loading view for layer 图块层 1
15:56:10.955 [FXGL Background Thread 1 ] DEBUG TilesetLoader        - Created buffer with size 9600.0x5600.0
15:56:11.077 [FXGL Background Thread 1 ] DEBUG TilesetLoader        - Loading view for layer 图块层 2
15:56:11.136 [FXGL Background Thread 1 ] DEBUG TilesetLoader        - Created buffer with size 9600.0x5600.0
15:56:11.164 [FXGL Background Thread 1 ] DEBUG TMXLevelLoader       - Creating object layer entities
15:56:11.286 [FXGL Background Thread 1 ] DEBUG GameWorld            - Clearing removable entities
15:56:11.288 [FXGL Background Thread 1 ] DEBUG GameWorld            - Setting level: com.almasb.fxgl.entity.level.Level@1c03c389
15:56:11.358 [FXGL Background Thread 1 ] DEBUG Input                - Registered new binding: Move Up - W
15:56:11.358 [FXGL Background Thread 1 ] DEBUG Input                - Registered new binding: Move Down - S
15:56:11.359 [FXGL Background Thread 1 ] DEBUG Input                - Registered new binding: Move Left - A
15:56:11.359 [FXGL Background Thread 1 ] DEBUG Input                - Registered new binding: Move Right - D
15:56:11.359 [FXGL Background Thread 1 ] DEBUG Input                - Registered new binding: AttackLeft - J
15:56:11.360 [FXGL Background Thread 1 ] DEBUG Input                - Registered new binding: AttackRight - K
15:56:11.360 [FXGL Background Thread 1 ] DEBUG Input                - Registered new binding: Dash - L
15:56:11.368 [FXGL Background Thread 1 ] DEBUG FXGLAssetLoaderServi - Loading from file system: file:/C:/Users/11706/IdeaProjects/survivior-game3/SurvivorGame/target/classes/assets/textures/Idle.png
15:56:11.375 [FXGL Background Thread 1 ] DEBUG FXGLAssetLoaderServi - Loading from file system: file:/C:/Users/11706/IdeaProjects/survivior-game3/SurvivorGame/target/classes/assets/textures/Run.png
15:56:11.378 [FXGL Background Thread 1 ] DEBUG FXGLAssetLoaderServi - Loading from file system: file:/C:/Users/11706/IdeaProjects/survivior-game3/SurvivorGame/target/classes/assets/textures/Attack3.png
15:56:11.390 [FXGL Background Thread 1 ] INFO  FXGLApplication      - Game initialization took: 1.155 sec
15:56:11.821 [JavaFX Application Thread] DEBUG Input                - Clearing active input actions
15:56:11.871 [JavaFX Application Thread] DEBUG GameApplicationServi - Removing overlay from FXGLLoadingScene and adding to GameScene
15:56:11.872 [JavaFX Application Thread] DEBUG PrimaryStageWindow   - FXGLLoadingScene -> GameScene
15:56:12.945 [FXGL Background Thread 2 ] INFO  UpdaterService       - Your current version:  17.3
15:56:12.945 [FXGL Background Thread 2 ] INFO  UpdaterService       - Latest stable version: 21.1
15:56:13.108 [FXGL Background Thread 3 ] DEBUG Engine               - Logging environment variables
15:56:13.108 [FXGL Background Thread 3 ] DEBUG Engine               - achievements: []
15:56:13.108 [FXGL Background Thread 3 ] DEBUG Engine               - actualHeight: 720.0
15:56:13.109 [FXGL Background Thread 3 ] DEBUG Engine               - actualHeightProperty: ReadOnlyDoubleProperty [value: 720.0]
15:56:13.109 [FXGL Background Thread 3 ] DEBUG Engine               - actualWidth: 1280.0
15:56:13.109 [FXGL Background Thread 3 ] DEBUG Engine               - actualWidthProperty: ReadOnlyDoubleProperty [value: 1280.0]
15:56:13.109 [FXGL Background Thread 3 ] DEBUG Engine               - appIcon: icon.png
15:56:13.109 [FXGL Background Thread 3 ] DEBUG Engine               - applicationMode: DEVELOPER
15:56:13.109 [FXGL Background Thread 3 ] DEBUG Engine               - cSSList: [fxgl_dark.css]
15:56:13.109 [FXGL Background Thread 3 ] DEBUG Engine               - collisionDetectionStrategy: BRUTE_FORCE
15:56:13.109 [FXGL Background Thread 3 ] DEBUG Engine               - configClass: Optional.empty
15:56:13.109 [FXGL Background Thread 3 ] DEBUG Engine               - credits: []
15:56:13.109 [FXGL Background Thread 3 ] DEBUG Engine               - defaultCursor: CursorInfo(imageName=fxgl_default_cursor.png, hotspotX=7.0, hotspotY=6.0)
15:56:13.109 [FXGL Background Thread 3 ] DEBUG Engine               - devBBoxColorProperty: ObjectProperty [value: 0xff0000ff]
15:56:13.109 [FXGL Background Thread 3 ] DEBUG Engine               - devEnableDebugCameraProperty: BooleanProperty [value: false]
15:56:13.109 [FXGL Background Thread 3 ] DEBUG Engine               - devSensorColorProperty: ObjectProperty [value: 0xffff00ff]
15:56:13.109 [FXGL Background Thread 3 ] DEBUG Engine               - devShowBBoxProperty: BooleanProperty [value: false]
15:56:13.109 [FXGL Background Thread 3 ] DEBUG Engine               - devShowPositionProperty: BooleanProperty [value: false]
15:56:13.109 [FXGL Background Thread 3 ] DEBUG Engine               - enabledMenuItems: []
15:56:13.109 [FXGL Background Thread 3 ] DEBUG Engine               - engineServices: [class com.almasb.fxgl.app.services.FXGLAssetLoaderService, class com.almasb.fxgl.app.FXGLApplication$GameApplicationService, class com.almasb.fxgl.app.services.FXGLDialogService, class com.almasb.fxgl.app.services.IOTaskExecutorService, class com.almasb.fxgl.io.FileSystemService, class com.almasb.fxgl.localization.LocalizationService, class com.almasb.fxgl.app.services.SystemBundleService, class com.almasb.fxgl.profile.SaveLoadService, class com.almasb.fxgl.ui.FXGLUIFactoryServiceProvider, class com.almasb.fxgl.ui.FXGLDialogFactoryServiceProvider, class com.almasb.fxgl.audio.AudioPlayer, class com.almasb.fxgl.notification.impl.NotificationServiceProvider, class com.almasb.fxgl.achievement.AchievementService, class com.almasb.fxgl.cutscene.CutsceneService, class com.almasb.fxgl.minigames.MiniGameService, class com.almasb.fxgl.net.NetService, class com.almasb.fxgl.app.services.UpdaterService, class com.almasb.fxgl.dev.DevService]
15:56:13.110 [FXGL Background Thread 3 ] DEBUG Engine               - fontGame: Abel-Regular.ttf
15:56:13.110 [FXGL Background Thread 3 ] DEBUG Engine               - fontMono: TerminalLandMono-Regular.otf
15:56:13.110 [FXGL Background Thread 3 ] DEBUG Engine               - fontSizeScaleUI: 1.0
15:56:13.110 [FXGL Background Thread 3 ] DEBUG Engine               - fontText: Courier-Prime.ttf
15:56:13.110 [FXGL Background Thread 3 ] DEBUG Engine               - fontUI: VarelaRound-Regular.ttf
15:56:13.110 [FXGL Background Thread 3 ] DEBUG Engine               - fullScreen: BooleanProperty [value: false]
15:56:13.110 [FXGL Background Thread 3 ] DEBUG Engine               - gameDifficulty: MEDIUM
15:56:13.110 [FXGL Background Thread 3 ] DEBUG Engine               - gameDifficultyProperty: ObjectProperty [value: MEDIUM]
15:56:13.110 [FXGL Background Thread 3 ] DEBUG Engine               - globalMusicVolume: 0.5
15:56:13.110 [FXGL Background Thread 3 ] DEBUG Engine               - globalMusicVolumeProperty: DoubleProperty [value: 0.5]
15:56:13.110 [FXGL Background Thread 3 ] DEBUG Engine               - globalSoundVolume: 0.5
15:56:13.110 [FXGL Background Thread 3 ] DEBUG Engine               - globalSoundVolumeProperty: DoubleProperty [value: 0.5]
15:56:13.110 [FXGL Background Thread 3 ] DEBUG Engine               - height: 720
15:56:13.110 [FXGL Background Thread 3 ] DEBUG Engine               - is3D: false
15:56:13.110 [FXGL Background Thread 3 ] DEBUG Engine               - isAndroid: false
15:56:13.110 [FXGL Background Thread 3 ] DEBUG Engine               - isBrowser: false
15:56:13.111 [FXGL Background Thread 3 ] DEBUG Engine               - isClickFeedbackEnabled: false
15:56:13.111 [FXGL Background Thread 3 ] DEBUG Engine               - isCloseConfirmation: false
15:56:13.111 [FXGL Background Thread 3 ] DEBUG Engine               - isDesktop: true
15:56:13.111 [FXGL Background Thread 3 ] DEBUG Engine               - isDeveloperMenuEnabled: false
15:56:13.111 [FXGL Background Thread 3 ] DEBUG Engine               - isEmbedded: false
15:56:13.111 [FXGL Background Thread 3 ] DEBUG Engine               - isEntityPreloadEnabled: true
15:56:13.111 [FXGL Background Thread 3 ] DEBUG Engine               - isExperimentalTiledLargeMap: false
15:56:13.111 [FXGL Background Thread 3 ] DEBUG Engine               - isFileSystemWriteAllowed: true
15:56:13.111 [FXGL Background Thread 3 ] DEBUG Engine               - isFullScreenAllowed: false
15:56:13.111 [FXGL Background Thread 3 ] DEBUG Engine               - isFullScreenFromStart: false
15:56:13.111 [FXGL Background Thread 3 ] DEBUG Engine               - isGameMenuEnabled: true
15:56:13.111 [FXGL Background Thread 3 ] DEBUG Engine               - isIOS: false
15:56:13.111 [FXGL Background Thread 3 ] DEBUG Engine               - isIntroEnabled: false
15:56:13.111 [FXGL Background Thread 3 ] DEBUG Engine               - isLinux: false
15:56:13.111 [FXGL Background Thread 3 ] DEBUG Engine               - isMac: false
15:56:13.111 [FXGL Background Thread 3 ] DEBUG Engine               - isMainMenuEnabled: false
15:56:13.111 [FXGL Background Thread 3 ] DEBUG Engine               - isManualResizeEnabled: false
15:56:13.111 [FXGL Background Thread 3 ] DEBUG Engine               - isMobile: false
15:56:13.111 [FXGL Background Thread 3 ] DEBUG Engine               - isNative: false
15:56:13.111 [FXGL Background Thread 3 ] DEBUG Engine               - isPauseMusicWhenMinimized: true
15:56:13.111 [FXGL Background Thread 3 ] DEBUG Engine               - isPreserveResizeRatio: false
15:56:13.111 [FXGL Background Thread 3 ] DEBUG Engine               - isProfilingEnabled: false
15:56:13.111 [FXGL Background Thread 3 ] DEBUG Engine               - isScaleAffectedOnResize: true
15:56:13.111 [FXGL Background Thread 3 ] DEBUG Engine               - isSingleStep: false
15:56:13.111 [FXGL Background Thread 3 ] DEBUG Engine               - isUserProfileEnabled: false
15:56:13.111 [FXGL Background Thread 3 ] DEBUG Engine               - isWindows: true
15:56:13.111 [FXGL Background Thread 3 ] DEBUG Engine               - language: ObjectProperty [value: ENGLISH]
15:56:13.111 [FXGL Background Thread 3 ] DEBUG Engine               - menuKey: ESCAPE
15:56:13.111 [FXGL Background Thread 3 ] DEBUG Engine               - mouseSensitivity: 0.2
15:56:13.111 [FXGL Background Thread 3 ] DEBUG Engine               - notificationViewClass: class com.almasb.fxgl.notification.view.XboxNotificationView
15:56:13.111 [FXGL Background Thread 3 ] DEBUG Engine               - pixelsPerMeter: 50.0
15:56:13.111 [FXGL Background Thread 3 ] DEBUG Engine               - platform: WINDOWS
15:56:13.112 [FXGL Background Thread 3 ] DEBUG Engine               - prefHeightProperty: ReadOnlyDoubleProperty [value: 720.0]
15:56:13.112 [FXGL Background Thread 3 ] DEBUG Engine               - prefWidthProperty: ReadOnlyDoubleProperty [value: 1280.0]
15:56:13.112 [FXGL Background Thread 3 ] DEBUG Engine               - profileDir: profiles/
15:56:13.112 [FXGL Background Thread 3 ] DEBUG Engine               - profileName: StringProperty [value: DEFAULT]
15:56:13.112 [FXGL Background Thread 3 ] DEBUG Engine               - randomSeed: -1
15:56:13.112 [FXGL Background Thread 3 ] DEBUG Engine               - runtimeInfo: RuntimeInfo(platform=WINDOWS, version=17.3, build=30.03.2023 11.49)
15:56:13.112 [FXGL Background Thread 3 ] DEBUG Engine               - saveFileExt: sav
15:56:13.112 [FXGL Background Thread 3 ] DEBUG Engine               - scaledHeightProp$fxgl: DoubleProperty [bound, value: 720.0]
15:56:13.112 [FXGL Background Thread 3 ] DEBUG Engine               - scaledWidthProp$fxgl: DoubleProperty [bound, value: 1280.0]
15:56:13.112 [FXGL Background Thread 3 ] DEBUG Engine               - sceneFactory: com.almasb.fxgl.app.scene.SceneFactory@39204a71
15:56:13.112 [FXGL Background Thread 3 ] DEBUG Engine               - secondsIn24h: 60
15:56:13.112 [FXGL Background Thread 3 ] DEBUG Engine               - soundMenuBack: menu/back.wav
15:56:13.112 [FXGL Background Thread 3 ] DEBUG Engine               - soundMenuPress: menu/press.wav
15:56:13.112 [FXGL Background Thread 3 ] DEBUG Engine               - soundMenuSelect: menu/select.wav
15:56:13.112 [FXGL Background Thread 3 ] DEBUG Engine               - soundNotification: core/notification.wav
15:56:13.112 [FXGL Background Thread 3 ] DEBUG Engine               - stageStyle: DECORATED
15:56:13.112 [FXGL Background Thread 3 ] DEBUG Engine               - supportedLanguages: [ENGLISH, FRENCH, GERMAN, HUNGARIAN, RUSSIAN]
15:56:13.112 [FXGL Background Thread 3 ] DEBUG Engine               - ticksPerSecond: 120
15:56:13.112 [FXGL Background Thread 3 ] DEBUG Engine               - title: Survivor Game
15:56:13.112 [FXGL Background Thread 3 ] DEBUG Engine               - urlGithub: https://github.com/AlmasB/FXGL
15:56:13.112 [FXGL Background Thread 3 ] DEBUG Engine               - urlLeaderboard: http://fxgl-top.herokuapp.com/
15:56:13.112 [FXGL Background Thread 3 ] DEBUG Engine               - urlPOM: https://raw.githubusercontent.com/AlmasB/FXGL/release/README.md
15:56:13.112 [FXGL Background Thread 3 ] DEBUG Engine               - userAppClass: class com.survivor.main.GameApp
15:56:13.112 [FXGL Background Thread 3 ] DEBUG Engine               - version: 1.0
15:56:13.112 [FXGL Background Thread 3 ] DEBUG Engine               - versionCheckDays: 7
15:56:13.112 [FXGL Background Thread 3 ] DEBUG Engine               - width: 1280
15:56:13.112 [FXGL Background Thread 3 ] DEBUG Engine               - Logging services
15:56:13.113 [FXGL Background Thread 3 ] DEBUG Engine               - class com.almasb.fxgl.app.services.FXGLAssetLoaderService
15:56:13.113 [FXGL Background Thread 3 ] DEBUG Engine               - class com.almasb.fxgl.app.FXGLApplication$GameApplicationService
15:56:13.113 [FXGL Background Thread 3 ] DEBUG Engine               - class com.almasb.fxgl.app.services.FXGLDialogService
15:56:13.113 [FXGL Background Thread 3 ] DEBUG Engine               - class com.almasb.fxgl.app.services.IOTaskExecutorService
15:56:13.113 [FXGL Background Thread 3 ] DEBUG Engine               - class com.almasb.fxgl.io.FileSystemService
15:56:13.113 [FXGL Background Thread 3 ] DEBUG Engine               - class com.almasb.fxgl.localization.LocalizationService
15:56:13.113 [FXGL Background Thread 3 ] DEBUG Engine               - class com.almasb.fxgl.app.services.SystemBundleService
15:56:13.113 [FXGL Background Thread 3 ] DEBUG Engine               - class com.almasb.fxgl.profile.SaveLoadService
15:56:13.113 [FXGL Background Thread 3 ] DEBUG Engine               - class com.almasb.fxgl.ui.FXGLUIFactoryServiceProvider
15:56:13.113 [FXGL Background Thread 3 ] DEBUG Engine               - class com.almasb.fxgl.ui.FXGLDialogFactoryServiceProvider
15:56:13.113 [FXGL Background Thread 3 ] DEBUG Engine               - class com.almasb.fxgl.audio.AudioPlayer
15:56:13.113 [FXGL Background Thread 3 ] DEBUG Engine               - class com.almasb.fxgl.notification.impl.NotificationServiceProvider
15:56:13.113 [FXGL Background Thread 3 ] DEBUG Engine               - class com.almasb.fxgl.achievement.AchievementService
15:56:13.113 [FXGL Background Thread 3 ] DEBUG Engine               - class com.almasb.fxgl.cutscene.CutsceneService
15:56:13.113 [FXGL Background Thread 3 ] DEBUG Engine               - class com.almasb.fxgl.minigames.MiniGameService
15:56:13.113 [FXGL Background Thread 3 ] DEBUG Engine               - class com.almasb.fxgl.net.NetService
15:56:13.113 [FXGL Background Thread 3 ] DEBUG Engine               - class com.almasb.fxgl.app.services.UpdaterService
15:56:13.113 [FXGL Background Thread 3 ] DEBUG Engine               - class com.almasb.fxgl.dev.DevService
15:56:27.924 [JavaFX Application Thread] DEBUG FXGLApplication      - Exiting FXGL
15:56:27.924 [JavaFX Application Thread] DEBUG LoopRunner           - Stopping loop
15:56:27.924 [JavaFX Application Thread] DEBUG SystemBundleService  - Saving FXGL system data
15:56:27.927 [JavaFX Application Thread] DEBUG FileSystemAccess     - Writing to: C:\Users\11706\IdeaProjects\survivior-game3\SurvivorGame\system\fxgl.bundle
15:56:27.930 [JavaFX Application Thread] DEBUG Async                - Shutting down background threads
15:56:27.930 [JavaFX Application Thread] DEBUG PrimaryStageWindow   - Closing main window
15:56:27.999 [JavaFX Application Thread] DEBUG Logger               - Closing Logger
