13:41:56.919 [main                     ] DEBUG Logger               - Configured Logger
13:41:56.944 [main                     ] DEBUG GameApplication      - Logging settings
Title: Survivor Game
Version: 1.0
Width: 1280
Height: 720
Fullscreen: false
Intro: false
Profiling: false
Single step:false
App Mode: DEVELOPER
Menu Key: ESCAPE
Stage Style: DECORATED
Scene Factory: class com.almasb.fxgl.app.scene.SceneFactory

13:41:57.298 [JavaFX Application Thread] DEBUG FXGLApplication      - Initializing FXGL
13:41:57.302 [JavaFX Application Thread] INFO  Engine               - FXGL-17.3 (30.03.2023 11.49) on WINDOWS (J:21.0.5 FX:20)
13:41:57.303 [JavaFX Application Thread] DEBUG Engine               - JRE Vendor Name: Oracle Corporation
13:41:57.303 [JavaFX Application Thread] DEBUG Engine               - Running on OS: Windows 11 version 10.0
13:41:57.303 [JavaFX Application Thread] DEBUG Engine               - Architecture: amd64
13:41:57.303 [JavaFX Application Thread] INFO  Engine               - Source code and latest versions at: https://github.com/AlmasB/FXGL
13:41:57.303 [JavaFX Application Thread] INFO  Engine               -       Ask questions and discuss at: https://github.com/AlmasB/FXGL/discussions
13:41:57.303 [JavaFX Application Thread] INFO  Engine               -              Join the FXGL chat at: https://gitter.im/AlmasB/FXGL
13:41:57.385 [JavaFX Application Thread] DEBUG PrimaryStageWindow   - Creating a JavaFX scene
13:41:57.428 [JavaFX Application Thread] DEBUG PrimaryStageWindow   - Target settings size: 1280.0 x 720.0
13:41:57.428 [JavaFX Application Thread] DEBUG PrimaryStageWindow   - Scaled scene size:    1280.0 x 720.0
13:41:57.429 [JavaFX Application Thread] DEBUG PrimaryStageWindow   - Scaled ratio: (1.0, 1.0)
13:41:57.430 [JavaFX Application Thread] DEBUG PrimaryStageWindow   - Set initial scene to FXGLStartupScene
13:41:57.435 [JavaFX Application Thread] DEBUG PrimaryStageWindow   - Opening main window
13:41:57.512 [JavaFX Application Thread] DEBUG PrimaryStageWindow   - Window border size: (14.6666259765625, 37.33331298828125)
13:41:57.512 [JavaFX Application Thread] DEBUG PrimaryStageWindow   - Scaled size: 1280.0 x 720.0
13:41:57.513 [JavaFX Application Thread] DEBUG PrimaryStageWindow   - Scaled ratio: (1.0, 1.0)
13:41:57.513 [JavaFX Application Thread] DEBUG PrimaryStageWindow   - Scene size: 1280.0 x 720.0
13:41:57.513 [JavaFX Application Thread] DEBUG PrimaryStageWindow   - Stage size: 1294.6666259765625 x 757.3333129882812
13:41:57.520 [FXGL Background Thread 1 ] DEBUG Engine               - Initializing environment variables
13:41:57.584 [FXGL Background Thread 1 ] DEBUG FXGLAssetLoaderServi - User app class for loading assets: class com.survivor.main.GameApp
13:41:57.584 [FXGL Background Thread 1 ] DEBUG GameApplicationServi - Applying CSS: fxgl_dark.css
13:41:57.586 [FXGL Background Thread 1 ] DEBUG FXGLAssetLoaderServi - Loading from file system: jar:file:/C:/Users/11706/.m2/repository/com/github/almasb/fxgl/17.3/fxgl-17.3.jar!/fxglassets/ui/css/fxgl_dark.css
13:41:57.634 [FXGL Background Thread 1 ] DEBUG GameApplicationServi - Initializing application scenes
13:41:57.757 [FXGL Background Thread 1 ] DEBUG GameWorld            - Game world initialized
13:41:57.881 [FXGL Background Thread 1 ] DEBUG PhysicsWorld         - Physics world initialized: appHeight=720, physics.ppm=50.0
13:41:57.881 [FXGL Background Thread 1 ] DEBUG PhysicsWorld         - Using strategy: BRUTE_FORCE
13:41:57.886 [FXGL Background Thread 1 ] DEBUG GameScene            - Game scene initialized: 1280x720
13:41:57.897 [FXGL Background Thread 1 ] DEBUG FXGL.DefaultMenu     - createMenuBodyGameMenu()
13:41:57.911 [FXGL Background Thread 1 ] DEBUG FXGL.DefaultMenu     - createOptionsMenu()
13:41:57.922 [FXGL Background Thread 1 ] DEBUG FXGLAssetLoaderServi - Loading from file system: jar:file:/C:/Users/11706/.m2/repository/com/github/almasb/fxgl/17.3/fxgl-17.3.jar!/fxglassets/textures/particles/smoke.png
13:41:58.038 [FXGL Background Thread 1 ] DEBUG FXGLAssetLoaderServi - Loading from file system: jar:file:/C:/Users/11706/.m2/repository/com/github/almasb/fxgl/17.3/fxgl-17.3.jar!/fxglassets/textures/particles/trace_horizontal.png
13:41:58.068 [FXGL Background Thread 1 ] DEBUG GameApplicationServi - Application scenes initialized
13:41:58.080 [FXGL Background Thread 1 ] DEBUG SystemBundleService  - Loading FXGL system data
13:41:58.084 [FXGL Background Thread 1 ] DEBUG FileSystemAccess     - Reading from: C:\Users\11706\IdeaProjects\survivior-game3\SurvivorGame\system\fxgl.bundle
13:41:58.093 [FXGL Background Thread 1 ] DEBUG SystemBundleService  - Bundle FXGL: {}
13:41:58.093 [FXGL Background Thread 1 ] DEBUG UpdaterService       - Checking for updates
13:41:58.096 [FXGL Background Thread 4 ] DEBUG FXGLApplication      - Loading fonts
13:41:58.097 [FXGL Background Thread 4 ] DEBUG FXGLAssetLoaderServi - Loading from file system: jar:file:/C:/Users/11706/.m2/repository/com/github/almasb/fxgl/17.3/fxgl-17.3.jar!/fxglassets/ui/fonts/VarelaRound-Regular.ttf
13:41:58.098 [FXGL Background Thread 1 ] DEBUG FXGLApplication      - Loading default localization
13:41:58.098 [FXGL Background Thread 1 ] DEBUG FXGLAssetLoaderServi - Loading from file system: jar:file:/C:/Users/11706/.m2/repository/com/github/almasb/fxgl/17.3/fxgl-17.3.jar!/fxglassets/languages/english.lang
13:41:58.147 [FXGL Background Thread 4 ] DEBUG FXGLAssetLoaderServi - Loading from file system: jar:file:/C:/Users/11706/.m2/repository/com/github/almasb/fxgl/17.3/fxgl-17.3.jar!/fxglassets/ui/fonts/Abel-Regular.ttf
13:41:58.152 [FXGL Background Thread 4 ] DEBUG FXGLAssetLoaderServi - Loading from file system: jar:file:/C:/Users/11706/.m2/repository/com/github/almasb/fxgl/17.3/fxgl-17.3.jar!/fxglassets/ui/fonts/TerminalLandMono-Regular.otf
13:41:58.155 [FXGL Background Thread 4 ] DEBUG FXGLAssetLoaderServi - Loading from file system: jar:file:/C:/Users/11706/.m2/repository/com/github/almasb/fxgl/17.3/fxgl-17.3.jar!/fxglassets/ui/fonts/Courier-Prime.ttf
13:41:58.157 [FXGL Background Thread 1 ] INFO  FXGLApplication      - FXGL initialization took: 0.637 sec
13:41:58.158 [JavaFX Application Thread] DEBUG Input                - Clearing active input actions
13:41:58.170 [JavaFX Application Thread] DEBUG Input                - Registered new binding: Move Up - W
13:41:58.170 [JavaFX Application Thread] DEBUG Input                - Registered new binding: Move Down - S
13:41:58.171 [JavaFX Application Thread] DEBUG Input                - Registered new binding: Move Left - A
13:41:58.171 [JavaFX Application Thread] DEBUG Input                - Registered new binding: Move Right - D
13:41:58.172 [JavaFX Application Thread] DEBUG Input                - Registered new binding: AttackLeft - J
13:41:58.173 [JavaFX Application Thread] DEBUG Input                - Registered new binding: AttackRight - K
13:41:58.173 [JavaFX Application Thread] DEBUG Input                - Registered new binding: Dash - L
13:41:58.173 [JavaFX Application Thread] DEBUG FXGLAssetLoaderServi - Loading from file system: file:/C:/Users/11706/IdeaProjects/survivior-game3/SurvivorGame/target/classes/assets/textures/icon.png
13:41:58.181 [JavaFX Application Thread] DEBUG FXGLAssetLoaderServi - Loading from file system: jar:file:/C:/Users/11706/.m2/repository/com/github/almasb/fxgl/17.3/fxgl-17.3.jar!/fxglassets/textures/fxgl_default_cursor.png
13:41:58.188 [JavaFX Application Thread] DEBUG Input                - Registered new binding: Screenshot - CTRL+8
13:41:58.189 [JavaFX Application Thread] DEBUG Input                - Registered new binding: System info dump - CTRL+9
13:41:58.189 [JavaFX Application Thread] DEBUG Input                - Registered new binding: Restart - CTRL+R
13:41:58.191 [JavaFX Application Thread] DEBUG Input                - Registered new binding: Toggle Debug Camera - CTRL+7
13:41:58.198 [JavaFX Application Thread] DEBUG LoopRunner           - Starting loop
13:41:58.198 [JavaFX Application Thread] DEBUG LoopRunner           - Initializing ScheduledExecutorLoop with fps: 120
13:41:58.202 [JavaFX Application Thread] DEBUG GameApplicationServi - Starting new game
13:41:58.203 [JavaFX Application Thread] DEBUG Input                - Clearing active input actions
13:41:58.220 [JavaFX Application Thread] DEBUG GameApplicationServi - Removing overlay from FXGLStartupScene and adding to FXGLLoadingScene
13:41:58.220 [JavaFX Application Thread] DEBUG PrimaryStageWindow   - FXGLStartupScene -> FXGLLoadingScene
13:41:58.220 [JavaFX Application Thread] DEBUG GameApplicationServi - Clearing previous game
13:41:58.220 [JavaFX Application Thread] DEBUG GameScene            - Clearing game scene
13:41:58.220 [JavaFX Application Thread] DEBUG GameWorld            - Clearing game world
13:41:58.220 [JavaFX Application Thread] DEBUG PhysicsWorld         - Clearing physics world
13:41:58.223 [FXGL Background Thread 4 ] DEBUG FXGLApplication      - Initializing game
13:41:58.225 [JavaFX Application Thread] DEBUG FXGLApplication      - Registering font factories with UI factory
13:41:58.811 [FXGL Background Thread 4 ] WARN  TMXLevelLoader       - TiledMap generated from 1.11.2. Supported version: 1.9.0. Some features may not be parsed fully.
13:41:59.043 [FXGL Background Thread 4 ] DEBUG TMXLevelLoader       - Parsed TiledMap: file:/C:/Users/11706/IdeaProjects/survivior-game3/SurvivorGame/target/classes/assets/levels/Bigdongeonmap.tmx
13:41:59.047 [FXGL Background Thread 4 ] DEBUG TMXLevelLoader       - Creating tile layer entities
13:41:59.054 [FXGL Background Thread 4 ] DEBUG TilesetLoader        - Loading view for layer 图块层 1
13:41:59.107 [FXGL Background Thread 4 ] DEBUG TilesetLoader        - Created buffer with size 9600.0x5600.0
13:41:59.225 [FXGL Background Thread 4 ] DEBUG TilesetLoader        - Loading view for layer 图块层 2
13:41:59.278 [FXGL Background Thread 4 ] DEBUG TilesetLoader        - Created buffer with size 9600.0x5600.0
13:41:59.313 [FXGL Background Thread 4 ] DEBUG TMXLevelLoader       - Creating object layer entities
13:41:59.437 [FXGL Background Thread 4 ] DEBUG GameWorld            - Clearing removable entities
13:41:59.439 [FXGL Background Thread 4 ] DEBUG GameWorld            - Setting level: com.almasb.fxgl.entity.level.Level@319bef5e
13:41:59.505 [FXGL Background Thread 4 ] DEBUG FXGLAssetLoaderServi - Loading from file system: file:/C:/Users/11706/IdeaProjects/survivior-game3/SurvivorGame/target/classes/assets/textures/Idle.png
13:41:59.521 [FXGL Background Thread 4 ] DEBUG FXGLAssetLoaderServi - Loading from file system: file:/C:/Users/11706/IdeaProjects/survivior-game3/SurvivorGame/target/classes/assets/textures/Run.png
13:41:59.523 [FXGL Background Thread 4 ] DEBUG FXGLAssetLoaderServi - Loading from file system: file:/C:/Users/11706/IdeaProjects/survivior-game3/SurvivorGame/target/classes/assets/textures/Attack3.png
13:41:59.544 [FXGL Background Thread 4 ] INFO  FXGLApplication      - Game initialization took: 1.320 sec
13:41:59.957 [JavaFX Application Thread] DEBUG Input                - Clearing active input actions
13:41:59.978 [JavaFX Application Thread] DEBUG GameApplicationServi - Removing overlay from FXGLLoadingScene and adding to GameScene
13:41:59.978 [JavaFX Application Thread] DEBUG PrimaryStageWindow   - FXGLLoadingScene -> GameScene
13:42:01.097 [FXGL Background Thread 3 ] DEBUG Engine               - Logging environment variables
13:42:01.097 [FXGL Background Thread 3 ] DEBUG Engine               - achievements: []
13:42:01.097 [FXGL Background Thread 3 ] DEBUG Engine               - actualHeight: 720.0
13:42:01.097 [FXGL Background Thread 3 ] DEBUG Engine               - actualHeightProperty: ReadOnlyDoubleProperty [value: 720.0]
13:42:01.097 [FXGL Background Thread 3 ] DEBUG Engine               - actualWidth: 1280.0
13:42:01.097 [FXGL Background Thread 3 ] DEBUG Engine               - actualWidthProperty: ReadOnlyDoubleProperty [value: 1280.0]
13:42:01.097 [FXGL Background Thread 3 ] DEBUG Engine               - appIcon: icon.png
13:42:01.097 [FXGL Background Thread 3 ] DEBUG Engine               - applicationMode: DEVELOPER
13:42:01.097 [FXGL Background Thread 3 ] DEBUG Engine               - cSSList: [fxgl_dark.css]
13:42:01.098 [FXGL Background Thread 3 ] DEBUG Engine               - collisionDetectionStrategy: BRUTE_FORCE
13:42:01.098 [FXGL Background Thread 3 ] DEBUG Engine               - configClass: Optional.empty
13:42:01.098 [FXGL Background Thread 3 ] DEBUG Engine               - credits: []
13:42:01.098 [FXGL Background Thread 3 ] DEBUG Engine               - defaultCursor: CursorInfo(imageName=fxgl_default_cursor.png, hotspotX=7.0, hotspotY=6.0)
13:42:01.098 [FXGL Background Thread 3 ] DEBUG Engine               - devBBoxColorProperty: ObjectProperty [value: 0xff0000ff]
13:42:01.098 [FXGL Background Thread 3 ] DEBUG Engine               - devEnableDebugCameraProperty: BooleanProperty [value: false]
13:42:01.098 [FXGL Background Thread 3 ] DEBUG Engine               - devSensorColorProperty: ObjectProperty [value: 0xffff00ff]
13:42:01.098 [FXGL Background Thread 3 ] DEBUG Engine               - devShowBBoxProperty: BooleanProperty [value: false]
13:42:01.098 [FXGL Background Thread 3 ] DEBUG Engine               - devShowPositionProperty: BooleanProperty [value: false]
13:42:01.098 [FXGL Background Thread 3 ] DEBUG Engine               - enabledMenuItems: []
13:42:01.098 [FXGL Background Thread 3 ] DEBUG Engine               - engineServices: [class com.almasb.fxgl.app.services.FXGLAssetLoaderService, class com.almasb.fxgl.app.FXGLApplication$GameApplicationService, class com.almasb.fxgl.app.services.FXGLDialogService, class com.almasb.fxgl.app.services.IOTaskExecutorService, class com.almasb.fxgl.io.FileSystemService, class com.almasb.fxgl.localization.LocalizationService, class com.almasb.fxgl.app.services.SystemBundleService, class com.almasb.fxgl.profile.SaveLoadService, class com.almasb.fxgl.ui.FXGLUIFactoryServiceProvider, class com.almasb.fxgl.ui.FXGLDialogFactoryServiceProvider, class com.almasb.fxgl.audio.AudioPlayer, class com.almasb.fxgl.notification.impl.NotificationServiceProvider, class com.almasb.fxgl.achievement.AchievementService, class com.almasb.fxgl.cutscene.CutsceneService, class com.almasb.fxgl.minigames.MiniGameService, class com.almasb.fxgl.net.NetService, class com.almasb.fxgl.app.services.UpdaterService, class com.almasb.fxgl.dev.DevService]
13:42:01.098 [FXGL Background Thread 3 ] DEBUG Engine               - fontGame: Abel-Regular.ttf
13:42:01.098 [FXGL Background Thread 3 ] DEBUG Engine               - fontMono: TerminalLandMono-Regular.otf
13:42:01.098 [FXGL Background Thread 3 ] DEBUG Engine               - fontSizeScaleUI: 1.0
13:42:01.098 [FXGL Background Thread 3 ] DEBUG Engine               - fontText: Courier-Prime.ttf
13:42:01.098 [FXGL Background Thread 3 ] DEBUG Engine               - fontUI: VarelaRound-Regular.ttf
13:42:01.098 [FXGL Background Thread 3 ] DEBUG Engine               - fullScreen: BooleanProperty [value: false]
13:42:01.099 [FXGL Background Thread 3 ] DEBUG Engine               - gameDifficulty: MEDIUM
13:42:01.099 [FXGL Background Thread 3 ] DEBUG Engine               - gameDifficultyProperty: ObjectProperty [value: MEDIUM]
13:42:01.099 [FXGL Background Thread 3 ] DEBUG Engine               - globalMusicVolume: 0.5
13:42:01.099 [FXGL Background Thread 3 ] DEBUG Engine               - globalMusicVolumeProperty: DoubleProperty [value: 0.5]
13:42:01.099 [FXGL Background Thread 3 ] DEBUG Engine               - globalSoundVolume: 0.5
13:42:01.099 [FXGL Background Thread 3 ] DEBUG Engine               - globalSoundVolumeProperty: DoubleProperty [value: 0.5]
13:42:01.099 [FXGL Background Thread 3 ] DEBUG Engine               - height: 720
13:42:01.099 [FXGL Background Thread 3 ] DEBUG Engine               - is3D: false
13:42:01.099 [FXGL Background Thread 3 ] DEBUG Engine               - isAndroid: false
13:42:01.099 [FXGL Background Thread 3 ] DEBUG Engine               - isBrowser: false
13:42:01.099 [FXGL Background Thread 3 ] DEBUG Engine               - isClickFeedbackEnabled: false
13:42:01.099 [FXGL Background Thread 3 ] DEBUG Engine               - isCloseConfirmation: false
13:42:01.099 [FXGL Background Thread 3 ] DEBUG Engine               - isDesktop: true
13:42:01.099 [FXGL Background Thread 3 ] DEBUG Engine               - isDeveloperMenuEnabled: false
13:42:01.099 [FXGL Background Thread 3 ] DEBUG Engine               - isEmbedded: false
13:42:01.099 [FXGL Background Thread 3 ] DEBUG Engine               - isEntityPreloadEnabled: true
13:42:01.099 [FXGL Background Thread 3 ] DEBUG Engine               - isExperimentalTiledLargeMap: false
13:42:01.099 [FXGL Background Thread 3 ] DEBUG Engine               - isFileSystemWriteAllowed: true
13:42:01.099 [FXGL Background Thread 3 ] DEBUG Engine               - isFullScreenAllowed: false
13:42:01.099 [FXGL Background Thread 3 ] DEBUG Engine               - isFullScreenFromStart: false
13:42:01.099 [FXGL Background Thread 3 ] DEBUG Engine               - isGameMenuEnabled: true
13:42:01.099 [FXGL Background Thread 3 ] DEBUG Engine               - isIOS: false
13:42:01.099 [FXGL Background Thread 3 ] DEBUG Engine               - isIntroEnabled: false
13:42:01.099 [FXGL Background Thread 3 ] DEBUG Engine               - isLinux: false
13:42:01.099 [FXGL Background Thread 3 ] DEBUG Engine               - isMac: false
13:42:01.099 [FXGL Background Thread 3 ] DEBUG Engine               - isMainMenuEnabled: false
13:42:01.099 [FXGL Background Thread 3 ] DEBUG Engine               - isManualResizeEnabled: false
13:42:01.099 [FXGL Background Thread 3 ] DEBUG Engine               - isMobile: false
13:42:01.099 [FXGL Background Thread 3 ] DEBUG Engine               - isNative: false
13:42:01.099 [FXGL Background Thread 3 ] DEBUG Engine               - isPauseMusicWhenMinimized: true
13:42:01.099 [FXGL Background Thread 3 ] DEBUG Engine               - isPreserveResizeRatio: false
13:42:01.100 [FXGL Background Thread 3 ] DEBUG Engine               - isProfilingEnabled: false
13:42:01.100 [FXGL Background Thread 3 ] DEBUG Engine               - isScaleAffectedOnResize: true
13:42:01.100 [FXGL Background Thread 3 ] DEBUG Engine               - isSingleStep: false
13:42:01.100 [FXGL Background Thread 3 ] DEBUG Engine               - isUserProfileEnabled: false
13:42:01.100 [FXGL Background Thread 3 ] DEBUG Engine               - isWindows: true
13:42:01.100 [FXGL Background Thread 3 ] DEBUG Engine               - language: ObjectProperty [value: ENGLISH]
13:42:01.100 [FXGL Background Thread 3 ] DEBUG Engine               - menuKey: ESCAPE
13:42:01.100 [FXGL Background Thread 3 ] DEBUG Engine               - mouseSensitivity: 0.2
13:42:01.100 [FXGL Background Thread 3 ] DEBUG Engine               - notificationViewClass: class com.almasb.fxgl.notification.view.XboxNotificationView
13:42:01.100 [FXGL Background Thread 3 ] DEBUG Engine               - pixelsPerMeter: 50.0
13:42:01.100 [FXGL Background Thread 3 ] DEBUG Engine               - platform: WINDOWS
13:42:01.100 [FXGL Background Thread 3 ] DEBUG Engine               - prefHeightProperty: ReadOnlyDoubleProperty [value: 720.0]
13:42:01.100 [FXGL Background Thread 3 ] DEBUG Engine               - prefWidthProperty: ReadOnlyDoubleProperty [value: 1280.0]
13:42:01.100 [FXGL Background Thread 3 ] DEBUG Engine               - profileDir: profiles/
13:42:01.100 [FXGL Background Thread 3 ] DEBUG Engine               - profileName: StringProperty [value: DEFAULT]
13:42:01.100 [FXGL Background Thread 3 ] DEBUG Engine               - randomSeed: -1
13:42:01.101 [FXGL Background Thread 3 ] DEBUG Engine               - runtimeInfo: RuntimeInfo(platform=WINDOWS, version=17.3, build=30.03.2023 11.49)
13:42:01.101 [FXGL Background Thread 3 ] DEBUG Engine               - saveFileExt: sav
13:42:01.101 [FXGL Background Thread 3 ] DEBUG Engine               - scaledHeightProp$fxgl: DoubleProperty [bound, value: 720.0]
13:42:01.101 [FXGL Background Thread 3 ] DEBUG Engine               - scaledWidthProp$fxgl: DoubleProperty [bound, value: 1280.0]
13:42:01.101 [FXGL Background Thread 3 ] DEBUG Engine               - sceneFactory: com.almasb.fxgl.app.scene.SceneFactory@6e25251a
13:42:01.101 [FXGL Background Thread 3 ] DEBUG Engine               - secondsIn24h: 60
13:42:01.101 [FXGL Background Thread 3 ] DEBUG Engine               - soundMenuBack: menu/back.wav
13:42:01.101 [FXGL Background Thread 3 ] DEBUG Engine               - soundMenuPress: menu/press.wav
13:42:01.101 [FXGL Background Thread 3 ] DEBUG Engine               - soundMenuSelect: menu/select.wav
13:42:01.101 [FXGL Background Thread 3 ] DEBUG Engine               - soundNotification: core/notification.wav
13:42:01.101 [FXGL Background Thread 3 ] DEBUG Engine               - stageStyle: DECORATED
13:42:01.101 [FXGL Background Thread 3 ] DEBUG Engine               - supportedLanguages: [ENGLISH, FRENCH, GERMAN, HUNGARIAN, RUSSIAN]
13:42:01.101 [FXGL Background Thread 3 ] DEBUG Engine               - ticksPerSecond: 120
13:42:01.101 [FXGL Background Thread 3 ] DEBUG Engine               - title: Survivor Game
13:42:01.101 [FXGL Background Thread 3 ] DEBUG Engine               - urlGithub: https://github.com/AlmasB/FXGL
13:42:01.101 [FXGL Background Thread 3 ] DEBUG Engine               - urlLeaderboard: http://fxgl-top.herokuapp.com/
13:42:01.101 [FXGL Background Thread 3 ] DEBUG Engine               - urlPOM: https://raw.githubusercontent.com/AlmasB/FXGL/release/README.md
13:42:01.101 [FXGL Background Thread 3 ] DEBUG Engine               - userAppClass: class com.survivor.main.GameApp
13:42:01.101 [FXGL Background Thread 3 ] DEBUG Engine               - version: 1.0
13:42:01.101 [FXGL Background Thread 3 ] DEBUG Engine               - versionCheckDays: 7
13:42:01.101 [FXGL Background Thread 3 ] DEBUG Engine               - width: 1280
13:42:01.101 [FXGL Background Thread 3 ] DEBUG Engine               - Logging services
13:42:01.101 [FXGL Background Thread 3 ] DEBUG Engine               - class com.almasb.fxgl.app.services.FXGLAssetLoaderService
13:42:01.101 [FXGL Background Thread 3 ] DEBUG Engine               - class com.almasb.fxgl.app.FXGLApplication$GameApplicationService
13:42:01.101 [FXGL Background Thread 3 ] DEBUG Engine               - class com.almasb.fxgl.app.services.FXGLDialogService
13:42:01.101 [FXGL Background Thread 3 ] DEBUG Engine               - class com.almasb.fxgl.app.services.IOTaskExecutorService
13:42:01.102 [FXGL Background Thread 3 ] DEBUG Engine               - class com.almasb.fxgl.io.FileSystemService
13:42:01.102 [FXGL Background Thread 3 ] DEBUG Engine               - class com.almasb.fxgl.localization.LocalizationService
13:42:01.102 [FXGL Background Thread 3 ] DEBUG Engine               - class com.almasb.fxgl.app.services.SystemBundleService
13:42:01.102 [FXGL Background Thread 3 ] DEBUG Engine               - class com.almasb.fxgl.profile.SaveLoadService
13:42:01.102 [FXGL Background Thread 3 ] DEBUG Engine               - class com.almasb.fxgl.ui.FXGLUIFactoryServiceProvider
13:42:01.102 [FXGL Background Thread 3 ] DEBUG Engine               - class com.almasb.fxgl.ui.FXGLDialogFactoryServiceProvider
13:42:01.102 [FXGL Background Thread 3 ] DEBUG Engine               - class com.almasb.fxgl.audio.AudioPlayer
13:42:01.102 [FXGL Background Thread 3 ] DEBUG Engine               - class com.almasb.fxgl.notification.impl.NotificationServiceProvider
13:42:01.102 [FXGL Background Thread 3 ] DEBUG Engine               - class com.almasb.fxgl.achievement.AchievementService
13:42:01.102 [FXGL Background Thread 3 ] DEBUG Engine               - class com.almasb.fxgl.cutscene.CutsceneService
13:42:01.102 [FXGL Background Thread 3 ] DEBUG Engine               - class com.almasb.fxgl.minigames.MiniGameService
13:42:01.102 [FXGL Background Thread 3 ] DEBUG Engine               - class com.almasb.fxgl.net.NetService
13:42:01.102 [FXGL Background Thread 3 ] DEBUG Engine               - class com.almasb.fxgl.app.services.UpdaterService
13:42:01.102 [FXGL Background Thread 3 ] DEBUG Engine               - class com.almasb.fxgl.dev.DevService
13:42:01.763 [JavaFX Application Thread] DEBUG FXGLAssetLoaderServi - Loading from file system: file:/C:/Users/11706/IdeaProjects/survivior-game3/SurvivorGame/target/classes/assets/textures/enemy.png
13:42:05.027 [JavaFX Application Thread] DEBUG FXGLApplication      - Exiting FXGL
13:42:05.027 [JavaFX Application Thread] DEBUG LoopRunner           - Stopping loop
13:42:05.027 [JavaFX Application Thread] DEBUG SystemBundleService  - Saving FXGL system data
13:42:05.029 [JavaFX Application Thread] DEBUG FileSystemAccess     - Writing to: C:\Users\11706\IdeaProjects\survivior-game3\SurvivorGame\system\fxgl.bundle
13:42:05.034 [JavaFX Application Thread] DEBUG Async                - Shutting down background threads
13:42:05.034 [JavaFX Application Thread] DEBUG PrimaryStageWindow   - Closing main window
13:42:05.075 [JavaFX Application Thread] DEBUG Logger               - Closing Logger
