23:49:02.173 [main                     ] DEBUG Logger               - Configured Logger
23:49:02.198 [main                     ] DEBUG GameApplication      - Logging settings
Title: Survivor Game
Version: 1.0
Width: 1280
Height: 720
Fullscreen: false
Intro: false
Profiling: false
Single step:false
App Mode: DEVELOPER
Menu Key: ESCAPE
Stage Style: DECORATED
Scene Factory: class com.almasb.fxgl.app.scene.SceneFactory

23:49:02.620 [JavaFX Application Thread] DEBUG FXGLApplication      - Initializing FXGL
23:49:02.625 [JavaFX Application Thread] INFO  Engine               - FXGL-17.3 (30.03.2023 11.49) on WINDOWS (J:21.0.5 FX:20)
23:49:02.625 [JavaFX Application Thread] DEBUG Engine               - JRE Vendor Name: Oracle Corporation
23:49:02.626 [JavaFX Application Thread] DEBUG Engine               - Running on OS: Windows 11 version 10.0
23:49:02.626 [JavaFX Application Thread] DEBUG Engine               - Architecture: amd64
23:49:02.626 [JavaFX Application Thread] INFO  Engine               - Source code and latest versions at: https://github.com/AlmasB/FXGL
23:49:02.626 [JavaFX Application Thread] INFO  Engine               -       Ask questions and discuss at: https://github.com/AlmasB/FXGL/discussions
23:49:02.626 [JavaFX Application Thread] INFO  Engine               -              Join the FXGL chat at: https://gitter.im/AlmasB/FXGL
23:49:02.703 [JavaFX Application Thread] DEBUG PrimaryStageWindow   - Creating a JavaFX scene
23:49:02.746 [JavaFX Application Thread] DEBUG PrimaryStageWindow   - Target settings size: 1280.0 x 720.0
23:49:02.747 [JavaFX Application Thread] DEBUG PrimaryStageWindow   - Scaled scene size:    1280.0 x 720.0
23:49:02.747 [JavaFX Application Thread] DEBUG PrimaryStageWindow   - Scaled ratio: (1.0, 1.0)
23:49:02.748 [JavaFX Application Thread] DEBUG PrimaryStageWindow   - Set initial scene to FXGLStartupScene
23:49:02.751 [JavaFX Application Thread] DEBUG PrimaryStageWindow   - Opening main window
23:49:02.879 [JavaFX Application Thread] DEBUG PrimaryStageWindow   - Window border size: (14.6666259765625, 37.33331298828125)
23:49:02.880 [JavaFX Application Thread] DEBUG PrimaryStageWindow   - Scaled size: 1280.0 x 720.0
23:49:02.880 [JavaFX Application Thread] DEBUG PrimaryStageWindow   - Scaled ratio: (1.0, 1.0)
23:49:02.880 [JavaFX Application Thread] DEBUG PrimaryStageWindow   - Scene size: 1280.0 x 720.0
23:49:02.880 [JavaFX Application Thread] DEBUG PrimaryStageWindow   - Stage size: 1294.6666259765625 x 757.3333129882812
23:49:02.889 [FXGL Background Thread 1 ] DEBUG Engine               - Initializing environment variables
23:49:02.950 [FXGL Background Thread 1 ] DEBUG FXGLAssetLoaderServi - User app class for loading assets: class com.survivor.main.GameApp
23:49:02.951 [FXGL Background Thread 1 ] DEBUG GameApplicationServi - Applying CSS: fxgl_dark.css
23:49:02.953 [FXGL Background Thread 1 ] DEBUG FXGLAssetLoaderServi - Loading from file system: jar:file:/C:/Users/11706/.m2/repository/com/github/almasb/fxgl/17.3/fxgl-17.3.jar!/fxglassets/ui/css/fxgl_dark.css
23:49:03.010 [FXGL Background Thread 1 ] DEBUG GameApplicationServi - Initializing application scenes
23:49:03.135 [FXGL Background Thread 1 ] DEBUG GameWorld            - Game world initialized
23:49:03.277 [FXGL Background Thread 1 ] DEBUG PhysicsWorld         - Physics world initialized: appHeight=720, physics.ppm=50.0
23:49:03.278 [FXGL Background Thread 1 ] DEBUG PhysicsWorld         - Using strategy: BRUTE_FORCE
23:49:03.284 [FXGL Background Thread 1 ] DEBUG GameScene            - Game scene initialized: 1280x720
23:49:03.298 [FXGL Background Thread 1 ] DEBUG FXGL.DefaultMenu     - createMenuBodyGameMenu()
23:49:03.311 [FXGL Background Thread 1 ] DEBUG FXGL.DefaultMenu     - createOptionsMenu()
23:49:03.326 [FXGL Background Thread 1 ] DEBUG FXGLAssetLoaderServi - Loading from file system: jar:file:/C:/Users/11706/.m2/repository/com/github/almasb/fxgl/17.3/fxgl-17.3.jar!/fxglassets/textures/particles/smoke.png
23:49:03.451 [FXGL Background Thread 1 ] DEBUG FXGLAssetLoaderServi - Loading from file system: jar:file:/C:/Users/11706/.m2/repository/com/github/almasb/fxgl/17.3/fxgl-17.3.jar!/fxglassets/textures/particles/trace_horizontal.png
23:49:03.476 [FXGL Background Thread 1 ] DEBUG GameApplicationServi - Application scenes initialized
23:49:03.491 [FXGL Background Thread 1 ] DEBUG SystemBundleService  - Loading FXGL system data
23:49:03.497 [FXGL Background Thread 1 ] DEBUG FileSystemAccess     - Reading from: C:\Users\11706\IdeaProjects\survivior-game1\SurvivorGame\system\fxgl.bundle
23:49:03.507 [FXGL Background Thread 1 ] DEBUG SystemBundleService  - Bundle FXGL: {}
23:49:03.507 [FXGL Background Thread 1 ] DEBUG UpdaterService       - Checking for updates
23:49:03.512 [FXGL Background Thread 4 ] DEBUG FXGLApplication      - Loading fonts
23:49:03.513 [FXGL Background Thread 4 ] DEBUG FXGLAssetLoaderServi - Loading from file system: jar:file:/C:/Users/11706/.m2/repository/com/github/almasb/fxgl/17.3/fxgl-17.3.jar!/fxglassets/ui/fonts/VarelaRound-Regular.ttf
23:49:03.513 [FXGL Background Thread 1 ] DEBUG FXGLApplication      - Loading default localization
23:49:03.514 [FXGL Background Thread 1 ] DEBUG FXGLAssetLoaderServi - Loading from file system: jar:file:/C:/Users/11706/.m2/repository/com/github/almasb/fxgl/17.3/fxgl-17.3.jar!/fxglassets/languages/english.lang
23:49:03.585 [FXGL Background Thread 4 ] DEBUG FXGLAssetLoaderServi - Loading from file system: jar:file:/C:/Users/11706/.m2/repository/com/github/almasb/fxgl/17.3/fxgl-17.3.jar!/fxglassets/ui/fonts/Abel-Regular.ttf
23:49:03.590 [FXGL Background Thread 1 ] INFO  FXGLApplication      - FXGL initialization took: 0.701 sec
23:49:03.591 [FXGL Background Thread 4 ] DEBUG FXGLAssetLoaderServi - Loading from file system: jar:file:/C:/Users/11706/.m2/repository/com/github/almasb/fxgl/17.3/fxgl-17.3.jar!/fxglassets/ui/fonts/TerminalLandMono-Regular.otf
23:49:03.592 [JavaFX Application Thread] DEBUG FXGLAssetLoaderServi - Loading from file system: file:/C:/Users/11706/IdeaProjects/survivior-game1/SurvivorGame/target/classes/assets/textures/icon.png
23:49:03.597 [FXGL Background Thread 4 ] DEBUG FXGLAssetLoaderServi - Loading from file system: jar:file:/C:/Users/11706/.m2/repository/com/github/almasb/fxgl/17.3/fxgl-17.3.jar!/fxglassets/ui/fonts/Courier-Prime.ttf
23:49:03.612 [JavaFX Application Thread] DEBUG FXGLAssetLoaderServi - Loading from file system: jar:file:/C:/Users/11706/.m2/repository/com/github/almasb/fxgl/17.3/fxgl-17.3.jar!/fxglassets/textures/fxgl_default_cursor.png
23:49:03.629 [JavaFX Application Thread] DEBUG Input                - Registered new binding: Screenshot - CTRL+8
23:49:03.630 [JavaFX Application Thread] DEBUG Input                - Registered new binding: System info dump - CTRL+9
23:49:03.631 [JavaFX Application Thread] DEBUG Input                - Registered new binding: Restart - CTRL+R
23:49:03.632 [JavaFX Application Thread] DEBUG Input                - Registered new binding: Toggle Debug Camera - CTRL+7
23:49:03.637 [JavaFX Application Thread] DEBUG LoopRunner           - Starting loop
23:49:03.637 [JavaFX Application Thread] DEBUG LoopRunner           - Initializing ScheduledExecutorLoop with fps: 120
23:49:03.641 [JavaFX Application Thread] DEBUG GameApplicationServi - Starting new game
23:49:03.642 [JavaFX Application Thread] DEBUG Input                - Clearing active input actions
23:49:03.658 [JavaFX Application Thread] DEBUG GameApplicationServi - Removing overlay from FXGLStartupScene and adding to FXGLLoadingScene
23:49:03.658 [JavaFX Application Thread] DEBUG PrimaryStageWindow   - FXGLStartupScene -> FXGLLoadingScene
23:49:03.658 [JavaFX Application Thread] DEBUG GameApplicationServi - Clearing previous game
23:49:03.658 [JavaFX Application Thread] DEBUG GameScene            - Clearing game scene
23:49:03.658 [JavaFX Application Thread] DEBUG GameWorld            - Clearing game world
23:49:03.659 [JavaFX Application Thread] DEBUG PhysicsWorld         - Clearing physics world
23:49:03.662 [JavaFX Application Thread] DEBUG FXGLApplication      - Registering font factories with UI factory
23:49:03.662 [FXGL Background Thread 4 ] DEBUG FXGLApplication      - Initializing game
23:49:04.124 [FXGL Background Thread 4 ] WARN  TMXLevelLoader       - TiledMap generated from 1.11.2. Supported version: 1.9.0. Some features may not be parsed fully.
23:49:04.334 [FXGL Background Thread 4 ] DEBUG TMXLevelLoader       - Parsed TiledMap: file:/C:/Users/11706/IdeaProjects/survivior-game1/SurvivorGame/target/classes/assets/levels/Bigdongeonmap.tmx
23:49:04.347 [FXGL Background Thread 4 ] DEBUG TMXLevelLoader       - Creating tile layer entities
23:49:04.358 [FXGL Background Thread 4 ] DEBUG TilesetLoader        - Loading view for layer 图块层 1
23:49:04.412 [FXGL Background Thread 4 ] DEBUG TilesetLoader        - Created buffer with size 9600.0x5600.0
23:49:04.572 [FXGL Background Thread 4 ] DEBUG TilesetLoader        - Loading view for layer 图块层 2
23:49:04.632 [FXGL Background Thread 4 ] DEBUG TilesetLoader        - Created buffer with size 9600.0x5600.0
23:49:04.662 [FXGL Background Thread 4 ] DEBUG TMXLevelLoader       - Creating object layer entities
23:49:04.827 [FXGL Background Thread 4 ] DEBUG GameWorld            - Clearing removable entities
23:49:04.830 [FXGL Background Thread 4 ] DEBUG GameWorld            - Setting level: com.almasb.fxgl.entity.level.Level@21224086
23:49:04.921 [FXGL Background Thread 4 ] DEBUG Input                - Registered new binding: Move Up - W
23:49:04.922 [FXGL Background Thread 4 ] DEBUG Input                - Registered new binding: Move Down - S
23:49:04.922 [FXGL Background Thread 4 ] DEBUG Input                - Registered new binding: Move Left - A
23:49:04.922 [FXGL Background Thread 4 ] DEBUG Input                - Registered new binding: Move Right - D
23:49:04.923 [FXGL Background Thread 4 ] DEBUG Input                - Registered new binding: AttackLeft - J
23:49:04.923 [FXGL Background Thread 4 ] DEBUG Input                - Registered new binding: AttackRight - K
23:49:04.924 [FXGL Background Thread 4 ] DEBUG Input                - Registered new binding: Dash - L
23:49:04.936 [FXGL Background Thread 4 ] DEBUG FXGLAssetLoaderServi - Loading from file system: file:/C:/Users/11706/IdeaProjects/survivior-game1/SurvivorGame/target/classes/assets/textures/Idle.png
23:49:04.944 [FXGL Background Thread 4 ] DEBUG FXGLAssetLoaderServi - Loading from file system: file:/C:/Users/11706/IdeaProjects/survivior-game1/SurvivorGame/target/classes/assets/textures/Run.png
23:49:04.948 [FXGL Background Thread 4 ] DEBUG FXGLAssetLoaderServi - Loading from file system: file:/C:/Users/11706/IdeaProjects/survivior-game1/SurvivorGame/target/classes/assets/textures/Attack3.png
23:49:04.961 [FXGL Background Thread 4 ] INFO  FXGLApplication      - Game initialization took: 1.298 sec
23:49:05.307 [JavaFX Application Thread] DEBUG Input                - Clearing active input actions
23:49:05.325 [JavaFX Application Thread] DEBUG GameApplicationServi - Removing overlay from FXGLLoadingScene and adding to GameScene
23:49:05.326 [JavaFX Application Thread] DEBUG PrimaryStageWindow   - FXGLLoadingScene -> GameScene
23:49:05.425 [JavaFX Application Thread] DEBUG FXGLAssetLoaderServi - Loading from file system: file:/C:/Users/11706/IdeaProjects/survivior-game1/SurvivorGame/target/classes/assets/textures/enemy.png
23:49:06.084 [FXGL Background Thread 2 ] INFO  UpdaterService       - Your current version:  17.3
23:49:06.084 [FXGL Background Thread 2 ] INFO  UpdaterService       - Latest stable version: 21.1
23:49:06.511 [FXGL Background Thread 3 ] DEBUG Engine               - Logging environment variables
23:49:06.511 [FXGL Background Thread 3 ] DEBUG Engine               - achievements: []
23:49:06.511 [FXGL Background Thread 3 ] DEBUG Engine               - actualHeight: 720.0
23:49:06.511 [FXGL Background Thread 3 ] DEBUG Engine               - actualHeightProperty: ReadOnlyDoubleProperty [value: 720.0]
23:49:06.512 [FXGL Background Thread 3 ] DEBUG Engine               - actualWidth: 1280.0
23:49:06.512 [FXGL Background Thread 3 ] DEBUG Engine               - actualWidthProperty: ReadOnlyDoubleProperty [value: 1280.0]
23:49:06.512 [FXGL Background Thread 3 ] DEBUG Engine               - appIcon: icon.png
23:49:06.512 [FXGL Background Thread 3 ] DEBUG Engine               - applicationMode: DEVELOPER
23:49:06.512 [FXGL Background Thread 3 ] DEBUG Engine               - cSSList: [fxgl_dark.css]
23:49:06.512 [FXGL Background Thread 3 ] DEBUG Engine               - collisionDetectionStrategy: BRUTE_FORCE
23:49:06.512 [FXGL Background Thread 3 ] DEBUG Engine               - configClass: Optional.empty
23:49:06.512 [FXGL Background Thread 3 ] DEBUG Engine               - credits: []
23:49:06.512 [FXGL Background Thread 3 ] DEBUG Engine               - defaultCursor: CursorInfo(imageName=fxgl_default_cursor.png, hotspotX=7.0, hotspotY=6.0)
23:49:06.512 [FXGL Background Thread 3 ] DEBUG Engine               - devBBoxColorProperty: ObjectProperty [value: 0xff0000ff]
23:49:06.512 [FXGL Background Thread 3 ] DEBUG Engine               - devEnableDebugCameraProperty: BooleanProperty [value: false]
23:49:06.512 [FXGL Background Thread 3 ] DEBUG Engine               - devSensorColorProperty: ObjectProperty [value: 0xffff00ff]
23:49:06.512 [FXGL Background Thread 3 ] DEBUG Engine               - devShowBBoxProperty: BooleanProperty [value: false]
23:49:06.512 [FXGL Background Thread 3 ] DEBUG Engine               - devShowPositionProperty: BooleanProperty [value: false]
23:49:06.512 [FXGL Background Thread 3 ] DEBUG Engine               - enabledMenuItems: []
23:49:06.512 [FXGL Background Thread 3 ] DEBUG Engine               - engineServices: [class com.almasb.fxgl.app.services.FXGLAssetLoaderService, class com.almasb.fxgl.app.FXGLApplication$GameApplicationService, class com.almasb.fxgl.app.services.FXGLDialogService, class com.almasb.fxgl.app.services.IOTaskExecutorService, class com.almasb.fxgl.io.FileSystemService, class com.almasb.fxgl.localization.LocalizationService, class com.almasb.fxgl.app.services.SystemBundleService, class com.almasb.fxgl.profile.SaveLoadService, class com.almasb.fxgl.ui.FXGLUIFactoryServiceProvider, class com.almasb.fxgl.ui.FXGLDialogFactoryServiceProvider, class com.almasb.fxgl.audio.AudioPlayer, class com.almasb.fxgl.notification.impl.NotificationServiceProvider, class com.almasb.fxgl.achievement.AchievementService, class com.almasb.fxgl.cutscene.CutsceneService, class com.almasb.fxgl.minigames.MiniGameService, class com.almasb.fxgl.net.NetService, class com.almasb.fxgl.app.services.UpdaterService, class com.almasb.fxgl.dev.DevService]
23:49:06.512 [FXGL Background Thread 3 ] DEBUG Engine               - fontGame: Abel-Regular.ttf
23:49:06.512 [FXGL Background Thread 3 ] DEBUG Engine               - fontMono: TerminalLandMono-Regular.otf
23:49:06.512 [FXGL Background Thread 3 ] DEBUG Engine               - fontSizeScaleUI: 1.0
23:49:06.512 [FXGL Background Thread 3 ] DEBUG Engine               - fontText: Courier-Prime.ttf
23:49:06.512 [FXGL Background Thread 3 ] DEBUG Engine               - fontUI: VarelaRound-Regular.ttf
23:49:06.512 [FXGL Background Thread 3 ] DEBUG Engine               - fullScreen: BooleanProperty [value: false]
23:49:06.512 [FXGL Background Thread 3 ] DEBUG Engine               - gameDifficulty: MEDIUM
23:49:06.512 [FXGL Background Thread 3 ] DEBUG Engine               - gameDifficultyProperty: ObjectProperty [value: MEDIUM]
23:49:06.512 [FXGL Background Thread 3 ] DEBUG Engine               - globalMusicVolume: 0.5
23:49:06.512 [FXGL Background Thread 3 ] DEBUG Engine               - globalMusicVolumeProperty: DoubleProperty [value: 0.5]
23:49:06.514 [FXGL Background Thread 3 ] DEBUG Engine               - globalSoundVolume: 0.5
23:49:06.514 [FXGL Background Thread 3 ] DEBUG Engine               - globalSoundVolumeProperty: DoubleProperty [value: 0.5]
23:49:06.514 [FXGL Background Thread 3 ] DEBUG Engine               - height: 720
23:49:06.514 [FXGL Background Thread 3 ] DEBUG Engine               - is3D: false
23:49:06.514 [FXGL Background Thread 3 ] DEBUG Engine               - isAndroid: false
23:49:06.514 [FXGL Background Thread 3 ] DEBUG Engine               - isBrowser: false
23:49:06.514 [FXGL Background Thread 3 ] DEBUG Engine               - isClickFeedbackEnabled: false
23:49:06.514 [FXGL Background Thread 3 ] DEBUG Engine               - isCloseConfirmation: false
23:49:06.514 [FXGL Background Thread 3 ] DEBUG Engine               - isDesktop: true
23:49:06.514 [FXGL Background Thread 3 ] DEBUG Engine               - isDeveloperMenuEnabled: false
23:49:06.514 [FXGL Background Thread 3 ] DEBUG Engine               - isEmbedded: false
23:49:06.514 [FXGL Background Thread 3 ] DEBUG Engine               - isEntityPreloadEnabled: true
23:49:06.514 [FXGL Background Thread 3 ] DEBUG Engine               - isExperimentalTiledLargeMap: false
23:49:06.514 [FXGL Background Thread 3 ] DEBUG Engine               - isFileSystemWriteAllowed: true
23:49:06.514 [FXGL Background Thread 3 ] DEBUG Engine               - isFullScreenAllowed: false
23:49:06.514 [FXGL Background Thread 3 ] DEBUG Engine               - isFullScreenFromStart: false
23:49:06.514 [FXGL Background Thread 3 ] DEBUG Engine               - isGameMenuEnabled: true
23:49:06.514 [FXGL Background Thread 3 ] DEBUG Engine               - isIOS: false
23:49:06.514 [FXGL Background Thread 3 ] DEBUG Engine               - isIntroEnabled: false
23:49:06.514 [FXGL Background Thread 3 ] DEBUG Engine               - isLinux: false
23:49:06.514 [FXGL Background Thread 3 ] DEBUG Engine               - isMac: false
23:49:06.514 [FXGL Background Thread 3 ] DEBUG Engine               - isMainMenuEnabled: false
23:49:06.514 [FXGL Background Thread 3 ] DEBUG Engine               - isManualResizeEnabled: false
23:49:06.514 [FXGL Background Thread 3 ] DEBUG Engine               - isMobile: false
23:49:06.515 [FXGL Background Thread 3 ] DEBUG Engine               - isNative: false
23:49:06.515 [FXGL Background Thread 3 ] DEBUG Engine               - isPauseMusicWhenMinimized: true
23:49:06.515 [FXGL Background Thread 3 ] DEBUG Engine               - isPreserveResizeRatio: false
23:49:06.515 [FXGL Background Thread 3 ] DEBUG Engine               - isProfilingEnabled: false
23:49:06.515 [FXGL Background Thread 3 ] DEBUG Engine               - isScaleAffectedOnResize: true
23:49:06.515 [FXGL Background Thread 3 ] DEBUG Engine               - isSingleStep: false
23:49:06.515 [FXGL Background Thread 3 ] DEBUG Engine               - isUserProfileEnabled: false
23:49:06.515 [FXGL Background Thread 3 ] DEBUG Engine               - isWindows: true
23:49:06.515 [FXGL Background Thread 3 ] DEBUG Engine               - language: ObjectProperty [value: ENGLISH]
23:49:06.515 [FXGL Background Thread 3 ] DEBUG Engine               - menuKey: ESCAPE
23:49:06.515 [FXGL Background Thread 3 ] DEBUG Engine               - mouseSensitivity: 0.2
23:49:06.515 [FXGL Background Thread 3 ] DEBUG Engine               - notificationViewClass: class com.almasb.fxgl.notification.view.XboxNotificationView
23:49:06.515 [FXGL Background Thread 3 ] DEBUG Engine               - pixelsPerMeter: 50.0
23:49:06.515 [FXGL Background Thread 3 ] DEBUG Engine               - platform: WINDOWS
23:49:06.515 [FXGL Background Thread 3 ] DEBUG Engine               - prefHeightProperty: ReadOnlyDoubleProperty [value: 720.0]
23:49:06.515 [FXGL Background Thread 3 ] DEBUG Engine               - prefWidthProperty: ReadOnlyDoubleProperty [value: 1280.0]
23:49:06.515 [FXGL Background Thread 3 ] DEBUG Engine               - profileDir: profiles/
23:49:06.515 [FXGL Background Thread 3 ] DEBUG Engine               - profileName: StringProperty [value: DEFAULT]
23:49:06.515 [FXGL Background Thread 3 ] DEBUG Engine               - randomSeed: -1
23:49:06.515 [FXGL Background Thread 3 ] DEBUG Engine               - runtimeInfo: RuntimeInfo(platform=WINDOWS, version=17.3, build=30.03.2023 11.49)
23:49:06.515 [FXGL Background Thread 3 ] DEBUG Engine               - saveFileExt: sav
23:49:06.515 [FXGL Background Thread 3 ] DEBUG Engine               - scaledHeightProp$fxgl: DoubleProperty [bound, value: 720.0]
23:49:06.516 [FXGL Background Thread 3 ] DEBUG Engine               - scaledWidthProp$fxgl: DoubleProperty [bound, value: 1280.0]
23:49:06.516 [FXGL Background Thread 3 ] DEBUG Engine               - sceneFactory: com.almasb.fxgl.app.scene.SceneFactory@67f83b1b
23:49:06.516 [FXGL Background Thread 3 ] DEBUG Engine               - secondsIn24h: 60
23:49:06.516 [FXGL Background Thread 3 ] DEBUG Engine               - soundMenuBack: menu/back.wav
23:49:06.516 [FXGL Background Thread 3 ] DEBUG Engine               - soundMenuPress: menu/press.wav
23:49:06.516 [FXGL Background Thread 3 ] DEBUG Engine               - soundMenuSelect: menu/select.wav
23:49:06.516 [FXGL Background Thread 3 ] DEBUG Engine               - soundNotification: core/notification.wav
23:49:06.516 [FXGL Background Thread 3 ] DEBUG Engine               - stageStyle: DECORATED
23:49:06.516 [FXGL Background Thread 3 ] DEBUG Engine               - supportedLanguages: [ENGLISH, FRENCH, GERMAN, HUNGARIAN, RUSSIAN]
23:49:06.516 [FXGL Background Thread 3 ] DEBUG Engine               - ticksPerSecond: 120
23:49:06.516 [FXGL Background Thread 3 ] DEBUG Engine               - title: Survivor Game
23:49:06.516 [FXGL Background Thread 3 ] DEBUG Engine               - urlGithub: https://github.com/AlmasB/FXGL
23:49:06.516 [FXGL Background Thread 3 ] DEBUG Engine               - urlLeaderboard: http://fxgl-top.herokuapp.com/
23:49:06.516 [FXGL Background Thread 3 ] DEBUG Engine               - urlPOM: https://raw.githubusercontent.com/AlmasB/FXGL/release/README.md
23:49:06.516 [FXGL Background Thread 3 ] DEBUG Engine               - userAppClass: class com.survivor.main.GameApp
23:49:06.516 [FXGL Background Thread 3 ] DEBUG Engine               - version: 1.0
23:49:06.516 [FXGL Background Thread 3 ] DEBUG Engine               - versionCheckDays: 7
23:49:06.516 [FXGL Background Thread 3 ] DEBUG Engine               - width: 1280
23:49:06.516 [FXGL Background Thread 3 ] DEBUG Engine               - Logging services
23:49:06.516 [FXGL Background Thread 3 ] DEBUG Engine               - class com.almasb.fxgl.app.services.FXGLAssetLoaderService
23:49:06.516 [FXGL Background Thread 3 ] DEBUG Engine               - class com.almasb.fxgl.app.FXGLApplication$GameApplicationService
23:49:06.516 [FXGL Background Thread 3 ] DEBUG Engine               - class com.almasb.fxgl.app.services.FXGLDialogService
23:49:06.516 [FXGL Background Thread 3 ] DEBUG Engine               - class com.almasb.fxgl.app.services.IOTaskExecutorService
23:49:06.516 [FXGL Background Thread 3 ] DEBUG Engine               - class com.almasb.fxgl.io.FileSystemService
23:49:06.516 [FXGL Background Thread 3 ] DEBUG Engine               - class com.almasb.fxgl.localization.LocalizationService
23:49:06.516 [FXGL Background Thread 3 ] DEBUG Engine               - class com.almasb.fxgl.app.services.SystemBundleService
23:49:06.516 [FXGL Background Thread 3 ] DEBUG Engine               - class com.almasb.fxgl.profile.SaveLoadService
23:49:06.516 [FXGL Background Thread 3 ] DEBUG Engine               - class com.almasb.fxgl.ui.FXGLUIFactoryServiceProvider
23:49:06.516 [FXGL Background Thread 3 ] DEBUG Engine               - class com.almasb.fxgl.ui.FXGLDialogFactoryServiceProvider
23:49:06.516 [FXGL Background Thread 3 ] DEBUG Engine               - class com.almasb.fxgl.audio.AudioPlayer
23:49:06.516 [FXGL Background Thread 3 ] DEBUG Engine               - class com.almasb.fxgl.notification.impl.NotificationServiceProvider
23:49:06.516 [FXGL Background Thread 3 ] DEBUG Engine               - class com.almasb.fxgl.achievement.AchievementService
23:49:06.516 [FXGL Background Thread 3 ] DEBUG Engine               - class com.almasb.fxgl.cutscene.CutsceneService
23:49:06.516 [FXGL Background Thread 3 ] DEBUG Engine               - class com.almasb.fxgl.minigames.MiniGameService
23:49:06.516 [FXGL Background Thread 3 ] DEBUG Engine               - class com.almasb.fxgl.net.NetService
23:49:06.516 [FXGL Background Thread 3 ] DEBUG Engine               - class com.almasb.fxgl.app.services.UpdaterService
23:49:06.516 [FXGL Background Thread 3 ] DEBUG Engine               - class com.almasb.fxgl.dev.DevService
23:49:06.727 [JavaFX Application Thread] DEBUG Input                - Registered new binding: action0 - U
23:49:06.727 [JavaFX Application Thread] DEBUG Input                - Registered new binding: action1 - G
23:49:10.050 [JavaFX Application Thread] DEBUG FXGLApplication      - Exiting FXGL
23:49:10.050 [JavaFX Application Thread] DEBUG LoopRunner           - Stopping loop
23:49:10.050 [JavaFX Application Thread] DEBUG SystemBundleService  - Saving FXGL system data
23:49:10.053 [JavaFX Application Thread] DEBUG FileSystemAccess     - Writing to: C:\Users\11706\IdeaProjects\survivior-game1\SurvivorGame\system\fxgl.bundle
23:49:10.056 [JavaFX Application Thread] DEBUG Async                - Shutting down background threads
23:49:10.056 [JavaFX Application Thread] DEBUG PrimaryStageWindow   - Closing main window
23:49:10.149 [JavaFX Application Thread] DEBUG Logger               - Closing Logger
