13:55:52.884 [main                     ] DEBUG Logger               - Configured Logger
13:55:52.899 [main                     ] DEBUG GameApplication      - Logging settings
Title: Survivor Game
Version: 1.0
Width: 1280
Height: 720
Fullscreen: false
Intro: false
Profiling: false
Single step:false
App Mode: DEVELOPER
Menu Key: ESCAPE
Stage Style: DECORATED
Scene Factory: class com.almasb.fxgl.app.scene.SceneFactory

13:55:53.223 [JavaFX Application Thread] DEBUG FXGLApplication      - Initializing FXGL
13:55:53.226 [JavaFX Application Thread] INFO  Engine               - FXGL-17.3 (30.03.2023 11.49) on WINDOWS (J:17.0.16 FX:20)
13:55:53.226 [JavaFX Application Thread] DEBUG Engine               - JRE Vendor Name: Microsoft
13:55:53.226 [JavaFX Application Thread] DEBUG Engine               - Running on OS: Windows 11 version 10.0
13:55:53.226 [JavaFX Application Thread] DEBUG Engine               - Architecture: amd64
13:55:53.226 [JavaFX Application Thread] INFO  Engine               - Source code and latest versions at: https://github.com/AlmasB/FXGL
13:55:53.226 [JavaFX Application Thread] INFO  Engine               -       Ask questions and discuss at: https://github.com/AlmasB/FXGL/discussions
13:55:53.226 [JavaFX Application Thread] INFO  Engine               -              Join the FXGL chat at: https://gitter.im/AlmasB/FXGL
13:55:53.294 [JavaFX Application Thread] DEBUG PrimaryStageWindow   - Creating a JavaFX scene
13:55:53.322 [JavaFX Application Thread] DEBUG PrimaryStageWindow   - Target settings size: 1280.0 x 720.0
13:55:53.322 [JavaFX Application Thread] DEBUG PrimaryStageWindow   - Scaled scene size:    1280.0 x 720.0
13:55:53.322 [JavaFX Application Thread] DEBUG PrimaryStageWindow   - Scaled ratio: (1.0, 1.0)
13:55:53.323 [JavaFX Application Thread] DEBUG PrimaryStageWindow   - Set initial scene to FXGLStartupScene
13:55:53.324 [JavaFX Application Thread] DEBUG PrimaryStageWindow   - Opening main window
13:55:53.374 [JavaFX Application Thread] DEBUG PrimaryStageWindow   - Window border size: (14.6666259765625, 37.33331298828125)
13:55:53.374 [JavaFX Application Thread] DEBUG PrimaryStageWindow   - Scaled size: 1280.0 x 720.0
13:55:53.375 [JavaFX Application Thread] DEBUG PrimaryStageWindow   - Scaled ratio: (1.0, 1.0)
13:55:53.375 [JavaFX Application Thread] DEBUG PrimaryStageWindow   - Scene size: 1280.0 x 720.0
13:55:53.375 [JavaFX Application Thread] DEBUG PrimaryStageWindow   - Stage size: 1294.6666259765625 x 757.3333129882812
13:55:53.379 [FXGL Background Thread 1 ] DEBUG Engine               - Initializing environment variables
13:55:53.398 [FXGL Background Thread 1 ] DEBUG FXGLAssetLoaderServi - User app class for loading assets: class com.survivor.main.GameApp
13:55:53.398 [FXGL Background Thread 1 ] DEBUG GameApplicationServi - Applying CSS: fxgl_dark.css
13:55:53.398 [FXGL Background Thread 1 ] DEBUG FXGLAssetLoaderServi - Loading from file system: jar:file:/C:/Users/zrj/.m2/repository/com/github/almasb/fxgl/17.3/fxgl-17.3.jar!/fxglassets/ui/css/fxgl_dark.css
13:55:53.421 [FXGL Background Thread 1 ] DEBUG GameApplicationServi - Initializing application scenes
13:55:53.460 [FXGL Background Thread 1 ] DEBUG GameWorld            - Game world initialized
13:55:53.492 [FXGL Background Thread 1 ] DEBUG PhysicsWorld         - Physics world initialized: appHeight=720, physics.ppm=50.0
13:55:53.492 [FXGL Background Thread 1 ] DEBUG PhysicsWorld         - Using strategy: BRUTE_FORCE
13:55:53.495 [FXGL Background Thread 1 ] DEBUG GameScene            - Game scene initialized: 1280x720
13:55:53.503 [FXGL Background Thread 1 ] DEBUG FXGL.DefaultMenu     - createMenuBodyGameMenu()
13:55:53.516 [FXGL Background Thread 1 ] DEBUG FXGL.DefaultMenu     - createOptionsMenu()
13:55:53.523 [FXGL Background Thread 1 ] DEBUG FXGLAssetLoaderServi - Loading from file system: jar:file:/C:/Users/zrj/.m2/repository/com/github/almasb/fxgl/17.3/fxgl-17.3.jar!/fxglassets/textures/particles/smoke.png
13:55:53.577 [FXGL Background Thread 1 ] DEBUG FXGLAssetLoaderServi - Loading from file system: jar:file:/C:/Users/zrj/.m2/repository/com/github/almasb/fxgl/17.3/fxgl-17.3.jar!/fxglassets/textures/particles/trace_horizontal.png
13:55:53.597 [FXGL Background Thread 1 ] DEBUG GameApplicationServi - Application scenes initialized
13:55:53.607 [FXGL Background Thread 1 ] DEBUG SystemBundleService  - Loading FXGL system data
13:55:53.610 [FXGL Background Thread 1 ] DEBUG FileSystemAccess     - Reading from: D:\1\survivior-game-main\SurvivorGame\system\fxgl.bundle
13:55:53.616 [FXGL Background Thread 1 ] DEBUG SystemBundleService  - Bundle FXGL: {}
13:55:53.616 [FXGL Background Thread 1 ] DEBUG UpdaterService       - Checking for updates
13:55:53.619 [FXGL Background Thread 4 ] DEBUG FXGLApplication      - Loading fonts
13:55:53.619 [FXGL Background Thread 4 ] DEBUG FXGLAssetLoaderServi - Loading from file system: jar:file:/C:/Users/zrj/.m2/repository/com/github/almasb/fxgl/17.3/fxgl-17.3.jar!/fxglassets/ui/fonts/VarelaRound-Regular.ttf
13:55:53.619 [FXGL Background Thread 1 ] DEBUG FXGLApplication      - Loading default localization
13:55:53.620 [FXGL Background Thread 1 ] DEBUG FXGLAssetLoaderServi - Loading from file system: jar:file:/C:/Users/zrj/.m2/repository/com/github/almasb/fxgl/17.3/fxgl-17.3.jar!/fxglassets/languages/english.lang
13:55:53.640 [FXGL Background Thread 1 ] INFO  FXGLApplication      - FXGL initialization took: 0.260 sec
13:55:53.641 [JavaFX Application Thread] DEBUG FXGLAssetLoaderServi - Loading from file system: file:/D:/1/survivior-game-main/SurvivorGame/target/classes/assets/textures/icon.png
13:55:53.646 [JavaFX Application Thread] DEBUG FXGLAssetLoaderServi - Loading from file system: jar:file:/C:/Users/zrj/.m2/repository/com/github/almasb/fxgl/17.3/fxgl-17.3.jar!/fxglassets/textures/fxgl_default_cursor.png
13:55:53.654 [JavaFX Application Thread] DEBUG Input                - Registered new binding: Screenshot - CTRL+8
13:55:53.655 [JavaFX Application Thread] DEBUG Input                - Registered new binding: System info dump - CTRL+9
13:55:53.655 [JavaFX Application Thread] DEBUG Input                - Registered new binding: Restart - CTRL+R
13:55:53.656 [JavaFX Application Thread] DEBUG Input                - Registered new binding: Toggle Debug Camera - CTRL+7
13:55:53.657 [JavaFX Application Thread] DEBUG LoopRunner           - Starting loop
13:55:53.658 [JavaFX Application Thread] DEBUG LoopRunner           - Initializing ScheduledExecutorLoop with fps: 120
13:55:53.658 [JavaFX Application Thread] DEBUG GameApplicationServi - Starting new game
13:55:53.659 [JavaFX Application Thread] DEBUG Input                - Clearing active input actions
13:55:53.670 [JavaFX Application Thread] DEBUG GameApplicationServi - Removing overlay from FXGLStartupScene and adding to FXGLLoadingScene
13:55:53.671 [JavaFX Application Thread] DEBUG PrimaryStageWindow   - FXGLStartupScene -> FXGLLoadingScene
13:55:53.671 [JavaFX Application Thread] DEBUG GameApplicationServi - Clearing previous game
13:55:53.671 [JavaFX Application Thread] DEBUG GameScene            - Clearing game scene
13:55:53.671 [JavaFX Application Thread] DEBUG GameWorld            - Clearing game world
13:55:53.671 [JavaFX Application Thread] DEBUG PhysicsWorld         - Clearing physics world
13:55:53.673 [FXGL Background Thread 1 ] DEBUG FXGLApplication      - Initializing game
13:55:53.685 [FXGL Background Thread 4 ] DEBUG FXGLAssetLoaderServi - Loading from file system: jar:file:/C:/Users/zrj/.m2/repository/com/github/almasb/fxgl/17.3/fxgl-17.3.jar!/fxglassets/ui/fonts/Abel-Regular.ttf
13:55:53.696 [FXGL Background Thread 4 ] DEBUG FXGLAssetLoaderServi - Loading from file system: jar:file:/C:/Users/zrj/.m2/repository/com/github/almasb/fxgl/17.3/fxgl-17.3.jar!/fxglassets/ui/fonts/TerminalLandMono-Regular.otf
13:55:53.704 [FXGL Background Thread 4 ] DEBUG FXGLAssetLoaderServi - Loading from file system: jar:file:/C:/Users/zrj/.m2/repository/com/github/almasb/fxgl/17.3/fxgl-17.3.jar!/fxglassets/ui/fonts/Courier-Prime.ttf
13:55:53.718 [JavaFX Application Thread] DEBUG FXGLApplication      - Registering font factories with UI factory
13:55:53.950 [FXGL Background Thread 1 ] WARN  TMXLevelLoader       - TiledMap generated from 1.11.2. Supported version: 1.9.0. Some features may not be parsed fully.
13:55:54.022 [FXGL Background Thread 1 ] DEBUG TMXLevelLoader       - Parsed TiledMap: file:/D:/1/survivior-game-main/SurvivorGame/target/classes/assets/levels/Bigdongeonmap.tmx
13:55:54.022 [FXGL Background Thread 1 ] DEBUG TMXLevelLoader       - Creating tile layer entities
13:55:54.023 [FXGL Background Thread 1 ] DEBUG TilesetLoader        - Loading view for layer 图块层 1
13:55:54.061 [FXGL Background Thread 1 ] DEBUG TilesetLoader        - Created buffer with size 9600.0x5600.0
13:55:54.146 [FXGL Background Thread 1 ] DEBUG TilesetLoader        - Loading view for layer 图块层 2
13:55:54.190 [FXGL Background Thread 1 ] DEBUG TilesetLoader        - Created buffer with size 9600.0x5600.0
13:55:54.211 [FXGL Background Thread 1 ] DEBUG TMXLevelLoader       - Creating object layer entities
13:55:54.280 [FXGL Background Thread 1 ] DEBUG GameWorld            - Clearing removable entities
13:55:54.281 [FXGL Background Thread 1 ] DEBUG GameWorld            - Setting level: com.almasb.fxgl.entity.level.Level@32521ecb
13:55:54.314 [FXGL Background Thread 1 ] DEBUG Input                - Registered new binding: Move Up - W
13:55:54.314 [FXGL Background Thread 1 ] DEBUG Input                - Registered new binding: Move Down - S
13:55:54.314 [FXGL Background Thread 1 ] DEBUG Input                - Registered new binding: Move Left - A
13:55:54.314 [FXGL Background Thread 1 ] DEBUG Input                - Registered new binding: Move Right - D
13:55:54.314 [FXGL Background Thread 1 ] DEBUG Input                - Registered new binding: AttackLeft - J
13:55:54.314 [FXGL Background Thread 1 ] DEBUG Input                - Registered new binding: AttackRight - K
13:55:54.315 [FXGL Background Thread 1 ] DEBUG Input                - Registered new binding: Dash - L
13:55:54.319 [FXGL Background Thread 1 ] DEBUG FXGLAssetLoaderServi - Loading from file system: file:/D:/1/survivior-game-main/SurvivorGame/target/classes/assets/textures/Idle.png
13:55:54.323 [FXGL Background Thread 1 ] DEBUG FXGLAssetLoaderServi - Loading from file system: file:/D:/1/survivior-game-main/SurvivorGame/target/classes/assets/textures/Run.png
13:55:54.325 [FXGL Background Thread 1 ] DEBUG FXGLAssetLoaderServi - Loading from file system: file:/D:/1/survivior-game-main/SurvivorGame/target/classes/assets/textures/Attack2.png
13:55:54.332 [FXGL Background Thread 1 ] INFO  FXGLApplication      - Game initialization took: 0.658 sec
13:55:54.333 [JavaFX Application Thread] DEBUG Input                - Clearing active input actions
13:55:54.347 [JavaFX Application Thread] DEBUG GameApplicationServi - Removing overlay from FXGLLoadingScene and adding to GameScene
13:55:54.348 [JavaFX Application Thread] DEBUG PrimaryStageWindow   - FXGLLoadingScene -> GameScene
13:55:54.728 [JavaFX Application Thread] DEBUG FXGLAssetLoaderServi - Loading from file system: file:/D:/1/survivior-game-main/SurvivorGame/target/classes/assets/textures/enemy.png
13:55:56.619 [FXGL Background Thread 3 ] DEBUG Engine               - Logging environment variables
13:55:56.619 [FXGL Background Thread 3 ] DEBUG Engine               - achievements: []
13:55:56.619 [FXGL Background Thread 3 ] DEBUG Engine               - actualHeight: 720.0
13:55:56.620 [FXGL Background Thread 3 ] DEBUG Engine               - actualHeightProperty: ReadOnlyDoubleProperty [value: 720.0]
13:55:56.620 [FXGL Background Thread 3 ] DEBUG Engine               - actualWidth: 1280.0
13:55:56.620 [FXGL Background Thread 3 ] DEBUG Engine               - actualWidthProperty: ReadOnlyDoubleProperty [value: 1280.0]
13:55:56.620 [FXGL Background Thread 3 ] DEBUG Engine               - appIcon: icon.png
13:55:56.620 [FXGL Background Thread 3 ] DEBUG Engine               - applicationMode: DEVELOPER
13:55:56.620 [FXGL Background Thread 3 ] DEBUG Engine               - cSSList: [fxgl_dark.css]
13:55:56.620 [FXGL Background Thread 3 ] DEBUG Engine               - collisionDetectionStrategy: BRUTE_FORCE
13:55:56.620 [FXGL Background Thread 3 ] DEBUG Engine               - configClass: Optional.empty
13:55:56.620 [FXGL Background Thread 3 ] DEBUG Engine               - credits: []
13:55:56.620 [FXGL Background Thread 3 ] DEBUG Engine               - defaultCursor: CursorInfo(imageName=fxgl_default_cursor.png, hotspotX=7.0, hotspotY=6.0)
13:55:56.620 [FXGL Background Thread 3 ] DEBUG Engine               - devBBoxColorProperty: ObjectProperty [value: 0xff0000ff]
13:55:56.620 [FXGL Background Thread 3 ] DEBUG Engine               - devEnableDebugCameraProperty: BooleanProperty [value: false]
13:55:56.620 [FXGL Background Thread 3 ] DEBUG Engine               - devSensorColorProperty: ObjectProperty [value: 0xffff00ff]
13:55:56.620 [FXGL Background Thread 3 ] DEBUG Engine               - devShowBBoxProperty: BooleanProperty [value: false]
13:55:56.620 [FXGL Background Thread 3 ] DEBUG Engine               - devShowPositionProperty: BooleanProperty [value: false]
13:55:56.621 [FXGL Background Thread 3 ] DEBUG Engine               - enabledMenuItems: []
13:55:56.621 [FXGL Background Thread 3 ] DEBUG Engine               - engineServices: [class com.almasb.fxgl.app.services.FXGLAssetLoaderService, class com.almasb.fxgl.app.FXGLApplication$GameApplicationService, class com.almasb.fxgl.app.services.FXGLDialogService, class com.almasb.fxgl.app.services.IOTaskExecutorService, class com.almasb.fxgl.io.FileSystemService, class com.almasb.fxgl.localization.LocalizationService, class com.almasb.fxgl.app.services.SystemBundleService, class com.almasb.fxgl.profile.SaveLoadService, class com.almasb.fxgl.ui.FXGLUIFactoryServiceProvider, class com.almasb.fxgl.ui.FXGLDialogFactoryServiceProvider, class com.almasb.fxgl.audio.AudioPlayer, class com.almasb.fxgl.notification.impl.NotificationServiceProvider, class com.almasb.fxgl.achievement.AchievementService, class com.almasb.fxgl.cutscene.CutsceneService, class com.almasb.fxgl.minigames.MiniGameService, class com.almasb.fxgl.net.NetService, class com.almasb.fxgl.app.services.UpdaterService, class com.almasb.fxgl.dev.DevService]
13:55:56.621 [FXGL Background Thread 3 ] DEBUG Engine               - fontGame: Abel-Regular.ttf
13:55:56.621 [FXGL Background Thread 3 ] DEBUG Engine               - fontMono: TerminalLandMono-Regular.otf
13:55:56.621 [FXGL Background Thread 3 ] DEBUG Engine               - fontSizeScaleUI: 1.0
13:55:56.621 [FXGL Background Thread 3 ] DEBUG Engine               - fontText: Courier-Prime.ttf
13:55:56.621 [FXGL Background Thread 3 ] DEBUG Engine               - fontUI: VarelaRound-Regular.ttf
13:55:56.621 [FXGL Background Thread 3 ] DEBUG Engine               - fullScreen: BooleanProperty [value: false]
13:55:56.621 [FXGL Background Thread 3 ] DEBUG Engine               - gameDifficulty: MEDIUM
13:55:56.621 [FXGL Background Thread 3 ] DEBUG Engine               - gameDifficultyProperty: ObjectProperty [value: MEDIUM]
13:55:56.621 [FXGL Background Thread 3 ] DEBUG Engine               - globalMusicVolume: 0.5
13:55:56.621 [FXGL Background Thread 3 ] DEBUG Engine               - globalMusicVolumeProperty: DoubleProperty [value: 0.5]
13:55:56.621 [FXGL Background Thread 3 ] DEBUG Engine               - globalSoundVolume: 0.5
13:55:56.621 [FXGL Background Thread 3 ] DEBUG Engine               - globalSoundVolumeProperty: DoubleProperty [value: 0.5]
13:55:56.621 [FXGL Background Thread 3 ] DEBUG Engine               - height: 720
13:55:56.621 [FXGL Background Thread 3 ] DEBUG Engine               - is3D: false
13:55:56.621 [FXGL Background Thread 3 ] DEBUG Engine               - isAndroid: false
13:55:56.621 [FXGL Background Thread 3 ] DEBUG Engine               - isBrowser: false
13:55:56.621 [FXGL Background Thread 3 ] DEBUG Engine               - isClickFeedbackEnabled: false
13:55:56.621 [FXGL Background Thread 3 ] DEBUG Engine               - isCloseConfirmation: false
13:55:56.621 [FXGL Background Thread 3 ] DEBUG Engine               - isDesktop: true
13:55:56.621 [FXGL Background Thread 3 ] DEBUG Engine               - isDeveloperMenuEnabled: false
13:55:56.621 [FXGL Background Thread 3 ] DEBUG Engine               - isEmbedded: false
13:55:56.621 [FXGL Background Thread 3 ] DEBUG Engine               - isEntityPreloadEnabled: true
13:55:56.621 [FXGL Background Thread 3 ] DEBUG Engine               - isExperimentalTiledLargeMap: false
13:55:56.623 [FXGL Background Thread 3 ] DEBUG Engine               - isFileSystemWriteAllowed: true
13:55:56.623 [FXGL Background Thread 3 ] DEBUG Engine               - isFullScreenAllowed: false
13:55:56.623 [FXGL Background Thread 3 ] DEBUG Engine               - isFullScreenFromStart: false
13:55:56.623 [FXGL Background Thread 3 ] DEBUG Engine               - isGameMenuEnabled: true
13:55:56.623 [FXGL Background Thread 3 ] DEBUG Engine               - isIOS: false
13:55:56.623 [FXGL Background Thread 3 ] DEBUG Engine               - isIntroEnabled: false
13:55:56.623 [FXGL Background Thread 3 ] DEBUG Engine               - isLinux: false
13:55:56.623 [FXGL Background Thread 3 ] DEBUG Engine               - isMac: false
13:55:56.623 [FXGL Background Thread 3 ] DEBUG Engine               - isMainMenuEnabled: false
13:55:56.623 [FXGL Background Thread 3 ] DEBUG Engine               - isManualResizeEnabled: false
13:55:56.623 [FXGL Background Thread 3 ] DEBUG Engine               - isMobile: false
13:55:56.623 [FXGL Background Thread 3 ] DEBUG Engine               - isNative: false
13:55:56.623 [FXGL Background Thread 3 ] DEBUG Engine               - isPauseMusicWhenMinimized: true
13:55:56.623 [FXGL Background Thread 3 ] DEBUG Engine               - isPreserveResizeRatio: false
13:55:56.623 [FXGL Background Thread 3 ] DEBUG Engine               - isProfilingEnabled: false
13:55:56.623 [FXGL Background Thread 3 ] DEBUG Engine               - isScaleAffectedOnResize: true
13:55:56.623 [FXGL Background Thread 3 ] DEBUG Engine               - isSingleStep: false
13:55:56.624 [FXGL Background Thread 3 ] DEBUG Engine               - isUserProfileEnabled: false
13:55:56.624 [FXGL Background Thread 3 ] DEBUG Engine               - isWindows: true
13:55:56.624 [FXGL Background Thread 3 ] DEBUG Engine               - language: ObjectProperty [value: ENGLISH]
13:55:56.624 [FXGL Background Thread 3 ] DEBUG Engine               - menuKey: ESCAPE
13:55:56.624 [FXGL Background Thread 3 ] DEBUG Engine               - mouseSensitivity: 0.2
13:55:56.624 [FXGL Background Thread 3 ] DEBUG Engine               - notificationViewClass: class com.almasb.fxgl.notification.view.XboxNotificationView
13:55:56.624 [FXGL Background Thread 3 ] DEBUG Engine               - pixelsPerMeter: 50.0
13:55:56.624 [FXGL Background Thread 3 ] DEBUG Engine               - platform: WINDOWS
13:55:56.624 [FXGL Background Thread 3 ] DEBUG Engine               - prefHeightProperty: ReadOnlyDoubleProperty [value: 720.0]
13:55:56.624 [FXGL Background Thread 3 ] DEBUG Engine               - prefWidthProperty: ReadOnlyDoubleProperty [value: 1280.0]
13:55:56.624 [FXGL Background Thread 3 ] DEBUG Engine               - profileDir: profiles/
13:55:56.624 [FXGL Background Thread 3 ] DEBUG Engine               - profileName: StringProperty [value: DEFAULT]
13:55:56.624 [FXGL Background Thread 3 ] DEBUG Engine               - randomSeed: -1
13:55:56.624 [FXGL Background Thread 3 ] DEBUG Engine               - runtimeInfo: RuntimeInfo(platform=WINDOWS, version=17.3, build=30.03.2023 11.49)
13:55:56.624 [FXGL Background Thread 3 ] DEBUG Engine               - saveFileExt: sav
13:55:56.624 [FXGL Background Thread 3 ] DEBUG Engine               - scaledHeightProp$fxgl: DoubleProperty [bound, value: 720.0]
13:55:56.624 [FXGL Background Thread 3 ] DEBUG Engine               - scaledWidthProp$fxgl: DoubleProperty [bound, value: 1280.0]
13:55:56.624 [FXGL Background Thread 3 ] DEBUG Engine               - sceneFactory: com.almasb.fxgl.app.scene.SceneFactory@3e84e893
13:55:56.624 [FXGL Background Thread 3 ] DEBUG Engine               - secondsIn24h: 60
13:55:56.624 [FXGL Background Thread 3 ] DEBUG Engine               - soundMenuBack: menu/back.wav
13:55:56.624 [FXGL Background Thread 3 ] DEBUG Engine               - soundMenuPress: menu/press.wav
13:55:56.624 [FXGL Background Thread 3 ] DEBUG Engine               - soundMenuSelect: menu/select.wav
13:55:56.624 [FXGL Background Thread 3 ] DEBUG Engine               - soundNotification: core/notification.wav
13:55:56.624 [FXGL Background Thread 3 ] DEBUG Engine               - stageStyle: DECORATED
13:55:56.624 [FXGL Background Thread 3 ] DEBUG Engine               - supportedLanguages: [ENGLISH, FRENCH, GERMAN, HUNGARIAN, RUSSIAN]
13:55:56.624 [FXGL Background Thread 3 ] DEBUG Engine               - ticksPerSecond: 120
13:55:56.624 [FXGL Background Thread 3 ] DEBUG Engine               - title: Survivor Game
13:55:56.624 [FXGL Background Thread 3 ] DEBUG Engine               - urlGithub: https://github.com/AlmasB/FXGL
13:55:56.624 [FXGL Background Thread 3 ] DEBUG Engine               - urlLeaderboard: http://fxgl-top.herokuapp.com/
13:55:56.624 [FXGL Background Thread 3 ] DEBUG Engine               - urlPOM: https://raw.githubusercontent.com/AlmasB/FXGL/release/README.md
13:55:56.624 [FXGL Background Thread 3 ] DEBUG Engine               - userAppClass: class com.survivor.main.GameApp
13:55:56.624 [FXGL Background Thread 3 ] DEBUG Engine               - version: 1.0
13:55:56.625 [FXGL Background Thread 3 ] DEBUG Engine               - versionCheckDays: 7
13:55:56.625 [FXGL Background Thread 3 ] DEBUG Engine               - width: 1280
13:55:56.625 [FXGL Background Thread 3 ] DEBUG Engine               - Logging services
13:55:56.625 [FXGL Background Thread 3 ] DEBUG Engine               - class com.almasb.fxgl.app.services.FXGLAssetLoaderService
13:55:56.625 [FXGL Background Thread 3 ] DEBUG Engine               - class com.almasb.fxgl.app.FXGLApplication$GameApplicationService
13:55:56.625 [FXGL Background Thread 3 ] DEBUG Engine               - class com.almasb.fxgl.app.services.FXGLDialogService
13:55:56.625 [FXGL Background Thread 3 ] DEBUG Engine               - class com.almasb.fxgl.app.services.IOTaskExecutorService
13:55:56.625 [FXGL Background Thread 3 ] DEBUG Engine               - class com.almasb.fxgl.io.FileSystemService
13:55:56.625 [FXGL Background Thread 3 ] DEBUG Engine               - class com.almasb.fxgl.localization.LocalizationService
13:55:56.625 [FXGL Background Thread 3 ] DEBUG Engine               - class com.almasb.fxgl.app.services.SystemBundleService
13:55:56.625 [FXGL Background Thread 3 ] DEBUG Engine               - class com.almasb.fxgl.profile.SaveLoadService
13:55:56.625 [FXGL Background Thread 3 ] DEBUG Engine               - class com.almasb.fxgl.ui.FXGLUIFactoryServiceProvider
13:55:56.625 [FXGL Background Thread 3 ] DEBUG Engine               - class com.almasb.fxgl.ui.FXGLDialogFactoryServiceProvider
13:55:56.625 [FXGL Background Thread 3 ] DEBUG Engine               - class com.almasb.fxgl.audio.AudioPlayer
13:55:56.625 [FXGL Background Thread 3 ] DEBUG Engine               - class com.almasb.fxgl.notification.impl.NotificationServiceProvider
13:55:56.625 [FXGL Background Thread 3 ] DEBUG Engine               - class com.almasb.fxgl.achievement.AchievementService
13:55:56.625 [FXGL Background Thread 3 ] DEBUG Engine               - class com.almasb.fxgl.cutscene.CutsceneService
13:55:56.625 [FXGL Background Thread 3 ] DEBUG Engine               - class com.almasb.fxgl.minigames.MiniGameService
13:55:56.625 [FXGL Background Thread 3 ] DEBUG Engine               - class com.almasb.fxgl.net.NetService
13:55:56.625 [FXGL Background Thread 3 ] DEBUG Engine               - class com.almasb.fxgl.app.services.UpdaterService
13:55:56.625 [FXGL Background Thread 3 ] DEBUG Engine               - class com.almasb.fxgl.dev.DevService
13:55:57.629 [JavaFX Application Thread] DEBUG FXGLAssetLoaderServi - Loading from file system: file:/D:/1/survivior-game-main/SurvivorGame/target/classes/assets/textures/Lancer-Walk02.png
13:55:57.634 [JavaFX Application Thread] DEBUG LoopRunner           - Stopping loop
13:55:57.635 [JavaFX Application Thread] FATAL FXGLApplication      - Uncaught Exception:
java.lang.NullPointerException: Cannot invoke "com.almasb.fxgl.entity.Entity.getViewComponent()" because "this.entity" is null
	at com.survivor.entity.fire.setAnimChannel(fire.java:69)
	at com.survivor.entity.Projectile.onAdded(Projectile.java:65)
	at com.almasb.fxgl.entity.Entity.addComponentNoChecks(Entity.java:401)
	at com.almasb.fxgl.entity.Entity.addComponent(Entity.java:393)
	at com.almasb.fxgl.dsl.EntityBuilder.with(EntityBuilder.kt:202)
	at com.survivor.system.ResourceLoader.newFire(ResourceLoader.java:144)
	at java.base/jdk.internal.reflect.NativeMethodAccessorImpl.invoke0(Native Method)
	at java.base/jdk.internal.reflect.NativeMethodAccessorImpl.invoke(NativeMethodAccessorImpl.java:77)
	at java.base/jdk.internal.reflect.DelegatingMethodAccessorImpl.invoke(DelegatingMethodAccessorImpl.java:43)
	at java.base/java.lang.reflect.Method.invoke(Method.java:569)
	at com.almasb.fxgl.core.reflect.ReflectionUtils.call(ReflectionUtils.java:104)
	at com.almasb.fxgl.core.reflect.ReflectionUtils.lambda$mapToFunction$3(ReflectionUtils.java:111)
	at com.almasb.fxgl.entity.GameWorld$create$2.invoke(GameWorld.kt:430)
	at com.almasb.fxgl.entity.GameWorld$create$2.invoke(GameWorld.kt:430)
	at com.almasb.fxgl.core.util.DSLKt.tryCatchRoot(DSL.kt:34)
	at com.almasb.fxgl.entity.GameWorld.create(GameWorld.kt:430)
	at com.almasb.fxgl.entity.GameWorld.spawn(GameWorld.kt:396)
	at com.almasb.fxgl.dsl.FXGL$Companion.spawn(FXGL.kt:565)
	at com.almasb.fxgl.dsl.FXGL.spawn(FXGL.kt)
	at com.survivor.entity.Player.PlayerMovementComponent.onUpdate(PlayerMovementComponent.java:124)
	at com.almasb.fxgl.entity.Entity$ComponentMap.update(Entity.java:60)
	at com.almasb.fxgl.entity.Entity.update(Entity.java:248)
	at com.almasb.fxgl.entity.GameWorld.onUpdate(GameWorld.kt:177)
	at com.almasb.fxgl.app.scene.GameScene.step(GameScene.kt:228)
	at com.almasb.fxgl.app.scene.GameScene.onUpdate(GameScene.kt:224)
	at com.almasb.fxgl.scene.Scene.update(Scene.kt:105)
	at com.almasb.fxgl.app.MainWindow$update$1.invoke(MainWindow.kt:115)
	at com.almasb.fxgl.app.MainWindow$update$1.invoke(MainWindow.kt:115)
	at com.almasb.fxgl.core.fsm.StateMachine.runOnActiveStates(StateMachine.kt:69)
	at com.almasb.fxgl.app.MainWindow.update(MainWindow.kt:115)
	at com.almasb.fxgl.app.FXGLApplication$GameApplicationService.onUpdate(FXGLApplication.kt:426)
	at com.almasb.fxgl.app.Engine.loop(Engine.kt:134)
	at com.almasb.fxgl.app.Engine.access$loop(Engine.kt:24)
	at com.almasb.fxgl.app.Engine$loop$1.invoke(Engine.kt:28)
	at com.almasb.fxgl.app.Engine$loop$1.invoke(Engine.kt:28)
	at com.almasb.fxgl.app.LoopRunner.frame(LoopRunner.kt:103)
	at com.almasb.fxgl.app.LoopRunner.access$frame(LoopRunner.kt:23)
	at com.almasb.fxgl.app.LoopRunner$impl$2$2.onTick(LoopRunner.kt:64)
	at com.almasb.fxgl.app.ScheduledExecutorLoop.start$lambda$1$lambda$0(LoopRunner.kt:170)
	at com.sun.javafx.application.PlatformImpl.lambda$runLater$10(PlatformImpl.java:456)
	at java.base/java.security.AccessController.doPrivileged(AccessController.java:399)
	at com.sun.javafx.application.PlatformImpl.lambda$runLater$11(PlatformImpl.java:455)
	at com.sun.glass.ui.InvokeLaterDispatcher$Future.run(InvokeLaterDispatcher.java:95)
	at com.sun.glass.ui.win.WinApplication._runLoop(Native Method)
	at com.sun.glass.ui.win.WinApplication.lambda$runLoop$3(WinApplication.java:185)
	at java.base/java.lang.Thread.run(Thread.java:840)

13:55:57.636 [JavaFX Application Thread] FATAL FXGLApplication      - Application will now exit
13:55:57.645 [JavaFX Application Thread] DEBUG PrimaryStageWindow   - Push state: ErrorSubScene
13:55:57.645 [JavaFX Application Thread] DEBUG Input                - Clearing active input actions
13:55:57.649 [JavaFX Application Thread] DEBUG GameApplicationServi - Removing overlay from GameScene and adding to ErrorSubScene
13:55:57.649 [JavaFX Application Thread] DEBUG PrimaryStageWindow   - GameScene -> ErrorSubScene
13:55:59.691 [JavaFX Application Thread] DEBUG FXGLApplication      - Exiting FXGL
13:55:59.693 [JavaFX Application Thread] DEBUG Async                - Shutting down background threads
13:55:59.693 [JavaFX Application Thread] DEBUG PrimaryStageWindow   - Closing main window
13:55:59.706 [JavaFX Application Thread] DEBUG Logger               - Closing Logger
