22:18:39.428 [main                     ] DEBUG Logger               - Configured Logger
22:18:39.453 [main                     ] DEBUG GameApplication      - Logging settings
Title: Survivor Game
Version: 1.0
Width: 1280
Height: 720
Fullscreen: false
Intro: false
Profiling: false
Single step:false
App Mode: DEVELOPER
Menu Key: ESCAPE
Stage Style: DECORATED
Scene Factory: class com.almasb.fxgl.app.scene.SceneFactory

22:18:39.823 [JavaFX Application Thread] DEBUG FXGLApplication      - Initializing FXGL
22:18:39.828 [JavaFX Application Thread] INFO  Engine               - FXGL-17.3 (30.03.2023 11.49) on WINDOWS (J:21.0.5 FX:20)
22:18:39.829 [JavaFX Application Thread] DEBUG Engine               - JRE Vendor Name: Oracle Corporation
22:18:39.829 [JavaFX Application Thread] DEBUG Engine               - Running on OS: Windows 11 version 10.0
22:18:39.829 [JavaFX Application Thread] DEBUG Engine               - Architecture: amd64
22:18:39.829 [JavaFX Application Thread] INFO  Engine               - Source code and latest versions at: https://github.com/AlmasB/FXGL
22:18:39.829 [JavaFX Application Thread] INFO  Engine               -       Ask questions and discuss at: https://github.com/AlmasB/FXGL/discussions
22:18:39.829 [JavaFX Application Thread] INFO  Engine               -              Join the FXGL chat at: https://gitter.im/AlmasB/FXGL
22:18:39.916 [JavaFX Application Thread] DEBUG PrimaryStageWindow   - Creating a JavaFX scene
22:18:39.960 [JavaFX Application Thread] DEBUG PrimaryStageWindow   - Target settings size: 1280.0 x 720.0
22:18:39.960 [JavaFX Application Thread] DEBUG PrimaryStageWindow   - Scaled scene size:    1280.0 x 720.0
22:18:39.961 [JavaFX Application Thread] DEBUG PrimaryStageWindow   - Scaled ratio: (1.0, 1.0)
22:18:39.962 [JavaFX Application Thread] DEBUG PrimaryStageWindow   - Set initial scene to FXGLStartupScene
22:18:39.966 [JavaFX Application Thread] DEBUG PrimaryStageWindow   - Opening main window
22:18:40.079 [JavaFX Application Thread] DEBUG PrimaryStageWindow   - Window border size: (14.6666259765625, 37.33331298828125)
22:18:40.080 [JavaFX Application Thread] DEBUG PrimaryStageWindow   - Scaled size: 1280.0 x 720.0
22:18:40.080 [JavaFX Application Thread] DEBUG PrimaryStageWindow   - Scaled ratio: (1.0, 1.0)
22:18:40.080 [JavaFX Application Thread] DEBUG PrimaryStageWindow   - Scene size: 1280.0 x 720.0
22:18:40.080 [JavaFX Application Thread] DEBUG PrimaryStageWindow   - Stage size: 1294.6666259765625 x 757.3333129882812
22:18:40.087 [FXGL Background Thread 1 ] DEBUG Engine               - Initializing environment variables
22:18:40.146 [FXGL Background Thread 1 ] DEBUG FXGLAssetLoaderServi - User app class for loading assets: class com.survivor.main.GameApp
22:18:40.146 [FXGL Background Thread 1 ] DEBUG GameApplicationServi - Applying CSS: fxgl_dark.css
22:18:40.148 [FXGL Background Thread 1 ] DEBUG FXGLAssetLoaderServi - Loading from file system: jar:file:/C:/Users/11706/.m2/repository/com/github/almasb/fxgl/17.3/fxgl-17.3.jar!/fxglassets/ui/css/fxgl_dark.css
22:18:40.191 [FXGL Background Thread 1 ] DEBUG GameApplicationServi - Initializing application scenes
22:18:40.301 [FXGL Background Thread 1 ] DEBUG GameWorld            - Game world initialized
22:18:40.406 [FXGL Background Thread 1 ] DEBUG PhysicsWorld         - Physics world initialized: appHeight=720, physics.ppm=50.0
22:18:40.407 [FXGL Background Thread 1 ] DEBUG PhysicsWorld         - Using strategy: BRUTE_FORCE
22:18:40.410 [FXGL Background Thread 1 ] DEBUG GameScene            - Game scene initialized: 1280x720
22:18:40.423 [FXGL Background Thread 1 ] DEBUG FXGL.DefaultMenu     - createMenuBodyGameMenu()
22:18:40.437 [FXGL Background Thread 1 ] DEBUG FXGL.DefaultMenu     - createOptionsMenu()
22:18:40.450 [FXGL Background Thread 1 ] DEBUG FXGLAssetLoaderServi - Loading from file system: jar:file:/C:/Users/11706/.m2/repository/com/github/almasb/fxgl/17.3/fxgl-17.3.jar!/fxglassets/textures/particles/smoke.png
22:18:40.575 [FXGL Background Thread 1 ] DEBUG FXGLAssetLoaderServi - Loading from file system: jar:file:/C:/Users/11706/.m2/repository/com/github/almasb/fxgl/17.3/fxgl-17.3.jar!/fxglassets/textures/particles/trace_horizontal.png
22:18:40.602 [FXGL Background Thread 1 ] DEBUG GameApplicationServi - Application scenes initialized
22:18:40.615 [FXGL Background Thread 1 ] DEBUG SystemBundleService  - Loading FXGL system data
22:18:40.619 [FXGL Background Thread 1 ] DEBUG FileSystemAccess     - Reading from: C:\Users\11706\IdeaProjects\survivior-game3\SurvivorGame\system\fxgl.bundle
22:18:40.628 [FXGL Background Thread 1 ] DEBUG SystemBundleService  - Bundle FXGL: {}
22:18:40.628 [FXGL Background Thread 1 ] DEBUG UpdaterService       - Checking for updates
22:18:40.631 [FXGL Background Thread 4 ] DEBUG FXGLApplication      - Loading fonts
22:18:40.632 [FXGL Background Thread 4 ] DEBUG FXGLAssetLoaderServi - Loading from file system: jar:file:/C:/Users/11706/.m2/repository/com/github/almasb/fxgl/17.3/fxgl-17.3.jar!/fxglassets/ui/fonts/VarelaRound-Regular.ttf
22:18:40.633 [FXGL Background Thread 1 ] DEBUG FXGLApplication      - Loading default localization
22:18:40.634 [FXGL Background Thread 1 ] DEBUG FXGLAssetLoaderServi - Loading from file system: jar:file:/C:/Users/11706/.m2/repository/com/github/almasb/fxgl/17.3/fxgl-17.3.jar!/fxglassets/languages/english.lang
22:18:40.688 [FXGL Background Thread 4 ] DEBUG FXGLAssetLoaderServi - Loading from file system: jar:file:/C:/Users/11706/.m2/repository/com/github/almasb/fxgl/17.3/fxgl-17.3.jar!/fxglassets/ui/fonts/Abel-Regular.ttf
22:18:40.691 [FXGL Background Thread 4 ] DEBUG FXGLAssetLoaderServi - Loading from file system: jar:file:/C:/Users/11706/.m2/repository/com/github/almasb/fxgl/17.3/fxgl-17.3.jar!/fxglassets/ui/fonts/TerminalLandMono-Regular.otf
22:18:40.694 [FXGL Background Thread 4 ] DEBUG FXGLAssetLoaderServi - Loading from file system: jar:file:/C:/Users/11706/.m2/repository/com/github/almasb/fxgl/17.3/fxgl-17.3.jar!/fxglassets/ui/fonts/Courier-Prime.ttf
22:18:40.697 [FXGL Background Thread 1 ] INFO  FXGLApplication      - FXGL initialization took: 0.610 sec
22:18:40.698 [JavaFX Application Thread] DEBUG Input                - Clearing active input actions
22:18:40.708 [JavaFX Application Thread] DEBUG Input                - Registered new binding: Move Up - W
22:18:40.708 [JavaFX Application Thread] DEBUG Input                - Registered new binding: Move Down - S
22:18:40.708 [JavaFX Application Thread] DEBUG Input                - Registered new binding: Move Left - A
22:18:40.709 [JavaFX Application Thread] DEBUG Input                - Registered new binding: Move Right - D
22:18:40.709 [JavaFX Application Thread] DEBUG Input                - Registered new binding: AttackLeft - J
22:18:40.709 [JavaFX Application Thread] DEBUG Input                - Registered new binding: AttackRight - K
22:18:40.710 [JavaFX Application Thread] DEBUG Input                - Registered new binding: Dash - L
22:18:40.710 [JavaFX Application Thread] DEBUG FXGLAssetLoaderServi - Loading from file system: file:/C:/Users/11706/IdeaProjects/survivior-game3/SurvivorGame/target/classes/assets/textures/icon.png
22:18:40.716 [JavaFX Application Thread] DEBUG FXGLAssetLoaderServi - Loading from file system: jar:file:/C:/Users/11706/.m2/repository/com/github/almasb/fxgl/17.3/fxgl-17.3.jar!/fxglassets/textures/fxgl_default_cursor.png
22:18:40.722 [JavaFX Application Thread] DEBUG Input                - Registered new binding: Screenshot - CTRL+8
22:18:40.722 [JavaFX Application Thread] DEBUG Input                - Registered new binding: System info dump - CTRL+9
22:18:40.723 [JavaFX Application Thread] DEBUG Input                - Registered new binding: Restart - CTRL+R
22:18:40.724 [JavaFX Application Thread] DEBUG Input                - Registered new binding: Toggle Debug Camera - CTRL+7
22:18:40.729 [JavaFX Application Thread] DEBUG LoopRunner           - Starting loop
22:18:40.730 [JavaFX Application Thread] DEBUG LoopRunner           - Initializing ScheduledExecutorLoop with fps: 120
22:18:40.733 [JavaFX Application Thread] DEBUG GameApplicationServi - Starting new game
22:18:40.734 [JavaFX Application Thread] DEBUG Input                - Clearing active input actions
22:18:40.751 [JavaFX Application Thread] DEBUG GameApplicationServi - Removing overlay from FXGLStartupScene and adding to FXGLLoadingScene
22:18:40.751 [JavaFX Application Thread] DEBUG PrimaryStageWindow   - FXGLStartupScene -> FXGLLoadingScene
22:18:40.751 [JavaFX Application Thread] DEBUG GameApplicationServi - Clearing previous game
22:18:40.751 [JavaFX Application Thread] DEBUG GameScene            - Clearing game scene
22:18:40.751 [JavaFX Application Thread] DEBUG GameWorld            - Clearing game world
22:18:40.751 [JavaFX Application Thread] DEBUG PhysicsWorld         - Clearing physics world
22:18:40.754 [JavaFX Application Thread] DEBUG FXGLApplication      - Registering font factories with UI factory
22:18:40.754 [FXGL Background Thread 4 ] DEBUG FXGLApplication      - Initializing game
22:18:41.521 [FXGL Background Thread 4 ] WARN  TMXLevelLoader       - TiledMap generated from 1.11.2. Supported version: 1.9.0. Some features may not be parsed fully.
22:18:41.701 [FXGL Background Thread 4 ] DEBUG TMXLevelLoader       - Parsed TiledMap: file:/C:/Users/11706/IdeaProjects/survivior-game3/SurvivorGame/target/classes/assets/levels/Bigdongeonmap.tmx
22:18:41.706 [FXGL Background Thread 4 ] DEBUG TMXLevelLoader       - Creating tile layer entities
22:18:41.711 [FXGL Background Thread 4 ] DEBUG TilesetLoader        - Loading view for layer 图块层 1
22:18:41.762 [FXGL Background Thread 4 ] DEBUG TilesetLoader        - Created buffer with size 9600.0x5600.0
22:18:41.889 [FXGL Background Thread 4 ] DEBUG TilesetLoader        - Loading view for layer 图块层 2
22:18:41.939 [FXGL Background Thread 4 ] DEBUG TilesetLoader        - Created buffer with size 9600.0x5600.0
22:18:42.046 [FXGL Background Thread 4 ] DEBUG TMXLevelLoader       - Creating object layer entities
22:18:42.167 [FXGL Background Thread 4 ] DEBUG GameWorld            - Clearing removable entities
22:18:42.168 [FXGL Background Thread 4 ] DEBUG GameWorld            - Setting level: com.almasb.fxgl.entity.level.Level@52899a68
22:18:42.245 [FXGL Background Thread 4 ] DEBUG FXGLAssetLoaderServi - Loading from file system: file:/C:/Users/11706/IdeaProjects/survivior-game3/SurvivorGame/target/classes/assets/textures/Idle.png
22:18:42.253 [FXGL Background Thread 4 ] DEBUG FXGLAssetLoaderServi - Loading from file system: file:/C:/Users/11706/IdeaProjects/survivior-game3/SurvivorGame/target/classes/assets/textures/Run.png
22:18:42.255 [FXGL Background Thread 4 ] DEBUG FXGLAssetLoaderServi - Loading from file system: file:/C:/Users/11706/IdeaProjects/survivior-game3/SurvivorGame/target/classes/assets/textures/Attack3.png
22:18:42.267 [FXGL Background Thread 4 ] INFO  FXGLApplication      - Game initialization took: 1.513 sec
22:18:42.527 [FXGL Background Thread 2 ] INFO  UpdaterService       - Your current version:  17.3
22:18:42.527 [FXGL Background Thread 2 ] INFO  UpdaterService       - Latest stable version: 21.1
22:18:42.596 [JavaFX Application Thread] DEBUG Input                - Clearing active input actions
22:18:42.626 [JavaFX Application Thread] DEBUG GameApplicationServi - Removing overlay from FXGLLoadingScene and adding to GameScene
22:18:42.626 [JavaFX Application Thread] DEBUG PrimaryStageWindow   - FXGLLoadingScene -> GameScene
22:18:43.631 [FXGL Background Thread 3 ] DEBUG Engine               - Logging environment variables
22:18:43.631 [FXGL Background Thread 3 ] DEBUG Engine               - achievements: []
22:18:43.631 [FXGL Background Thread 3 ] DEBUG Engine               - actualHeight: 720.0
22:18:43.631 [FXGL Background Thread 3 ] DEBUG Engine               - actualHeightProperty: ReadOnlyDoubleProperty [value: 720.0]
22:18:43.631 [FXGL Background Thread 3 ] DEBUG Engine               - actualWidth: 1280.0
22:18:43.631 [FXGL Background Thread 3 ] DEBUG Engine               - actualWidthProperty: ReadOnlyDoubleProperty [value: 1280.0]
22:18:43.631 [FXGL Background Thread 3 ] DEBUG Engine               - appIcon: icon.png
22:18:43.631 [FXGL Background Thread 3 ] DEBUG Engine               - applicationMode: DEVELOPER
22:18:43.632 [FXGL Background Thread 3 ] DEBUG Engine               - cSSList: [fxgl_dark.css]
22:18:43.632 [FXGL Background Thread 3 ] DEBUG Engine               - collisionDetectionStrategy: BRUTE_FORCE
22:18:43.632 [FXGL Background Thread 3 ] DEBUG Engine               - configClass: Optional.empty
22:18:43.632 [FXGL Background Thread 3 ] DEBUG Engine               - credits: []
22:18:43.632 [FXGL Background Thread 3 ] DEBUG Engine               - defaultCursor: CursorInfo(imageName=fxgl_default_cursor.png, hotspotX=7.0, hotspotY=6.0)
22:18:43.632 [FXGL Background Thread 3 ] DEBUG Engine               - devBBoxColorProperty: ObjectProperty [value: 0xff0000ff]
22:18:43.632 [FXGL Background Thread 3 ] DEBUG Engine               - devEnableDebugCameraProperty: BooleanProperty [value: false]
22:18:43.632 [FXGL Background Thread 3 ] DEBUG Engine               - devSensorColorProperty: ObjectProperty [value: 0xffff00ff]
22:18:43.632 [FXGL Background Thread 3 ] DEBUG Engine               - devShowBBoxProperty: BooleanProperty [value: false]
22:18:43.632 [FXGL Background Thread 3 ] DEBUG Engine               - devShowPositionProperty: BooleanProperty [value: false]
22:18:43.632 [FXGL Background Thread 3 ] DEBUG Engine               - enabledMenuItems: []
22:18:43.632 [FXGL Background Thread 3 ] DEBUG Engine               - engineServices: [class com.almasb.fxgl.app.services.FXGLAssetLoaderService, class com.almasb.fxgl.app.FXGLApplication$GameApplicationService, class com.almasb.fxgl.app.services.FXGLDialogService, class com.almasb.fxgl.app.services.IOTaskExecutorService, class com.almasb.fxgl.io.FileSystemService, class com.almasb.fxgl.localization.LocalizationService, class com.almasb.fxgl.app.services.SystemBundleService, class com.almasb.fxgl.profile.SaveLoadService, class com.almasb.fxgl.ui.FXGLUIFactoryServiceProvider, class com.almasb.fxgl.ui.FXGLDialogFactoryServiceProvider, class com.almasb.fxgl.audio.AudioPlayer, class com.almasb.fxgl.notification.impl.NotificationServiceProvider, class com.almasb.fxgl.achievement.AchievementService, class com.almasb.fxgl.cutscene.CutsceneService, class com.almasb.fxgl.minigames.MiniGameService, class com.almasb.fxgl.net.NetService, class com.almasb.fxgl.app.services.UpdaterService, class com.almasb.fxgl.dev.DevService]
22:18:43.632 [FXGL Background Thread 3 ] DEBUG Engine               - fontGame: Abel-Regular.ttf
22:18:43.632 [FXGL Background Thread 3 ] DEBUG Engine               - fontMono: TerminalLandMono-Regular.otf
22:18:43.632 [FXGL Background Thread 3 ] DEBUG Engine               - fontSizeScaleUI: 1.0
22:18:43.632 [FXGL Background Thread 3 ] DEBUG Engine               - fontText: Courier-Prime.ttf
22:18:43.632 [FXGL Background Thread 3 ] DEBUG Engine               - fontUI: VarelaRound-Regular.ttf
22:18:43.632 [FXGL Background Thread 3 ] DEBUG Engine               - fullScreen: BooleanProperty [value: false]
22:18:43.632 [FXGL Background Thread 3 ] DEBUG Engine               - gameDifficulty: MEDIUM
22:18:43.632 [FXGL Background Thread 3 ] DEBUG Engine               - gameDifficultyProperty: ObjectProperty [value: MEDIUM]
22:18:43.632 [FXGL Background Thread 3 ] DEBUG Engine               - globalMusicVolume: 0.5
22:18:43.633 [FXGL Background Thread 3 ] DEBUG Engine               - globalMusicVolumeProperty: DoubleProperty [value: 0.5]
22:18:43.633 [FXGL Background Thread 3 ] DEBUG Engine               - globalSoundVolume: 0.5
22:18:43.633 [FXGL Background Thread 3 ] DEBUG Engine               - globalSoundVolumeProperty: DoubleProperty [value: 0.5]
22:18:43.633 [FXGL Background Thread 3 ] DEBUG Engine               - height: 720
22:18:43.633 [FXGL Background Thread 3 ] DEBUG Engine               - is3D: false
22:18:43.633 [FXGL Background Thread 3 ] DEBUG Engine               - isAndroid: false
22:18:43.633 [FXGL Background Thread 3 ] DEBUG Engine               - isBrowser: false
22:18:43.633 [FXGL Background Thread 3 ] DEBUG Engine               - isClickFeedbackEnabled: false
22:18:43.633 [FXGL Background Thread 3 ] DEBUG Engine               - isCloseConfirmation: false
22:18:43.633 [FXGL Background Thread 3 ] DEBUG Engine               - isDesktop: true
22:18:43.633 [FXGL Background Thread 3 ] DEBUG Engine               - isDeveloperMenuEnabled: false
22:18:43.633 [FXGL Background Thread 3 ] DEBUG Engine               - isEmbedded: false
22:18:43.633 [FXGL Background Thread 3 ] DEBUG Engine               - isEntityPreloadEnabled: true
22:18:43.633 [FXGL Background Thread 3 ] DEBUG Engine               - isExperimentalTiledLargeMap: false
22:18:43.633 [FXGL Background Thread 3 ] DEBUG Engine               - isFileSystemWriteAllowed: true
22:18:43.633 [FXGL Background Thread 3 ] DEBUG Engine               - isFullScreenAllowed: false
22:18:43.633 [FXGL Background Thread 3 ] DEBUG Engine               - isFullScreenFromStart: false
22:18:43.633 [FXGL Background Thread 3 ] DEBUG Engine               - isGameMenuEnabled: true
22:18:43.633 [FXGL Background Thread 3 ] DEBUG Engine               - isIOS: false
22:18:43.633 [FXGL Background Thread 3 ] DEBUG Engine               - isIntroEnabled: false
22:18:43.633 [FXGL Background Thread 3 ] DEBUG Engine               - isLinux: false
22:18:43.633 [FXGL Background Thread 3 ] DEBUG Engine               - isMac: false
22:18:43.633 [FXGL Background Thread 3 ] DEBUG Engine               - isMainMenuEnabled: false
22:18:43.633 [FXGL Background Thread 3 ] DEBUG Engine               - isManualResizeEnabled: false
22:18:43.633 [FXGL Background Thread 3 ] DEBUG Engine               - isMobile: false
22:18:43.633 [FXGL Background Thread 3 ] DEBUG Engine               - isNative: false
22:18:43.633 [FXGL Background Thread 3 ] DEBUG Engine               - isPauseMusicWhenMinimized: true
22:18:43.633 [FXGL Background Thread 3 ] DEBUG Engine               - isPreserveResizeRatio: false
22:18:43.633 [FXGL Background Thread 3 ] DEBUG Engine               - isProfilingEnabled: false
22:18:43.633 [FXGL Background Thread 3 ] DEBUG Engine               - isScaleAffectedOnResize: true
22:18:43.633 [FXGL Background Thread 3 ] DEBUG Engine               - isSingleStep: false
22:18:43.633 [FXGL Background Thread 3 ] DEBUG Engine               - isUserProfileEnabled: false
22:18:43.633 [FXGL Background Thread 3 ] DEBUG Engine               - isWindows: true
22:18:43.633 [FXGL Background Thread 3 ] DEBUG Engine               - language: ObjectProperty [value: ENGLISH]
22:18:43.633 [FXGL Background Thread 3 ] DEBUG Engine               - menuKey: ESCAPE
22:18:43.633 [FXGL Background Thread 3 ] DEBUG Engine               - mouseSensitivity: 0.2
22:18:43.633 [FXGL Background Thread 3 ] DEBUG Engine               - notificationViewClass: class com.almasb.fxgl.notification.view.XboxNotificationView
22:18:43.633 [FXGL Background Thread 3 ] DEBUG Engine               - pixelsPerMeter: 50.0
22:18:43.633 [FXGL Background Thread 3 ] DEBUG Engine               - platform: WINDOWS
22:18:43.633 [FXGL Background Thread 3 ] DEBUG Engine               - prefHeightProperty: ReadOnlyDoubleProperty [value: 720.0]
22:18:43.633 [FXGL Background Thread 3 ] DEBUG Engine               - prefWidthProperty: ReadOnlyDoubleProperty [value: 1280.0]
22:18:43.633 [FXGL Background Thread 3 ] DEBUG Engine               - profileDir: profiles/
22:18:43.633 [FXGL Background Thread 3 ] DEBUG Engine               - profileName: StringProperty [value: DEFAULT]
22:18:43.633 [FXGL Background Thread 3 ] DEBUG Engine               - randomSeed: -1
22:18:43.635 [FXGL Background Thread 3 ] DEBUG Engine               - runtimeInfo: RuntimeInfo(platform=WINDOWS, version=17.3, build=30.03.2023 11.49)
22:18:43.635 [FXGL Background Thread 3 ] DEBUG Engine               - saveFileExt: sav
22:18:43.635 [FXGL Background Thread 3 ] DEBUG Engine               - scaledHeightProp$fxgl: DoubleProperty [bound, value: 720.0]
22:18:43.635 [FXGL Background Thread 3 ] DEBUG Engine               - scaledWidthProp$fxgl: DoubleProperty [bound, value: 1280.0]
22:18:43.635 [FXGL Background Thread 3 ] DEBUG Engine               - sceneFactory: com.almasb.fxgl.app.scene.SceneFactory@7f8c7453
22:18:43.635 [FXGL Background Thread 3 ] DEBUG Engine               - secondsIn24h: 60
22:18:43.635 [FXGL Background Thread 3 ] DEBUG Engine               - soundMenuBack: menu/back.wav
22:18:43.635 [FXGL Background Thread 3 ] DEBUG Engine               - soundMenuPress: menu/press.wav
22:18:43.635 [FXGL Background Thread 3 ] DEBUG Engine               - soundMenuSelect: menu/select.wav
22:18:43.635 [FXGL Background Thread 3 ] DEBUG Engine               - soundNotification: core/notification.wav
22:18:43.635 [FXGL Background Thread 3 ] DEBUG Engine               - stageStyle: DECORATED
22:18:43.635 [FXGL Background Thread 3 ] DEBUG Engine               - supportedLanguages: [ENGLISH, FRENCH, GERMAN, HUNGARIAN, RUSSIAN]
22:18:43.635 [FXGL Background Thread 3 ] DEBUG Engine               - ticksPerSecond: 120
22:18:43.635 [FXGL Background Thread 3 ] DEBUG Engine               - title: Survivor Game
22:18:43.635 [FXGL Background Thread 3 ] DEBUG Engine               - urlGithub: https://github.com/AlmasB/FXGL
22:18:43.635 [FXGL Background Thread 3 ] DEBUG Engine               - urlLeaderboard: http://fxgl-top.herokuapp.com/
22:18:43.635 [FXGL Background Thread 3 ] DEBUG Engine               - urlPOM: https://raw.githubusercontent.com/AlmasB/FXGL/release/README.md
22:18:43.635 [FXGL Background Thread 3 ] DEBUG Engine               - userAppClass: class com.survivor.main.GameApp
22:18:43.635 [FXGL Background Thread 3 ] DEBUG Engine               - version: 1.0
22:18:43.635 [FXGL Background Thread 3 ] DEBUG Engine               - versionCheckDays: 7
22:18:43.635 [FXGL Background Thread 3 ] DEBUG Engine               - width: 1280
22:18:43.635 [FXGL Background Thread 3 ] DEBUG Engine               - Logging services
22:18:43.635 [FXGL Background Thread 3 ] DEBUG Engine               - class com.almasb.fxgl.app.services.FXGLAssetLoaderService
22:18:43.635 [FXGL Background Thread 3 ] DEBUG Engine               - class com.almasb.fxgl.app.FXGLApplication$GameApplicationService
22:18:43.635 [FXGL Background Thread 3 ] DEBUG Engine               - class com.almasb.fxgl.app.services.FXGLDialogService
22:18:43.635 [FXGL Background Thread 3 ] DEBUG Engine               - class com.almasb.fxgl.app.services.IOTaskExecutorService
22:18:43.635 [FXGL Background Thread 3 ] DEBUG Engine               - class com.almasb.fxgl.io.FileSystemService
22:18:43.635 [FXGL Background Thread 3 ] DEBUG Engine               - class com.almasb.fxgl.localization.LocalizationService
22:18:43.635 [FXGL Background Thread 3 ] DEBUG Engine               - class com.almasb.fxgl.app.services.SystemBundleService
22:18:43.635 [FXGL Background Thread 3 ] DEBUG Engine               - class com.almasb.fxgl.profile.SaveLoadService
22:18:43.636 [FXGL Background Thread 3 ] DEBUG Engine               - class com.almasb.fxgl.ui.FXGLUIFactoryServiceProvider
22:18:43.636 [FXGL Background Thread 3 ] DEBUG Engine               - class com.almasb.fxgl.ui.FXGLDialogFactoryServiceProvider
22:18:43.636 [FXGL Background Thread 3 ] DEBUG Engine               - class com.almasb.fxgl.audio.AudioPlayer
22:18:43.636 [FXGL Background Thread 3 ] DEBUG Engine               - class com.almasb.fxgl.notification.impl.NotificationServiceProvider
22:18:43.636 [FXGL Background Thread 3 ] DEBUG Engine               - class com.almasb.fxgl.achievement.AchievementService
22:18:43.636 [FXGL Background Thread 3 ] DEBUG Engine               - class com.almasb.fxgl.cutscene.CutsceneService
22:18:43.636 [FXGL Background Thread 3 ] DEBUG Engine               - class com.almasb.fxgl.minigames.MiniGameService
22:18:43.636 [FXGL Background Thread 3 ] DEBUG Engine               - class com.almasb.fxgl.net.NetService
22:18:43.636 [FXGL Background Thread 3 ] DEBUG Engine               - class com.almasb.fxgl.app.services.UpdaterService
22:18:43.636 [FXGL Background Thread 3 ] DEBUG Engine               - class com.almasb.fxgl.dev.DevService
22:18:44.763 [JavaFX Application Thread] DEBUG FXGLAssetLoaderServi - Loading from file system: file:/C:/Users/11706/IdeaProjects/survivior-game3/SurvivorGame/target/classes/assets/textures/enemy.png
22:18:46.521 [JavaFX Application Thread] DEBUG LoopRunner           - Pausing loop
22:18:47.943 [JavaFX Application Thread] DEBUG LoopRunner           - Resuming loop
22:18:56.728 [JavaFX Application Thread] DEBUG LoopRunner           - Pausing loop
22:18:57.865 [JavaFX Application Thread] DEBUG LoopRunner           - Resuming loop
22:18:59.980 [JavaFX Application Thread] DEBUG FXGLApplication      - Exiting FXGL
22:18:59.980 [JavaFX Application Thread] DEBUG LoopRunner           - Stopping loop
22:18:59.981 [JavaFX Application Thread] DEBUG SystemBundleService  - Saving FXGL system data
22:18:59.983 [JavaFX Application Thread] DEBUG FileSystemAccess     - Writing to: C:\Users\11706\IdeaProjects\survivior-game3\SurvivorGame\system\fxgl.bundle
22:18:59.985 [JavaFX Application Thread] DEBUG Async                - Shutting down background threads
22:18:59.985 [JavaFX Application Thread] DEBUG PrimaryStageWindow   - Closing main window
22:19:00.037 [JavaFX Application Thread] DEBUG Logger               - Closing Logger
