10:37:16.837 [main                     ] DEBUG Logger               - Configured Logger
10:37:16.863 [main                     ] DEBUG GameApplication      - Logging settings
Title: Survivor Game
Version: 1.0
Width: 1280
Height: 720
Fullscreen: false
Intro: false
Profiling: false
Single step:false
App Mode: DEVELOPER
Menu Key: ESCAPE
Stage Style: DECORATED
Scene Factory: class com.almasb.fxgl.app.scene.SceneFactory

10:37:17.255 [JavaFX Application Thread] DEBUG FXGLApplication      - Initializing FXGL
10:37:17.259 [JavaFX Application Thread] INFO  Engine               - FXGL-17.3 (30.03.2023 11.49) on WINDOWS (J:21.0.5 FX:20)
10:37:17.259 [JavaFX Application Thread] DEBUG Engine               - JRE Vendor Name: Oracle Corporation
10:37:17.259 [JavaFX Application Thread] DEBUG Engine               - Running on OS: Windows 11 version 10.0
10:37:17.260 [JavaFX Application Thread] DEBUG Engine               - Architecture: amd64
10:37:17.260 [JavaFX Application Thread] INFO  Engine               - Source code and latest versions at: https://github.com/AlmasB/FXGL
10:37:17.260 [JavaFX Application Thread] INFO  Engine               -       Ask questions and discuss at: https://github.com/AlmasB/FXGL/discussions
10:37:17.260 [JavaFX Application Thread] INFO  Engine               -              Join the FXGL chat at: https://gitter.im/AlmasB/FXGL
10:37:17.333 [JavaFX Application Thread] DEBUG PrimaryStageWindow   - Creating a JavaFX scene
10:37:17.376 [JavaFX Application Thread] DEBUG PrimaryStageWindow   - Target settings size: 1280.0 x 720.0
10:37:17.376 [JavaFX Application Thread] DEBUG PrimaryStageWindow   - Scaled scene size:    1280.0 x 720.0
10:37:17.377 [JavaFX Application Thread] DEBUG PrimaryStageWindow   - Scaled ratio: (1.0, 1.0)
10:37:17.378 [JavaFX Application Thread] DEBUG PrimaryStageWindow   - Set initial scene to FXGLStartupScene
10:37:17.382 [JavaFX Application Thread] DEBUG PrimaryStageWindow   - Opening main window
10:37:17.470 [JavaFX Application Thread] DEBUG PrimaryStageWindow   - Window border size: (14.6666259765625, 37.33331298828125)
10:37:17.471 [JavaFX Application Thread] DEBUG PrimaryStageWindow   - Scaled size: 1280.0 x 720.0
10:37:17.471 [JavaFX Application Thread] DEBUG PrimaryStageWindow   - Scaled ratio: (1.0, 1.0)
10:37:17.471 [JavaFX Application Thread] DEBUG PrimaryStageWindow   - Scene size: 1280.0 x 720.0
10:37:17.471 [JavaFX Application Thread] DEBUG PrimaryStageWindow   - Stage size: 1294.6666259765625 x 757.3333129882812
10:37:17.479 [FXGL Background Thread 1 ] DEBUG Engine               - Initializing environment variables
10:37:17.533 [FXGL Background Thread 1 ] DEBUG FXGLAssetLoaderServi - User app class for loading assets: class com.survivor.main.GameApp
10:37:17.534 [FXGL Background Thread 1 ] DEBUG GameApplicationServi - Applying CSS: fxgl_dark.css
10:37:17.535 [FXGL Background Thread 1 ] DEBUG FXGLAssetLoaderServi - Loading from file system: jar:file:/C:/Users/11706/.m2/repository/com/github/almasb/fxgl/17.3/fxgl-17.3.jar!/fxglassets/ui/css/fxgl_dark.css
10:37:17.579 [FXGL Background Thread 1 ] DEBUG GameApplicationServi - Initializing application scenes
10:37:17.688 [FXGL Background Thread 1 ] DEBUG GameWorld            - Game world initialized
10:37:17.808 [FXGL Background Thread 1 ] DEBUG PhysicsWorld         - Physics world initialized: appHeight=720, physics.ppm=50.0
10:37:17.808 [FXGL Background Thread 1 ] DEBUG PhysicsWorld         - Using strategy: BRUTE_FORCE
10:37:17.814 [FXGL Background Thread 1 ] DEBUG GameScene            - Game scene initialized: 1280x720
10:37:17.826 [FXGL Background Thread 1 ] DEBUG FXGL.DefaultMenu     - createMenuBodyGameMenu()
10:37:17.840 [FXGL Background Thread 1 ] DEBUG FXGL.DefaultMenu     - createOptionsMenu()
10:37:17.851 [FXGL Background Thread 1 ] DEBUG FXGLAssetLoaderServi - Loading from file system: jar:file:/C:/Users/11706/.m2/repository/com/github/almasb/fxgl/17.3/fxgl-17.3.jar!/fxglassets/textures/particles/smoke.png
10:37:17.970 [FXGL Background Thread 1 ] DEBUG FXGLAssetLoaderServi - Loading from file system: jar:file:/C:/Users/11706/.m2/repository/com/github/almasb/fxgl/17.3/fxgl-17.3.jar!/fxglassets/textures/particles/trace_horizontal.png
10:37:17.993 [FXGL Background Thread 1 ] DEBUG GameApplicationServi - Application scenes initialized
10:37:18.008 [FXGL Background Thread 1 ] DEBUG SystemBundleService  - Loading FXGL system data
10:37:18.013 [FXGL Background Thread 1 ] DEBUG FileSystemAccess     - Reading from: C:\Users\11706\IdeaProjects\survivior-game2\SurvivorGame\system\fxgl.bundle
10:37:18.022 [FXGL Background Thread 1 ] DEBUG SystemBundleService  - Bundle FXGL: {}
10:37:18.022 [FXGL Background Thread 1 ] DEBUG UpdaterService       - Checking for updates
10:37:18.025 [FXGL Background Thread 4 ] DEBUG FXGLApplication      - Loading fonts
10:37:18.026 [FXGL Background Thread 4 ] DEBUG FXGLAssetLoaderServi - Loading from file system: jar:file:/C:/Users/11706/.m2/repository/com/github/almasb/fxgl/17.3/fxgl-17.3.jar!/fxglassets/ui/fonts/VarelaRound-Regular.ttf
10:37:18.027 [FXGL Background Thread 1 ] DEBUG FXGLApplication      - Loading default localization
10:37:18.028 [FXGL Background Thread 1 ] DEBUG FXGLAssetLoaderServi - Loading from file system: jar:file:/C:/Users/11706/.m2/repository/com/github/almasb/fxgl/17.3/fxgl-17.3.jar!/fxglassets/languages/english.lang
10:37:18.074 [FXGL Background Thread 4 ] DEBUG FXGLAssetLoaderServi - Loading from file system: jar:file:/C:/Users/11706/.m2/repository/com/github/almasb/fxgl/17.3/fxgl-17.3.jar!/fxglassets/ui/fonts/Abel-Regular.ttf
10:37:18.079 [FXGL Background Thread 4 ] DEBUG FXGLAssetLoaderServi - Loading from file system: jar:file:/C:/Users/11706/.m2/repository/com/github/almasb/fxgl/17.3/fxgl-17.3.jar!/fxglassets/ui/fonts/TerminalLandMono-Regular.otf
10:37:18.081 [FXGL Background Thread 1 ] INFO  FXGLApplication      - FXGL initialization took: 0.602 sec
10:37:18.083 [JavaFX Application Thread] DEBUG FXGLAssetLoaderServi - Loading from file system: file:/C:/Users/11706/IdeaProjects/survivior-game2/SurvivorGame/target/classes/assets/textures/icon.png
10:37:18.083 [FXGL Background Thread 4 ] DEBUG FXGLAssetLoaderServi - Loading from file system: jar:file:/C:/Users/11706/.m2/repository/com/github/almasb/fxgl/17.3/fxgl-17.3.jar!/fxglassets/ui/fonts/Courier-Prime.ttf
10:37:18.092 [JavaFX Application Thread] DEBUG FXGLAssetLoaderServi - Loading from file system: jar:file:/C:/Users/11706/.m2/repository/com/github/almasb/fxgl/17.3/fxgl-17.3.jar!/fxglassets/textures/fxgl_default_cursor.png
10:37:18.102 [JavaFX Application Thread] DEBUG Input                - Registered new binding: Screenshot - CTRL+8
10:37:18.102 [JavaFX Application Thread] DEBUG Input                - Registered new binding: System info dump - CTRL+9
10:37:18.103 [JavaFX Application Thread] DEBUG Input                - Registered new binding: Restart - CTRL+R
10:37:18.103 [JavaFX Application Thread] DEBUG Input                - Registered new binding: Toggle Debug Camera - CTRL+7
10:37:18.106 [JavaFX Application Thread] DEBUG LoopRunner           - Starting loop
10:37:18.106 [JavaFX Application Thread] DEBUG LoopRunner           - Initializing JavaFX AnimationTimerLoop
10:37:18.109 [JavaFX Application Thread] DEBUG GameApplicationServi - Starting new game
10:37:18.109 [JavaFX Application Thread] DEBUG Input                - Clearing active input actions
10:37:18.126 [JavaFX Application Thread] DEBUG GameApplicationServi - Removing overlay from FXGLStartupScene and adding to FXGLLoadingScene
10:37:18.126 [JavaFX Application Thread] DEBUG PrimaryStageWindow   - FXGLStartupScene -> FXGLLoadingScene
10:37:18.126 [JavaFX Application Thread] DEBUG GameApplicationServi - Clearing previous game
10:37:18.126 [JavaFX Application Thread] DEBUG GameScene            - Clearing game scene
10:37:18.126 [JavaFX Application Thread] DEBUG GameWorld            - Clearing game world
10:37:18.126 [JavaFX Application Thread] DEBUG PhysicsWorld         - Clearing physics world
10:37:18.129 [FXGL Background Thread 4 ] DEBUG FXGLApplication      - Initializing game
10:37:18.129 [JavaFX Application Thread] DEBUG FXGLApplication      - Registering font factories with UI factory
10:37:18.482 [FXGL Background Thread 4 ] WARN  TMXLevelLoader       - TiledMap generated from 1.11.2. Supported version: 1.9.0. Some features may not be parsed fully.
10:37:18.736 [FXGL Background Thread 4 ] DEBUG TMXLevelLoader       - Parsed TiledMap: file:/C:/Users/11706/IdeaProjects/survivior-game2/SurvivorGame/target/classes/assets/levels/Bigdongeonmap.tmx
10:37:18.741 [FXGL Background Thread 4 ] DEBUG TMXLevelLoader       - Creating tile layer entities
10:37:18.749 [FXGL Background Thread 4 ] DEBUG TilesetLoader        - Loading view for layer 图块层 1
10:37:18.801 [FXGL Background Thread 4 ] DEBUG TilesetLoader        - Created buffer with size 9600.0x5600.0
10:37:18.965 [FXGL Background Thread 4 ] DEBUG TilesetLoader        - Loading view for layer 图块层 2
10:37:19.025 [FXGL Background Thread 4 ] DEBUG TilesetLoader        - Created buffer with size 9600.0x5600.0
10:37:19.058 [FXGL Background Thread 4 ] DEBUG TMXLevelLoader       - Creating object layer entities
10:37:19.227 [FXGL Background Thread 4 ] DEBUG GameWorld            - Clearing removable entities
10:37:19.229 [FXGL Background Thread 4 ] DEBUG GameWorld            - Setting level: com.almasb.fxgl.entity.level.Level@4b339360
10:37:19.248 [FXGL Background Thread 2 ] INFO  UpdaterService       - Your current version:  17.3
10:37:19.249 [FXGL Background Thread 2 ] INFO  UpdaterService       - Latest stable version: 21.1
10:37:19.299 [FXGL Background Thread 4 ] DEBUG Input                - Registered new binding: Move Up - W
10:37:19.300 [FXGL Background Thread 4 ] DEBUG Input                - Registered new binding: Move Down - S
10:37:19.300 [FXGL Background Thread 4 ] DEBUG Input                - Registered new binding: Move Left - A
10:37:19.300 [FXGL Background Thread 4 ] DEBUG Input                - Registered new binding: Move Right - D
10:37:19.301 [FXGL Background Thread 4 ] DEBUG Input                - Registered new binding: AttackLeft - J
10:37:19.301 [FXGL Background Thread 4 ] DEBUG Input                - Registered new binding: AttackRight - K
10:37:19.301 [FXGL Background Thread 4 ] DEBUG Input                - Registered new binding: Dash - L
10:37:19.312 [FXGL Background Thread 4 ] DEBUG FXGLAssetLoaderServi - Loading from file system: file:/C:/Users/11706/IdeaProjects/survivior-game2/SurvivorGame/target/classes/assets/textures/Idle.png
10:37:19.319 [FXGL Background Thread 4 ] DEBUG FXGLAssetLoaderServi - Loading from file system: file:/C:/Users/11706/IdeaProjects/survivior-game2/SurvivorGame/target/classes/assets/textures/Run.png
10:37:19.322 [FXGL Background Thread 4 ] DEBUG FXGLAssetLoaderServi - Loading from file system: file:/C:/Users/11706/IdeaProjects/survivior-game2/SurvivorGame/target/classes/assets/textures/Attack3.png
10:37:19.332 [FXGL Background Thread 4 ] INFO  FXGLApplication      - Game initialization took: 1.202 sec
10:37:19.644 [JavaFX Application Thread] DEBUG Input                - Clearing active input actions
10:37:19.673 [JavaFX Application Thread] DEBUG GameApplicationServi - Removing overlay from FXGLLoadingScene and adding to GameScene
10:37:19.673 [JavaFX Application Thread] DEBUG PrimaryStageWindow   - FXGLLoadingScene -> GameScene
10:37:20.627 [JavaFX Application Thread] DEBUG Input                - Registered new binding: action0 - U
10:37:20.628 [JavaFX Application Thread] DEBUG Input                - Registered new binding: action1 - G
10:37:21.026 [FXGL Background Thread 3 ] DEBUG Engine               - Logging environment variables
10:37:21.026 [FXGL Background Thread 3 ] DEBUG Engine               - achievements: []
10:37:21.026 [FXGL Background Thread 3 ] DEBUG Engine               - actualHeight: 720.0
10:37:21.027 [FXGL Background Thread 3 ] DEBUG Engine               - actualHeightProperty: ReadOnlyDoubleProperty [value: 720.0]
10:37:21.027 [FXGL Background Thread 3 ] DEBUG Engine               - actualWidth: 1280.0
10:37:21.027 [FXGL Background Thread 3 ] DEBUG Engine               - actualWidthProperty: ReadOnlyDoubleProperty [value: 1280.0]
10:37:21.027 [FXGL Background Thread 3 ] DEBUG Engine               - appIcon: icon.png
10:37:21.027 [FXGL Background Thread 3 ] DEBUG Engine               - applicationMode: DEVELOPER
10:37:21.027 [FXGL Background Thread 3 ] DEBUG Engine               - cSSList: [fxgl_dark.css]
10:37:21.027 [FXGL Background Thread 3 ] DEBUG Engine               - collisionDetectionStrategy: BRUTE_FORCE
10:37:21.027 [FXGL Background Thread 3 ] DEBUG Engine               - configClass: Optional.empty
10:37:21.027 [FXGL Background Thread 3 ] DEBUG Engine               - credits: []
10:37:21.027 [FXGL Background Thread 3 ] DEBUG Engine               - defaultCursor: CursorInfo(imageName=fxgl_default_cursor.png, hotspotX=7.0, hotspotY=6.0)
10:37:21.027 [FXGL Background Thread 3 ] DEBUG Engine               - devBBoxColorProperty: ObjectProperty [value: 0xff0000ff]
10:37:21.027 [FXGL Background Thread 3 ] DEBUG Engine               - devEnableDebugCameraProperty: BooleanProperty [value: false]
10:37:21.027 [FXGL Background Thread 3 ] DEBUG Engine               - devSensorColorProperty: ObjectProperty [value: 0xffff00ff]
10:37:21.027 [FXGL Background Thread 3 ] DEBUG Engine               - devShowBBoxProperty: BooleanProperty [value: false]
10:37:21.027 [FXGL Background Thread 3 ] DEBUG Engine               - devShowPositionProperty: BooleanProperty [value: false]
10:37:21.027 [FXGL Background Thread 3 ] DEBUG Engine               - enabledMenuItems: []
10:37:21.027 [FXGL Background Thread 3 ] DEBUG Engine               - engineServices: [class com.almasb.fxgl.app.services.FXGLAssetLoaderService, class com.almasb.fxgl.app.FXGLApplication$GameApplicationService, class com.almasb.fxgl.app.services.FXGLDialogService, class com.almasb.fxgl.app.services.IOTaskExecutorService, class com.almasb.fxgl.io.FileSystemService, class com.almasb.fxgl.localization.LocalizationService, class com.almasb.fxgl.app.services.SystemBundleService, class com.almasb.fxgl.profile.SaveLoadService, class com.almasb.fxgl.ui.FXGLUIFactoryServiceProvider, class com.almasb.fxgl.ui.FXGLDialogFactoryServiceProvider, class com.almasb.fxgl.audio.AudioPlayer, class com.almasb.fxgl.notification.impl.NotificationServiceProvider, class com.almasb.fxgl.achievement.AchievementService, class com.almasb.fxgl.cutscene.CutsceneService, class com.almasb.fxgl.minigames.MiniGameService, class com.almasb.fxgl.net.NetService, class com.almasb.fxgl.app.services.UpdaterService, class com.almasb.fxgl.dev.DevService]
10:37:21.027 [FXGL Background Thread 3 ] DEBUG Engine               - fontGame: Abel-Regular.ttf
10:37:21.027 [FXGL Background Thread 3 ] DEBUG Engine               - fontMono: TerminalLandMono-Regular.otf
10:37:21.027 [FXGL Background Thread 3 ] DEBUG Engine               - fontSizeScaleUI: 1.0
10:37:21.027 [FXGL Background Thread 3 ] DEBUG Engine               - fontText: Courier-Prime.ttf
10:37:21.028 [FXGL Background Thread 3 ] DEBUG Engine               - fontUI: VarelaRound-Regular.ttf
10:37:21.028 [FXGL Background Thread 3 ] DEBUG Engine               - fullScreen: BooleanProperty [value: false]
10:37:21.028 [FXGL Background Thread 3 ] DEBUG Engine               - gameDifficulty: MEDIUM
10:37:21.028 [FXGL Background Thread 3 ] DEBUG Engine               - gameDifficultyProperty: ObjectProperty [value: MEDIUM]
10:37:21.028 [FXGL Background Thread 3 ] DEBUG Engine               - globalMusicVolume: 0.5
10:37:21.028 [FXGL Background Thread 3 ] DEBUG Engine               - globalMusicVolumeProperty: DoubleProperty [value: 0.5]
10:37:21.028 [FXGL Background Thread 3 ] DEBUG Engine               - globalSoundVolume: 0.5
10:37:21.028 [FXGL Background Thread 3 ] DEBUG Engine               - globalSoundVolumeProperty: DoubleProperty [value: 0.5]
10:37:21.028 [FXGL Background Thread 3 ] DEBUG Engine               - height: 720
10:37:21.028 [FXGL Background Thread 3 ] DEBUG Engine               - is3D: false
10:37:21.028 [FXGL Background Thread 3 ] DEBUG Engine               - isAndroid: false
10:37:21.028 [FXGL Background Thread 3 ] DEBUG Engine               - isBrowser: false
10:37:21.028 [FXGL Background Thread 3 ] DEBUG Engine               - isClickFeedbackEnabled: false
10:37:21.028 [FXGL Background Thread 3 ] DEBUG Engine               - isCloseConfirmation: false
10:37:21.028 [FXGL Background Thread 3 ] DEBUG Engine               - isDesktop: true
10:37:21.028 [FXGL Background Thread 3 ] DEBUG Engine               - isDeveloperMenuEnabled: false
10:37:21.028 [FXGL Background Thread 3 ] DEBUG Engine               - isEmbedded: false
10:37:21.028 [FXGL Background Thread 3 ] DEBUG Engine               - isEntityPreloadEnabled: true
10:37:21.028 [FXGL Background Thread 3 ] DEBUG Engine               - isExperimentalTiledLargeMap: false
10:37:21.028 [FXGL Background Thread 3 ] DEBUG Engine               - isFileSystemWriteAllowed: true
10:37:21.028 [FXGL Background Thread 3 ] DEBUG Engine               - isFullScreenAllowed: false
10:37:21.028 [FXGL Background Thread 3 ] DEBUG Engine               - isFullScreenFromStart: false
10:37:21.028 [FXGL Background Thread 3 ] DEBUG Engine               - isGameMenuEnabled: true
10:37:21.028 [FXGL Background Thread 3 ] DEBUG Engine               - isIOS: false
10:37:21.028 [FXGL Background Thread 3 ] DEBUG Engine               - isIntroEnabled: false
10:37:21.028 [FXGL Background Thread 3 ] DEBUG Engine               - isLinux: false
10:37:21.028 [FXGL Background Thread 3 ] DEBUG Engine               - isMac: false
10:37:21.028 [FXGL Background Thread 3 ] DEBUG Engine               - isMainMenuEnabled: false
10:37:21.028 [FXGL Background Thread 3 ] DEBUG Engine               - isManualResizeEnabled: false
10:37:21.028 [FXGL Background Thread 3 ] DEBUG Engine               - isMobile: false
10:37:21.028 [FXGL Background Thread 3 ] DEBUG Engine               - isNative: false
10:37:21.028 [FXGL Background Thread 3 ] DEBUG Engine               - isPauseMusicWhenMinimized: true
10:37:21.028 [FXGL Background Thread 3 ] DEBUG Engine               - isPreserveResizeRatio: false
10:37:21.028 [FXGL Background Thread 3 ] DEBUG Engine               - isProfilingEnabled: false
10:37:21.028 [FXGL Background Thread 3 ] DEBUG Engine               - isScaleAffectedOnResize: true
10:37:21.028 [FXGL Background Thread 3 ] DEBUG Engine               - isSingleStep: false
10:37:21.028 [FXGL Background Thread 3 ] DEBUG Engine               - isUserProfileEnabled: false
10:37:21.028 [FXGL Background Thread 3 ] DEBUG Engine               - isWindows: true
10:37:21.028 [FXGL Background Thread 3 ] DEBUG Engine               - language: ObjectProperty [value: ENGLISH]
10:37:21.029 [FXGL Background Thread 3 ] DEBUG Engine               - menuKey: ESCAPE
10:37:21.029 [FXGL Background Thread 3 ] DEBUG Engine               - mouseSensitivity: 0.2
10:37:21.029 [FXGL Background Thread 3 ] DEBUG Engine               - notificationViewClass: class com.almasb.fxgl.notification.view.XboxNotificationView
10:37:21.029 [FXGL Background Thread 3 ] DEBUG Engine               - pixelsPerMeter: 50.0
10:37:21.029 [FXGL Background Thread 3 ] DEBUG Engine               - platform: WINDOWS
10:37:21.029 [FXGL Background Thread 3 ] DEBUG Engine               - prefHeightProperty: ReadOnlyDoubleProperty [value: 720.0]
10:37:21.029 [FXGL Background Thread 3 ] DEBUG Engine               - prefWidthProperty: ReadOnlyDoubleProperty [value: 1280.0]
10:37:21.029 [FXGL Background Thread 3 ] DEBUG Engine               - profileDir: profiles/
10:37:21.029 [FXGL Background Thread 3 ] DEBUG Engine               - profileName: StringProperty [value: DEFAULT]
10:37:21.029 [FXGL Background Thread 3 ] DEBUG Engine               - randomSeed: -1
10:37:21.029 [FXGL Background Thread 3 ] DEBUG Engine               - runtimeInfo: RuntimeInfo(platform=WINDOWS, version=17.3, build=30.03.2023 11.49)
10:37:21.029 [FXGL Background Thread 3 ] DEBUG Engine               - saveFileExt: sav
10:37:21.029 [FXGL Background Thread 3 ] DEBUG Engine               - scaledHeightProp$fxgl: DoubleProperty [bound, value: 720.0]
10:37:21.029 [FXGL Background Thread 3 ] DEBUG Engine               - scaledWidthProp$fxgl: DoubleProperty [bound, value: 1280.0]
10:37:21.029 [FXGL Background Thread 3 ] DEBUG Engine               - sceneFactory: com.almasb.fxgl.app.scene.SceneFactory@5a3076
10:37:21.029 [FXGL Background Thread 3 ] DEBUG Engine               - secondsIn24h: 60
10:37:21.029 [FXGL Background Thread 3 ] DEBUG Engine               - soundMenuBack: menu/back.wav
10:37:21.029 [FXGL Background Thread 3 ] DEBUG Engine               - soundMenuPress: menu/press.wav
10:37:21.029 [FXGL Background Thread 3 ] DEBUG Engine               - soundMenuSelect: menu/select.wav
10:37:21.029 [FXGL Background Thread 3 ] DEBUG Engine               - soundNotification: core/notification.wav
10:37:21.029 [FXGL Background Thread 3 ] DEBUG Engine               - stageStyle: DECORATED
10:37:21.029 [FXGL Background Thread 3 ] DEBUG Engine               - supportedLanguages: [ENGLISH, FRENCH, GERMAN, HUNGARIAN, RUSSIAN]
10:37:21.029 [FXGL Background Thread 3 ] DEBUG Engine               - ticksPerSecond: -1
10:37:21.029 [FXGL Background Thread 3 ] DEBUG Engine               - title: Survivor Game
10:37:21.029 [FXGL Background Thread 3 ] DEBUG Engine               - urlGithub: https://github.com/AlmasB/FXGL
10:37:21.029 [FXGL Background Thread 3 ] DEBUG Engine               - urlLeaderboard: http://fxgl-top.herokuapp.com/
10:37:21.029 [FXGL Background Thread 3 ] DEBUG Engine               - urlPOM: https://raw.githubusercontent.com/AlmasB/FXGL/release/README.md
10:37:21.029 [FXGL Background Thread 3 ] DEBUG Engine               - userAppClass: class com.survivor.main.GameApp
10:37:21.029 [FXGL Background Thread 3 ] DEBUG Engine               - version: 1.0
10:37:21.030 [FXGL Background Thread 3 ] DEBUG Engine               - versionCheckDays: 7
10:37:21.030 [FXGL Background Thread 3 ] DEBUG Engine               - width: 1280
10:37:21.030 [FXGL Background Thread 3 ] DEBUG Engine               - Logging services
10:37:21.030 [FXGL Background Thread 3 ] DEBUG Engine               - class com.almasb.fxgl.app.services.FXGLAssetLoaderService
10:37:21.030 [FXGL Background Thread 3 ] DEBUG Engine               - class com.almasb.fxgl.app.FXGLApplication$GameApplicationService
10:37:21.030 [FXGL Background Thread 3 ] DEBUG Engine               - class com.almasb.fxgl.app.services.FXGLDialogService
10:37:21.030 [FXGL Background Thread 3 ] DEBUG Engine               - class com.almasb.fxgl.app.services.IOTaskExecutorService
10:37:21.030 [FXGL Background Thread 3 ] DEBUG Engine               - class com.almasb.fxgl.io.FileSystemService
10:37:21.030 [FXGL Background Thread 3 ] DEBUG Engine               - class com.almasb.fxgl.localization.LocalizationService
10:37:21.030 [FXGL Background Thread 3 ] DEBUG Engine               - class com.almasb.fxgl.app.services.SystemBundleService
10:37:21.030 [FXGL Background Thread 3 ] DEBUG Engine               - class com.almasb.fxgl.profile.SaveLoadService
10:37:21.030 [FXGL Background Thread 3 ] DEBUG Engine               - class com.almasb.fxgl.ui.FXGLUIFactoryServiceProvider
10:37:21.030 [FXGL Background Thread 3 ] DEBUG Engine               - class com.almasb.fxgl.ui.FXGLDialogFactoryServiceProvider
10:37:21.030 [FXGL Background Thread 3 ] DEBUG Engine               - class com.almasb.fxgl.audio.AudioPlayer
10:37:21.030 [FXGL Background Thread 3 ] DEBUG Engine               - class com.almasb.fxgl.notification.impl.NotificationServiceProvider
10:37:21.030 [FXGL Background Thread 3 ] DEBUG Engine               - class com.almasb.fxgl.achievement.AchievementService
10:37:21.030 [FXGL Background Thread 3 ] DEBUG Engine               - class com.almasb.fxgl.cutscene.CutsceneService
10:37:21.030 [FXGL Background Thread 3 ] DEBUG Engine               - class com.almasb.fxgl.minigames.MiniGameService
10:37:21.030 [FXGL Background Thread 3 ] DEBUG Engine               - class com.almasb.fxgl.net.NetService
10:37:21.030 [FXGL Background Thread 3 ] DEBUG Engine               - class com.almasb.fxgl.app.services.UpdaterService
10:37:21.030 [FXGL Background Thread 3 ] DEBUG Engine               - class com.almasb.fxgl.dev.DevService
10:37:22.698 [JavaFX Application Thread] DEBUG FXGLApplication      - Exiting FXGL
10:37:22.698 [JavaFX Application Thread] DEBUG LoopRunner           - Stopping loop
10:37:22.698 [JavaFX Application Thread] DEBUG SystemBundleService  - Saving FXGL system data
10:37:22.700 [JavaFX Application Thread] DEBUG FileSystemAccess     - Writing to: C:\Users\11706\IdeaProjects\survivior-game2\SurvivorGame\system\fxgl.bundle
10:37:22.706 [JavaFX Application Thread] DEBUG Async                - Shutting down background threads
10:37:22.706 [JavaFX Application Thread] DEBUG PrimaryStageWindow   - Closing main window
10:37:22.735 [JavaFX Application Thread] DEBUG Logger               - Closing Logger
