15:22:37.677 [main                     ] DEBUG Logger               - Configured Logger
15:22:37.693 [main                     ] DEBUG GameApplication      - Logging settings
Title: Survivor Game
Version: 1.0
Width: 1280
Height: 720
Fullscreen: false
Intro: false
Profiling: false
Single step:false
App Mode: DEVELOPER
Menu Key: ESCAPE
Stage Style: DECORATED
Scene Factory: class com.almasb.fxgl.app.scene.SceneFactory

15:22:38.007 [JavaFX Application Thread] DEBUG FXGLApplication      - Initializing FXGL
15:22:38.011 [JavaFX Application Thread] INFO  Engine               - FXGL-17.3 (30.03.2023 11.49) on WINDOWS (J:17.0.16 FX:20)
15:22:38.011 [JavaFX Application Thread] DEBUG Engine               - JRE Vendor Name: Microsoft
15:22:38.011 [JavaFX Application Thread] DEBUG Engine               - Running on OS: Windows 11 version 10.0
15:22:38.011 [JavaFX Application Thread] DEBUG Engine               - Architecture: amd64
15:22:38.011 [JavaFX Application Thread] INFO  Engine               - Source code and latest versions at: https://github.com/AlmasB/FXGL
15:22:38.011 [JavaFX Application Thread] INFO  Engine               -       Ask questions and discuss at: https://github.com/AlmasB/FXGL/discussions
15:22:38.011 [JavaFX Application Thread] INFO  Engine               -              Join the FXGL chat at: https://gitter.im/AlmasB/FXGL
15:22:38.077 [JavaFX Application Thread] DEBUG PrimaryStageWindow   - Creating a JavaFX scene
15:22:38.103 [JavaFX Application Thread] DEBUG PrimaryStageWindow   - Target settings size: 1280.0 x 720.0
15:22:38.103 [JavaFX Application Thread] DEBUG PrimaryStageWindow   - Scaled scene size:    1280.0 x 720.0
15:22:38.104 [JavaFX Application Thread] DEBUG PrimaryStageWindow   - Scaled ratio: (1.0, 1.0)
15:22:38.104 [JavaFX Application Thread] DEBUG PrimaryStageWindow   - Set initial scene to FXGLStartupScene
15:22:38.106 [JavaFX Application Thread] DEBUG PrimaryStageWindow   - Opening main window
15:22:38.159 [JavaFX Application Thread] DEBUG PrimaryStageWindow   - Window border size: (14.6666259765625, 37.33331298828125)
15:22:38.159 [JavaFX Application Thread] DEBUG PrimaryStageWindow   - Scaled size: 1280.0 x 720.0
15:22:38.159 [JavaFX Application Thread] DEBUG PrimaryStageWindow   - Scaled ratio: (1.0, 1.0)
15:22:38.159 [JavaFX Application Thread] DEBUG PrimaryStageWindow   - Scene size: 1280.0 x 720.0
15:22:38.161 [JavaFX Application Thread] DEBUG PrimaryStageWindow   - Stage size: 1294.6666259765625 x 757.3333129882812
15:22:38.164 [FXGL Background Thread 1 ] DEBUG Engine               - Initializing environment variables
15:22:38.182 [FXGL Background Thread 1 ] DEBUG FXGLAssetLoaderServi - User app class for loading assets: class com.survivor.main.GameApp
15:22:38.182 [FXGL Background Thread 1 ] DEBUG GameApplicationServi - Applying CSS: fxgl_dark.css
15:22:38.182 [FXGL Background Thread 1 ] DEBUG FXGLAssetLoaderServi - Loading from file system: jar:file:/C:/Users/zrj/.m2/repository/com/github/almasb/fxgl/17.3/fxgl-17.3.jar!/fxglassets/ui/css/fxgl_dark.css
15:22:38.207 [FXGL Background Thread 1 ] DEBUG GameApplicationServi - Initializing application scenes
15:22:38.244 [FXGL Background Thread 1 ] DEBUG GameWorld            - Game world initialized
15:22:38.276 [FXGL Background Thread 1 ] DEBUG PhysicsWorld         - Physics world initialized: appHeight=720, physics.ppm=50.0
15:22:38.276 [FXGL Background Thread 1 ] DEBUG PhysicsWorld         - Using strategy: BRUTE_FORCE
15:22:38.279 [FXGL Background Thread 1 ] DEBUG GameScene            - Game scene initialized: 1280x720
15:22:38.291 [FXGL Background Thread 1 ] DEBUG FXGL.DefaultMenu     - createMenuBodyGameMenu()
15:22:38.301 [FXGL Background Thread 1 ] DEBUG FXGL.DefaultMenu     - createOptionsMenu()
15:22:38.306 [FXGL Background Thread 1 ] DEBUG FXGLAssetLoaderServi - Loading from file system: jar:file:/C:/Users/zrj/.m2/repository/com/github/almasb/fxgl/17.3/fxgl-17.3.jar!/fxglassets/textures/particles/smoke.png
15:22:38.361 [FXGL Background Thread 1 ] DEBUG FXGLAssetLoaderServi - Loading from file system: jar:file:/C:/Users/zrj/.m2/repository/com/github/almasb/fxgl/17.3/fxgl-17.3.jar!/fxglassets/textures/particles/trace_horizontal.png
15:22:38.378 [FXGL Background Thread 1 ] DEBUG GameApplicationServi - Application scenes initialized
15:22:38.388 [FXGL Background Thread 1 ] DEBUG SystemBundleService  - Loading FXGL system data
15:22:38.390 [FXGL Background Thread 1 ] DEBUG FileSystemAccess     - Reading from: D:\javaproject\survivior-game5\SurvivorGame\system\fxgl.bundle
15:22:38.395 [FXGL Background Thread 1 ] DEBUG SystemBundleService  - Bundle FXGL: {}
15:22:38.395 [FXGL Background Thread 1 ] DEBUG UpdaterService       - Checking for updates
15:22:38.398 [FXGL Background Thread 4 ] DEBUG FXGLApplication      - Loading fonts
15:22:38.399 [FXGL Background Thread 4 ] DEBUG FXGLAssetLoaderServi - Loading from file system: jar:file:/C:/Users/zrj/.m2/repository/com/github/almasb/fxgl/17.3/fxgl-17.3.jar!/fxglassets/ui/fonts/VarelaRound-Regular.ttf
15:22:38.399 [FXGL Background Thread 1 ] DEBUG FXGLApplication      - Loading default localization
15:22:38.399 [FXGL Background Thread 1 ] DEBUG FXGLAssetLoaderServi - Loading from file system: jar:file:/C:/Users/zrj/.m2/repository/com/github/almasb/fxgl/17.3/fxgl-17.3.jar!/fxglassets/languages/english.lang
15:22:38.416 [FXGL Background Thread 1 ] INFO  FXGLApplication      - FXGL initialization took: 0.251 sec
15:22:38.416 [JavaFX Application Thread] DEBUG Input                - Clearing active input actions
15:22:38.422 [JavaFX Application Thread] DEBUG Input                - Registered new binding: Move Up - W
15:22:38.423 [JavaFX Application Thread] DEBUG Input                - Registered new binding: Move Down - S
15:22:38.423 [JavaFX Application Thread] DEBUG Input                - Registered new binding: Move Left - A
15:22:38.423 [JavaFX Application Thread] DEBUG Input                - Registered new binding: Move Right - D
15:22:38.423 [JavaFX Application Thread] DEBUG Input                - Registered new binding: AttackLeft - J
15:22:38.423 [JavaFX Application Thread] DEBUG Input                - Registered new binding: AttackRight - K
15:22:38.423 [JavaFX Application Thread] DEBUG Input                - Registered new binding: Dash - L
15:22:38.424 [JavaFX Application Thread] DEBUG FXGLAssetLoaderServi - Loading from file system: file:/D:/javaproject/survivior-game5/SurvivorGame/target/classes/assets/textures/icon.png
15:22:38.428 [JavaFX Application Thread] DEBUG FXGLAssetLoaderServi - Loading from file system: jar:file:/C:/Users/zrj/.m2/repository/com/github/almasb/fxgl/17.3/fxgl-17.3.jar!/fxglassets/textures/fxgl_default_cursor.png
15:22:38.431 [JavaFX Application Thread] DEBUG Input                - Registered new binding: Screenshot - CTRL+8
15:22:38.432 [JavaFX Application Thread] DEBUG Input                - Registered new binding: System info dump - CTRL+9
15:22:38.432 [JavaFX Application Thread] DEBUG Input                - Registered new binding: Restart - CTRL+R
15:22:38.432 [JavaFX Application Thread] DEBUG Input                - Registered new binding: Toggle Debug Camera - CTRL+7
15:22:38.435 [JavaFX Application Thread] DEBUG LoopRunner           - Starting loop
15:22:38.435 [JavaFX Application Thread] DEBUG LoopRunner           - Initializing ScheduledExecutorLoop with fps: 120
15:22:38.436 [JavaFX Application Thread] DEBUG GameApplicationServi - Starting new game
15:22:38.436 [JavaFX Application Thread] DEBUG Input                - Clearing active input actions
15:22:38.445 [JavaFX Application Thread] DEBUG GameApplicationServi - Removing overlay from FXGLStartupScene and adding to FXGLLoadingScene
15:22:38.446 [JavaFX Application Thread] DEBUG PrimaryStageWindow   - FXGLStartupScene -> FXGLLoadingScene
15:22:38.446 [JavaFX Application Thread] DEBUG GameApplicationServi - Clearing previous game
15:22:38.446 [JavaFX Application Thread] DEBUG GameScene            - Clearing game scene
15:22:38.446 [JavaFX Application Thread] DEBUG GameWorld            - Clearing game world
15:22:38.446 [JavaFX Application Thread] DEBUG PhysicsWorld         - Clearing physics world
15:22:38.448 [FXGL Background Thread 1 ] DEBUG FXGLApplication      - Initializing game
15:22:38.465 [FXGL Background Thread 4 ] DEBUG FXGLAssetLoaderServi - Loading from file system: jar:file:/C:/Users/zrj/.m2/repository/com/github/almasb/fxgl/17.3/fxgl-17.3.jar!/fxglassets/ui/fonts/Abel-Regular.ttf
15:22:38.475 [FXGL Background Thread 4 ] DEBUG FXGLAssetLoaderServi - Loading from file system: jar:file:/C:/Users/zrj/.m2/repository/com/github/almasb/fxgl/17.3/fxgl-17.3.jar!/fxglassets/ui/fonts/TerminalLandMono-Regular.otf
15:22:38.485 [FXGL Background Thread 4 ] DEBUG FXGLAssetLoaderServi - Loading from file system: jar:file:/C:/Users/zrj/.m2/repository/com/github/almasb/fxgl/17.3/fxgl-17.3.jar!/fxglassets/ui/fonts/Courier-Prime.ttf
15:22:38.497 [JavaFX Application Thread] DEBUG FXGLApplication      - Registering font factories with UI factory
15:22:38.816 [FXGL Background Thread 1 ] WARN  TMXLevelLoader       - TiledMap generated from 1.11.2. Supported version: 1.9.0. Some features may not be parsed fully.
15:22:38.856 [FXGL Background Thread 2 ] INFO  UpdaterService       - Your current version:  17.3
15:22:38.856 [FXGL Background Thread 2 ] INFO  UpdaterService       - Latest stable version: 21.1
15:22:38.901 [FXGL Background Thread 1 ] DEBUG TMXLevelLoader       - Parsed TiledMap: file:/D:/javaproject/survivior-game5/SurvivorGame/target/classes/assets/levels/Bigdongeonmap.tmx
15:22:38.903 [FXGL Background Thread 1 ] DEBUG TMXLevelLoader       - Creating tile layer entities
15:22:38.905 [FXGL Background Thread 1 ] DEBUG TilesetLoader        - Loading view for layer 图块层 1
15:22:38.946 [FXGL Background Thread 1 ] DEBUG TilesetLoader        - Created buffer with size 9600.0x5600.0
15:22:39.019 [FXGL Background Thread 1 ] DEBUG TilesetLoader        - Loading view for layer 图块层 2
15:22:39.064 [FXGL Background Thread 1 ] DEBUG TilesetLoader        - Created buffer with size 9600.0x5600.0
15:22:39.147 [FXGL Background Thread 1 ] DEBUG TMXLevelLoader       - Creating object layer entities
15:22:39.206 [FXGL Background Thread 1 ] DEBUG GameWorld            - Clearing removable entities
15:22:39.207 [FXGL Background Thread 1 ] DEBUG GameWorld            - Setting level: com.almasb.fxgl.entity.level.Level@5d04a920
15:22:39.242 [FXGL Background Thread 1 ] DEBUG FXGLAssetLoaderServi - Loading from file system: file:/D:/javaproject/survivior-game5/SurvivorGame/target/classes/assets/textures/Idle.png
15:22:39.246 [FXGL Background Thread 1 ] DEBUG FXGLAssetLoaderServi - Loading from file system: file:/D:/javaproject/survivior-game5/SurvivorGame/target/classes/assets/textures/Run.png
15:22:39.248 [FXGL Background Thread 1 ] DEBUG FXGLAssetLoaderServi - Loading from file system: file:/D:/javaproject/survivior-game5/SurvivorGame/target/classes/assets/textures/Attack3.png
15:22:39.255 [FXGL Background Thread 1 ] DEBUG FXGLAssetLoaderServi - Loading from file system: file:/D:/javaproject/survivior-game5/SurvivorGame/target/classes/assets/sounds/sword-slash-315218.mp3
15:22:39.260 [FXGL Background Thread 1 ] DEBUG FXGLAssetLoaderServi - Loading from file system: file:/D:/javaproject/survivior-game5/SurvivorGame/target/classes/assets/sounds/split-%5bAudioTrimmer.com%5d.mp3
15:22:39.261 [FXGL Background Thread 1 ] DEBUG FXGLAssetLoaderServi - Loading from file system: file:/D:/javaproject/survivior-game5/SurvivorGame/target/classes/assets/sounds/die_knight.wav
15:22:39.266 [FXGL Background Thread 1 ] INFO  FXGLApplication      - Game initialization took: 0.818 sec
15:22:39.269 [JavaFX Application Thread] DEBUG Input                - Clearing active input actions
15:22:39.280 [JavaFX Application Thread] DEBUG GameApplicationServi - Removing overlay from FXGLLoadingScene and adding to GameScene
15:22:39.280 [JavaFX Application Thread] DEBUG PrimaryStageWindow   - FXGLLoadingScene -> GameScene
15:22:40.605 [JavaFX Application Thread] DEBUG FXGLAssetLoaderServi - Loading from file system: file:/D:/javaproject/survivior-game5/SurvivorGame/target/classes/assets/textures/boss/Idle.png
15:22:40.614 [JavaFX Application Thread] DEBUG FXGLAssetLoaderServi - Loading from file system: file:/D:/javaproject/survivior-game5/SurvivorGame/target/classes/assets/textures/boss/Run.png
15:22:40.623 [JavaFX Application Thread] DEBUG FXGLAssetLoaderServi - Loading from file system: file:/D:/javaproject/survivior-game5/SurvivorGame/target/classes/assets/textures/boss/Attack1.png
15:22:40.628 [JavaFX Application Thread] DEBUG FXGLAssetLoaderServi - Loading from file system: file:/D:/javaproject/survivior-game5/SurvivorGame/target/classes/assets/textures/boss/Attack2.png
15:22:40.636 [JavaFX Application Thread] DEBUG FXGLAssetLoaderServi - Loading from file system: file:/D:/javaproject/survivior-game5/SurvivorGame/target/classes/assets/textures/boss/Death.png
15:22:40.642 [JavaFX Application Thread] DEBUG FXGLAssetLoaderServi - Loading from file system: file:/D:/javaproject/survivior-game5/SurvivorGame/target/classes/assets/textures/boss/Take%20Hit.png
15:22:41.398 [FXGL Background Thread 3 ] DEBUG Engine               - Logging environment variables
15:22:41.398 [FXGL Background Thread 3 ] DEBUG Engine               - achievements: []
15:22:41.398 [FXGL Background Thread 3 ] DEBUG Engine               - actualHeight: 720.0
15:22:41.398 [FXGL Background Thread 3 ] DEBUG Engine               - actualHeightProperty: ReadOnlyDoubleProperty [value: 720.0]
15:22:41.398 [FXGL Background Thread 3 ] DEBUG Engine               - actualWidth: 1280.0
15:22:41.398 [FXGL Background Thread 3 ] DEBUG Engine               - actualWidthProperty: ReadOnlyDoubleProperty [value: 1280.0]
15:22:41.398 [FXGL Background Thread 3 ] DEBUG Engine               - appIcon: icon.png
15:22:41.398 [FXGL Background Thread 3 ] DEBUG Engine               - applicationMode: DEVELOPER
15:22:41.398 [FXGL Background Thread 3 ] DEBUG Engine               - cSSList: [fxgl_dark.css]
15:22:41.398 [FXGL Background Thread 3 ] DEBUG Engine               - collisionDetectionStrategy: BRUTE_FORCE
15:22:41.398 [FXGL Background Thread 3 ] DEBUG Engine               - configClass: Optional.empty
15:22:41.398 [FXGL Background Thread 3 ] DEBUG Engine               - credits: []
15:22:41.398 [FXGL Background Thread 3 ] DEBUG Engine               - defaultCursor: CursorInfo(imageName=fxgl_default_cursor.png, hotspotX=7.0, hotspotY=6.0)
15:22:41.398 [FXGL Background Thread 3 ] DEBUG Engine               - devBBoxColorProperty: ObjectProperty [value: 0xff0000ff]
15:22:41.398 [FXGL Background Thread 3 ] DEBUG Engine               - devEnableDebugCameraProperty: BooleanProperty [value: false]
15:22:41.398 [FXGL Background Thread 3 ] DEBUG Engine               - devSensorColorProperty: ObjectProperty [value: 0xffff00ff]
15:22:41.398 [FXGL Background Thread 3 ] DEBUG Engine               - devShowBBoxProperty: BooleanProperty [value: false]
15:22:41.398 [FXGL Background Thread 3 ] DEBUG Engine               - devShowPositionProperty: BooleanProperty [value: false]
15:22:41.398 [FXGL Background Thread 3 ] DEBUG Engine               - enabledMenuItems: []
15:22:41.398 [FXGL Background Thread 3 ] DEBUG Engine               - engineServices: [class com.almasb.fxgl.app.services.FXGLAssetLoaderService, class com.almasb.fxgl.app.FXGLApplication$GameApplicationService, class com.almasb.fxgl.app.services.FXGLDialogService, class com.almasb.fxgl.app.services.IOTaskExecutorService, class com.almasb.fxgl.io.FileSystemService, class com.almasb.fxgl.localization.LocalizationService, class com.almasb.fxgl.app.services.SystemBundleService, class com.almasb.fxgl.profile.SaveLoadService, class com.almasb.fxgl.ui.FXGLUIFactoryServiceProvider, class com.almasb.fxgl.ui.FXGLDialogFactoryServiceProvider, class com.almasb.fxgl.audio.AudioPlayer, class com.almasb.fxgl.notification.impl.NotificationServiceProvider, class com.almasb.fxgl.achievement.AchievementService, class com.almasb.fxgl.cutscene.CutsceneService, class com.almasb.fxgl.minigames.MiniGameService, class com.almasb.fxgl.net.NetService, class com.almasb.fxgl.app.services.UpdaterService, class com.almasb.fxgl.dev.DevService]
15:22:41.398 [FXGL Background Thread 3 ] DEBUG Engine               - fontGame: Abel-Regular.ttf
15:22:41.398 [FXGL Background Thread 3 ] DEBUG Engine               - fontMono: TerminalLandMono-Regular.otf
15:22:41.399 [FXGL Background Thread 3 ] DEBUG Engine               - fontSizeScaleUI: 1.0
15:22:41.399 [FXGL Background Thread 3 ] DEBUG Engine               - fontText: Courier-Prime.ttf
15:22:41.399 [FXGL Background Thread 3 ] DEBUG Engine               - fontUI: VarelaRound-Regular.ttf
15:22:41.399 [FXGL Background Thread 3 ] DEBUG Engine               - fullScreen: BooleanProperty [value: false]
15:22:41.399 [FXGL Background Thread 3 ] DEBUG Engine               - gameDifficulty: MEDIUM
15:22:41.399 [FXGL Background Thread 3 ] DEBUG Engine               - gameDifficultyProperty: ObjectProperty [value: MEDIUM]
15:22:41.399 [FXGL Background Thread 3 ] DEBUG Engine               - globalMusicVolume: 0.5
15:22:41.399 [FXGL Background Thread 3 ] DEBUG Engine               - globalMusicVolumeProperty: DoubleProperty [value: 0.5]
15:22:41.399 [FXGL Background Thread 3 ] DEBUG Engine               - globalSoundVolume: 0.5
15:22:41.399 [FXGL Background Thread 3 ] DEBUG Engine               - globalSoundVolumeProperty: DoubleProperty [value: 0.5]
15:22:41.399 [FXGL Background Thread 3 ] DEBUG Engine               - height: 720
15:22:41.399 [FXGL Background Thread 3 ] DEBUG Engine               - is3D: false
15:22:41.399 [FXGL Background Thread 3 ] DEBUG Engine               - isAndroid: false
15:22:41.399 [FXGL Background Thread 3 ] DEBUG Engine               - isBrowser: false
15:22:41.399 [FXGL Background Thread 3 ] DEBUG Engine               - isClickFeedbackEnabled: false
15:22:41.399 [FXGL Background Thread 3 ] DEBUG Engine               - isCloseConfirmation: false
15:22:41.399 [FXGL Background Thread 3 ] DEBUG Engine               - isDesktop: true
15:22:41.399 [FXGL Background Thread 3 ] DEBUG Engine               - isDeveloperMenuEnabled: false
15:22:41.399 [FXGL Background Thread 3 ] DEBUG Engine               - isEmbedded: false
15:22:41.399 [FXGL Background Thread 3 ] DEBUG Engine               - isEntityPreloadEnabled: true
15:22:41.399 [FXGL Background Thread 3 ] DEBUG Engine               - isExperimentalTiledLargeMap: false
15:22:41.399 [FXGL Background Thread 3 ] DEBUG Engine               - isFileSystemWriteAllowed: true
15:22:41.399 [FXGL Background Thread 3 ] DEBUG Engine               - isFullScreenAllowed: false
15:22:41.399 [FXGL Background Thread 3 ] DEBUG Engine               - isFullScreenFromStart: false
15:22:41.399 [FXGL Background Thread 3 ] DEBUG Engine               - isGameMenuEnabled: true
15:22:41.399 [FXGL Background Thread 3 ] DEBUG Engine               - isIOS: false
15:22:41.399 [FXGL Background Thread 3 ] DEBUG Engine               - isIntroEnabled: false
15:22:41.399 [FXGL Background Thread 3 ] DEBUG Engine               - isLinux: false
15:22:41.399 [FXGL Background Thread 3 ] DEBUG Engine               - isMac: false
15:22:41.399 [FXGL Background Thread 3 ] DEBUG Engine               - isMainMenuEnabled: false
15:22:41.399 [FXGL Background Thread 3 ] DEBUG Engine               - isManualResizeEnabled: false
15:22:41.399 [FXGL Background Thread 3 ] DEBUG Engine               - isMobile: false
15:22:41.399 [FXGL Background Thread 3 ] DEBUG Engine               - isNative: false
15:22:41.399 [FXGL Background Thread 3 ] DEBUG Engine               - isPauseMusicWhenMinimized: true
15:22:41.399 [FXGL Background Thread 3 ] DEBUG Engine               - isPreserveResizeRatio: false
15:22:41.399 [FXGL Background Thread 3 ] DEBUG Engine               - isProfilingEnabled: false
15:22:41.399 [FXGL Background Thread 3 ] DEBUG Engine               - isScaleAffectedOnResize: true
15:22:41.399 [FXGL Background Thread 3 ] DEBUG Engine               - isSingleStep: false
15:22:41.399 [FXGL Background Thread 3 ] DEBUG Engine               - isUserProfileEnabled: false
15:22:41.399 [FXGL Background Thread 3 ] DEBUG Engine               - isWindows: true
15:22:41.399 [FXGL Background Thread 3 ] DEBUG Engine               - language: ObjectProperty [value: ENGLISH]
15:22:41.399 [FXGL Background Thread 3 ] DEBUG Engine               - menuKey: ESCAPE
15:22:41.399 [FXGL Background Thread 3 ] DEBUG Engine               - mouseSensitivity: 0.2
15:22:41.399 [FXGL Background Thread 3 ] DEBUG Engine               - notificationViewClass: class com.almasb.fxgl.notification.view.XboxNotificationView
15:22:41.400 [FXGL Background Thread 3 ] DEBUG Engine               - pixelsPerMeter: 50.0
15:22:41.400 [FXGL Background Thread 3 ] DEBUG Engine               - platform: WINDOWS
15:22:41.400 [FXGL Background Thread 3 ] DEBUG Engine               - prefHeightProperty: ReadOnlyDoubleProperty [value: 720.0]
15:22:41.400 [FXGL Background Thread 3 ] DEBUG Engine               - prefWidthProperty: ReadOnlyDoubleProperty [value: 1280.0]
15:22:41.400 [FXGL Background Thread 3 ] DEBUG Engine               - profileDir: profiles/
15:22:41.400 [FXGL Background Thread 3 ] DEBUG Engine               - profileName: StringProperty [value: DEFAULT]
15:22:41.400 [FXGL Background Thread 3 ] DEBUG Engine               - randomSeed: -1
15:22:41.400 [FXGL Background Thread 3 ] DEBUG Engine               - runtimeInfo: RuntimeInfo(platform=WINDOWS, version=17.3, build=30.03.2023 11.49)
15:22:41.400 [FXGL Background Thread 3 ] DEBUG Engine               - saveFileExt: sav
15:22:41.400 [FXGL Background Thread 3 ] DEBUG Engine               - scaledHeightProp$fxgl: DoubleProperty [bound, value: 720.0]
15:22:41.400 [FXGL Background Thread 3 ] DEBUG Engine               - scaledWidthProp$fxgl: DoubleProperty [bound, value: 1280.0]
15:22:41.400 [FXGL Background Thread 3 ] DEBUG Engine               - sceneFactory: com.almasb.fxgl.app.scene.SceneFactory@25f8524
15:22:41.400 [FXGL Background Thread 3 ] DEBUG Engine               - secondsIn24h: 60
15:22:41.400 [FXGL Background Thread 3 ] DEBUG Engine               - soundMenuBack: menu/back.wav
15:22:41.400 [FXGL Background Thread 3 ] DEBUG Engine               - soundMenuPress: menu/press.wav
15:22:41.400 [FXGL Background Thread 3 ] DEBUG Engine               - soundMenuSelect: menu/select.wav
15:22:41.400 [FXGL Background Thread 3 ] DEBUG Engine               - soundNotification: core/notification.wav
15:22:41.400 [FXGL Background Thread 3 ] DEBUG Engine               - stageStyle: DECORATED
15:22:41.400 [FXGL Background Thread 3 ] DEBUG Engine               - supportedLanguages: [ENGLISH, FRENCH, GERMAN, HUNGARIAN, RUSSIAN]
15:22:41.400 [FXGL Background Thread 3 ] DEBUG Engine               - ticksPerSecond: 120
15:22:41.400 [FXGL Background Thread 3 ] DEBUG Engine               - title: Survivor Game
15:22:41.400 [FXGL Background Thread 3 ] DEBUG Engine               - urlGithub: https://github.com/AlmasB/FXGL
15:22:41.400 [FXGL Background Thread 3 ] DEBUG Engine               - urlLeaderboard: http://fxgl-top.herokuapp.com/
15:22:41.400 [FXGL Background Thread 3 ] DEBUG Engine               - urlPOM: https://raw.githubusercontent.com/AlmasB/FXGL/release/README.md
15:22:41.400 [FXGL Background Thread 3 ] DEBUG Engine               - userAppClass: class com.survivor.main.GameApp
15:22:41.400 [FXGL Background Thread 3 ] DEBUG Engine               - version: 1.0
15:22:41.400 [FXGL Background Thread 3 ] DEBUG Engine               - versionCheckDays: 7
15:22:41.400 [FXGL Background Thread 3 ] DEBUG Engine               - width: 1280
15:22:41.400 [FXGL Background Thread 3 ] DEBUG Engine               - Logging services
15:22:41.400 [FXGL Background Thread 3 ] DEBUG Engine               - class com.almasb.fxgl.app.services.FXGLAssetLoaderService
15:22:41.400 [FXGL Background Thread 3 ] DEBUG Engine               - class com.almasb.fxgl.app.FXGLApplication$GameApplicationService
15:22:41.400 [FXGL Background Thread 3 ] DEBUG Engine               - class com.almasb.fxgl.app.services.FXGLDialogService
15:22:41.400 [FXGL Background Thread 3 ] DEBUG Engine               - class com.almasb.fxgl.app.services.IOTaskExecutorService
15:22:41.400 [FXGL Background Thread 3 ] DEBUG Engine               - class com.almasb.fxgl.io.FileSystemService
15:22:41.400 [FXGL Background Thread 3 ] DEBUG Engine               - class com.almasb.fxgl.localization.LocalizationService
15:22:41.400 [FXGL Background Thread 3 ] DEBUG Engine               - class com.almasb.fxgl.app.services.SystemBundleService
15:22:41.400 [FXGL Background Thread 3 ] DEBUG Engine               - class com.almasb.fxgl.profile.SaveLoadService
15:22:41.400 [FXGL Background Thread 3 ] DEBUG Engine               - class com.almasb.fxgl.ui.FXGLUIFactoryServiceProvider
15:22:41.400 [FXGL Background Thread 3 ] DEBUG Engine               - class com.almasb.fxgl.ui.FXGLDialogFactoryServiceProvider
15:22:41.400 [FXGL Background Thread 3 ] DEBUG Engine               - class com.almasb.fxgl.audio.AudioPlayer
15:22:41.400 [FXGL Background Thread 3 ] DEBUG Engine               - class com.almasb.fxgl.notification.impl.NotificationServiceProvider
15:22:41.400 [FXGL Background Thread 3 ] DEBUG Engine               - class com.almasb.fxgl.achievement.AchievementService
15:22:41.400 [FXGL Background Thread 3 ] DEBUG Engine               - class com.almasb.fxgl.cutscene.CutsceneService
15:22:41.400 [FXGL Background Thread 3 ] DEBUG Engine               - class com.almasb.fxgl.minigames.MiniGameService
15:22:41.401 [FXGL Background Thread 3 ] DEBUG Engine               - class com.almasb.fxgl.net.NetService
15:22:41.401 [FXGL Background Thread 3 ] DEBUG Engine               - class com.almasb.fxgl.app.services.UpdaterService
15:22:41.401 [FXGL Background Thread 3 ] DEBUG Engine               - class com.almasb.fxgl.dev.DevService
15:22:46.468 [JavaFX Application Thread] DEBUG FXGLApplication      - Exiting FXGL
15:22:46.469 [JavaFX Application Thread] DEBUG LoopRunner           - Stopping loop
15:22:46.469 [JavaFX Application Thread] DEBUG SystemBundleService  - Saving FXGL system data
15:22:46.471 [JavaFX Application Thread] DEBUG FileSystemAccess     - Writing to: D:\javaproject\survivior-game5\SurvivorGame\system\fxgl.bundle
15:22:46.473 [JavaFX Application Thread] DEBUG Async                - Shutting down background threads
15:22:46.473 [JavaFX Application Thread] DEBUG PrimaryStageWindow   - Closing main window
15:22:46.482 [JavaFX Application Thread] DEBUG Logger               - Closing Logger
