15:23:21.751 [main                     ] DEBUG Logger               - Configured Logger
15:23:21.768 [main                     ] DEBUG GameApplication      - Logging settings
Title: Survivor Game
Version: 1.0
Width: 1280
Height: 720
Fullscreen: false
Intro: false
Profiling: false
Single step:false
App Mode: DEVELOPER
Menu Key: ESCAPE
Stage Style: DECORATED
Scene Factory: class com.almasb.fxgl.app.scene.SceneFactory

15:23:22.109 [JavaFX Application Thread] DEBUG FXGLApplication      - Initializing FXGL
15:23:22.114 [JavaFX Application Thread] INFO  Engine               - FXGL-17.3 (30.03.2023 11.49) on WINDOWS (J:17.0.16 FX:20)
15:23:22.114 [JavaFX Application Thread] DEBUG Engine               - JRE Vendor Name: Microsoft
15:23:22.114 [JavaFX Application Thread] DEBUG Engine               - Running on OS: Windows 11 version 10.0
15:23:22.114 [JavaFX Application Thread] DEBUG Engine               - Architecture: amd64
15:23:22.114 [JavaFX Application Thread] INFO  Engine               - Source code and latest versions at: https://github.com/AlmasB/FXGL
15:23:22.114 [JavaFX Application Thread] INFO  Engine               -       Ask questions and discuss at: https://github.com/AlmasB/FXGL/discussions
15:23:22.114 [JavaFX Application Thread] INFO  Engine               -              Join the FXGL chat at: https://gitter.im/AlmasB/FXGL
15:23:22.177 [JavaFX Application Thread] DEBUG PrimaryStageWindow   - Creating a JavaFX scene
15:23:22.203 [JavaFX Application Thread] DEBUG PrimaryStageWindow   - Target settings size: 1280.0 x 720.0
15:23:22.203 [JavaFX Application Thread] DEBUG PrimaryStageWindow   - Scaled scene size:    1280.0 x 720.0
15:23:22.203 [JavaFX Application Thread] DEBUG PrimaryStageWindow   - Scaled ratio: (1.0, 1.0)
15:23:22.203 [JavaFX Application Thread] DEBUG PrimaryStageWindow   - Set initial scene to FXGLStartupScene
15:23:22.206 [JavaFX Application Thread] DEBUG PrimaryStageWindow   - Opening main window
15:23:22.258 [JavaFX Application Thread] DEBUG PrimaryStageWindow   - Window border size: (14.6666259765625, 37.33331298828125)
15:23:22.258 [JavaFX Application Thread] DEBUG PrimaryStageWindow   - Scaled size: 1280.0 x 720.0
15:23:22.258 [JavaFX Application Thread] DEBUG PrimaryStageWindow   - Scaled ratio: (1.0, 1.0)
15:23:22.258 [JavaFX Application Thread] DEBUG PrimaryStageWindow   - Scene size: 1280.0 x 720.0
15:23:22.259 [JavaFX Application Thread] DEBUG PrimaryStageWindow   - Stage size: 1294.6666259765625 x 757.3333129882812
15:23:22.263 [FXGL Background Thread 1 ] DEBUG Engine               - Initializing environment variables
15:23:22.283 [FXGL Background Thread 1 ] DEBUG FXGLAssetLoaderServi - User app class for loading assets: class com.survivor.main.GameApp
15:23:22.283 [FXGL Background Thread 1 ] DEBUG GameApplicationServi - Applying CSS: fxgl_dark.css
15:23:22.284 [FXGL Background Thread 1 ] DEBUG FXGLAssetLoaderServi - Loading from file system: jar:file:/C:/Users/zrj/.m2/repository/com/github/almasb/fxgl/17.3/fxgl-17.3.jar!/fxglassets/ui/css/fxgl_dark.css
15:23:22.306 [FXGL Background Thread 1 ] DEBUG GameApplicationServi - Initializing application scenes
15:23:22.346 [FXGL Background Thread 1 ] DEBUG GameWorld            - Game world initialized
15:23:22.383 [FXGL Background Thread 1 ] DEBUG PhysicsWorld         - Physics world initialized: appHeight=720, physics.ppm=50.0
15:23:22.383 [FXGL Background Thread 1 ] DEBUG PhysicsWorld         - Using strategy: BRUTE_FORCE
15:23:22.387 [FXGL Background Thread 1 ] DEBUG GameScene            - Game scene initialized: 1280x720
15:23:22.396 [FXGL Background Thread 1 ] DEBUG FXGL.DefaultMenu     - createMenuBodyGameMenu()
15:23:22.410 [FXGL Background Thread 1 ] DEBUG FXGL.DefaultMenu     - createOptionsMenu()
15:23:22.416 [FXGL Background Thread 1 ] DEBUG FXGLAssetLoaderServi - Loading from file system: jar:file:/C:/Users/zrj/.m2/repository/com/github/almasb/fxgl/17.3/fxgl-17.3.jar!/fxglassets/textures/particles/smoke.png
15:23:22.470 [FXGL Background Thread 1 ] DEBUG FXGLAssetLoaderServi - Loading from file system: jar:file:/C:/Users/zrj/.m2/repository/com/github/almasb/fxgl/17.3/fxgl-17.3.jar!/fxglassets/textures/particles/trace_horizontal.png
15:23:22.487 [FXGL Background Thread 1 ] DEBUG GameApplicationServi - Application scenes initialized
15:23:22.497 [FXGL Background Thread 1 ] DEBUG SystemBundleService  - Loading FXGL system data
15:23:22.499 [FXGL Background Thread 1 ] DEBUG FileSystemAccess     - Reading from: D:\javaproject\survivior-game5\SurvivorGame\system\fxgl.bundle
15:23:22.505 [FXGL Background Thread 1 ] DEBUG SystemBundleService  - Bundle FXGL: {}
15:23:22.505 [FXGL Background Thread 1 ] DEBUG UpdaterService       - Checking for updates
15:23:22.507 [FXGL Background Thread 4 ] DEBUG FXGLApplication      - Loading fonts
15:23:22.508 [FXGL Background Thread 4 ] DEBUG FXGLAssetLoaderServi - Loading from file system: jar:file:/C:/Users/zrj/.m2/repository/com/github/almasb/fxgl/17.3/fxgl-17.3.jar!/fxglassets/ui/fonts/VarelaRound-Regular.ttf
15:23:22.508 [FXGL Background Thread 1 ] DEBUG FXGLApplication      - Loading default localization
15:23:22.508 [FXGL Background Thread 1 ] DEBUG FXGLAssetLoaderServi - Loading from file system: jar:file:/C:/Users/zrj/.m2/repository/com/github/almasb/fxgl/17.3/fxgl-17.3.jar!/fxglassets/languages/english.lang
15:23:22.529 [FXGL Background Thread 1 ] INFO  FXGLApplication      - FXGL initialization took: 0.266 sec
15:23:22.529 [JavaFX Application Thread] DEBUG Input                - Clearing active input actions
15:23:22.536 [JavaFX Application Thread] DEBUG Input                - Registered new binding: Move Up - W
15:23:22.536 [JavaFX Application Thread] DEBUG Input                - Registered new binding: Move Down - S
15:23:22.536 [JavaFX Application Thread] DEBUG Input                - Registered new binding: Move Left - A
15:23:22.536 [JavaFX Application Thread] DEBUG Input                - Registered new binding: Move Right - D
15:23:22.536 [JavaFX Application Thread] DEBUG Input                - Registered new binding: AttackLeft - J
15:23:22.537 [JavaFX Application Thread] DEBUG Input                - Registered new binding: AttackRight - K
15:23:22.537 [JavaFX Application Thread] DEBUG Input                - Registered new binding: Dash - L
15:23:22.537 [JavaFX Application Thread] DEBUG FXGLAssetLoaderServi - Loading from file system: file:/D:/javaproject/survivior-game5/SurvivorGame/target/classes/assets/textures/icon.png
15:23:22.543 [JavaFX Application Thread] DEBUG FXGLAssetLoaderServi - Loading from file system: jar:file:/C:/Users/zrj/.m2/repository/com/github/almasb/fxgl/17.3/fxgl-17.3.jar!/fxglassets/textures/fxgl_default_cursor.png
15:23:22.546 [JavaFX Application Thread] DEBUG Input                - Registered new binding: Screenshot - CTRL+8
15:23:22.546 [JavaFX Application Thread] DEBUG Input                - Registered new binding: System info dump - CTRL+9
15:23:22.547 [JavaFX Application Thread] DEBUG Input                - Registered new binding: Restart - CTRL+R
15:23:22.548 [JavaFX Application Thread] DEBUG Input                - Registered new binding: Toggle Debug Camera - CTRL+7
15:23:22.553 [JavaFX Application Thread] DEBUG LoopRunner           - Starting loop
15:23:22.554 [JavaFX Application Thread] DEBUG LoopRunner           - Initializing ScheduledExecutorLoop with fps: 120
15:23:22.557 [JavaFX Application Thread] DEBUG GameApplicationServi - Starting new game
15:23:22.557 [JavaFX Application Thread] DEBUG Input                - Clearing active input actions
15:23:22.566 [JavaFX Application Thread] DEBUG GameApplicationServi - Removing overlay from FXGLStartupScene and adding to FXGLLoadingScene
15:23:22.567 [JavaFX Application Thread] DEBUG PrimaryStageWindow   - FXGLStartupScene -> FXGLLoadingScene
15:23:22.567 [JavaFX Application Thread] DEBUG GameApplicationServi - Clearing previous game
15:23:22.567 [JavaFX Application Thread] DEBUG GameScene            - Clearing game scene
15:23:22.567 [JavaFX Application Thread] DEBUG GameWorld            - Clearing game world
15:23:22.567 [JavaFX Application Thread] DEBUG PhysicsWorld         - Clearing physics world
15:23:22.568 [FXGL Background Thread 1 ] DEBUG FXGLApplication      - Initializing game
15:23:22.568 [FXGL Background Thread 4 ] DEBUG FXGLAssetLoaderServi - Loading from file system: jar:file:/C:/Users/zrj/.m2/repository/com/github/almasb/fxgl/17.3/fxgl-17.3.jar!/fxglassets/ui/fonts/Abel-Regular.ttf
15:23:22.577 [FXGL Background Thread 4 ] DEBUG FXGLAssetLoaderServi - Loading from file system: jar:file:/C:/Users/zrj/.m2/repository/com/github/almasb/fxgl/17.3/fxgl-17.3.jar!/fxglassets/ui/fonts/TerminalLandMono-Regular.otf
15:23:22.586 [FXGL Background Thread 4 ] DEBUG FXGLAssetLoaderServi - Loading from file system: jar:file:/C:/Users/zrj/.m2/repository/com/github/almasb/fxgl/17.3/fxgl-17.3.jar!/fxglassets/ui/fonts/Courier-Prime.ttf
15:23:22.615 [JavaFX Application Thread] DEBUG FXGLApplication      - Registering font factories with UI factory
15:23:22.946 [FXGL Background Thread 1 ] WARN  TMXLevelLoader       - TiledMap generated from 1.11.2. Supported version: 1.9.0. Some features may not be parsed fully.
15:23:22.985 [FXGL Background Thread 2 ] INFO  UpdaterService       - Your current version:  17.3
15:23:22.985 [FXGL Background Thread 2 ] INFO  UpdaterService       - Latest stable version: 21.1
15:23:23.030 [FXGL Background Thread 1 ] DEBUG TMXLevelLoader       - Parsed TiledMap: file:/D:/javaproject/survivior-game5/SurvivorGame/target/classes/assets/levels/Bigdongeonmap.tmx
15:23:23.031 [FXGL Background Thread 1 ] DEBUG TMXLevelLoader       - Creating tile layer entities
15:23:23.034 [FXGL Background Thread 1 ] DEBUG TilesetLoader        - Loading view for layer 图块层 1
15:23:23.077 [FXGL Background Thread 1 ] DEBUG TilesetLoader        - Created buffer with size 9600.0x5600.0
15:23:23.153 [FXGL Background Thread 1 ] DEBUG TilesetLoader        - Loading view for layer 图块层 2
15:23:23.198 [FXGL Background Thread 1 ] DEBUG TilesetLoader        - Created buffer with size 9600.0x5600.0
15:23:23.281 [FXGL Background Thread 1 ] DEBUG TMXLevelLoader       - Creating object layer entities
15:23:23.346 [FXGL Background Thread 1 ] DEBUG GameWorld            - Clearing removable entities
15:23:23.346 [FXGL Background Thread 1 ] DEBUG GameWorld            - Setting level: com.almasb.fxgl.entity.level.Level@7e2327ab
15:23:23.376 [FXGL Background Thread 1 ] DEBUG FXGLAssetLoaderServi - Loading from file system: file:/D:/javaproject/survivior-game5/SurvivorGame/target/classes/assets/textures/Idle.png
15:23:23.380 [FXGL Background Thread 1 ] DEBUG FXGLAssetLoaderServi - Loading from file system: file:/D:/javaproject/survivior-game5/SurvivorGame/target/classes/assets/textures/Run.png
15:23:23.381 [FXGL Background Thread 1 ] DEBUG FXGLAssetLoaderServi - Loading from file system: file:/D:/javaproject/survivior-game5/SurvivorGame/target/classes/assets/textures/Attack3.png
15:23:23.387 [FXGL Background Thread 1 ] DEBUG FXGLAssetLoaderServi - Loading from file system: file:/D:/javaproject/survivior-game5/SurvivorGame/target/classes/assets/sounds/sword-slash-315218.mp3
15:23:23.392 [FXGL Background Thread 1 ] DEBUG FXGLAssetLoaderServi - Loading from file system: file:/D:/javaproject/survivior-game5/SurvivorGame/target/classes/assets/sounds/split-%5bAudioTrimmer.com%5d.mp3
15:23:23.392 [FXGL Background Thread 1 ] DEBUG FXGLAssetLoaderServi - Loading from file system: file:/D:/javaproject/survivior-game5/SurvivorGame/target/classes/assets/sounds/die_knight.wav
15:23:23.397 [FXGL Background Thread 1 ] INFO  FXGLApplication      - Game initialization took: 0.829 sec
15:23:23.398 [JavaFX Application Thread] DEBUG Input                - Clearing active input actions
15:23:23.412 [JavaFX Application Thread] DEBUG GameApplicationServi - Removing overlay from FXGLLoadingScene and adding to GameScene
15:23:23.412 [JavaFX Application Thread] DEBUG PrimaryStageWindow   - FXGLLoadingScene -> GameScene
15:23:24.137 [JavaFX Application Thread] DEBUG FXGLAssetLoaderServi - Loading from file system: file:/D:/javaproject/survivior-game5/SurvivorGame/target/classes/assets/textures/boss/Idle.png
15:23:24.141 [JavaFX Application Thread] DEBUG FXGLAssetLoaderServi - Loading from file system: file:/D:/javaproject/survivior-game5/SurvivorGame/target/classes/assets/textures/boss/Run.png
15:23:24.145 [JavaFX Application Thread] DEBUG FXGLAssetLoaderServi - Loading from file system: file:/D:/javaproject/survivior-game5/SurvivorGame/target/classes/assets/textures/boss/Attack1.png
15:23:24.150 [JavaFX Application Thread] DEBUG FXGLAssetLoaderServi - Loading from file system: file:/D:/javaproject/survivior-game5/SurvivorGame/target/classes/assets/textures/boss/Attack2.png
15:23:24.154 [JavaFX Application Thread] DEBUG FXGLAssetLoaderServi - Loading from file system: file:/D:/javaproject/survivior-game5/SurvivorGame/target/classes/assets/textures/boss/Death.png
15:23:24.157 [JavaFX Application Thread] DEBUG FXGLAssetLoaderServi - Loading from file system: file:/D:/javaproject/survivior-game5/SurvivorGame/target/classes/assets/textures/boss/Take%20Hit.png
15:23:25.507 [FXGL Background Thread 3 ] DEBUG Engine               - Logging environment variables
15:23:25.507 [FXGL Background Thread 3 ] DEBUG Engine               - achievements: []
15:23:25.507 [FXGL Background Thread 3 ] DEBUG Engine               - actualHeight: 720.0
15:23:25.507 [FXGL Background Thread 3 ] DEBUG Engine               - actualHeightProperty: ReadOnlyDoubleProperty [value: 720.0]
15:23:25.507 [FXGL Background Thread 3 ] DEBUG Engine               - actualWidth: 1280.0
15:23:25.507 [FXGL Background Thread 3 ] DEBUG Engine               - actualWidthProperty: ReadOnlyDoubleProperty [value: 1280.0]
15:23:25.507 [FXGL Background Thread 3 ] DEBUG Engine               - appIcon: icon.png
15:23:25.507 [FXGL Background Thread 3 ] DEBUG Engine               - applicationMode: DEVELOPER
15:23:25.507 [FXGL Background Thread 3 ] DEBUG Engine               - cSSList: [fxgl_dark.css]
15:23:25.507 [FXGL Background Thread 3 ] DEBUG Engine               - collisionDetectionStrategy: BRUTE_FORCE
15:23:25.507 [FXGL Background Thread 3 ] DEBUG Engine               - configClass: Optional.empty
15:23:25.507 [FXGL Background Thread 3 ] DEBUG Engine               - credits: []
15:23:25.507 [FXGL Background Thread 3 ] DEBUG Engine               - defaultCursor: CursorInfo(imageName=fxgl_default_cursor.png, hotspotX=7.0, hotspotY=6.0)
15:23:25.507 [FXGL Background Thread 3 ] DEBUG Engine               - devBBoxColorProperty: ObjectProperty [value: 0xff0000ff]
15:23:25.507 [FXGL Background Thread 3 ] DEBUG Engine               - devEnableDebugCameraProperty: BooleanProperty [value: false]
15:23:25.507 [FXGL Background Thread 3 ] DEBUG Engine               - devSensorColorProperty: ObjectProperty [value: 0xffff00ff]
15:23:25.507 [FXGL Background Thread 3 ] DEBUG Engine               - devShowBBoxProperty: BooleanProperty [value: false]
15:23:25.507 [FXGL Background Thread 3 ] DEBUG Engine               - devShowPositionProperty: BooleanProperty [value: false]
15:23:25.507 [FXGL Background Thread 3 ] DEBUG Engine               - enabledMenuItems: []
15:23:25.507 [FXGL Background Thread 3 ] DEBUG Engine               - engineServices: [class com.almasb.fxgl.app.services.FXGLAssetLoaderService, class com.almasb.fxgl.app.FXGLApplication$GameApplicationService, class com.almasb.fxgl.app.services.FXGLDialogService, class com.almasb.fxgl.app.services.IOTaskExecutorService, class com.almasb.fxgl.io.FileSystemService, class com.almasb.fxgl.localization.LocalizationService, class com.almasb.fxgl.app.services.SystemBundleService, class com.almasb.fxgl.profile.SaveLoadService, class com.almasb.fxgl.ui.FXGLUIFactoryServiceProvider, class com.almasb.fxgl.ui.FXGLDialogFactoryServiceProvider, class com.almasb.fxgl.audio.AudioPlayer, class com.almasb.fxgl.notification.impl.NotificationServiceProvider, class com.almasb.fxgl.achievement.AchievementService, class com.almasb.fxgl.cutscene.CutsceneService, class com.almasb.fxgl.minigames.MiniGameService, class com.almasb.fxgl.net.NetService, class com.almasb.fxgl.app.services.UpdaterService, class com.almasb.fxgl.dev.DevService]
15:23:25.509 [FXGL Background Thread 3 ] DEBUG Engine               - fontGame: Abel-Regular.ttf
15:23:25.509 [FXGL Background Thread 3 ] DEBUG Engine               - fontMono: TerminalLandMono-Regular.otf
15:23:25.509 [FXGL Background Thread 3 ] DEBUG Engine               - fontSizeScaleUI: 1.0
15:23:25.509 [FXGL Background Thread 3 ] DEBUG Engine               - fontText: Courier-Prime.ttf
15:23:25.509 [FXGL Background Thread 3 ] DEBUG Engine               - fontUI: VarelaRound-Regular.ttf
15:23:25.509 [FXGL Background Thread 3 ] DEBUG Engine               - fullScreen: BooleanProperty [value: false]
15:23:25.509 [FXGL Background Thread 3 ] DEBUG Engine               - gameDifficulty: MEDIUM
15:23:25.509 [FXGL Background Thread 3 ] DEBUG Engine               - gameDifficultyProperty: ObjectProperty [value: MEDIUM]
15:23:25.509 [FXGL Background Thread 3 ] DEBUG Engine               - globalMusicVolume: 0.5
15:23:25.509 [FXGL Background Thread 3 ] DEBUG Engine               - globalMusicVolumeProperty: DoubleProperty [value: 0.5]
15:23:25.509 [FXGL Background Thread 3 ] DEBUG Engine               - globalSoundVolume: 0.5
15:23:25.509 [FXGL Background Thread 3 ] DEBUG Engine               - globalSoundVolumeProperty: DoubleProperty [value: 0.5]
15:23:25.509 [FXGL Background Thread 3 ] DEBUG Engine               - height: 720
15:23:25.509 [FXGL Background Thread 3 ] DEBUG Engine               - is3D: false
15:23:25.509 [FXGL Background Thread 3 ] DEBUG Engine               - isAndroid: false
15:23:25.509 [FXGL Background Thread 3 ] DEBUG Engine               - isBrowser: false
15:23:25.509 [FXGL Background Thread 3 ] DEBUG Engine               - isClickFeedbackEnabled: false
15:23:25.509 [FXGL Background Thread 3 ] DEBUG Engine               - isCloseConfirmation: false
15:23:25.509 [FXGL Background Thread 3 ] DEBUG Engine               - isDesktop: true
15:23:25.509 [FXGL Background Thread 3 ] DEBUG Engine               - isDeveloperMenuEnabled: false
15:23:25.509 [FXGL Background Thread 3 ] DEBUG Engine               - isEmbedded: false
15:23:25.509 [FXGL Background Thread 3 ] DEBUG Engine               - isEntityPreloadEnabled: true
15:23:25.509 [FXGL Background Thread 3 ] DEBUG Engine               - isExperimentalTiledLargeMap: false
15:23:25.509 [FXGL Background Thread 3 ] DEBUG Engine               - isFileSystemWriteAllowed: true
15:23:25.509 [FXGL Background Thread 3 ] DEBUG Engine               - isFullScreenAllowed: false
15:23:25.509 [FXGL Background Thread 3 ] DEBUG Engine               - isFullScreenFromStart: false
15:23:25.509 [FXGL Background Thread 3 ] DEBUG Engine               - isGameMenuEnabled: true
15:23:25.509 [FXGL Background Thread 3 ] DEBUG Engine               - isIOS: false
15:23:25.509 [FXGL Background Thread 3 ] DEBUG Engine               - isIntroEnabled: false
15:23:25.509 [FXGL Background Thread 3 ] DEBUG Engine               - isLinux: false
15:23:25.509 [FXGL Background Thread 3 ] DEBUG Engine               - isMac: false
15:23:25.509 [FXGL Background Thread 3 ] DEBUG Engine               - isMainMenuEnabled: false
15:23:25.509 [FXGL Background Thread 3 ] DEBUG Engine               - isManualResizeEnabled: false
15:23:25.509 [FXGL Background Thread 3 ] DEBUG Engine               - isMobile: false
15:23:25.509 [FXGL Background Thread 3 ] DEBUG Engine               - isNative: false
15:23:25.509 [FXGL Background Thread 3 ] DEBUG Engine               - isPauseMusicWhenMinimized: true
15:23:25.509 [FXGL Background Thread 3 ] DEBUG Engine               - isPreserveResizeRatio: false
15:23:25.509 [FXGL Background Thread 3 ] DEBUG Engine               - isProfilingEnabled: false
15:23:25.509 [FXGL Background Thread 3 ] DEBUG Engine               - isScaleAffectedOnResize: true
15:23:25.509 [FXGL Background Thread 3 ] DEBUG Engine               - isSingleStep: false
15:23:25.509 [FXGL Background Thread 3 ] DEBUG Engine               - isUserProfileEnabled: false
15:23:25.509 [FXGL Background Thread 3 ] DEBUG Engine               - isWindows: true
15:23:25.509 [FXGL Background Thread 3 ] DEBUG Engine               - language: ObjectProperty [value: ENGLISH]
15:23:25.509 [FXGL Background Thread 3 ] DEBUG Engine               - menuKey: ESCAPE
15:23:25.509 [FXGL Background Thread 3 ] DEBUG Engine               - mouseSensitivity: 0.2
15:23:25.509 [FXGL Background Thread 3 ] DEBUG Engine               - notificationViewClass: class com.almasb.fxgl.notification.view.XboxNotificationView
15:23:25.509 [FXGL Background Thread 3 ] DEBUG Engine               - pixelsPerMeter: 50.0
15:23:25.509 [FXGL Background Thread 3 ] DEBUG Engine               - platform: WINDOWS
15:23:25.509 [FXGL Background Thread 3 ] DEBUG Engine               - prefHeightProperty: ReadOnlyDoubleProperty [value: 720.0]
15:23:25.509 [FXGL Background Thread 3 ] DEBUG Engine               - prefWidthProperty: ReadOnlyDoubleProperty [value: 1280.0]
15:23:25.509 [FXGL Background Thread 3 ] DEBUG Engine               - profileDir: profiles/
15:23:25.509 [FXGL Background Thread 3 ] DEBUG Engine               - profileName: StringProperty [value: DEFAULT]
15:23:25.509 [FXGL Background Thread 3 ] DEBUG Engine               - randomSeed: -1
15:23:25.509 [FXGL Background Thread 3 ] DEBUG Engine               - runtimeInfo: RuntimeInfo(platform=WINDOWS, version=17.3, build=30.03.2023 11.49)
15:23:25.509 [FXGL Background Thread 3 ] DEBUG Engine               - saveFileExt: sav
15:23:25.509 [FXGL Background Thread 3 ] DEBUG Engine               - scaledHeightProp$fxgl: DoubleProperty [bound, value: 720.0]
15:23:25.509 [FXGL Background Thread 3 ] DEBUG Engine               - scaledWidthProp$fxgl: DoubleProperty [bound, value: 1280.0]
15:23:25.509 [FXGL Background Thread 3 ] DEBUG Engine               - sceneFactory: com.almasb.fxgl.app.scene.SceneFactory@29764f01
15:23:25.509 [FXGL Background Thread 3 ] DEBUG Engine               - secondsIn24h: 60
15:23:25.509 [FXGL Background Thread 3 ] DEBUG Engine               - soundMenuBack: menu/back.wav
15:23:25.509 [FXGL Background Thread 3 ] DEBUG Engine               - soundMenuPress: menu/press.wav
15:23:25.509 [FXGL Background Thread 3 ] DEBUG Engine               - soundMenuSelect: menu/select.wav
15:23:25.509 [FXGL Background Thread 3 ] DEBUG Engine               - soundNotification: core/notification.wav
15:23:25.510 [FXGL Background Thread 3 ] DEBUG Engine               - stageStyle: DECORATED
15:23:25.510 [FXGL Background Thread 3 ] DEBUG Engine               - supportedLanguages: [ENGLISH, FRENCH, GERMAN, HUNGARIAN, RUSSIAN]
15:23:25.510 [FXGL Background Thread 3 ] DEBUG Engine               - ticksPerSecond: 120
15:23:25.510 [FXGL Background Thread 3 ] DEBUG Engine               - title: Survivor Game
15:23:25.510 [FXGL Background Thread 3 ] DEBUG Engine               - urlGithub: https://github.com/AlmasB/FXGL
15:23:25.510 [FXGL Background Thread 3 ] DEBUG Engine               - urlLeaderboard: http://fxgl-top.herokuapp.com/
15:23:25.510 [FXGL Background Thread 3 ] DEBUG Engine               - urlPOM: https://raw.githubusercontent.com/AlmasB/FXGL/release/README.md
15:23:25.510 [FXGL Background Thread 3 ] DEBUG Engine               - userAppClass: class com.survivor.main.GameApp
15:23:25.510 [FXGL Background Thread 3 ] DEBUG Engine               - version: 1.0
15:23:25.510 [FXGL Background Thread 3 ] DEBUG Engine               - versionCheckDays: 7
15:23:25.510 [FXGL Background Thread 3 ] DEBUG Engine               - width: 1280
15:23:25.510 [FXGL Background Thread 3 ] DEBUG Engine               - Logging services
15:23:25.510 [FXGL Background Thread 3 ] DEBUG Engine               - class com.almasb.fxgl.app.services.FXGLAssetLoaderService
15:23:25.510 [FXGL Background Thread 3 ] DEBUG Engine               - class com.almasb.fxgl.app.FXGLApplication$GameApplicationService
15:23:25.510 [FXGL Background Thread 3 ] DEBUG Engine               - class com.almasb.fxgl.app.services.FXGLDialogService
15:23:25.510 [FXGL Background Thread 3 ] DEBUG Engine               - class com.almasb.fxgl.app.services.IOTaskExecutorService
15:23:25.510 [FXGL Background Thread 3 ] DEBUG Engine               - class com.almasb.fxgl.io.FileSystemService
15:23:25.510 [FXGL Background Thread 3 ] DEBUG Engine               - class com.almasb.fxgl.localization.LocalizationService
15:23:25.510 [FXGL Background Thread 3 ] DEBUG Engine               - class com.almasb.fxgl.app.services.SystemBundleService
15:23:25.510 [FXGL Background Thread 3 ] DEBUG Engine               - class com.almasb.fxgl.profile.SaveLoadService
15:23:25.510 [FXGL Background Thread 3 ] DEBUG Engine               - class com.almasb.fxgl.ui.FXGLUIFactoryServiceProvider
15:23:25.510 [FXGL Background Thread 3 ] DEBUG Engine               - class com.almasb.fxgl.ui.FXGLDialogFactoryServiceProvider
15:23:25.510 [FXGL Background Thread 3 ] DEBUG Engine               - class com.almasb.fxgl.audio.AudioPlayer
15:23:25.510 [FXGL Background Thread 3 ] DEBUG Engine               - class com.almasb.fxgl.notification.impl.NotificationServiceProvider
15:23:25.510 [FXGL Background Thread 3 ] DEBUG Engine               - class com.almasb.fxgl.achievement.AchievementService
15:23:25.510 [FXGL Background Thread 3 ] DEBUG Engine               - class com.almasb.fxgl.cutscene.CutsceneService
15:23:25.510 [FXGL Background Thread 3 ] DEBUG Engine               - class com.almasb.fxgl.minigames.MiniGameService
15:23:25.510 [FXGL Background Thread 3 ] DEBUG Engine               - class com.almasb.fxgl.net.NetService
15:23:25.510 [FXGL Background Thread 3 ] DEBUG Engine               - class com.almasb.fxgl.app.services.UpdaterService
15:23:25.510 [FXGL Background Thread 3 ] DEBUG Engine               - class com.almasb.fxgl.dev.DevService
15:23:31.347 [JavaFX Application Thread] DEBUG FXGLApplication      - Exiting FXGL
15:23:31.347 [JavaFX Application Thread] DEBUG LoopRunner           - Stopping loop
15:23:31.347 [JavaFX Application Thread] DEBUG SystemBundleService  - Saving FXGL system data
15:23:31.349 [JavaFX Application Thread] DEBUG FileSystemAccess     - Writing to: D:\javaproject\survivior-game5\SurvivorGame\system\fxgl.bundle
15:23:31.350 [JavaFX Application Thread] DEBUG Async                - Shutting down background threads
15:23:31.350 [JavaFX Application Thread] DEBUG PrimaryStageWindow   - Closing main window
15:23:31.359 [JavaFX Application Thread] DEBUG Logger               - Closing Logger
