09:48:07.349 [main                     ] DEBUG Logger               - Configured Logger
09:48:07.369 [main                     ] DEBUG GameApplication      - Logging settings
Title: Survivor Game
Version: 0.1
Width: 1280
Height: 720
Fullscreen: false
Intro: false
Profiling: false
Single step:false
App Mode: DEVELOPER
Menu Key: ESCAPE
Stage Style: DECORATED
Scene Factory: class com.almasb.fxgl.app.scene.SceneFactory

09:48:07.711 [JavaFX Application Thread] DEBUG FXGLApplication      - Initializing FXGL
09:48:07.715 [JavaFX Application Thread] INFO  Engine               - FXGL-17.3 (30.03.2023 11.49) on WINDOWS (J:17.0.13 FX:17)
09:48:07.715 [JavaFX Application Thread] DEBUG Engine               - JRE Vendor Name: Microsoft
09:48:07.715 [JavaFX Application Thread] DEBUG Engine               - Running on OS: Windows 11 version 10.0
09:48:07.715 [JavaFX Application Thread] DEBUG Engine               - Architecture: amd64
09:48:07.715 [JavaFX Application Thread] INFO  Engine               - Source code and latest versions at: https://github.com/AlmasB/FXGL
09:48:07.715 [JavaFX Application Thread] INFO  Engine               -       Ask questions and discuss at: https://github.com/AlmasB/FXGL/discussions
09:48:07.715 [JavaFX Application Thread] INFO  Engine               -              Join the FXGL chat at: https://gitter.im/AlmasB/FXGL
09:48:07.770 [JavaFX Application Thread] DEBUG PrimaryStageWindow   - Creating a JavaFX scene
09:48:07.797 [JavaFX Application Thread] DEBUG PrimaryStageWindow   - Target settings size: 1280.0 x 720.0
09:48:07.798 [JavaFX Application Thread] DEBUG PrimaryStageWindow   - Scaled scene size:    1280.0 x 720.0
09:48:07.798 [JavaFX Application Thread] DEBUG PrimaryStageWindow   - Scaled ratio: (1.0, 1.0)
09:48:07.799 [JavaFX Application Thread] DEBUG PrimaryStageWindow   - Set initial scene to FXGLStartupScene
09:48:07.804 [JavaFX Application Thread] DEBUG PrimaryStageWindow   - Opening main window
09:48:07.866 [JavaFX Application Thread] DEBUG PrimaryStageWindow   - Window border size: (14.6666259765625, 37.33331298828125)
09:48:07.866 [JavaFX Application Thread] DEBUG PrimaryStageWindow   - Scaled size: 1280.0 x 720.0
09:48:07.866 [JavaFX Application Thread] DEBUG PrimaryStageWindow   - Scaled ratio: (1.0, 1.0)
09:48:07.866 [JavaFX Application Thread] DEBUG PrimaryStageWindow   - Scene size: 1280.0 x 720.0
09:48:07.866 [JavaFX Application Thread] DEBUG PrimaryStageWindow   - Stage size: 1294.6666259765625 x 757.3333129882812
09:48:07.872 [FXGL Background Thread 1 ] DEBUG Engine               - Initializing environment variables
09:48:07.899 [FXGL Background Thread 1 ] DEBUG FXGLAssetLoaderServi - User app class for loading assets: class com.survivor.main.GameApp
09:48:07.899 [FXGL Background Thread 1 ] DEBUG GameApplicationServi - Applying CSS: fxgl_dark.css
09:48:07.900 [FXGL Background Thread 1 ] DEBUG FXGLAssetLoaderServi - Loading from file system: jar:file:/C:/Users/perci/.m2/repository/com/github/almasb/fxgl/17.3/fxgl-17.3.jar!/fxglassets/ui/css/fxgl_dark.css
09:48:07.930 [FXGL Background Thread 1 ] DEBUG GameApplicationServi - Initializing application scenes
09:48:07.985 [FXGL Background Thread 1 ] DEBUG GameWorld            - Game world initialized
09:48:08.035 [FXGL Background Thread 1 ] DEBUG PhysicsWorld         - Physics world initialized: appHeight=720, physics.ppm=50.0
09:48:08.035 [FXGL Background Thread 1 ] DEBUG PhysicsWorld         - Using strategy: BRUTE_FORCE
09:48:08.038 [FXGL Background Thread 1 ] DEBUG GameScene            - Game scene initialized: 1280x720
09:48:08.047 [FXGL Background Thread 1 ] DEBUG FXGL.DefaultMenu     - createMenuBodyGameMenu()
09:48:08.057 [FXGL Background Thread 1 ] DEBUG FXGL.DefaultMenu     - createOptionsMenu()
09:48:08.065 [FXGL Background Thread 1 ] DEBUG FXGLAssetLoaderServi - Loading from file system: jar:file:/C:/Users/perci/.m2/repository/com/github/almasb/fxgl/17.3/fxgl-17.3.jar!/fxglassets/textures/particles/smoke.png
09:48:08.126 [FXGL Background Thread 1 ] DEBUG FXGLAssetLoaderServi - Loading from file system: jar:file:/C:/Users/perci/.m2/repository/com/github/almasb/fxgl/17.3/fxgl-17.3.jar!/fxglassets/textures/particles/trace_horizontal.png
09:48:08.145 [FXGL Background Thread 1 ] DEBUG GameApplicationServi - Application scenes initialized
09:48:08.154 [FXGL Background Thread 1 ] DEBUG SystemBundleService  - Loading FXGL system data
09:48:08.157 [FXGL Background Thread 1 ] DEBUG FileSystemAccess     - Reading from: C:\Users\perci\IdeaProjects\SurvivorGame\system\fxgl.bundle
09:48:08.163 [FXGL Background Thread 1 ] DEBUG SystemBundleService  - Bundle FXGL: {}
09:48:08.163 [FXGL Background Thread 1 ] DEBUG UpdaterService       - Checking for updates
09:48:08.166 [FXGL Background Thread 4 ] DEBUG FXGLApplication      - Loading fonts
09:48:08.166 [FXGL Background Thread 4 ] DEBUG FXGLAssetLoaderServi - Loading from file system: jar:file:/C:/Users/perci/.m2/repository/com/github/almasb/fxgl/17.3/fxgl-17.3.jar!/fxglassets/ui/fonts/VarelaRound-Regular.ttf
09:48:08.166 [FXGL Background Thread 1 ] DEBUG FXGLApplication      - Loading default localization
09:48:08.167 [FXGL Background Thread 1 ] DEBUG FXGLAssetLoaderServi - Loading from file system: jar:file:/C:/Users/perci/.m2/repository/com/github/almasb/fxgl/17.3/fxgl-17.3.jar!/fxglassets/languages/english.lang
09:48:08.194 [FXGL Background Thread 1 ] INFO  FXGLApplication      - FXGL initialization took: 0.321 sec
09:48:08.204 [JavaFX Application Thread] DEBUG Input                - Registered new binding: Move Up - W
09:48:08.205 [JavaFX Application Thread] DEBUG Input                - Registered new binding: Move Down - S
09:48:08.205 [JavaFX Application Thread] DEBUG Input                - Registered new binding: Move Left - A
09:48:08.206 [JavaFX Application Thread] DEBUG Input                - Registered new binding: Move Right - D
09:48:08.206 [JavaFX Application Thread] DEBUG FXGLAssetLoaderServi - Loading from file system: jar:file:/C:/Users/perci/.m2/repository/com/github/almasb/fxgl/17.3/fxgl-17.3.jar!/fxglassets/textures/fxgl_icon.png
09:48:08.226 [JavaFX Application Thread] DEBUG FXGLAssetLoaderServi - Loading from file system: jar:file:/C:/Users/perci/.m2/repository/com/github/almasb/fxgl/17.3/fxgl-17.3.jar!/fxglassets/textures/fxgl_default_cursor.png
09:48:08.229 [JavaFX Application Thread] DEBUG Input                - Registered new binding: Screenshot - CTRL+8
09:48:08.230 [JavaFX Application Thread] DEBUG Input                - Registered new binding: System info dump - CTRL+9
09:48:08.231 [JavaFX Application Thread] DEBUG Input                - Registered new binding: Restart - CTRL+R
09:48:08.232 [JavaFX Application Thread] DEBUG Input                - Registered new binding: Toggle Debug Camera - CTRL+7
09:48:08.236 [FXGL Background Thread 4 ] DEBUG FXGLAssetLoaderServi - Loading from file system: jar:file:/C:/Users/perci/.m2/repository/com/github/almasb/fxgl/17.3/fxgl-17.3.jar!/fxglassets/ui/fonts/Abel-Regular.ttf
09:48:08.238 [FXGL Background Thread 4 ] DEBUG FXGLAssetLoaderServi - Loading from file system: jar:file:/C:/Users/perci/.m2/repository/com/github/almasb/fxgl/17.3/fxgl-17.3.jar!/fxglassets/ui/fonts/TerminalLandMono-Regular.otf
09:48:08.238 [JavaFX Application Thread] DEBUG LoopRunner           - Starting loop
09:48:08.238 [JavaFX Application Thread] DEBUG LoopRunner           - Initializing JavaFX AnimationTimerLoop
09:48:08.240 [JavaFX Application Thread] DEBUG GameApplicationServi - Starting new game
09:48:08.240 [FXGL Background Thread 4 ] DEBUG FXGLAssetLoaderServi - Loading from file system: jar:file:/C:/Users/perci/.m2/repository/com/github/almasb/fxgl/17.3/fxgl-17.3.jar!/fxglassets/ui/fonts/Courier-Prime.ttf
09:48:08.240 [JavaFX Application Thread] DEBUG Input                - Clearing active input actions
09:48:08.249 [JavaFX Application Thread] DEBUG GameApplicationServi - Removing overlay from FXGLStartupScene and adding to FXGLLoadingScene
09:48:08.250 [JavaFX Application Thread] DEBUG PrimaryStageWindow   - FXGLStartupScene -> FXGLLoadingScene
09:48:08.250 [JavaFX Application Thread] DEBUG GameApplicationServi - Clearing previous game
09:48:08.250 [JavaFX Application Thread] DEBUG GameScene            - Clearing game scene
09:48:08.250 [JavaFX Application Thread] DEBUG GameWorld            - Clearing game world
09:48:08.250 [JavaFX Application Thread] DEBUG PhysicsWorld         - Clearing physics world
09:48:08.252 [FXGL Background Thread 4 ] DEBUG FXGLApplication      - Initializing game
09:48:08.252 [JavaFX Application Thread] DEBUG FXGLApplication      - Registering font factories with UI factory
09:48:08.255 [FXGL Background Thread 4 ] DEBUG FXGLAssetLoaderServi - Loading from file system: file:/C:/Users/perci/IdeaProjects/SurvivorGame/target/classes/assets/textures/player.png
09:48:08.281 [FXGL Background Thread 4 ] INFO  FXGLApplication      - Game initialization took: 0.030 sec
09:48:08.290 [JavaFX Application Thread] DEBUG Input                - Clearing active input actions
09:48:08.297 [JavaFX Application Thread] DEBUG GameApplicationServi - Removing overlay from FXGLLoadingScene and adding to GameScene
09:48:08.297 [JavaFX Application Thread] DEBUG PrimaryStageWindow   - FXGLLoadingScene -> GameScene
09:48:08.842 [FXGL Background Thread 2 ] INFO  UpdaterService       - Your current version:  17.3
09:48:08.843 [FXGL Background Thread 2 ] INFO  UpdaterService       - Latest stable version: 21.1
09:48:11.165 [FXGL Background Thread 3 ] DEBUG Engine               - Logging environment variables
09:48:11.165 [FXGL Background Thread 3 ] DEBUG Engine               - achievements: []
09:48:11.165 [FXGL Background Thread 3 ] DEBUG Engine               - actualHeight: 720.0
09:48:11.165 [FXGL Background Thread 3 ] DEBUG Engine               - actualHeightProperty: ReadOnlyDoubleProperty [value: 720.0]
09:48:11.165 [FXGL Background Thread 3 ] DEBUG Engine               - actualWidth: 1280.0
09:48:11.165 [FXGL Background Thread 3 ] DEBUG Engine               - actualWidthProperty: ReadOnlyDoubleProperty [value: 1280.0]
09:48:11.165 [FXGL Background Thread 3 ] DEBUG Engine               - appIcon: fxgl_icon.png
09:48:11.165 [FXGL Background Thread 3 ] DEBUG Engine               - applicationMode: DEVELOPER
09:48:11.166 [FXGL Background Thread 3 ] DEBUG Engine               - cSSList: [fxgl_dark.css]
09:48:11.166 [FXGL Background Thread 3 ] DEBUG Engine               - collisionDetectionStrategy: BRUTE_FORCE
09:48:11.166 [FXGL Background Thread 3 ] DEBUG Engine               - configClass: Optional.empty
09:48:11.166 [FXGL Background Thread 3 ] DEBUG Engine               - credits: []
09:48:11.166 [FXGL Background Thread 3 ] DEBUG Engine               - defaultCursor: CursorInfo(imageName=fxgl_default_cursor.png, hotspotX=7.0, hotspotY=6.0)
09:48:11.166 [FXGL Background Thread 3 ] DEBUG Engine               - devBBoxColorProperty: ObjectProperty [value: 0xff0000ff]
09:48:11.166 [FXGL Background Thread 3 ] DEBUG Engine               - devEnableDebugCameraProperty: BooleanProperty [value: false]
09:48:11.166 [FXGL Background Thread 3 ] DEBUG Engine               - devSensorColorProperty: ObjectProperty [value: 0xffff00ff]
09:48:11.166 [FXGL Background Thread 3 ] DEBUG Engine               - devShowBBoxProperty: BooleanProperty [value: false]
09:48:11.166 [FXGL Background Thread 3 ] DEBUG Engine               - devShowPositionProperty: BooleanProperty [value: false]
09:48:11.166 [FXGL Background Thread 3 ] DEBUG Engine               - enabledMenuItems: []
09:48:11.166 [FXGL Background Thread 3 ] DEBUG Engine               - engineServices: [class com.almasb.fxgl.app.services.FXGLAssetLoaderService, class com.almasb.fxgl.app.FXGLApplication$GameApplicationService, class com.almasb.fxgl.app.services.FXGLDialogService, class com.almasb.fxgl.app.services.IOTaskExecutorService, class com.almasb.fxgl.io.FileSystemService, class com.almasb.fxgl.localization.LocalizationService, class com.almasb.fxgl.app.services.SystemBundleService, class com.almasb.fxgl.profile.SaveLoadService, class com.almasb.fxgl.ui.FXGLUIFactoryServiceProvider, class com.almasb.fxgl.ui.FXGLDialogFactoryServiceProvider, class com.almasb.fxgl.audio.AudioPlayer, class com.almasb.fxgl.notification.impl.NotificationServiceProvider, class com.almasb.fxgl.achievement.AchievementService, class com.almasb.fxgl.cutscene.CutsceneService, class com.almasb.fxgl.minigames.MiniGameService, class com.almasb.fxgl.net.NetService, class com.almasb.fxgl.app.services.UpdaterService, class com.almasb.fxgl.dev.DevService]
09:48:11.168 [FXGL Background Thread 3 ] DEBUG Engine               - fontGame: Abel-Regular.ttf
09:48:11.168 [FXGL Background Thread 3 ] DEBUG Engine               - fontMono: TerminalLandMono-Regular.otf
09:48:11.168 [FXGL Background Thread 3 ] DEBUG Engine               - fontSizeScaleUI: 1.0
09:48:11.168 [FXGL Background Thread 3 ] DEBUG Engine               - fontText: Courier-Prime.ttf
09:48:11.168 [FXGL Background Thread 3 ] DEBUG Engine               - fontUI: VarelaRound-Regular.ttf
09:48:11.168 [FXGL Background Thread 3 ] DEBUG Engine               - fullScreen: BooleanProperty [value: false]
09:48:11.168 [FXGL Background Thread 3 ] DEBUG Engine               - gameDifficulty: MEDIUM
09:48:11.168 [FXGL Background Thread 3 ] DEBUG Engine               - gameDifficultyProperty: ObjectProperty [value: MEDIUM]
09:48:11.168 [FXGL Background Thread 3 ] DEBUG Engine               - globalMusicVolume: 0.5
09:48:11.168 [FXGL Background Thread 3 ] DEBUG Engine               - globalMusicVolumeProperty: DoubleProperty [value: 0.5]
09:48:11.168 [FXGL Background Thread 3 ] DEBUG Engine               - globalSoundVolume: 0.5
09:48:11.168 [FXGL Background Thread 3 ] DEBUG Engine               - globalSoundVolumeProperty: DoubleProperty [value: 0.5]
09:48:11.168 [FXGL Background Thread 3 ] DEBUG Engine               - height: 720
09:48:11.168 [FXGL Background Thread 3 ] DEBUG Engine               - is3D: false
09:48:11.168 [FXGL Background Thread 3 ] DEBUG Engine               - isAndroid: false
09:48:11.168 [FXGL Background Thread 3 ] DEBUG Engine               - isBrowser: false
09:48:11.168 [FXGL Background Thread 3 ] DEBUG Engine               - isClickFeedbackEnabled: false
09:48:11.168 [FXGL Background Thread 3 ] DEBUG Engine               - isCloseConfirmation: false
09:48:11.168 [FXGL Background Thread 3 ] DEBUG Engine               - isDesktop: true
09:48:11.168 [FXGL Background Thread 3 ] DEBUG Engine               - isDeveloperMenuEnabled: false
09:48:11.168 [FXGL Background Thread 3 ] DEBUG Engine               - isEmbedded: false
09:48:11.168 [FXGL Background Thread 3 ] DEBUG Engine               - isEntityPreloadEnabled: true
09:48:11.168 [FXGL Background Thread 3 ] DEBUG Engine               - isExperimentalTiledLargeMap: false
09:48:11.168 [FXGL Background Thread 3 ] DEBUG Engine               - isFileSystemWriteAllowed: true
09:48:11.168 [FXGL Background Thread 3 ] DEBUG Engine               - isFullScreenAllowed: false
09:48:11.168 [FXGL Background Thread 3 ] DEBUG Engine               - isFullScreenFromStart: false
09:48:11.168 [FXGL Background Thread 3 ] DEBUG Engine               - isGameMenuEnabled: true
09:48:11.168 [FXGL Background Thread 3 ] DEBUG Engine               - isIOS: false
09:48:11.168 [FXGL Background Thread 3 ] DEBUG Engine               - isIntroEnabled: false
09:48:11.168 [FXGL Background Thread 3 ] DEBUG Engine               - isLinux: false
09:48:11.168 [FXGL Background Thread 3 ] DEBUG Engine               - isMac: false
09:48:11.169 [FXGL Background Thread 3 ] DEBUG Engine               - isMainMenuEnabled: false
09:48:11.169 [FXGL Background Thread 3 ] DEBUG Engine               - isManualResizeEnabled: false
09:48:11.169 [FXGL Background Thread 3 ] DEBUG Engine               - isMobile: false
09:48:11.169 [FXGL Background Thread 3 ] DEBUG Engine               - isNative: false
09:48:11.169 [FXGL Background Thread 3 ] DEBUG Engine               - isPauseMusicWhenMinimized: true
09:48:11.169 [FXGL Background Thread 3 ] DEBUG Engine               - isPreserveResizeRatio: false
09:48:11.169 [FXGL Background Thread 3 ] DEBUG Engine               - isProfilingEnabled: false
09:48:11.170 [FXGL Background Thread 3 ] DEBUG Engine               - isScaleAffectedOnResize: true
09:48:11.170 [FXGL Background Thread 3 ] DEBUG Engine               - isSingleStep: false
09:48:11.170 [FXGL Background Thread 3 ] DEBUG Engine               - isUserProfileEnabled: false
09:48:11.170 [FXGL Background Thread 3 ] DEBUG Engine               - isWindows: true
09:48:11.170 [FXGL Background Thread 3 ] DEBUG Engine               - language: ObjectProperty [value: ENGLISH]
09:48:11.170 [FXGL Background Thread 3 ] DEBUG Engine               - menuKey: ESCAPE
09:48:11.170 [FXGL Background Thread 3 ] DEBUG Engine               - mouseSensitivity: 0.2
09:48:11.170 [FXGL Background Thread 3 ] DEBUG Engine               - notificationViewClass: class com.almasb.fxgl.notification.view.XboxNotificationView
09:48:11.170 [FXGL Background Thread 3 ] DEBUG Engine               - pixelsPerMeter: 50.0
09:48:11.170 [FXGL Background Thread 3 ] DEBUG Engine               - platform: WINDOWS
09:48:11.170 [FXGL Background Thread 3 ] DEBUG Engine               - prefHeightProperty: ReadOnlyDoubleProperty [value: 720.0]
09:48:11.170 [FXGL Background Thread 3 ] DEBUG Engine               - prefWidthProperty: ReadOnlyDoubleProperty [value: 1280.0]
09:48:11.170 [FXGL Background Thread 3 ] DEBUG Engine               - profileDir: profiles/
09:48:11.170 [FXGL Background Thread 3 ] DEBUG Engine               - profileName: StringProperty [value: DEFAULT]
09:48:11.170 [FXGL Background Thread 3 ] DEBUG Engine               - randomSeed: -1
09:48:11.170 [FXGL Background Thread 3 ] DEBUG Engine               - runtimeInfo: RuntimeInfo(platform=WINDOWS, version=17.3, build=30.03.2023 11.49)
09:48:11.170 [FXGL Background Thread 3 ] DEBUG Engine               - saveFileExt: sav
09:48:11.170 [FXGL Background Thread 3 ] DEBUG Engine               - scaledHeightProp$fxgl: DoubleProperty [bound, value: 720.0]
09:48:11.170 [FXGL Background Thread 3 ] DEBUG Engine               - scaledWidthProp$fxgl: DoubleProperty [bound, value: 1280.0]
09:48:11.170 [FXGL Background Thread 3 ] DEBUG Engine               - sceneFactory: com.almasb.fxgl.app.scene.SceneFactory@6658d7c3
09:48:11.171 [FXGL Background Thread 3 ] DEBUG Engine               - secondsIn24h: 60
09:48:11.171 [FXGL Background Thread 3 ] DEBUG Engine               - soundMenuBack: menu/back.wav
09:48:11.171 [FXGL Background Thread 3 ] DEBUG Engine               - soundMenuPress: menu/press.wav
09:48:11.171 [FXGL Background Thread 3 ] DEBUG Engine               - soundMenuSelect: menu/select.wav
09:48:11.171 [FXGL Background Thread 3 ] DEBUG Engine               - soundNotification: core/notification.wav
09:48:11.171 [FXGL Background Thread 3 ] DEBUG Engine               - stageStyle: DECORATED
09:48:11.171 [FXGL Background Thread 3 ] DEBUG Engine               - supportedLanguages: [ENGLISH, FRENCH, GERMAN, HUNGARIAN, RUSSIAN]
09:48:11.171 [FXGL Background Thread 3 ] DEBUG Engine               - ticksPerSecond: -1
09:48:11.171 [FXGL Background Thread 3 ] DEBUG Engine               - title: Survivor Game
09:48:11.171 [FXGL Background Thread 3 ] DEBUG Engine               - urlGithub: https://github.com/AlmasB/FXGL
09:48:11.171 [FXGL Background Thread 3 ] DEBUG Engine               - urlLeaderboard: http://fxgl-top.herokuapp.com/
09:48:11.171 [FXGL Background Thread 3 ] DEBUG Engine               - urlPOM: https://raw.githubusercontent.com/AlmasB/FXGL/release/README.md
09:48:11.171 [FXGL Background Thread 3 ] DEBUG Engine               - userAppClass: class com.survivor.main.GameApp
09:48:11.171 [FXGL Background Thread 3 ] DEBUG Engine               - version: 0.1
09:48:11.171 [FXGL Background Thread 3 ] DEBUG Engine               - versionCheckDays: 7
09:48:11.171 [FXGL Background Thread 3 ] DEBUG Engine               - width: 1280
09:48:11.171 [FXGL Background Thread 3 ] DEBUG Engine               - Logging services
09:48:11.171 [FXGL Background Thread 3 ] DEBUG Engine               - class com.almasb.fxgl.app.services.FXGLAssetLoaderService
09:48:11.171 [FXGL Background Thread 3 ] DEBUG Engine               - class com.almasb.fxgl.app.FXGLApplication$GameApplicationService
09:48:11.171 [FXGL Background Thread 3 ] DEBUG Engine               - class com.almasb.fxgl.app.services.FXGLDialogService
09:48:11.172 [FXGL Background Thread 3 ] DEBUG Engine               - class com.almasb.fxgl.app.services.IOTaskExecutorService
09:48:11.172 [FXGL Background Thread 3 ] DEBUG Engine               - class com.almasb.fxgl.io.FileSystemService
09:48:11.172 [FXGL Background Thread 3 ] DEBUG Engine               - class com.almasb.fxgl.localization.LocalizationService
09:48:11.172 [FXGL Background Thread 3 ] DEBUG Engine               - class com.almasb.fxgl.app.services.SystemBundleService
09:48:11.172 [FXGL Background Thread 3 ] DEBUG Engine               - class com.almasb.fxgl.profile.SaveLoadService
09:48:11.172 [FXGL Background Thread 3 ] DEBUG Engine               - class com.almasb.fxgl.ui.FXGLUIFactoryServiceProvider
09:48:11.172 [FXGL Background Thread 3 ] DEBUG Engine               - class com.almasb.fxgl.ui.FXGLDialogFactoryServiceProvider
09:48:11.172 [FXGL Background Thread 3 ] DEBUG Engine               - class com.almasb.fxgl.audio.AudioPlayer
09:48:11.172 [FXGL Background Thread 3 ] DEBUG Engine               - class com.almasb.fxgl.notification.impl.NotificationServiceProvider
09:48:11.172 [FXGL Background Thread 3 ] DEBUG Engine               - class com.almasb.fxgl.achievement.AchievementService
09:48:11.172 [FXGL Background Thread 3 ] DEBUG Engine               - class com.almasb.fxgl.cutscene.CutsceneService
09:48:11.172 [FXGL Background Thread 3 ] DEBUG Engine               - class com.almasb.fxgl.minigames.MiniGameService
09:48:11.172 [FXGL Background Thread 3 ] DEBUG Engine               - class com.almasb.fxgl.net.NetService
09:48:11.172 [FXGL Background Thread 3 ] DEBUG Engine               - class com.almasb.fxgl.app.services.UpdaterService
09:48:11.172 [FXGL Background Thread 3 ] DEBUG Engine               - class com.almasb.fxgl.dev.DevService
09:48:38.617 [JavaFX Application Thread] DEBUG FXGLApplication      - Exiting FXGL
09:48:38.617 [JavaFX Application Thread] DEBUG LoopRunner           - Stopping loop
09:48:38.618 [JavaFX Application Thread] DEBUG SystemBundleService  - Saving FXGL system data
09:48:38.622 [JavaFX Application Thread] DEBUG FileSystemAccess     - Writing to: C:\Users\perci\IdeaProjects\SurvivorGame\system\fxgl.bundle
09:48:38.623 [JavaFX Application Thread] DEBUG Async                - Shutting down background threads
09:48:38.624 [JavaFX Application Thread] DEBUG PrimaryStageWindow   - Closing main window
09:48:38.639 [JavaFX Application Thread] DEBUG Logger               - Closing Logger
