16:10:51.810 [main                     ] DEBUG Logger               - Configured Logger
16:10:51.835 [main                     ] DEBUG GameApplication      - Logging settings
Title: Survivor Game
Version: 1.0
Width: 1280
Height: 720
Fullscreen: false
Intro: false
Profiling: false
Single step:false
App Mode: DEVELOPER
Menu Key: ESCAPE
Stage Style: DECORATED
Scene Factory: class com.almasb.fxgl.app.scene.SceneFactory

16:10:52.227 [JavaFX Application Thread] DEBUG FXGLApplication      - Initializing FXGL
16:10:52.232 [JavaFX Application Thread] INFO  Engine               - FXGL-17.3 (30.03.2023 11.49) on WINDOWS (J:21.0.5 FX:20)
16:10:52.233 [JavaFX Application Thread] DEBUG Engine               - JRE Vendor Name: Oracle Corporation
16:10:52.233 [JavaFX Application Thread] DEBUG Engine               - Running on OS: Windows 11 version 10.0
16:10:52.233 [JavaFX Application Thread] DEBUG Engine               - Architecture: amd64
16:10:52.233 [JavaFX Application Thread] INFO  Engine               - Source code and latest versions at: https://github.com/AlmasB/FXGL
16:10:52.233 [JavaFX Application Thread] INFO  Engine               -       Ask questions and discuss at: https://github.com/AlmasB/FXGL/discussions
16:10:52.233 [JavaFX Application Thread] INFO  Engine               -              Join the FXGL chat at: https://gitter.im/AlmasB/FXGL
16:10:52.306 [JavaFX Application Thread] DEBUG PrimaryStageWindow   - Creating a JavaFX scene
16:10:52.346 [JavaFX Application Thread] DEBUG PrimaryStageWindow   - Target settings size: 1280.0 x 720.0
16:10:52.346 [JavaFX Application Thread] DEBUG PrimaryStageWindow   - Scaled scene size:    1280.0 x 720.0
16:10:52.346 [JavaFX Application Thread] DEBUG PrimaryStageWindow   - Scaled ratio: (1.0, 1.0)
16:10:52.347 [JavaFX Application Thread] DEBUG PrimaryStageWindow   - Set initial scene to FXGLStartupScene
16:10:52.350 [JavaFX Application Thread] DEBUG PrimaryStageWindow   - Opening main window
16:10:52.431 [JavaFX Application Thread] DEBUG PrimaryStageWindow   - Window border size: (14.6666259765625, 37.33331298828125)
16:10:52.431 [JavaFX Application Thread] DEBUG PrimaryStageWindow   - Scaled size: 1280.0 x 720.0
16:10:52.431 [JavaFX Application Thread] DEBUG PrimaryStageWindow   - Scaled ratio: (1.0, 1.0)
16:10:52.432 [JavaFX Application Thread] DEBUG PrimaryStageWindow   - Scene size: 1280.0 x 720.0
16:10:52.432 [JavaFX Application Thread] DEBUG PrimaryStageWindow   - Stage size: 1294.6666259765625 x 757.3333129882812
16:10:52.439 [FXGL Background Thread 1 ] DEBUG Engine               - Initializing environment variables
16:10:52.498 [FXGL Background Thread 1 ] DEBUG FXGLAssetLoaderServi - User app class for loading assets: class com.survivor.main.GameApp
16:10:52.498 [FXGL Background Thread 1 ] DEBUG GameApplicationServi - Applying CSS: fxgl_dark.css
16:10:52.500 [FXGL Background Thread 1 ] DEBUG FXGLAssetLoaderServi - Loading from file system: jar:file:/C:/Users/11706/.m2/repository/com/github/almasb/fxgl/17.3/fxgl-17.3.jar!/fxglassets/ui/css/fxgl_dark.css
16:10:52.543 [FXGL Background Thread 1 ] DEBUG GameApplicationServi - Initializing application scenes
16:10:52.653 [FXGL Background Thread 1 ] DEBUG GameWorld            - Game world initialized
16:10:52.753 [FXGL Background Thread 1 ] DEBUG PhysicsWorld         - Physics world initialized: appHeight=720, physics.ppm=50.0
16:10:52.753 [FXGL Background Thread 1 ] DEBUG PhysicsWorld         - Using strategy: BRUTE_FORCE
16:10:52.757 [FXGL Background Thread 1 ] DEBUG GameScene            - Game scene initialized: 1280x720
16:10:52.769 [FXGL Background Thread 1 ] DEBUG FXGL.DefaultMenu     - createMenuBodyGameMenu()
16:10:52.785 [FXGL Background Thread 1 ] DEBUG FXGL.DefaultMenu     - createOptionsMenu()
16:10:52.798 [FXGL Background Thread 1 ] DEBUG FXGLAssetLoaderServi - Loading from file system: jar:file:/C:/Users/11706/.m2/repository/com/github/almasb/fxgl/17.3/fxgl-17.3.jar!/fxglassets/textures/particles/smoke.png
16:10:52.911 [FXGL Background Thread 1 ] DEBUG FXGLAssetLoaderServi - Loading from file system: jar:file:/C:/Users/11706/.m2/repository/com/github/almasb/fxgl/17.3/fxgl-17.3.jar!/fxglassets/textures/particles/trace_horizontal.png
16:10:52.936 [FXGL Background Thread 1 ] DEBUG GameApplicationServi - Application scenes initialized
16:10:52.949 [FXGL Background Thread 1 ] DEBUG SystemBundleService  - Loading FXGL system data
16:10:52.953 [FXGL Background Thread 1 ] DEBUG FileSystemAccess     - Reading from: C:\Users\11706\IdeaProjects\survivior-game3\SurvivorGame\system\fxgl.bundle
16:10:52.962 [FXGL Background Thread 1 ] DEBUG SystemBundleService  - Bundle FXGL: {}
16:10:52.962 [FXGL Background Thread 1 ] DEBUG UpdaterService       - Checking for updates
16:10:52.966 [FXGL Background Thread 4 ] DEBUG FXGLApplication      - Loading fonts
16:10:52.966 [FXGL Background Thread 4 ] DEBUG FXGLAssetLoaderServi - Loading from file system: jar:file:/C:/Users/11706/.m2/repository/com/github/almasb/fxgl/17.3/fxgl-17.3.jar!/fxglassets/ui/fonts/VarelaRound-Regular.ttf
16:10:52.967 [FXGL Background Thread 1 ] DEBUG FXGLApplication      - Loading default localization
16:10:52.968 [FXGL Background Thread 1 ] DEBUG FXGLAssetLoaderServi - Loading from file system: jar:file:/C:/Users/11706/.m2/repository/com/github/almasb/fxgl/17.3/fxgl-17.3.jar!/fxglassets/languages/english.lang
16:10:53.012 [FXGL Background Thread 4 ] DEBUG FXGLAssetLoaderServi - Loading from file system: jar:file:/C:/Users/11706/.m2/repository/com/github/almasb/fxgl/17.3/fxgl-17.3.jar!/fxglassets/ui/fonts/Abel-Regular.ttf
16:10:53.016 [FXGL Background Thread 4 ] DEBUG FXGLAssetLoaderServi - Loading from file system: jar:file:/C:/Users/11706/.m2/repository/com/github/almasb/fxgl/17.3/fxgl-17.3.jar!/fxglassets/ui/fonts/TerminalLandMono-Regular.otf
16:10:53.017 [FXGL Background Thread 1 ] INFO  FXGLApplication      - FXGL initialization took: 0.579 sec
16:10:53.019 [JavaFX Application Thread] DEBUG FXGLAssetLoaderServi - Loading from file system: file:/C:/Users/11706/IdeaProjects/survivior-game3/SurvivorGame/target/classes/assets/textures/icon.png
16:10:53.021 [FXGL Background Thread 4 ] DEBUG FXGLAssetLoaderServi - Loading from file system: jar:file:/C:/Users/11706/.m2/repository/com/github/almasb/fxgl/17.3/fxgl-17.3.jar!/fxglassets/ui/fonts/Courier-Prime.ttf
16:10:53.029 [JavaFX Application Thread] DEBUG FXGLAssetLoaderServi - Loading from file system: jar:file:/C:/Users/11706/.m2/repository/com/github/almasb/fxgl/17.3/fxgl-17.3.jar!/fxglassets/textures/fxgl_default_cursor.png
16:10:53.040 [JavaFX Application Thread] DEBUG Input                - Registered new binding: Screenshot - CTRL+8
16:10:53.040 [JavaFX Application Thread] DEBUG Input                - Registered new binding: System info dump - CTRL+9
16:10:53.041 [JavaFX Application Thread] DEBUG Input                - Registered new binding: Restart - CTRL+R
16:10:53.042 [JavaFX Application Thread] DEBUG Input                - Registered new binding: Toggle Debug Camera - CTRL+7
16:10:53.044 [JavaFX Application Thread] DEBUG LoopRunner           - Starting loop
16:10:53.044 [JavaFX Application Thread] DEBUG LoopRunner           - Initializing ScheduledExecutorLoop with fps: 120
16:10:53.046 [JavaFX Application Thread] DEBUG GameApplicationServi - Starting new game
16:10:53.046 [JavaFX Application Thread] DEBUG Input                - Clearing active input actions
16:10:53.063 [JavaFX Application Thread] DEBUG GameApplicationServi - Removing overlay from FXGLStartupScene and adding to FXGLLoadingScene
16:10:53.063 [JavaFX Application Thread] DEBUG PrimaryStageWindow   - FXGLStartupScene -> FXGLLoadingScene
16:10:53.063 [JavaFX Application Thread] DEBUG GameApplicationServi - Clearing previous game
16:10:53.064 [JavaFX Application Thread] DEBUG GameScene            - Clearing game scene
16:10:53.064 [JavaFX Application Thread] DEBUG GameWorld            - Clearing game world
16:10:53.064 [JavaFX Application Thread] DEBUG PhysicsWorld         - Clearing physics world
16:10:53.066 [FXGL Background Thread 4 ] DEBUG FXGLApplication      - Initializing game
16:10:53.066 [JavaFX Application Thread] DEBUG FXGLApplication      - Registering font factories with UI factory
16:10:53.542 [FXGL Background Thread 4 ] WARN  TMXLevelLoader       - TiledMap generated from 1.11.2. Supported version: 1.9.0. Some features may not be parsed fully.
16:10:53.708 [FXGL Background Thread 4 ] DEBUG TMXLevelLoader       - Parsed TiledMap: file:/C:/Users/11706/IdeaProjects/survivior-game3/SurvivorGame/target/classes/assets/levels/Bigdongeonmap.tmx
16:10:53.712 [FXGL Background Thread 4 ] DEBUG TMXLevelLoader       - Creating tile layer entities
16:10:53.720 [FXGL Background Thread 4 ] DEBUG TilesetLoader        - Loading view for layer 图块层 1
16:10:53.780 [FXGL Background Thread 4 ] DEBUG TilesetLoader        - Created buffer with size 9600.0x5600.0
16:10:53.899 [FXGL Background Thread 4 ] DEBUG TilesetLoader        - Loading view for layer 图块层 2
16:10:53.951 [FXGL Background Thread 4 ] DEBUG TilesetLoader        - Created buffer with size 9600.0x5600.0
16:10:53.983 [FXGL Background Thread 4 ] DEBUG TMXLevelLoader       - Creating object layer entities
16:10:54.097 [FXGL Background Thread 4 ] DEBUG GameWorld            - Clearing removable entities
16:10:54.099 [FXGL Background Thread 4 ] DEBUG GameWorld            - Setting level: com.almasb.fxgl.entity.level.Level@d5bc2bd
16:10:54.166 [FXGL Background Thread 4 ] DEBUG Input                - Registered new binding: Move Up - W
16:10:54.167 [FXGL Background Thread 4 ] DEBUG Input                - Registered new binding: Move Down - S
16:10:54.167 [FXGL Background Thread 4 ] DEBUG Input                - Registered new binding: Move Left - A
16:10:54.167 [FXGL Background Thread 4 ] DEBUG Input                - Registered new binding: Move Right - D
16:10:54.168 [FXGL Background Thread 4 ] DEBUG Input                - Registered new binding: AttackLeft - J
16:10:54.168 [FXGL Background Thread 4 ] DEBUG Input                - Registered new binding: AttackRight - K
16:10:54.168 [FXGL Background Thread 4 ] DEBUG Input                - Registered new binding: Dash - L
16:10:54.177 [FXGL Background Thread 4 ] DEBUG FXGLAssetLoaderServi - Loading from file system: file:/C:/Users/11706/IdeaProjects/survivior-game3/SurvivorGame/target/classes/assets/textures/Idle.png
16:10:54.188 [FXGL Background Thread 4 ] DEBUG FXGLAssetLoaderServi - Loading from file system: file:/C:/Users/11706/IdeaProjects/survivior-game3/SurvivorGame/target/classes/assets/textures/Run.png
16:10:54.190 [FXGL Background Thread 4 ] DEBUG FXGLAssetLoaderServi - Loading from file system: file:/C:/Users/11706/IdeaProjects/survivior-game3/SurvivorGame/target/classes/assets/textures/Attack3.png
16:10:54.202 [FXGL Background Thread 4 ] INFO  FXGLApplication      - Game initialization took: 1.136 sec
16:10:54.645 [JavaFX Application Thread] DEBUG Input                - Clearing active input actions
16:10:54.678 [JavaFX Application Thread] DEBUG GameApplicationServi - Removing overlay from FXGLLoadingScene and adding to GameScene
16:10:54.678 [JavaFX Application Thread] DEBUG PrimaryStageWindow   - FXGLLoadingScene -> GameScene
16:10:54.889 [FXGL Background Thread 2 ] INFO  UpdaterService       - Your current version:  17.3
16:10:54.889 [FXGL Background Thread 2 ] INFO  UpdaterService       - Latest stable version: 21.1
16:10:55.939 [JavaFX Application Thread] DEBUG Input                - Registered new binding: action0 - U
16:10:55.939 [JavaFX Application Thread] DEBUG Input                - Registered new binding: action1 - G
16:10:55.965 [FXGL Background Thread 3 ] DEBUG Engine               - Logging environment variables
16:10:55.965 [FXGL Background Thread 3 ] DEBUG Engine               - achievements: []
16:10:55.965 [FXGL Background Thread 3 ] DEBUG Engine               - actualHeight: 720.0
16:10:55.965 [FXGL Background Thread 3 ] DEBUG Engine               - actualHeightProperty: ReadOnlyDoubleProperty [value: 720.0]
16:10:55.965 [FXGL Background Thread 3 ] DEBUG Engine               - actualWidth: 1280.0
16:10:55.965 [FXGL Background Thread 3 ] DEBUG Engine               - actualWidthProperty: ReadOnlyDoubleProperty [value: 1280.0]
16:10:55.965 [FXGL Background Thread 3 ] DEBUG Engine               - appIcon: icon.png
16:10:55.965 [FXGL Background Thread 3 ] DEBUG Engine               - applicationMode: DEVELOPER
16:10:55.966 [FXGL Background Thread 3 ] DEBUG Engine               - cSSList: [fxgl_dark.css]
16:10:55.966 [FXGL Background Thread 3 ] DEBUG Engine               - collisionDetectionStrategy: BRUTE_FORCE
16:10:55.966 [FXGL Background Thread 3 ] DEBUG Engine               - configClass: Optional.empty
16:10:55.966 [FXGL Background Thread 3 ] DEBUG Engine               - credits: []
16:10:55.966 [FXGL Background Thread 3 ] DEBUG Engine               - defaultCursor: CursorInfo(imageName=fxgl_default_cursor.png, hotspotX=7.0, hotspotY=6.0)
16:10:55.966 [FXGL Background Thread 3 ] DEBUG Engine               - devBBoxColorProperty: ObjectProperty [value: 0xff0000ff]
16:10:55.966 [FXGL Background Thread 3 ] DEBUG Engine               - devEnableDebugCameraProperty: BooleanProperty [value: false]
16:10:55.966 [FXGL Background Thread 3 ] DEBUG Engine               - devSensorColorProperty: ObjectProperty [value: 0xffff00ff]
16:10:55.966 [FXGL Background Thread 3 ] DEBUG Engine               - devShowBBoxProperty: BooleanProperty [value: false]
16:10:55.966 [FXGL Background Thread 3 ] DEBUG Engine               - devShowPositionProperty: BooleanProperty [value: false]
16:10:55.966 [FXGL Background Thread 3 ] DEBUG Engine               - enabledMenuItems: []
16:10:55.966 [FXGL Background Thread 3 ] DEBUG Engine               - engineServices: [class com.almasb.fxgl.app.services.FXGLAssetLoaderService, class com.almasb.fxgl.app.FXGLApplication$GameApplicationService, class com.almasb.fxgl.app.services.FXGLDialogService, class com.almasb.fxgl.app.services.IOTaskExecutorService, class com.almasb.fxgl.io.FileSystemService, class com.almasb.fxgl.localization.LocalizationService, class com.almasb.fxgl.app.services.SystemBundleService, class com.almasb.fxgl.profile.SaveLoadService, class com.almasb.fxgl.ui.FXGLUIFactoryServiceProvider, class com.almasb.fxgl.ui.FXGLDialogFactoryServiceProvider, class com.almasb.fxgl.audio.AudioPlayer, class com.almasb.fxgl.notification.impl.NotificationServiceProvider, class com.almasb.fxgl.achievement.AchievementService, class com.almasb.fxgl.cutscene.CutsceneService, class com.almasb.fxgl.minigames.MiniGameService, class com.almasb.fxgl.net.NetService, class com.almasb.fxgl.app.services.UpdaterService, class com.almasb.fxgl.dev.DevService]
16:10:55.966 [FXGL Background Thread 3 ] DEBUG Engine               - fontGame: Abel-Regular.ttf
16:10:55.966 [FXGL Background Thread 3 ] DEBUG Engine               - fontMono: TerminalLandMono-Regular.otf
16:10:55.966 [FXGL Background Thread 3 ] DEBUG Engine               - fontSizeScaleUI: 1.0
16:10:55.966 [FXGL Background Thread 3 ] DEBUG Engine               - fontText: Courier-Prime.ttf
16:10:55.966 [FXGL Background Thread 3 ] DEBUG Engine               - fontUI: VarelaRound-Regular.ttf
16:10:55.966 [FXGL Background Thread 3 ] DEBUG Engine               - fullScreen: BooleanProperty [value: false]
16:10:55.967 [FXGL Background Thread 3 ] DEBUG Engine               - gameDifficulty: MEDIUM
16:10:55.967 [FXGL Background Thread 3 ] DEBUG Engine               - gameDifficultyProperty: ObjectProperty [value: MEDIUM]
16:10:55.967 [FXGL Background Thread 3 ] DEBUG Engine               - globalMusicVolume: 0.5
16:10:55.967 [FXGL Background Thread 3 ] DEBUG Engine               - globalMusicVolumeProperty: DoubleProperty [value: 0.5]
16:10:55.967 [FXGL Background Thread 3 ] DEBUG Engine               - globalSoundVolume: 0.5
16:10:55.967 [FXGL Background Thread 3 ] DEBUG Engine               - globalSoundVolumeProperty: DoubleProperty [value: 0.5]
16:10:55.967 [FXGL Background Thread 3 ] DEBUG Engine               - height: 720
16:10:55.967 [FXGL Background Thread 3 ] DEBUG Engine               - is3D: false
16:10:55.967 [FXGL Background Thread 3 ] DEBUG Engine               - isAndroid: false
16:10:55.967 [FXGL Background Thread 3 ] DEBUG Engine               - isBrowser: false
16:10:55.967 [FXGL Background Thread 3 ] DEBUG Engine               - isClickFeedbackEnabled: false
16:10:55.967 [FXGL Background Thread 3 ] DEBUG Engine               - isCloseConfirmation: false
16:10:55.967 [FXGL Background Thread 3 ] DEBUG Engine               - isDesktop: true
16:10:55.967 [FXGL Background Thread 3 ] DEBUG Engine               - isDeveloperMenuEnabled: false
16:10:55.967 [FXGL Background Thread 3 ] DEBUG Engine               - isEmbedded: false
16:10:55.967 [FXGL Background Thread 3 ] DEBUG Engine               - isEntityPreloadEnabled: true
16:10:55.967 [FXGL Background Thread 3 ] DEBUG Engine               - isExperimentalTiledLargeMap: false
16:10:55.967 [FXGL Background Thread 3 ] DEBUG Engine               - isFileSystemWriteAllowed: true
16:10:55.967 [FXGL Background Thread 3 ] DEBUG Engine               - isFullScreenAllowed: false
16:10:55.967 [FXGL Background Thread 3 ] DEBUG Engine               - isFullScreenFromStart: false
16:10:55.967 [FXGL Background Thread 3 ] DEBUG Engine               - isGameMenuEnabled: true
16:10:55.967 [FXGL Background Thread 3 ] DEBUG Engine               - isIOS: false
16:10:55.967 [FXGL Background Thread 3 ] DEBUG Engine               - isIntroEnabled: false
16:10:55.967 [FXGL Background Thread 3 ] DEBUG Engine               - isLinux: false
16:10:55.967 [FXGL Background Thread 3 ] DEBUG Engine               - isMac: false
16:10:55.967 [FXGL Background Thread 3 ] DEBUG Engine               - isMainMenuEnabled: false
16:10:55.967 [FXGL Background Thread 3 ] DEBUG Engine               - isManualResizeEnabled: false
16:10:55.967 [FXGL Background Thread 3 ] DEBUG Engine               - isMobile: false
16:10:55.967 [FXGL Background Thread 3 ] DEBUG Engine               - isNative: false
16:10:55.967 [FXGL Background Thread 3 ] DEBUG Engine               - isPauseMusicWhenMinimized: true
16:10:55.967 [FXGL Background Thread 3 ] DEBUG Engine               - isPreserveResizeRatio: false
16:10:55.967 [FXGL Background Thread 3 ] DEBUG Engine               - isProfilingEnabled: false
16:10:55.968 [FXGL Background Thread 3 ] DEBUG Engine               - isScaleAffectedOnResize: true
16:10:55.968 [FXGL Background Thread 3 ] DEBUG Engine               - isSingleStep: false
16:10:55.968 [FXGL Background Thread 3 ] DEBUG Engine               - isUserProfileEnabled: false
16:10:55.968 [FXGL Background Thread 3 ] DEBUG Engine               - isWindows: true
16:10:55.968 [FXGL Background Thread 3 ] DEBUG Engine               - language: ObjectProperty [value: ENGLISH]
16:10:55.968 [FXGL Background Thread 3 ] DEBUG Engine               - menuKey: ESCAPE
16:10:55.968 [FXGL Background Thread 3 ] DEBUG Engine               - mouseSensitivity: 0.2
16:10:55.968 [FXGL Background Thread 3 ] DEBUG Engine               - notificationViewClass: class com.almasb.fxgl.notification.view.XboxNotificationView
16:10:55.968 [FXGL Background Thread 3 ] DEBUG Engine               - pixelsPerMeter: 50.0
16:10:55.968 [FXGL Background Thread 3 ] DEBUG Engine               - platform: WINDOWS
16:10:55.968 [FXGL Background Thread 3 ] DEBUG Engine               - prefHeightProperty: ReadOnlyDoubleProperty [value: 720.0]
16:10:55.968 [FXGL Background Thread 3 ] DEBUG Engine               - prefWidthProperty: ReadOnlyDoubleProperty [value: 1280.0]
16:10:55.968 [FXGL Background Thread 3 ] DEBUG Engine               - profileDir: profiles/
16:10:55.968 [FXGL Background Thread 3 ] DEBUG Engine               - profileName: StringProperty [value: DEFAULT]
16:10:55.968 [FXGL Background Thread 3 ] DEBUG Engine               - randomSeed: -1
16:10:55.968 [FXGL Background Thread 3 ] DEBUG Engine               - runtimeInfo: RuntimeInfo(platform=WINDOWS, version=17.3, build=30.03.2023 11.49)
16:10:55.968 [FXGL Background Thread 3 ] DEBUG Engine               - saveFileExt: sav
16:10:55.968 [FXGL Background Thread 3 ] DEBUG Engine               - scaledHeightProp$fxgl: DoubleProperty [bound, value: 720.0]
16:10:55.968 [FXGL Background Thread 3 ] DEBUG Engine               - scaledWidthProp$fxgl: DoubleProperty [bound, value: 1280.0]
16:10:55.968 [FXGL Background Thread 3 ] DEBUG Engine               - sceneFactory: com.almasb.fxgl.app.scene.SceneFactory@16743442
16:10:55.968 [FXGL Background Thread 3 ] DEBUG Engine               - secondsIn24h: 60
16:10:55.968 [FXGL Background Thread 3 ] DEBUG Engine               - soundMenuBack: menu/back.wav
16:10:55.968 [FXGL Background Thread 3 ] DEBUG Engine               - soundMenuPress: menu/press.wav
16:10:55.968 [FXGL Background Thread 3 ] DEBUG Engine               - soundMenuSelect: menu/select.wav
16:10:55.968 [FXGL Background Thread 3 ] DEBUG Engine               - soundNotification: core/notification.wav
16:10:55.975 [FXGL Background Thread 3 ] DEBUG Engine               - stageStyle: DECORATED
16:10:55.976 [FXGL Background Thread 3 ] DEBUG Engine               - supportedLanguages: [ENGLISH, FRENCH, GERMAN, HUNGARIAN, RUSSIAN]
16:10:55.976 [FXGL Background Thread 3 ] DEBUG Engine               - ticksPerSecond: 120
16:10:55.976 [FXGL Background Thread 3 ] DEBUG Engine               - title: Survivor Game
16:10:55.976 [FXGL Background Thread 3 ] DEBUG Engine               - urlGithub: https://github.com/AlmasB/FXGL
16:10:55.976 [FXGL Background Thread 3 ] DEBUG Engine               - urlLeaderboard: http://fxgl-top.herokuapp.com/
16:10:55.976 [FXGL Background Thread 3 ] DEBUG Engine               - urlPOM: https://raw.githubusercontent.com/AlmasB/FXGL/release/README.md
16:10:55.976 [FXGL Background Thread 3 ] DEBUG Engine               - userAppClass: class com.survivor.main.GameApp
16:10:55.976 [FXGL Background Thread 3 ] DEBUG Engine               - version: 1.0
16:10:55.976 [FXGL Background Thread 3 ] DEBUG Engine               - versionCheckDays: 7
16:10:55.976 [FXGL Background Thread 3 ] DEBUG Engine               - width: 1280
16:10:55.976 [FXGL Background Thread 3 ] DEBUG Engine               - Logging services
16:10:55.976 [FXGL Background Thread 3 ] DEBUG Engine               - class com.almasb.fxgl.app.services.FXGLAssetLoaderService
16:10:55.976 [FXGL Background Thread 3 ] DEBUG Engine               - class com.almasb.fxgl.app.FXGLApplication$GameApplicationService
16:10:55.976 [FXGL Background Thread 3 ] DEBUG Engine               - class com.almasb.fxgl.app.services.FXGLDialogService
16:10:55.976 [FXGL Background Thread 3 ] DEBUG Engine               - class com.almasb.fxgl.app.services.IOTaskExecutorService
16:10:55.976 [FXGL Background Thread 3 ] DEBUG Engine               - class com.almasb.fxgl.io.FileSystemService
16:10:55.976 [FXGL Background Thread 3 ] DEBUG Engine               - class com.almasb.fxgl.localization.LocalizationService
16:10:55.976 [FXGL Background Thread 3 ] DEBUG Engine               - class com.almasb.fxgl.app.services.SystemBundleService
16:10:55.976 [FXGL Background Thread 3 ] DEBUG Engine               - class com.almasb.fxgl.profile.SaveLoadService
16:10:55.976 [FXGL Background Thread 3 ] DEBUG Engine               - class com.almasb.fxgl.ui.FXGLUIFactoryServiceProvider
16:10:55.976 [FXGL Background Thread 3 ] DEBUG Engine               - class com.almasb.fxgl.ui.FXGLDialogFactoryServiceProvider
16:10:55.976 [FXGL Background Thread 3 ] DEBUG Engine               - class com.almasb.fxgl.audio.AudioPlayer
16:10:55.976 [FXGL Background Thread 3 ] DEBUG Engine               - class com.almasb.fxgl.notification.impl.NotificationServiceProvider
16:10:55.976 [FXGL Background Thread 3 ] DEBUG Engine               - class com.almasb.fxgl.achievement.AchievementService
16:10:55.976 [FXGL Background Thread 3 ] DEBUG Engine               - class com.almasb.fxgl.cutscene.CutsceneService
16:10:55.976 [FXGL Background Thread 3 ] DEBUG Engine               - class com.almasb.fxgl.minigames.MiniGameService
16:10:55.976 [FXGL Background Thread 3 ] DEBUG Engine               - class com.almasb.fxgl.net.NetService
16:10:55.976 [FXGL Background Thread 3 ] DEBUG Engine               - class com.almasb.fxgl.app.services.UpdaterService
16:10:55.976 [FXGL Background Thread 3 ] DEBUG Engine               - class com.almasb.fxgl.dev.DevService
16:10:59.849 [JavaFX Application Thread] DEBUG FXGLAssetLoaderServi - Loading from file system: file:/C:/Users/11706/IdeaProjects/survivior-game3/SurvivorGame/target/classes/assets/textures/enemy.png
16:11:26.130 [JavaFX Application Thread] DEBUG LoopRunner           - Stopping loop
16:11:26.132 [JavaFX Application Thread] FATAL FXGLApplication      - Uncaught Exception:
java.lang.IllegalArgumentException: Trigger is already bound: U
	at com.almasb.fxgl.input.Input.addBinding(Input.kt:512)
	at com.almasb.fxgl.input.Input.addAction(Input.kt:507)
	at com.almasb.fxgl.input.Input.addAction$default(Input.kt:504)
	at com.almasb.fxgl.dsl.FXGL$Companion.onKeyDown(FXGL.kt:486)
	at com.almasb.fxgl.dsl.FXGL$Companion.onKeyDown(FXGL.kt:482)
	at com.almasb.fxgl.dsl.FXGL.onKeyDown(FXGL.kt)
	at com.survivor.core.GameSceneManager.startGame(GameSceneManager.java:57)
	at com.survivor.ui.MenuUI.lambda$new$0(MenuUI.java:32)
	at com.survivor.ui.MenuUI.lambda$createCustomButton$2(MenuUI.java:88)
	at javafx.base@20/com.sun.javafx.event.CompositeEventHandler.dispatchBubblingEvent(CompositeEventHandler.java:86)
	at javafx.base@20/com.sun.javafx.event.EventHandlerManager.dispatchBubblingEvent(EventHandlerManager.java:232)
	at javafx.base@20/com.sun.javafx.event.EventHandlerManager.dispatchBubblingEvent(EventHandlerManager.java:189)
	at javafx.base@20/com.sun.javafx.event.CompositeEventDispatcher.dispatchBubblingEvent(CompositeEventDispatcher.java:59)
	at javafx.base@20/com.sun.javafx.event.BasicEventDispatcher.dispatchEvent(BasicEventDispatcher.java:58)
	at javafx.base@20/com.sun.javafx.event.EventDispatchChainImpl.dispatchEvent(EventDispatchChainImpl.java:114)
	at javafx.base@20/com.sun.javafx.event.BasicEventDispatcher.dispatchEvent(BasicEventDispatcher.java:56)
	at javafx.base@20/com.sun.javafx.event.EventDispatchChainImpl.dispatchEvent(EventDispatchChainImpl.java:114)
	at javafx.base@20/com.sun.javafx.event.BasicEventDispatcher.dispatchEvent(BasicEventDispatcher.java:56)
	at javafx.base@20/com.sun.javafx.event.EventDispatchChainImpl.dispatchEvent(EventDispatchChainImpl.java:114)
	at javafx.base@20/com.sun.javafx.event.EventUtil.fireEventImpl(EventUtil.java:74)
	at javafx.base@20/com.sun.javafx.event.EventUtil.fireEvent(EventUtil.java:54)
	at javafx.base@20/javafx.event.Event.fireEvent(Event.java:198)
	at javafx.graphics@20/javafx.scene.Scene$ClickGenerator.postProcess(Scene.java:3684)
	at javafx.graphics@20/javafx.scene.Scene$MouseHandler.process(Scene.java:3989)
	at javafx.graphics@20/javafx.scene.Scene.processMouseEvent(Scene.java:1890)
	at javafx.graphics@20/javafx.scene.Scene$ScenePeerListener.mouseEvent(Scene.java:2704)
	at javafx.graphics@20/com.sun.javafx.tk.quantum.GlassViewEventHandler$MouseEventNotification.run(GlassViewEventHandler.java:411)
	at javafx.graphics@20/com.sun.javafx.tk.quantum.GlassViewEventHandler$MouseEventNotification.run(GlassViewEventHandler.java:301)
	at java.base/java.security.AccessController.doPrivileged(AccessController.java:400)
	at javafx.graphics@20/com.sun.javafx.tk.quantum.GlassViewEventHandler.lambda$handleMouseEvent$2(GlassViewEventHandler.java:450)
	at javafx.graphics@20/com.sun.javafx.tk.quantum.QuantumToolkit.runWithoutRenderLock(QuantumToolkit.java:424)
	at javafx.graphics@20/com.sun.javafx.tk.quantum.GlassViewEventHandler.handleMouseEvent(GlassViewEventHandler.java:449)
	at javafx.graphics@20/com.sun.glass.ui.View.handleMouseEvent(View.java:551)
	at javafx.graphics@20/com.sun.glass.ui.View.notifyMouse(View.java:937)
	at javafx.graphics@20/com.sun.glass.ui.win.WinApplication._runLoop(Native Method)
	at javafx.graphics@20/com.sun.glass.ui.win.WinApplication.lambda$runLoop$3(WinApplication.java:185)
	at java.base/java.lang.Thread.run(Thread.java:1583)

16:11:26.132 [JavaFX Application Thread] FATAL FXGLApplication      - Application will now exit
16:11:26.150 [JavaFX Application Thread] DEBUG PrimaryStageWindow   - Push state: ErrorSubScene
16:11:26.150 [JavaFX Application Thread] DEBUG Input                - Clearing active input actions
16:11:26.152 [JavaFX Application Thread] DEBUG GameApplicationServi - Removing overlay from GameScene and adding to ErrorSubScene
16:11:26.152 [JavaFX Application Thread] DEBUG PrimaryStageWindow   - GameScene -> ErrorSubScene
16:11:44.344 [JavaFX Application Thread] DEBUG FXGLApplication      - Exiting FXGL
16:11:44.345 [JavaFX Application Thread] DEBUG Async                - Shutting down background threads
16:11:44.345 [JavaFX Application Thread] DEBUG PrimaryStageWindow   - Closing main window
16:11:44.394 [JavaFX Application Thread] DEBUG Logger               - Closing Logger
