16:56:00.237 [main                     ] DEBUG Logger               - Configured Logger
16:56:00.253 [main                     ] DEBUG GameApplication      - Logging settings
Title: Enemy Animation Test
Version: 0.0
Width: 800
Height: 600
Fullscreen: false
Intro: false
Profiling: false
Single step:false
App Mode: DEVELOPER
Menu Key: ESCAPE
Stage Style: DECORATED
Scene Factory: class com.almasb.fxgl.app.scene.SceneFactory

16:56:00.661 [JavaFX Application Thread] DEBUG FXGLApplication      - Initializing FXGL
16:56:00.663 [JavaFX Application Thread] INFO  Engine               - FXGL-17.3 (30.03.2023 11.49) on WINDOWS (J:21.0.5 FX:17)
16:56:00.664 [JavaFX Application Thread] DEBUG Engine               - JRE Vendor Name: Oracle Corporation
16:56:00.664 [JavaFX Application Thread] DEBUG Engine               - Running on OS: Windows 11 version 10.0
16:56:00.664 [JavaFX Application Thread] DEBUG Engine               - Architecture: amd64
16:56:00.664 [JavaFX Application Thread] INFO  Engine               - Source code and latest versions at: https://github.com/AlmasB/FXGL
16:56:00.664 [JavaFX Application Thread] INFO  Engine               -       Ask questions and discuss at: https://github.com/AlmasB/FXGL/discussions
16:56:00.664 [JavaFX Application Thread] INFO  Engine               -              Join the FXGL chat at: https://gitter.im/AlmasB/FXGL
16:56:00.741 [JavaFX Application Thread] DEBUG PrimaryStageWindow   - Creating a JavaFX scene
16:56:00.775 [JavaFX Application Thread] DEBUG PrimaryStageWindow   - Target settings size: 800.0 x 600.0
16:56:00.775 [JavaFX Application Thread] DEBUG PrimaryStageWindow   - Scaled scene size:    800.0 x 600.0
16:56:00.775 [JavaFX Application Thread] DEBUG PrimaryStageWindow   - Scaled ratio: (1.0, 1.0)
16:56:00.776 [JavaFX Application Thread] DEBUG PrimaryStageWindow   - Set initial scene to FXGLStartupScene
16:56:00.782 [JavaFX Application Thread] DEBUG PrimaryStageWindow   - Opening main window
16:56:00.852 [JavaFX Application Thread] DEBUG PrimaryStageWindow   - Window border size: (14.66668701171875, 37.33331298828125)
16:56:00.853 [JavaFX Application Thread] DEBUG PrimaryStageWindow   - Scaled size: 800.0 x 600.0
16:56:00.853 [JavaFX Application Thread] DEBUG PrimaryStageWindow   - Scaled ratio: (1.0, 1.0)
16:56:00.854 [JavaFX Application Thread] DEBUG PrimaryStageWindow   - Scene size: 800.0 x 600.0
16:56:00.854 [JavaFX Application Thread] DEBUG PrimaryStageWindow   - Stage size: 814.6666870117188 x 637.3333129882812
16:56:00.859 [FXGL Background Thread 1 ] DEBUG Engine               - Initializing environment variables
16:56:00.900 [FXGL Background Thread 1 ] DEBUG FXGLAssetLoaderServi - User app class for loading assets: class com.survivor.main.EnemyAnimationTest
16:56:00.900 [FXGL Background Thread 1 ] DEBUG GameApplicationServi - Applying CSS: fxgl_dark.css
16:56:00.901 [FXGL Background Thread 1 ] DEBUG FXGLAssetLoaderServi - Loading from file system: jar:file:/C:/Users/%e6%b6%82/.m2/repository/com/github/almasb/fxgl/17.3/fxgl-17.3.jar!/fxglassets/ui/css/fxgl_dark.css
16:56:00.931 [FXGL Background Thread 1 ] DEBUG GameApplicationServi - Initializing application scenes
16:56:00.978 [FXGL Background Thread 1 ] DEBUG GameWorld            - Game world initialized
16:56:01.014 [FXGL Background Thread 1 ] DEBUG PhysicsWorld         - Physics world initialized: appHeight=600, physics.ppm=50.0
16:56:01.015 [FXGL Background Thread 1 ] DEBUG PhysicsWorld         - Using strategy: BRUTE_FORCE
16:56:01.018 [FXGL Background Thread 1 ] DEBUG GameScene            - Game scene initialized: 800x600
16:56:01.027 [FXGL Background Thread 1 ] DEBUG FXGL.DefaultMenu     - createMenuBodyGameMenu()
16:56:01.039 [FXGL Background Thread 1 ] DEBUG FXGL.DefaultMenu     - createOptionsMenu()
16:56:01.046 [FXGL Background Thread 1 ] DEBUG FXGLAssetLoaderServi - Loading from file system: jar:file:/C:/Users/%e6%b6%82/.m2/repository/com/github/almasb/fxgl/17.3/fxgl-17.3.jar!/fxglassets/textures/particles/smoke.png
16:56:01.125 [FXGL Background Thread 1 ] DEBUG FXGLAssetLoaderServi - Loading from file system: jar:file:/C:/Users/%e6%b6%82/.m2/repository/com/github/almasb/fxgl/17.3/fxgl-17.3.jar!/fxglassets/textures/particles/trace_horizontal.png
16:56:01.143 [FXGL Background Thread 1 ] DEBUG GameApplicationServi - Application scenes initialized
16:56:01.154 [FXGL Background Thread 1 ] DEBUG SystemBundleService  - Loading FXGL system data
16:56:01.156 [FXGL Background Thread 1 ] DEBUG FileSystemAccess     - Reading from: D:\code\survivior-game-tqw\system\fxgl.bundle
16:56:01.162 [FXGL Background Thread 1 ] DEBUG SystemBundleService  - Bundle FXGL: {}
16:56:01.163 [FXGL Background Thread 1 ] DEBUG UpdaterService       - Checking for updates
16:56:01.186 [FXGL Background Thread 4 ] DEBUG FXGLApplication      - Loading fonts
16:56:01.187 [FXGL Background Thread 4 ] DEBUG FXGLAssetLoaderServi - Loading from file system: jar:file:/C:/Users/%e6%b6%82/.m2/repository/com/github/almasb/fxgl/17.3/fxgl-17.3.jar!/fxglassets/ui/fonts/VarelaRound-Regular.ttf
16:56:01.187 [FXGL Background Thread 1 ] DEBUG FXGLApplication      - Loading default localization
16:56:01.187 [FXGL Background Thread 1 ] DEBUG FXGLAssetLoaderServi - Loading from file system: jar:file:/C:/Users/%e6%b6%82/.m2/repository/com/github/almasb/fxgl/17.3/fxgl-17.3.jar!/fxglassets/languages/english.lang
16:56:01.203 [FXGL Background Thread 1 ] INFO  FXGLApplication      - FXGL initialization took: 0.344 sec
16:56:01.211 [JavaFX Application Thread] DEBUG Input                - Registered new binding: Move Up - Up
16:56:01.211 [JavaFX Application Thread] DEBUG Input                - Registered new binding: Move Down - Down
16:56:01.211 [JavaFX Application Thread] DEBUG Input                - Registered new binding: Move Left - Left
16:56:01.211 [FXGL Background Thread 4 ] DEBUG FXGLAssetLoaderServi - Loading from file system: jar:file:/C:/Users/%e6%b6%82/.m2/repository/com/github/almasb/fxgl/17.3/fxgl-17.3.jar!/fxglassets/ui/fonts/Abel-Regular.ttf
16:56:01.212 [JavaFX Application Thread] DEBUG Input                - Registered new binding: Move Right - Right
16:56:01.213 [JavaFX Application Thread] DEBUG Input                - Registered new binding: Play Attack Animation - LMB
16:56:01.213 [JavaFX Application Thread] DEBUG Input                - Registered new binding: Play Hit Effect - RMB
16:56:01.213 [JavaFX Application Thread] DEBUG Input                - Registered new binding: Reset Enemy - R
16:56:01.213 [JavaFX Application Thread] DEBUG Input                - Registered new binding: Play Death Animation - K
16:56:01.214 [JavaFX Application Thread] DEBUG FXGLAssetLoaderServi - Loading from file system: jar:file:/C:/Users/%e6%b6%82/.m2/repository/com/github/almasb/fxgl/17.3/fxgl-17.3.jar!/fxglassets/textures/fxgl_icon.png
16:56:01.214 [FXGL Background Thread 4 ] DEBUG FXGLAssetLoaderServi - Loading from file system: jar:file:/C:/Users/%e6%b6%82/.m2/repository/com/github/almasb/fxgl/17.3/fxgl-17.3.jar!/fxglassets/ui/fonts/TerminalLandMono-Regular.otf
16:56:01.218 [FXGL Background Thread 4 ] DEBUG FXGLAssetLoaderServi - Loading from file system: jar:file:/C:/Users/%e6%b6%82/.m2/repository/com/github/almasb/fxgl/17.3/fxgl-17.3.jar!/fxglassets/ui/fonts/Courier-Prime.ttf
16:56:01.233 [JavaFX Application Thread] DEBUG FXGLAssetLoaderServi - Loading from file system: jar:file:/C:/Users/%e6%b6%82/.m2/repository/com/github/almasb/fxgl/17.3/fxgl-17.3.jar!/fxglassets/textures/fxgl_default_cursor.png
16:56:01.235 [JavaFX Application Thread] DEBUG Input                - Registered new binding: Screenshot - CTRL+8
16:56:01.236 [JavaFX Application Thread] DEBUG Input                - Registered new binding: Dev Options - 1
16:56:01.236 [JavaFX Application Thread] DEBUG Input                - Registered new binding: Dev Console - 2
16:56:01.237 [JavaFX Application Thread] DEBUG Input                - Registered new binding: System info dump - CTRL+9
16:56:01.237 [JavaFX Application Thread] DEBUG Input                - Registered new binding: Restart - CTRL+R
16:56:01.239 [JavaFX Application Thread] DEBUG Input                - Registered new binding: Toggle Debug Camera - CTRL+7
16:56:01.244 [JavaFX Application Thread] DEBUG LoopRunner           - Starting loop
16:56:01.268 [JavaFX Application Thread] DEBUG LoopRunner           - Initializing JavaFX AnimationTimerLoop
16:56:01.271 [JavaFX Application Thread] DEBUG GameApplicationServi - Starting new game
16:56:01.271 [JavaFX Application Thread] DEBUG Input                - Clearing active input actions
16:56:01.286 [JavaFX Application Thread] DEBUG GameApplicationServi - Removing overlay from FXGLStartupScene and adding to FXGLLoadingScene
16:56:01.289 [JavaFX Application Thread] DEBUG PrimaryStageWindow   - FXGLStartupScene -> FXGLLoadingScene
16:56:01.290 [JavaFX Application Thread] DEBUG GameApplicationServi - Clearing previous game
16:56:01.290 [JavaFX Application Thread] DEBUG GameScene            - Clearing game scene
16:56:01.290 [JavaFX Application Thread] DEBUG GameWorld            - Clearing game world
16:56:01.290 [JavaFX Application Thread] DEBUG PhysicsWorld         - Clearing physics world
16:56:01.291 [FXGL Background Thread 4 ] DEBUG FXGLApplication      - Initializing game
16:56:01.291 [JavaFX Application Thread] DEBUG FXGLApplication      - Registering font factories with UI factory
16:56:01.295 [FXGL Background Thread 4 ] DEBUG FXGLAssetLoaderServi - Loading from file system: file:/D:/code/survivior-game-tqw/survivior-game-tqw/survivior-game-main/SurvivorGame/target/classes/assets/textures/role.png
16:56:01.306 [FXGL Background Thread 4 ] DEBUG FXGLAssetLoaderServi - Loading from file system: file:/D:/code/survivior-game-tqw/survivior-game-tqw/survivior-game-main/SurvivorGame/target/classes/assets/textures/monster/normal/Orc_Idle.png
16:56:01.311 [FXGL Background Thread 4 ] DEBUG FXGLAssetLoaderServi - Loading from file system: file:/D:/code/survivior-game-tqw/survivior-game-tqw/survivior-game-main/SurvivorGame/target/classes/assets/textures/monster/normal/Orc_Walk.png
16:56:01.313 [FXGL Background Thread 4 ] DEBUG FXGLAssetLoaderServi - Loading from file system: file:/D:/code/survivior-game-tqw/survivior-game-tqw/survivior-game-main/SurvivorGame/target/classes/assets/textures/monster/normal/Orc_Attack.png
16:56:01.315 [FXGL Background Thread 4 ] DEBUG FXGLAssetLoaderServi - Loading from file system: file:/D:/code/survivior-game-tqw/survivior-game-tqw/survivior-game-main/SurvivorGame/target/classes/assets/textures/monster/normal/Orc_Death.png
16:56:01.316 [FXGL Background Thread 4 ] DEBUG FXGLAssetLoaderServi - Loading from file system: file:/D:/code/survivior-game-tqw/survivior-game-tqw/survivior-game-main/SurvivorGame/target/classes/assets/textures/monster/normal/Orc_Hit.png
16:56:01.336 [FXGL Background Thread 4 ] INFO  FXGLApplication      - Game initialization took: 0.045 sec
16:56:01.434 [FXGL Background Thread 2 ] WARN  UpdaterService       - Failed to find updates: javax.net.ssl.SSLHandshakeException: PKIX path building failed: sun.security.provider.certpath.SunCertPathBuilderException: unable to find valid certification path to requested target
16:56:01.450 [JavaFX Application Thread] DEBUG Input                - Clearing active input actions
16:56:01.455 [JavaFX Application Thread] DEBUG GameApplicationServi - Removing overlay from FXGLLoadingScene and adding to GameScene
16:56:01.457 [JavaFX Application Thread] DEBUG PrimaryStageWindow   - FXGLLoadingScene -> GameScene
16:56:04.186 [FXGL Background Thread 3 ] DEBUG Engine               - Logging environment variables
16:56:04.187 [FXGL Background Thread 3 ] DEBUG Engine               - achievements: []
16:56:04.188 [FXGL Background Thread 3 ] DEBUG Engine               - actualHeight: 600.0
16:56:04.188 [FXGL Background Thread 3 ] DEBUG Engine               - actualHeightProperty: ReadOnlyDoubleProperty [value: 600.0]
16:56:04.189 [FXGL Background Thread 3 ] DEBUG Engine               - actualWidth: 800.0
16:56:04.189 [FXGL Background Thread 3 ] DEBUG Engine               - actualWidthProperty: ReadOnlyDoubleProperty [value: 800.0]
16:56:04.189 [FXGL Background Thread 3 ] DEBUG Engine               - appIcon: fxgl_icon.png
16:56:04.189 [FXGL Background Thread 3 ] DEBUG Engine               - applicationMode: DEVELOPER
16:56:04.190 [FXGL Background Thread 3 ] DEBUG Engine               - cSSList: [fxgl_dark.css]
16:56:04.190 [FXGL Background Thread 3 ] DEBUG Engine               - collisionDetectionStrategy: BRUTE_FORCE
16:56:04.190 [FXGL Background Thread 3 ] DEBUG Engine               - configClass: Optional.empty
16:56:04.190 [FXGL Background Thread 3 ] DEBUG Engine               - credits: []
16:56:04.190 [FXGL Background Thread 3 ] DEBUG Engine               - defaultCursor: CursorInfo(imageName=fxgl_default_cursor.png, hotspotX=7.0, hotspotY=6.0)
16:56:04.191 [FXGL Background Thread 3 ] DEBUG Engine               - devBBoxColorProperty: ObjectProperty [value: 0xff0000ff]
16:56:04.191 [FXGL Background Thread 3 ] DEBUG Engine               - devEnableDebugCameraProperty: BooleanProperty [value: false]
16:56:04.191 [FXGL Background Thread 3 ] DEBUG Engine               - devSensorColorProperty: ObjectProperty [value: 0xffff00ff]
16:56:04.191 [FXGL Background Thread 3 ] DEBUG Engine               - devShowBBoxProperty: BooleanProperty [value: false]
16:56:04.191 [FXGL Background Thread 3 ] DEBUG Engine               - devShowPositionProperty: BooleanProperty [value: false]
16:56:04.192 [FXGL Background Thread 3 ] DEBUG Engine               - enabledMenuItems: []
16:56:04.192 [FXGL Background Thread 3 ] DEBUG Engine               - engineServices: [class com.almasb.fxgl.app.services.FXGLAssetLoaderService, class com.almasb.fxgl.app.FXGLApplication$GameApplicationService, class com.almasb.fxgl.app.services.FXGLDialogService, class com.almasb.fxgl.app.services.IOTaskExecutorService, class com.almasb.fxgl.io.FileSystemService, class com.almasb.fxgl.localization.LocalizationService, class com.almasb.fxgl.app.services.SystemBundleService, class com.almasb.fxgl.profile.SaveLoadService, class com.almasb.fxgl.ui.FXGLUIFactoryServiceProvider, class com.almasb.fxgl.ui.FXGLDialogFactoryServiceProvider, class com.almasb.fxgl.audio.AudioPlayer, class com.almasb.fxgl.notification.impl.NotificationServiceProvider, class com.almasb.fxgl.achievement.AchievementService, class com.almasb.fxgl.cutscene.CutsceneService, class com.almasb.fxgl.minigames.MiniGameService, class com.almasb.fxgl.net.NetService, class com.almasb.fxgl.app.services.UpdaterService, class com.almasb.fxgl.dev.DevService]
16:56:04.192 [FXGL Background Thread 3 ] DEBUG Engine               - fontGame: Abel-Regular.ttf
16:56:04.192 [FXGL Background Thread 3 ] DEBUG Engine               - fontMono: TerminalLandMono-Regular.otf
16:56:04.192 [FXGL Background Thread 3 ] DEBUG Engine               - fontSizeScaleUI: 1.0
16:56:04.192 [FXGL Background Thread 3 ] DEBUG Engine               - fontText: Courier-Prime.ttf
16:56:04.192 [FXGL Background Thread 3 ] DEBUG Engine               - fontUI: VarelaRound-Regular.ttf
16:56:04.192 [FXGL Background Thread 3 ] DEBUG Engine               - fullScreen: BooleanProperty [value: false]
16:56:04.193 [FXGL Background Thread 3 ] DEBUG Engine               - gameDifficulty: MEDIUM
16:56:04.193 [FXGL Background Thread 3 ] DEBUG Engine               - gameDifficultyProperty: ObjectProperty [value: MEDIUM]
16:56:04.193 [FXGL Background Thread 3 ] DEBUG Engine               - globalMusicVolume: 0.5
16:56:04.193 [FXGL Background Thread 3 ] DEBUG Engine               - globalMusicVolumeProperty: DoubleProperty [value: 0.5]
16:56:04.193 [FXGL Background Thread 3 ] DEBUG Engine               - globalSoundVolume: 0.5
16:56:04.193 [FXGL Background Thread 3 ] DEBUG Engine               - globalSoundVolumeProperty: DoubleProperty [value: 0.5]
16:56:04.193 [FXGL Background Thread 3 ] DEBUG Engine               - height: 600
16:56:04.193 [FXGL Background Thread 3 ] DEBUG Engine               - is3D: false
16:56:04.193 [FXGL Background Thread 3 ] DEBUG Engine               - isAndroid: false
16:56:04.194 [FXGL Background Thread 3 ] DEBUG Engine               - isBrowser: false
16:56:04.194 [FXGL Background Thread 3 ] DEBUG Engine               - isClickFeedbackEnabled: false
16:56:04.194 [FXGL Background Thread 3 ] DEBUG Engine               - isCloseConfirmation: false
16:56:04.194 [FXGL Background Thread 3 ] DEBUG Engine               - isDesktop: true
16:56:04.194 [FXGL Background Thread 3 ] DEBUG Engine               - isDeveloperMenuEnabled: true
16:56:04.195 [FXGL Background Thread 3 ] DEBUG Engine               - isEmbedded: false
16:56:04.195 [FXGL Background Thread 3 ] DEBUG Engine               - isEntityPreloadEnabled: true
16:56:04.195 [FXGL Background Thread 3 ] DEBUG Engine               - isExperimentalTiledLargeMap: false
16:56:04.195 [FXGL Background Thread 3 ] DEBUG Engine               - isFileSystemWriteAllowed: true
16:56:04.195 [FXGL Background Thread 3 ] DEBUG Engine               - isFullScreenAllowed: false
16:56:04.195 [FXGL Background Thread 3 ] DEBUG Engine               - isFullScreenFromStart: false
16:56:04.195 [FXGL Background Thread 3 ] DEBUG Engine               - isGameMenuEnabled: true
16:56:04.195 [FXGL Background Thread 3 ] DEBUG Engine               - isIOS: false
16:56:04.195 [FXGL Background Thread 3 ] DEBUG Engine               - isIntroEnabled: false
16:56:04.195 [FXGL Background Thread 3 ] DEBUG Engine               - isLinux: false
16:56:04.195 [FXGL Background Thread 3 ] DEBUG Engine               - isMac: false
16:56:04.195 [FXGL Background Thread 3 ] DEBUG Engine               - isMainMenuEnabled: false
16:56:04.195 [FXGL Background Thread 3 ] DEBUG Engine               - isManualResizeEnabled: false
16:56:04.195 [FXGL Background Thread 3 ] DEBUG Engine               - isMobile: false
16:56:04.195 [FXGL Background Thread 3 ] DEBUG Engine               - isNative: false
16:56:04.195 [FXGL Background Thread 3 ] DEBUG Engine               - isPauseMusicWhenMinimized: true
16:56:04.195 [FXGL Background Thread 3 ] DEBUG Engine               - isPreserveResizeRatio: false
16:56:04.195 [FXGL Background Thread 3 ] DEBUG Engine               - isProfilingEnabled: false
16:56:04.195 [FXGL Background Thread 3 ] DEBUG Engine               - isScaleAffectedOnResize: true
16:56:04.195 [FXGL Background Thread 3 ] DEBUG Engine               - isSingleStep: false
16:56:04.195 [FXGL Background Thread 3 ] DEBUG Engine               - isUserProfileEnabled: false
16:56:04.195 [FXGL Background Thread 3 ] DEBUG Engine               - isWindows: true
16:56:04.195 [FXGL Background Thread 3 ] DEBUG Engine               - language: ObjectProperty [value: ENGLISH]
16:56:04.195 [FXGL Background Thread 3 ] DEBUG Engine               - menuKey: ESCAPE
16:56:04.196 [FXGL Background Thread 3 ] DEBUG Engine               - mouseSensitivity: 0.2
16:56:04.196 [FXGL Background Thread 3 ] DEBUG Engine               - notificationViewClass: class com.almasb.fxgl.notification.view.XboxNotificationView
16:56:04.196 [FXGL Background Thread 3 ] DEBUG Engine               - pixelsPerMeter: 50.0
16:56:04.196 [FXGL Background Thread 3 ] DEBUG Engine               - platform: WINDOWS
16:56:04.196 [FXGL Background Thread 3 ] DEBUG Engine               - prefHeightProperty: ReadOnlyDoubleProperty [value: 600.0]
16:56:04.196 [FXGL Background Thread 3 ] DEBUG Engine               - prefWidthProperty: ReadOnlyDoubleProperty [value: 800.0]
16:56:04.196 [FXGL Background Thread 3 ] DEBUG Engine               - profileDir: profiles/
16:56:04.196 [FXGL Background Thread 3 ] DEBUG Engine               - profileName: StringProperty [value: DEFAULT]
16:56:04.196 [FXGL Background Thread 3 ] DEBUG Engine               - randomSeed: -1
16:56:04.196 [FXGL Background Thread 3 ] DEBUG Engine               - runtimeInfo: RuntimeInfo(platform=WINDOWS, version=17.3, build=30.03.2023 11.49)
16:56:04.196 [FXGL Background Thread 3 ] DEBUG Engine               - saveFileExt: sav
16:56:04.197 [FXGL Background Thread 3 ] DEBUG Engine               - scaledHeightProp$fxgl: DoubleProperty [bound, value: 600.0]
16:56:04.197 [FXGL Background Thread 3 ] DEBUG Engine               - scaledWidthProp$fxgl: DoubleProperty [bound, value: 800.0]
16:56:04.197 [FXGL Background Thread 3 ] DEBUG Engine               - sceneFactory: com.almasb.fxgl.app.scene.SceneFactory@e3255ce
16:56:04.197 [FXGL Background Thread 3 ] DEBUG Engine               - secondsIn24h: 60
16:56:04.197 [FXGL Background Thread 3 ] DEBUG Engine               - soundMenuBack: menu/back.wav
16:56:04.197 [FXGL Background Thread 3 ] DEBUG Engine               - soundMenuPress: menu/press.wav
16:56:04.197 [FXGL Background Thread 3 ] DEBUG Engine               - soundMenuSelect: menu/select.wav
16:56:04.197 [FXGL Background Thread 3 ] DEBUG Engine               - soundNotification: core/notification.wav
16:56:04.197 [FXGL Background Thread 3 ] DEBUG Engine               - stageStyle: DECORATED
16:56:04.197 [FXGL Background Thread 3 ] DEBUG Engine               - supportedLanguages: [ENGLISH, FRENCH, GERMAN, HUNGARIAN, RUSSIAN]
16:56:04.197 [FXGL Background Thread 3 ] DEBUG Engine               - ticksPerSecond: -1
16:56:04.197 [FXGL Background Thread 3 ] DEBUG Engine               - title: Enemy Animation Test
16:56:04.197 [FXGL Background Thread 3 ] DEBUG Engine               - urlGithub: https://github.com/AlmasB/FXGL
16:56:04.197 [FXGL Background Thread 3 ] DEBUG Engine               - urlLeaderboard: http://fxgl-top.herokuapp.com/
16:56:04.197 [FXGL Background Thread 3 ] DEBUG Engine               - urlPOM: https://raw.githubusercontent.com/AlmasB/FXGL/release/README.md
16:56:04.197 [FXGL Background Thread 3 ] DEBUG Engine               - userAppClass: class com.survivor.main.EnemyAnimationTest
16:56:04.197 [FXGL Background Thread 3 ] DEBUG Engine               - version: 0.0
16:56:04.197 [FXGL Background Thread 3 ] DEBUG Engine               - versionCheckDays: 7
16:56:04.197 [FXGL Background Thread 3 ] DEBUG Engine               - width: 800
16:56:04.197 [FXGL Background Thread 3 ] DEBUG Engine               - Logging services
16:56:04.197 [FXGL Background Thread 3 ] DEBUG Engine               - class com.almasb.fxgl.app.services.FXGLAssetLoaderService
16:56:04.197 [FXGL Background Thread 3 ] DEBUG Engine               - class com.almasb.fxgl.app.FXGLApplication$GameApplicationService
16:56:04.197 [FXGL Background Thread 3 ] DEBUG Engine               - class com.almasb.fxgl.app.services.FXGLDialogService
16:56:04.197 [FXGL Background Thread 3 ] DEBUG Engine               - class com.almasb.fxgl.app.services.IOTaskExecutorService
16:56:04.197 [FXGL Background Thread 3 ] DEBUG Engine               - class com.almasb.fxgl.io.FileSystemService
16:56:04.197 [FXGL Background Thread 3 ] DEBUG Engine               - class com.almasb.fxgl.localization.LocalizationService
16:56:04.197 [FXGL Background Thread 3 ] DEBUG Engine               - class com.almasb.fxgl.app.services.SystemBundleService
16:56:04.197 [FXGL Background Thread 3 ] DEBUG Engine               - class com.almasb.fxgl.profile.SaveLoadService
16:56:04.197 [FXGL Background Thread 3 ] DEBUG Engine               - class com.almasb.fxgl.ui.FXGLUIFactoryServiceProvider
16:56:04.197 [FXGL Background Thread 3 ] DEBUG Engine               - class com.almasb.fxgl.ui.FXGLDialogFactoryServiceProvider
16:56:04.198 [FXGL Background Thread 3 ] DEBUG Engine               - class com.almasb.fxgl.audio.AudioPlayer
16:56:04.198 [FXGL Background Thread 3 ] DEBUG Engine               - class com.almasb.fxgl.notification.impl.NotificationServiceProvider
16:56:04.198 [FXGL Background Thread 3 ] DEBUG Engine               - class com.almasb.fxgl.achievement.AchievementService
16:56:04.198 [FXGL Background Thread 3 ] DEBUG Engine               - class com.almasb.fxgl.cutscene.CutsceneService
16:56:04.198 [FXGL Background Thread 3 ] DEBUG Engine               - class com.almasb.fxgl.minigames.MiniGameService
16:56:04.198 [FXGL Background Thread 3 ] DEBUG Engine               - class com.almasb.fxgl.net.NetService
16:56:04.198 [FXGL Background Thread 3 ] DEBUG Engine               - class com.almasb.fxgl.app.services.UpdaterService
16:56:04.198 [FXGL Background Thread 3 ] DEBUG Engine               - class com.almasb.fxgl.dev.DevService
16:56:09.746 [JavaFX Application Thread] DEBUG FXGLApplication      - Exiting FXGL
16:56:09.746 [JavaFX Application Thread] DEBUG LoopRunner           - Stopping loop
16:56:09.746 [JavaFX Application Thread] DEBUG SystemBundleService  - Saving FXGL system data
16:56:09.749 [JavaFX Application Thread] DEBUG FileSystemAccess     - Writing to: D:\code\survivior-game-tqw\system\fxgl.bundle
16:56:09.751 [JavaFX Application Thread] DEBUG Async                - Shutting down background threads
16:56:09.752 [JavaFX Application Thread] DEBUG PrimaryStageWindow   - Closing main window
16:56:09.772 [JavaFX Application Thread] DEBUG Logger               - Closing Logger
