11:00:12.984 [main                     ] DEBUG Logger               - Configured Logger
11:00:13.007 [main                     ] DEBUG GameApplication      - Logging settings
Title: Survivor Game
Version: 1.0
Width: 1280
Height: 720
Fullscreen: false
Intro: false
Profiling: false
Single step:false
App Mode: DEVELOPER
Menu Key: ESCAPE
Stage Style: DECORATED
Scene Factory: class com.almasb.fxgl.app.scene.SceneFactory

11:00:13.498 [JavaFX Application Thread] DEBUG FXGLApplication      - Initializing FXGL
11:00:13.501 [JavaFX Application Thread] INFO  Engine               - FXGL-17.3 (30.03.2023 11.49) on WINDOWS (J:23.0.1 FX:20)
11:00:13.501 [JavaFX Application Thread] DEBUG Engine               - JRE Vendor Name: Oracle Corporation
11:00:13.501 [JavaFX Application Thread] DEBUG Engine               - Running on OS: Windows 11 version 10.0
11:00:13.501 [JavaFX Application Thread] DEBUG Engine               - Architecture: amd64
11:00:13.501 [JavaFX Application Thread] INFO  Engine               - Source code and latest versions at: https://github.com/AlmasB/FXGL
11:00:13.501 [JavaFX Application Thread] INFO  Engine               -       Ask questions and discuss at: https://github.com/AlmasB/FXGL/discussions
11:00:13.501 [JavaFX Application Thread] INFO  Engine               -              Join the FXGL chat at: https://gitter.im/AlmasB/FXGL
11:00:13.596 [JavaFX Application Thread] DEBUG PrimaryStageWindow   - Creating a JavaFX scene
11:00:13.642 [JavaFX Application Thread] DEBUG PrimaryStageWindow   - Target settings size: 1280.0 x 720.0
11:00:13.642 [JavaFX Application Thread] DEBUG PrimaryStageWindow   - Scaled scene size:    1280.0 x 720.0
11:00:13.642 [JavaFX Application Thread] DEBUG PrimaryStageWindow   - Scaled ratio: (1.0, 1.0)
11:00:13.643 [JavaFX Application Thread] DEBUG PrimaryStageWindow   - Set initial scene to FXGLStartupScene
11:00:13.646 [JavaFX Application Thread] DEBUG PrimaryStageWindow   - Opening main window
11:00:13.740 [JavaFX Application Thread] DEBUG PrimaryStageWindow   - Window border size: (14.6666259765625, 37.33331298828125)
11:00:13.740 [JavaFX Application Thread] DEBUG PrimaryStageWindow   - Scaled size: 1280.0 x 720.0
11:00:13.741 [JavaFX Application Thread] DEBUG PrimaryStageWindow   - Scaled ratio: (1.0, 1.0)
11:00:13.741 [JavaFX Application Thread] DEBUG PrimaryStageWindow   - Scene size: 1280.0 x 720.0
11:00:13.741 [JavaFX Application Thread] DEBUG PrimaryStageWindow   - Stage size: 1294.6666259765625 x 757.3333129882812
11:00:13.747 [FXGL Background Thread 1 ] DEBUG Engine               - Initializing environment variables
11:00:13.792 [FXGL Background Thread 1 ] DEBUG FXGLAssetLoaderServi - User app class for loading assets: class com.survivor.main.GameApp
11:00:13.793 [FXGL Background Thread 1 ] DEBUG GameApplicationServi - Applying CSS: fxgl_dark.css
11:00:13.794 [FXGL Background Thread 1 ] DEBUG FXGLAssetLoaderServi - Loading from file system: jar:file:/C:/Users/11706/.m2/repository/com/github/almasb/fxgl/17.3/fxgl-17.3.jar!/fxglassets/ui/css/fxgl_dark.css
11:00:13.833 [FXGL Background Thread 1 ] DEBUG GameApplicationServi - Initializing application scenes
11:00:13.927 [FXGL Background Thread 1 ] DEBUG GameWorld            - Game world initialized
11:00:14.003 [FXGL Background Thread 1 ] DEBUG PhysicsWorld         - Physics world initialized: appHeight=720, physics.ppm=50.0
11:00:14.004 [FXGL Background Thread 1 ] DEBUG PhysicsWorld         - Using strategy: BRUTE_FORCE
11:00:14.007 [FXGL Background Thread 1 ] DEBUG GameScene            - Game scene initialized: 1280x720
11:00:14.019 [FXGL Background Thread 1 ] DEBUG FXGL.DefaultMenu     - createMenuBodyGameMenu()
11:00:14.033 [FXGL Background Thread 1 ] DEBUG FXGL.DefaultMenu     - createOptionsMenu()
11:00:14.045 [FXGL Background Thread 1 ] DEBUG FXGLAssetLoaderServi - Loading from file system: jar:file:/C:/Users/11706/.m2/repository/com/github/almasb/fxgl/17.3/fxgl-17.3.jar!/fxglassets/textures/particles/smoke.png
11:00:14.182 [FXGL Background Thread 1 ] DEBUG FXGLAssetLoaderServi - Loading from file system: jar:file:/C:/Users/11706/.m2/repository/com/github/almasb/fxgl/17.3/fxgl-17.3.jar!/fxglassets/textures/particles/trace_horizontal.png
11:00:14.209 [FXGL Background Thread 1 ] DEBUG GameApplicationServi - Application scenes initialized
11:00:14.224 [FXGL Background Thread 1 ] DEBUG SystemBundleService  - Loading FXGL system data
11:00:14.226 [FXGL Background Thread 1 ] DEBUG FileSystemAccess     - Reading from: C:\Users\11706\IdeaProjects\survivior-game3\system\fxgl.bundle
11:00:14.228 [FXGL Background Thread 1 ] DEBUG SystemBundleService  - Bundle FXGL: {}
11:00:14.228 [FXGL Background Thread 1 ] DEBUG UpdaterService       - Checking for updates
11:00:14.231 [FXGL Background Thread 4 ] DEBUG FXGLApplication      - Loading fonts
11:00:14.232 [FXGL Background Thread 4 ] DEBUG FXGLAssetLoaderServi - Loading from file system: jar:file:/C:/Users/11706/.m2/repository/com/github/almasb/fxgl/17.3/fxgl-17.3.jar!/fxglassets/ui/fonts/VarelaRound-Regular.ttf
11:00:14.232 [FXGL Background Thread 1 ] DEBUG FXGLApplication      - Loading default localization
11:00:14.233 [FXGL Background Thread 1 ] DEBUG FXGLAssetLoaderServi - Loading from file system: jar:file:/C:/Users/11706/.m2/repository/com/github/almasb/fxgl/17.3/fxgl-17.3.jar!/fxglassets/languages/english.lang
11:00:14.250 [FXGL Background Thread 4 ] DEBUG FXGLAssetLoaderServi - Loading from file system: jar:file:/C:/Users/11706/.m2/repository/com/github/almasb/fxgl/17.3/fxgl-17.3.jar!/fxglassets/ui/fonts/Abel-Regular.ttf
11:00:14.260 [FXGL Background Thread 4 ] DEBUG FXGLAssetLoaderServi - Loading from file system: jar:file:/C:/Users/11706/.m2/repository/com/github/almasb/fxgl/17.3/fxgl-17.3.jar!/fxglassets/ui/fonts/TerminalLandMono-Regular.otf
11:00:14.271 [FXGL Background Thread 4 ] DEBUG FXGLAssetLoaderServi - Loading from file system: jar:file:/C:/Users/11706/.m2/repository/com/github/almasb/fxgl/17.3/fxgl-17.3.jar!/fxglassets/ui/fonts/Courier-Prime.ttf
11:00:14.272 [FXGL Background Thread 1 ] INFO  FXGLApplication      - FXGL initialization took: 0.524 sec
11:00:14.274 [JavaFX Application Thread] DEBUG Input                - Clearing active input actions
11:00:14.293 [JavaFX Application Thread] DEBUG Input                - Registered new binding: Move Up - W
11:00:14.293 [JavaFX Application Thread] DEBUG Input                - Registered new binding: Move Down - S
11:00:14.293 [JavaFX Application Thread] DEBUG Input                - Registered new binding: Move Left - A
11:00:14.294 [JavaFX Application Thread] DEBUG Input                - Registered new binding: Move Right - D
11:00:14.294 [JavaFX Application Thread] DEBUG Input                - Registered new binding: AttackLeft - J
11:00:14.294 [JavaFX Application Thread] DEBUG Input                - Registered new binding: AttackRight - K
11:00:14.294 [JavaFX Application Thread] DEBUG Input                - Registered new binding: Dash - L
11:00:14.295 [JavaFX Application Thread] DEBUG FXGLAssetLoaderServi - Loading from file system: file:/C:/Users/11706/IdeaProjects/survivior-game3/SurvivorGame/target/classes/assets/textures/icon.png
11:00:14.306 [JavaFX Application Thread] DEBUG FXGLAssetLoaderServi - Loading from file system: jar:file:/C:/Users/11706/.m2/repository/com/github/almasb/fxgl/17.3/fxgl-17.3.jar!/fxglassets/textures/fxgl_default_cursor.png
11:00:14.310 [JavaFX Application Thread] DEBUG Input                - Registered new binding: Screenshot - CTRL+8
11:00:14.311 [JavaFX Application Thread] DEBUG Input                - Registered new binding: System info dump - CTRL+9
11:00:14.312 [JavaFX Application Thread] DEBUG Input                - Registered new binding: Restart - CTRL+R
11:00:14.315 [JavaFX Application Thread] DEBUG Input                - Registered new binding: Toggle Debug Camera - CTRL+7
11:00:14.326 [JavaFX Application Thread] DEBUG LoopRunner           - Starting loop
11:00:14.327 [JavaFX Application Thread] DEBUG LoopRunner           - Initializing ScheduledExecutorLoop with fps: 120
11:00:14.332 [JavaFX Application Thread] DEBUG GameApplicationServi - Starting new game
11:00:14.333 [JavaFX Application Thread] DEBUG Input                - Clearing active input actions
11:00:14.350 [JavaFX Application Thread] DEBUG GameApplicationServi - Removing overlay from FXGLStartupScene and adding to FXGLLoadingScene
11:00:14.350 [JavaFX Application Thread] DEBUG PrimaryStageWindow   - FXGLStartupScene -> FXGLLoadingScene
11:00:14.350 [JavaFX Application Thread] DEBUG GameApplicationServi - Clearing previous game
11:00:14.350 [JavaFX Application Thread] DEBUG GameScene            - Clearing game scene
11:00:14.350 [JavaFX Application Thread] DEBUG GameWorld            - Clearing game world
11:00:14.350 [JavaFX Application Thread] DEBUG PhysicsWorld         - Clearing physics world
11:00:14.353 [FXGL Background Thread 4 ] DEBUG FXGLApplication      - Initializing game
11:00:14.375 [JavaFX Application Thread] DEBUG FXGLApplication      - Registering font factories with UI factory
11:00:14.857 [FXGL Background Thread 4 ] WARN  TMXLevelLoader       - TiledMap generated from 1.11.2. Supported version: 1.9.0. Some features may not be parsed fully.
11:00:15.031 [FXGL Background Thread 4 ] DEBUG TMXLevelLoader       - Parsed TiledMap: file:/C:/Users/11706/IdeaProjects/survivior-game3/SurvivorGame/target/classes/assets/levels/Bigdongeonmap.tmx
11:00:15.036 [FXGL Background Thread 4 ] DEBUG TMXLevelLoader       - Creating tile layer entities
11:00:15.045 [FXGL Background Thread 4 ] DEBUG TilesetLoader        - Loading view for layer 图块层 1
11:00:15.095 [FXGL Background Thread 4 ] DEBUG TilesetLoader        - Created buffer with size 9600.0x5600.0
11:00:15.217 [FXGL Background Thread 4 ] DEBUG TilesetLoader        - Loading view for layer 图块层 2
11:00:15.266 [FXGL Background Thread 4 ] DEBUG TilesetLoader        - Created buffer with size 9600.0x5600.0
11:00:15.376 [FXGL Background Thread 4 ] DEBUG TMXLevelLoader       - Creating object layer entities
11:00:15.477 [FXGL Background Thread 4 ] DEBUG GameWorld            - Clearing removable entities
11:00:15.478 [FXGL Background Thread 4 ] DEBUG GameWorld            - Setting level: com.almasb.fxgl.entity.level.Level@6778fb9e
11:00:15.534 [FXGL Background Thread 4 ] DEBUG FXGLAssetLoaderServi - Loading from file system: file:/C:/Users/11706/IdeaProjects/survivior-game3/SurvivorGame/target/classes/assets/textures/Idle.png
11:00:15.540 [FXGL Background Thread 4 ] DEBUG FXGLAssetLoaderServi - Loading from file system: file:/C:/Users/11706/IdeaProjects/survivior-game3/SurvivorGame/target/classes/assets/textures/Run.png
11:00:15.542 [FXGL Background Thread 4 ] DEBUG FXGLAssetLoaderServi - Loading from file system: file:/C:/Users/11706/IdeaProjects/survivior-game3/SurvivorGame/target/classes/assets/textures/Attack3.png
11:00:15.553 [FXGL Background Thread 4 ] INFO  FXGLApplication      - Game initialization took: 1.200 sec
11:00:15.975 [JavaFX Application Thread] DEBUG Input                - Clearing active input actions
11:00:16.013 [JavaFX Application Thread] DEBUG GameApplicationServi - Removing overlay from FXGLLoadingScene and adding to GameScene
11:00:16.013 [FXGL Background Thread 2 ] INFO  UpdaterService       - Your current version:  17.3
11:00:16.013 [JavaFX Application Thread] DEBUG PrimaryStageWindow   - FXGLLoadingScene -> GameScene
11:00:16.013 [FXGL Background Thread 2 ] INFO  UpdaterService       - Latest stable version: 21.1
11:00:17.232 [FXGL Background Thread 3 ] DEBUG Engine               - Logging environment variables
11:00:17.232 [FXGL Background Thread 3 ] DEBUG Engine               - achievements: []
11:00:17.232 [FXGL Background Thread 3 ] DEBUG Engine               - actualHeight: 720.0
11:00:17.232 [FXGL Background Thread 3 ] DEBUG Engine               - actualHeightProperty: ReadOnlyDoubleProperty [value: 720.0]
11:00:17.232 [FXGL Background Thread 3 ] DEBUG Engine               - actualWidth: 1280.0
11:00:17.232 [FXGL Background Thread 3 ] DEBUG Engine               - actualWidthProperty: ReadOnlyDoubleProperty [value: 1280.0]
11:00:17.232 [FXGL Background Thread 3 ] DEBUG Engine               - appIcon: icon.png
11:00:17.233 [FXGL Background Thread 3 ] DEBUG Engine               - applicationMode: DEVELOPER
11:00:17.233 [FXGL Background Thread 3 ] DEBUG Engine               - cSSList: [fxgl_dark.css]
11:00:17.233 [FXGL Background Thread 3 ] DEBUG Engine               - collisionDetectionStrategy: BRUTE_FORCE
11:00:17.233 [FXGL Background Thread 3 ] DEBUG Engine               - configClass: Optional.empty
11:00:17.233 [FXGL Background Thread 3 ] DEBUG Engine               - credits: []
11:00:17.233 [FXGL Background Thread 3 ] DEBUG Engine               - defaultCursor: CursorInfo(imageName=fxgl_default_cursor.png, hotspotX=7.0, hotspotY=6.0)
11:00:17.233 [FXGL Background Thread 3 ] DEBUG Engine               - devBBoxColorProperty: ObjectProperty [value: 0xff0000ff]
11:00:17.233 [FXGL Background Thread 3 ] DEBUG Engine               - devEnableDebugCameraProperty: BooleanProperty [value: false]
11:00:17.233 [FXGL Background Thread 3 ] DEBUG Engine               - devSensorColorProperty: ObjectProperty [value: 0xffff00ff]
11:00:17.233 [FXGL Background Thread 3 ] DEBUG Engine               - devShowBBoxProperty: BooleanProperty [value: false]
11:00:17.233 [FXGL Background Thread 3 ] DEBUG Engine               - devShowPositionProperty: BooleanProperty [value: false]
11:00:17.233 [FXGL Background Thread 3 ] DEBUG Engine               - enabledMenuItems: []
11:00:17.233 [FXGL Background Thread 3 ] DEBUG Engine               - engineServices: [class com.almasb.fxgl.app.services.FXGLAssetLoaderService, class com.almasb.fxgl.app.FXGLApplication$GameApplicationService, class com.almasb.fxgl.app.services.FXGLDialogService, class com.almasb.fxgl.app.services.IOTaskExecutorService, class com.almasb.fxgl.io.FileSystemService, class com.almasb.fxgl.localization.LocalizationService, class com.almasb.fxgl.app.services.SystemBundleService, class com.almasb.fxgl.profile.SaveLoadService, class com.almasb.fxgl.ui.FXGLUIFactoryServiceProvider, class com.almasb.fxgl.ui.FXGLDialogFactoryServiceProvider, class com.almasb.fxgl.audio.AudioPlayer, class com.almasb.fxgl.notification.impl.NotificationServiceProvider, class com.almasb.fxgl.achievement.AchievementService, class com.almasb.fxgl.cutscene.CutsceneService, class com.almasb.fxgl.minigames.MiniGameService, class com.almasb.fxgl.net.NetService, class com.almasb.fxgl.app.services.UpdaterService, class com.almasb.fxgl.dev.DevService]
11:00:17.233 [FXGL Background Thread 3 ] DEBUG Engine               - fontGame: Abel-Regular.ttf
11:00:17.233 [FXGL Background Thread 3 ] DEBUG Engine               - fontMono: TerminalLandMono-Regular.otf
11:00:17.233 [FXGL Background Thread 3 ] DEBUG Engine               - fontSizeScaleUI: 1.0
11:00:17.233 [FXGL Background Thread 3 ] DEBUG Engine               - fontText: Courier-Prime.ttf
11:00:17.233 [FXGL Background Thread 3 ] DEBUG Engine               - fontUI: VarelaRound-Regular.ttf
11:00:17.233 [FXGL Background Thread 3 ] DEBUG Engine               - fullScreen: BooleanProperty [value: false]
11:00:17.233 [FXGL Background Thread 3 ] DEBUG Engine               - gameDifficulty: MEDIUM
11:00:17.233 [FXGL Background Thread 3 ] DEBUG Engine               - gameDifficultyProperty: ObjectProperty [value: MEDIUM]
11:00:17.233 [FXGL Background Thread 3 ] DEBUG Engine               - globalMusicVolume: 0.5
11:00:17.234 [FXGL Background Thread 3 ] DEBUG Engine               - globalMusicVolumeProperty: DoubleProperty [value: 0.5]
11:00:17.234 [FXGL Background Thread 3 ] DEBUG Engine               - globalSoundVolume: 0.5
11:00:17.234 [FXGL Background Thread 3 ] DEBUG Engine               - globalSoundVolumeProperty: DoubleProperty [value: 0.5]
11:00:17.234 [FXGL Background Thread 3 ] DEBUG Engine               - height: 720
11:00:17.234 [FXGL Background Thread 3 ] DEBUG Engine               - is3D: false
11:00:17.234 [FXGL Background Thread 3 ] DEBUG Engine               - isAndroid: false
11:00:17.234 [FXGL Background Thread 3 ] DEBUG Engine               - isBrowser: false
11:00:17.234 [FXGL Background Thread 3 ] DEBUG Engine               - isClickFeedbackEnabled: false
11:00:17.234 [FXGL Background Thread 3 ] DEBUG Engine               - isCloseConfirmation: false
11:00:17.234 [FXGL Background Thread 3 ] DEBUG Engine               - isDesktop: true
11:00:17.234 [FXGL Background Thread 3 ] DEBUG Engine               - isDeveloperMenuEnabled: false
11:00:17.234 [FXGL Background Thread 3 ] DEBUG Engine               - isEmbedded: false
11:00:17.234 [FXGL Background Thread 3 ] DEBUG Engine               - isEntityPreloadEnabled: true
11:00:17.234 [FXGL Background Thread 3 ] DEBUG Engine               - isExperimentalTiledLargeMap: false
11:00:17.234 [FXGL Background Thread 3 ] DEBUG Engine               - isFileSystemWriteAllowed: true
11:00:17.234 [FXGL Background Thread 3 ] DEBUG Engine               - isFullScreenAllowed: false
11:00:17.234 [FXGL Background Thread 3 ] DEBUG Engine               - isFullScreenFromStart: false
11:00:17.234 [FXGL Background Thread 3 ] DEBUG Engine               - isGameMenuEnabled: true
11:00:17.234 [FXGL Background Thread 3 ] DEBUG Engine               - isIOS: false
11:00:17.234 [FXGL Background Thread 3 ] DEBUG Engine               - isIntroEnabled: false
11:00:17.234 [FXGL Background Thread 3 ] DEBUG Engine               - isLinux: false
11:00:17.234 [FXGL Background Thread 3 ] DEBUG Engine               - isMac: false
11:00:17.234 [FXGL Background Thread 3 ] DEBUG Engine               - isMainMenuEnabled: false
11:00:17.234 [FXGL Background Thread 3 ] DEBUG Engine               - isManualResizeEnabled: false
11:00:17.234 [FXGL Background Thread 3 ] DEBUG Engine               - isMobile: false
11:00:17.234 [FXGL Background Thread 3 ] DEBUG Engine               - isNative: false
11:00:17.234 [FXGL Background Thread 3 ] DEBUG Engine               - isPauseMusicWhenMinimized: true
11:00:17.234 [FXGL Background Thread 3 ] DEBUG Engine               - isPreserveResizeRatio: false
11:00:17.234 [FXGL Background Thread 3 ] DEBUG Engine               - isProfilingEnabled: false
11:00:17.234 [FXGL Background Thread 3 ] DEBUG Engine               - isScaleAffectedOnResize: true
11:00:17.234 [FXGL Background Thread 3 ] DEBUG Engine               - isSingleStep: false
11:00:17.234 [FXGL Background Thread 3 ] DEBUG Engine               - isUserProfileEnabled: false
11:00:17.234 [FXGL Background Thread 3 ] DEBUG Engine               - isWindows: true
11:00:17.234 [FXGL Background Thread 3 ] DEBUG Engine               - language: ObjectProperty [value: ENGLISH]
11:00:17.234 [FXGL Background Thread 3 ] DEBUG Engine               - menuKey: ESCAPE
11:00:17.234 [FXGL Background Thread 3 ] DEBUG Engine               - mouseSensitivity: 0.2
11:00:17.234 [FXGL Background Thread 3 ] DEBUG Engine               - notificationViewClass: class com.almasb.fxgl.notification.view.XboxNotificationView
11:00:17.234 [FXGL Background Thread 3 ] DEBUG Engine               - pixelsPerMeter: 50.0
11:00:17.234 [FXGL Background Thread 3 ] DEBUG Engine               - platform: WINDOWS
11:00:17.234 [FXGL Background Thread 3 ] DEBUG Engine               - prefHeightProperty: ReadOnlyDoubleProperty [value: 720.0]
11:00:17.235 [FXGL Background Thread 3 ] DEBUG Engine               - prefWidthProperty: ReadOnlyDoubleProperty [value: 1280.0]
11:00:17.235 [FXGL Background Thread 3 ] DEBUG Engine               - profileDir: profiles/
11:00:17.235 [FXGL Background Thread 3 ] DEBUG Engine               - profileName: StringProperty [value: DEFAULT]
11:00:17.235 [FXGL Background Thread 3 ] DEBUG Engine               - randomSeed: -1
11:00:17.235 [FXGL Background Thread 3 ] DEBUG Engine               - runtimeInfo: RuntimeInfo(platform=WINDOWS, version=17.3, build=30.03.2023 11.49)
11:00:17.235 [FXGL Background Thread 3 ] DEBUG Engine               - saveFileExt: sav
11:00:17.235 [FXGL Background Thread 3 ] DEBUG Engine               - scaledHeightProp$fxgl: DoubleProperty [bound, value: 720.0]
11:00:17.235 [FXGL Background Thread 3 ] DEBUG Engine               - scaledWidthProp$fxgl: DoubleProperty [bound, value: 1280.0]
11:00:17.235 [FXGL Background Thread 3 ] DEBUG Engine               - sceneFactory: com.almasb.fxgl.app.scene.SceneFactory@64ed3e1a
11:00:17.235 [FXGL Background Thread 3 ] DEBUG Engine               - secondsIn24h: 60
11:00:17.235 [FXGL Background Thread 3 ] DEBUG Engine               - soundMenuBack: menu/back.wav
11:00:17.235 [FXGL Background Thread 3 ] DEBUG Engine               - soundMenuPress: menu/press.wav
11:00:17.235 [FXGL Background Thread 3 ] DEBUG Engine               - soundMenuSelect: menu/select.wav
11:00:17.235 [FXGL Background Thread 3 ] DEBUG Engine               - soundNotification: core/notification.wav
11:00:17.235 [FXGL Background Thread 3 ] DEBUG Engine               - stageStyle: DECORATED
11:00:17.235 [FXGL Background Thread 3 ] DEBUG Engine               - supportedLanguages: [ENGLISH, FRENCH, GERMAN, HUNGARIAN, RUSSIAN]
11:00:17.235 [FXGL Background Thread 3 ] DEBUG Engine               - ticksPerSecond: 120
11:00:17.235 [FXGL Background Thread 3 ] DEBUG Engine               - title: Survivor Game
11:00:17.235 [FXGL Background Thread 3 ] DEBUG Engine               - urlGithub: https://github.com/AlmasB/FXGL
11:00:17.235 [FXGL Background Thread 3 ] DEBUG Engine               - urlLeaderboard: http://fxgl-top.herokuapp.com/
11:00:17.235 [FXGL Background Thread 3 ] DEBUG Engine               - urlPOM: https://raw.githubusercontent.com/AlmasB/FXGL/release/README.md
11:00:17.235 [FXGL Background Thread 3 ] DEBUG Engine               - userAppClass: class com.survivor.main.GameApp
11:00:17.235 [FXGL Background Thread 3 ] DEBUG Engine               - version: 1.0
11:00:17.235 [FXGL Background Thread 3 ] DEBUG Engine               - versionCheckDays: 7
11:00:17.235 [FXGL Background Thread 3 ] DEBUG Engine               - width: 1280
11:00:17.235 [FXGL Background Thread 3 ] DEBUG Engine               - Logging services
11:00:17.235 [FXGL Background Thread 3 ] DEBUG Engine               - class com.almasb.fxgl.app.services.FXGLAssetLoaderService
11:00:17.235 [FXGL Background Thread 3 ] DEBUG Engine               - class com.almasb.fxgl.app.FXGLApplication$GameApplicationService
11:00:17.235 [FXGL Background Thread 3 ] DEBUG Engine               - class com.almasb.fxgl.app.services.FXGLDialogService
11:00:17.235 [FXGL Background Thread 3 ] DEBUG Engine               - class com.almasb.fxgl.app.services.IOTaskExecutorService
11:00:17.235 [FXGL Background Thread 3 ] DEBUG Engine               - class com.almasb.fxgl.io.FileSystemService
11:00:17.236 [FXGL Background Thread 3 ] DEBUG Engine               - class com.almasb.fxgl.localization.LocalizationService
11:00:17.236 [FXGL Background Thread 3 ] DEBUG Engine               - class com.almasb.fxgl.app.services.SystemBundleService
11:00:17.236 [FXGL Background Thread 3 ] DEBUG Engine               - class com.almasb.fxgl.profile.SaveLoadService
11:00:17.236 [FXGL Background Thread 3 ] DEBUG Engine               - class com.almasb.fxgl.ui.FXGLUIFactoryServiceProvider
11:00:17.236 [FXGL Background Thread 3 ] DEBUG Engine               - class com.almasb.fxgl.ui.FXGLDialogFactoryServiceProvider
11:00:17.236 [FXGL Background Thread 3 ] DEBUG Engine               - class com.almasb.fxgl.audio.AudioPlayer
11:00:17.236 [FXGL Background Thread 3 ] DEBUG Engine               - class com.almasb.fxgl.notification.impl.NotificationServiceProvider
11:00:17.236 [FXGL Background Thread 3 ] DEBUG Engine               - class com.almasb.fxgl.achievement.AchievementService
11:00:17.236 [FXGL Background Thread 3 ] DEBUG Engine               - class com.almasb.fxgl.cutscene.CutsceneService
11:00:17.236 [FXGL Background Thread 3 ] DEBUG Engine               - class com.almasb.fxgl.minigames.MiniGameService
11:00:17.236 [FXGL Background Thread 3 ] DEBUG Engine               - class com.almasb.fxgl.net.NetService
11:00:17.236 [FXGL Background Thread 3 ] DEBUG Engine               - class com.almasb.fxgl.app.services.UpdaterService
11:00:17.236 [FXGL Background Thread 3 ] DEBUG Engine               - class com.almasb.fxgl.dev.DevService
11:00:17.588 [JavaFX Application Thread] DEBUG FXGLAssetLoaderServi - Loading from file system: file:/C:/Users/11706/IdeaProjects/survivior-game3/SurvivorGame/target/classes/assets/textures/enemy.png
11:00:26.312 [JavaFX Application Thread] WARN  TMXLevelLoader       - TiledMap generated from 1.11.2. Supported version: 1.9.0. Some features may not be parsed fully.
11:00:26.376 [JavaFX Application Thread] DEBUG TMXLevelLoader       - Parsed TiledMap: file:/C:/Users/11706/IdeaProjects/survivior-game3/SurvivorGame/target/classes/assets/levels/Bigdongeonmap.tmx
11:00:26.376 [JavaFX Application Thread] DEBUG TMXLevelLoader       - Creating tile layer entities
11:00:26.376 [JavaFX Application Thread] DEBUG TilesetLoader        - Loading view for layer 图块层 1
11:00:26.421 [JavaFX Application Thread] DEBUG TilesetLoader        - Created buffer with size 9600.0x5600.0
11:00:26.466 [JavaFX Application Thread] DEBUG TilesetLoader        - Loading view for layer 图块层 2
11:00:26.517 [JavaFX Application Thread] DEBUG TilesetLoader        - Created buffer with size 9600.0x5600.0
11:00:26.536 [JavaFX Application Thread] DEBUG TMXLevelLoader       - Creating object layer entities
11:00:26.557 [JavaFX Application Thread] DEBUG GameWorld            - Clearing removable entities
11:00:26.566 [JavaFX Application Thread] DEBUG GameWorld            - Setting level: com.almasb.fxgl.entity.level.Level@4434ac11
11:00:37.204 [JavaFX Application Thread] WARN  TMXLevelLoader       - TiledMap generated from 1.11.2. Supported version: 1.9.0. Some features may not be parsed fully.
11:00:37.229 [JavaFX Application Thread] DEBUG TMXLevelLoader       - Parsed TiledMap: file:/C:/Users/11706/IdeaProjects/survivior-game3/SurvivorGame/target/classes/assets/levels/Bigdongeonmap.tmx
11:00:37.229 [JavaFX Application Thread] DEBUG TMXLevelLoader       - Creating tile layer entities
11:00:37.229 [JavaFX Application Thread] DEBUG TilesetLoader        - Loading view for layer 图块层 1
11:00:37.252 [JavaFX Application Thread] DEBUG TilesetLoader        - Created buffer with size 9600.0x5600.0
11:00:37.290 [JavaFX Application Thread] DEBUG TilesetLoader        - Loading view for layer 图块层 2
11:00:37.338 [JavaFX Application Thread] DEBUG TilesetLoader        - Created buffer with size 9600.0x5600.0
11:00:37.357 [JavaFX Application Thread] DEBUG TMXLevelLoader       - Creating object layer entities
11:00:37.371 [JavaFX Application Thread] DEBUG GameWorld            - Clearing removable entities
11:00:37.375 [JavaFX Application Thread] DEBUG GameWorld            - Setting level: com.almasb.fxgl.entity.level.Level@542c0104
11:00:43.950 [JavaFX Application Thread] DEBUG FXGLApplication      - Exiting FXGL
11:00:43.950 [JavaFX Application Thread] DEBUG LoopRunner           - Stopping loop
11:00:43.950 [JavaFX Application Thread] DEBUG SystemBundleService  - Saving FXGL system data
11:00:43.952 [JavaFX Application Thread] DEBUG FileSystemAccess     - Writing to: C:\Users\11706\IdeaProjects\survivior-game3\system\fxgl.bundle
11:00:43.953 [JavaFX Application Thread] DEBUG Async                - Shutting down background threads
11:00:43.953 [JavaFX Application Thread] DEBUG PrimaryStageWindow   - Closing main window
11:00:44.002 [JavaFX Application Thread] DEBUG Logger               - Closing Logger
