11:31:28.170 [main                     ] DEBUG Logger               - Configured Logger
11:31:28.185 [main                     ] DEBUG GameApplication      - Logging settings
Title: Survivor Game
Version: 1.0
Width: 1280
Height: 720
Fullscreen: false
Intro: false
Profiling: false
Single step:false
App Mode: DEVELOPER
Menu Key: ESCAPE
Stage Style: DECORATED
Scene Factory: class com.almasb.fxgl.app.scene.SceneFactory

11:31:28.517 [JavaFX Application Thread] DEBUG FXGLApplication      - Initializing FXGL
11:31:28.521 [JavaFX Application Thread] INFO  Engine               - FXGL-17.3 (30.03.2023 11.49) on WINDOWS (J:17.0.16 FX:20)
11:31:28.521 [JavaFX Application Thread] DEBUG Engine               - JRE Vendor Name: Microsoft
11:31:28.521 [JavaFX Application Thread] DEBUG Engine               - Running on OS: Windows 11 version 10.0
11:31:28.521 [JavaFX Application Thread] DEBUG Engine               - Architecture: amd64
11:31:28.521 [JavaFX Application Thread] INFO  Engine               - Source code and latest versions at: https://github.com/AlmasB/FXGL
11:31:28.521 [JavaFX Application Thread] INFO  Engine               -       Ask questions and discuss at: https://github.com/AlmasB/FXGL/discussions
11:31:28.521 [JavaFX Application Thread] INFO  Engine               -              Join the FXGL chat at: https://gitter.im/AlmasB/FXGL
11:31:28.589 [JavaFX Application Thread] DEBUG PrimaryStageWindow   - Creating a JavaFX scene
11:31:28.617 [JavaFX Application Thread] DEBUG PrimaryStageWindow   - Target settings size: 1280.0 x 720.0
11:31:28.617 [JavaFX Application Thread] DEBUG PrimaryStageWindow   - Scaled scene size:    1280.0 x 720.0
11:31:28.618 [JavaFX Application Thread] DEBUG PrimaryStageWindow   - Scaled ratio: (1.0, 1.0)
11:31:28.618 [JavaFX Application Thread] DEBUG PrimaryStageWindow   - Set initial scene to FXGLStartupScene
11:31:28.620 [JavaFX Application Thread] DEBUG PrimaryStageWindow   - Opening main window
11:31:28.665 [JavaFX Application Thread] DEBUG PrimaryStageWindow   - Window border size: (14.6666259765625, 37.33331298828125)
11:31:28.665 [JavaFX Application Thread] DEBUG PrimaryStageWindow   - Scaled size: 1280.0 x 720.0
11:31:28.665 [JavaFX Application Thread] DEBUG PrimaryStageWindow   - Scaled ratio: (1.0, 1.0)
11:31:28.665 [JavaFX Application Thread] DEBUG PrimaryStageWindow   - Scene size: 1280.0 x 720.0
11:31:28.665 [JavaFX Application Thread] DEBUG PrimaryStageWindow   - Stage size: 1294.6666259765625 x 757.3333129882812
11:31:28.670 [FXGL Background Thread 1 ] DEBUG Engine               - Initializing environment variables
11:31:28.689 [FXGL Background Thread 1 ] DEBUG FXGLAssetLoaderServi - User app class for loading assets: class com.survivor.main.GameApp
11:31:28.689 [FXGL Background Thread 1 ] DEBUG GameApplicationServi - Applying CSS: fxgl_dark.css
11:31:28.691 [FXGL Background Thread 1 ] DEBUG FXGLAssetLoaderServi - Loading from file system: jar:file:/C:/Users/zrj/.m2/repository/com/github/almasb/fxgl/17.3/fxgl-17.3.jar!/fxglassets/ui/css/fxgl_dark.css
11:31:28.712 [FXGL Background Thread 1 ] DEBUG GameApplicationServi - Initializing application scenes
11:31:28.753 [FXGL Background Thread 1 ] DEBUG GameWorld            - Game world initialized
11:31:28.784 [FXGL Background Thread 1 ] DEBUG PhysicsWorld         - Physics world initialized: appHeight=720, physics.ppm=50.0
11:31:28.784 [FXGL Background Thread 1 ] DEBUG PhysicsWorld         - Using strategy: BRUTE_FORCE
11:31:28.788 [FXGL Background Thread 1 ] DEBUG GameScene            - Game scene initialized: 1280x720
11:31:28.795 [FXGL Background Thread 1 ] DEBUG FXGL.DefaultMenu     - createMenuBodyGameMenu()
11:31:28.808 [FXGL Background Thread 1 ] DEBUG FXGL.DefaultMenu     - createOptionsMenu()
11:31:28.814 [FXGL Background Thread 1 ] DEBUG FXGLAssetLoaderServi - Loading from file system: jar:file:/C:/Users/zrj/.m2/repository/com/github/almasb/fxgl/17.3/fxgl-17.3.jar!/fxglassets/textures/particles/smoke.png
11:31:28.870 [FXGL Background Thread 1 ] DEBUG FXGLAssetLoaderServi - Loading from file system: jar:file:/C:/Users/zrj/.m2/repository/com/github/almasb/fxgl/17.3/fxgl-17.3.jar!/fxglassets/textures/particles/trace_horizontal.png
11:31:28.889 [FXGL Background Thread 1 ] DEBUG GameApplicationServi - Application scenes initialized
11:31:28.899 [FXGL Background Thread 1 ] DEBUG SystemBundleService  - Loading FXGL system data
11:31:28.901 [FXGL Background Thread 1 ] DEBUG FileSystemAccess     - Reading from: D:\javaproject\survivior-game5\system\fxgl.bundle
11:31:28.907 [FXGL Background Thread 1 ] DEBUG SystemBundleService  - Bundle FXGL: {}
11:31:28.907 [FXGL Background Thread 1 ] DEBUG UpdaterService       - Checking for updates
11:31:28.909 [FXGL Background Thread 4 ] DEBUG FXGLApplication      - Loading fonts
11:31:28.909 [FXGL Background Thread 4 ] DEBUG FXGLAssetLoaderServi - Loading from file system: jar:file:/C:/Users/zrj/.m2/repository/com/github/almasb/fxgl/17.3/fxgl-17.3.jar!/fxglassets/ui/fonts/VarelaRound-Regular.ttf
11:31:28.909 [FXGL Background Thread 1 ] DEBUG FXGLApplication      - Loading default localization
11:31:28.910 [FXGL Background Thread 1 ] DEBUG FXGLAssetLoaderServi - Loading from file system: jar:file:/C:/Users/zrj/.m2/repository/com/github/almasb/fxgl/17.3/fxgl-17.3.jar!/fxglassets/languages/english.lang
11:31:28.928 [FXGL Background Thread 1 ] INFO  FXGLApplication      - FXGL initialization took: 0.257 sec
11:31:28.928 [JavaFX Application Thread] DEBUG Input                - Clearing active input actions
11:31:28.935 [JavaFX Application Thread] DEBUG Input                - Registered new binding: Move Up - W
11:31:28.935 [JavaFX Application Thread] DEBUG Input                - Registered new binding: Move Down - S
11:31:28.935 [JavaFX Application Thread] DEBUG Input                - Registered new binding: Move Left - A
11:31:28.935 [JavaFX Application Thread] DEBUG Input                - Registered new binding: Move Right - D
11:31:28.935 [JavaFX Application Thread] DEBUG Input                - Registered new binding: AttackLeft - J
11:31:28.936 [JavaFX Application Thread] DEBUG Input                - Registered new binding: AttackRight - K
11:31:28.936 [JavaFX Application Thread] DEBUG Input                - Registered new binding: Dash - L
11:31:28.936 [JavaFX Application Thread] DEBUG FXGLAssetLoaderServi - Loading from file system: file:/D:/javaproject/survivior-game5/SurvivorGame/target/classes/assets/textures/icon.png
11:31:28.942 [JavaFX Application Thread] DEBUG FXGLAssetLoaderServi - Loading from file system: jar:file:/C:/Users/zrj/.m2/repository/com/github/almasb/fxgl/17.3/fxgl-17.3.jar!/fxglassets/textures/fxgl_default_cursor.png
11:31:28.944 [JavaFX Application Thread] DEBUG Input                - Registered new binding: Screenshot - CTRL+8
11:31:28.944 [JavaFX Application Thread] DEBUG Input                - Registered new binding: System info dump - CTRL+9
11:31:28.944 [JavaFX Application Thread] DEBUG Input                - Registered new binding: Restart - CTRL+R
11:31:28.946 [JavaFX Application Thread] DEBUG Input                - Registered new binding: Toggle Debug Camera - CTRL+7
11:31:28.948 [JavaFX Application Thread] DEBUG LoopRunner           - Starting loop
11:31:28.948 [JavaFX Application Thread] DEBUG LoopRunner           - Initializing ScheduledExecutorLoop with fps: 120
11:31:28.949 [JavaFX Application Thread] DEBUG GameApplicationServi - Starting new game
11:31:28.951 [JavaFX Application Thread] DEBUG Input                - Clearing active input actions
11:31:28.959 [JavaFX Application Thread] DEBUG GameApplicationServi - Removing overlay from FXGLStartupScene and adding to FXGLLoadingScene
11:31:28.959 [JavaFX Application Thread] DEBUG PrimaryStageWindow   - FXGLStartupScene -> FXGLLoadingScene
11:31:28.959 [JavaFX Application Thread] DEBUG GameApplicationServi - Clearing previous game
11:31:28.959 [JavaFX Application Thread] DEBUG GameScene            - Clearing game scene
11:31:28.959 [JavaFX Application Thread] DEBUG GameWorld            - Clearing game world
11:31:28.959 [JavaFX Application Thread] DEBUG PhysicsWorld         - Clearing physics world
11:31:28.960 [FXGL Background Thread 1 ] DEBUG FXGLApplication      - Initializing game
11:31:28.980 [FXGL Background Thread 4 ] DEBUG FXGLAssetLoaderServi - Loading from file system: jar:file:/C:/Users/zrj/.m2/repository/com/github/almasb/fxgl/17.3/fxgl-17.3.jar!/fxglassets/ui/fonts/Abel-Regular.ttf
11:31:28.992 [FXGL Background Thread 4 ] DEBUG FXGLAssetLoaderServi - Loading from file system: jar:file:/C:/Users/zrj/.m2/repository/com/github/almasb/fxgl/17.3/fxgl-17.3.jar!/fxglassets/ui/fonts/TerminalLandMono-Regular.otf
11:31:29.004 [FXGL Background Thread 4 ] DEBUG FXGLAssetLoaderServi - Loading from file system: jar:file:/C:/Users/zrj/.m2/repository/com/github/almasb/fxgl/17.3/fxgl-17.3.jar!/fxglassets/ui/fonts/Courier-Prime.ttf
11:31:29.044 [JavaFX Application Thread] DEBUG FXGLApplication      - Registering font factories with UI factory
11:31:29.334 [FXGL Background Thread 1 ] WARN  TMXLevelLoader       - TiledMap generated from 1.11.2. Supported version: 1.9.0. Some features may not be parsed fully.
11:31:29.417 [FXGL Background Thread 1 ] DEBUG TMXLevelLoader       - Parsed TiledMap: file:/D:/javaproject/survivior-game5/SurvivorGame/target/classes/assets/levels/Bigdongeonmap.tmx
11:31:29.418 [FXGL Background Thread 1 ] DEBUG TMXLevelLoader       - Creating tile layer entities
11:31:29.420 [FXGL Background Thread 1 ] DEBUG TilesetLoader        - Loading view for layer 图块层 1
11:31:29.459 [FXGL Background Thread 1 ] DEBUG TilesetLoader        - Created buffer with size 9600.0x5600.0
11:31:29.531 [FXGL Background Thread 2 ] INFO  UpdaterService       - Your current version:  17.3
11:31:29.531 [FXGL Background Thread 2 ] INFO  UpdaterService       - Latest stable version: 21.1
11:31:29.538 [FXGL Background Thread 1 ] DEBUG TilesetLoader        - Loading view for layer 图块层 2
11:31:29.581 [FXGL Background Thread 1 ] DEBUG TilesetLoader        - Created buffer with size 9600.0x5600.0
11:31:29.659 [FXGL Background Thread 1 ] DEBUG TMXLevelLoader       - Creating object layer entities
11:31:29.715 [FXGL Background Thread 1 ] DEBUG GameWorld            - Clearing removable entities
11:31:29.715 [FXGL Background Thread 1 ] DEBUG GameWorld            - Setting level: com.almasb.fxgl.entity.level.Level@fe120aa
11:31:29.741 [FXGL Background Thread 1 ] DEBUG FXGLAssetLoaderServi - Loading from file system: file:/D:/javaproject/survivior-game5/SurvivorGame/target/classes/assets/textures/Idle.png
11:31:29.745 [FXGL Background Thread 1 ] DEBUG FXGLAssetLoaderServi - Loading from file system: file:/D:/javaproject/survivior-game5/SurvivorGame/target/classes/assets/textures/Run.png
11:31:29.746 [FXGL Background Thread 1 ] DEBUG FXGLAssetLoaderServi - Loading from file system: file:/D:/javaproject/survivior-game5/SurvivorGame/target/classes/assets/textures/Attack3.png
11:31:29.751 [FXGL Background Thread 1 ] DEBUG FXGLAssetLoaderServi - Loading from file system: file:/D:/javaproject/survivior-game5/SurvivorGame/target/classes/assets/sounds/sword-slash-315218.mp3
11:31:29.755 [FXGL Background Thread 1 ] DEBUG FXGLAssetLoaderServi - Loading from file system: file:/D:/javaproject/survivior-game5/SurvivorGame/target/classes/assets/sounds/split-%5bAudioTrimmer.com%5d.mp3
11:31:29.755 [FXGL Background Thread 1 ] DEBUG FXGLAssetLoaderServi - Loading from file system: file:/D:/javaproject/survivior-game5/SurvivorGame/target/classes/assets/sounds/die_knight.wav
11:31:29.759 [FXGL Background Thread 1 ] INFO  FXGLApplication      - Game initialization took: 0.797 sec
11:31:29.763 [JavaFX Application Thread] DEBUG Input                - Clearing active input actions
11:31:29.773 [JavaFX Application Thread] DEBUG GameApplicationServi - Removing overlay from FXGLLoadingScene and adding to GameScene
11:31:29.774 [JavaFX Application Thread] DEBUG PrimaryStageWindow   - FXGLLoadingScene -> GameScene
11:31:31.909 [FXGL Background Thread 3 ] DEBUG Engine               - Logging environment variables
11:31:31.909 [FXGL Background Thread 3 ] DEBUG Engine               - achievements: []
11:31:31.909 [FXGL Background Thread 3 ] DEBUG Engine               - actualHeight: 720.0
11:31:31.909 [FXGL Background Thread 3 ] DEBUG Engine               - actualHeightProperty: ReadOnlyDoubleProperty [value: 720.0]
11:31:31.909 [FXGL Background Thread 3 ] DEBUG Engine               - actualWidth: 1280.0
11:31:31.909 [FXGL Background Thread 3 ] DEBUG Engine               - actualWidthProperty: ReadOnlyDoubleProperty [value: 1280.0]
11:31:31.909 [FXGL Background Thread 3 ] DEBUG Engine               - appIcon: icon.png
11:31:31.909 [FXGL Background Thread 3 ] DEBUG Engine               - applicationMode: DEVELOPER
11:31:31.909 [FXGL Background Thread 3 ] DEBUG Engine               - cSSList: [fxgl_dark.css]
11:31:31.909 [FXGL Background Thread 3 ] DEBUG Engine               - collisionDetectionStrategy: BRUTE_FORCE
11:31:31.909 [FXGL Background Thread 3 ] DEBUG Engine               - configClass: Optional.empty
11:31:31.909 [FXGL Background Thread 3 ] DEBUG Engine               - credits: []
11:31:31.909 [FXGL Background Thread 3 ] DEBUG Engine               - defaultCursor: CursorInfo(imageName=fxgl_default_cursor.png, hotspotX=7.0, hotspotY=6.0)
11:31:31.910 [FXGL Background Thread 3 ] DEBUG Engine               - devBBoxColorProperty: ObjectProperty [value: 0xff0000ff]
11:31:31.910 [FXGL Background Thread 3 ] DEBUG Engine               - devEnableDebugCameraProperty: BooleanProperty [value: false]
11:31:31.910 [FXGL Background Thread 3 ] DEBUG Engine               - devSensorColorProperty: ObjectProperty [value: 0xffff00ff]
11:31:31.910 [FXGL Background Thread 3 ] DEBUG Engine               - devShowBBoxProperty: BooleanProperty [value: false]
11:31:31.910 [FXGL Background Thread 3 ] DEBUG Engine               - devShowPositionProperty: BooleanProperty [value: false]
11:31:31.910 [FXGL Background Thread 3 ] DEBUG Engine               - enabledMenuItems: []
11:31:31.910 [FXGL Background Thread 3 ] DEBUG Engine               - engineServices: [class com.almasb.fxgl.app.services.FXGLAssetLoaderService, class com.almasb.fxgl.app.FXGLApplication$GameApplicationService, class com.almasb.fxgl.app.services.FXGLDialogService, class com.almasb.fxgl.app.services.IOTaskExecutorService, class com.almasb.fxgl.io.FileSystemService, class com.almasb.fxgl.localization.LocalizationService, class com.almasb.fxgl.app.services.SystemBundleService, class com.almasb.fxgl.profile.SaveLoadService, class com.almasb.fxgl.ui.FXGLUIFactoryServiceProvider, class com.almasb.fxgl.ui.FXGLDialogFactoryServiceProvider, class com.almasb.fxgl.audio.AudioPlayer, class com.almasb.fxgl.notification.impl.NotificationServiceProvider, class com.almasb.fxgl.achievement.AchievementService, class com.almasb.fxgl.cutscene.CutsceneService, class com.almasb.fxgl.minigames.MiniGameService, class com.almasb.fxgl.net.NetService, class com.almasb.fxgl.app.services.UpdaterService, class com.almasb.fxgl.dev.DevService]
11:31:31.910 [FXGL Background Thread 3 ] DEBUG Engine               - fontGame: Abel-Regular.ttf
11:31:31.910 [FXGL Background Thread 3 ] DEBUG Engine               - fontMono: TerminalLandMono-Regular.otf
11:31:31.910 [FXGL Background Thread 3 ] DEBUG Engine               - fontSizeScaleUI: 1.0
11:31:31.910 [FXGL Background Thread 3 ] DEBUG Engine               - fontText: Courier-Prime.ttf
11:31:31.910 [FXGL Background Thread 3 ] DEBUG Engine               - fontUI: VarelaRound-Regular.ttf
11:31:31.910 [FXGL Background Thread 3 ] DEBUG Engine               - fullScreen: BooleanProperty [value: false]
11:31:31.910 [FXGL Background Thread 3 ] DEBUG Engine               - gameDifficulty: MEDIUM
11:31:31.910 [FXGL Background Thread 3 ] DEBUG Engine               - gameDifficultyProperty: ObjectProperty [value: MEDIUM]
11:31:31.910 [FXGL Background Thread 3 ] DEBUG Engine               - globalMusicVolume: 0.5
11:31:31.910 [FXGL Background Thread 3 ] DEBUG Engine               - globalMusicVolumeProperty: DoubleProperty [value: 0.5]
11:31:31.910 [FXGL Background Thread 3 ] DEBUG Engine               - globalSoundVolume: 0.5
11:31:31.910 [FXGL Background Thread 3 ] DEBUG Engine               - globalSoundVolumeProperty: DoubleProperty [value: 0.5]
11:31:31.910 [FXGL Background Thread 3 ] DEBUG Engine               - height: 720
11:31:31.910 [FXGL Background Thread 3 ] DEBUG Engine               - is3D: false
11:31:31.910 [FXGL Background Thread 3 ] DEBUG Engine               - isAndroid: false
11:31:31.910 [FXGL Background Thread 3 ] DEBUG Engine               - isBrowser: false
11:31:31.910 [FXGL Background Thread 3 ] DEBUG Engine               - isClickFeedbackEnabled: false
11:31:31.910 [FXGL Background Thread 3 ] DEBUG Engine               - isCloseConfirmation: false
11:31:31.910 [FXGL Background Thread 3 ] DEBUG Engine               - isDesktop: true
11:31:31.910 [FXGL Background Thread 3 ] DEBUG Engine               - isDeveloperMenuEnabled: false
11:31:31.910 [FXGL Background Thread 3 ] DEBUG Engine               - isEmbedded: false
11:31:31.910 [FXGL Background Thread 3 ] DEBUG Engine               - isEntityPreloadEnabled: true
11:31:31.910 [FXGL Background Thread 3 ] DEBUG Engine               - isExperimentalTiledLargeMap: false
11:31:31.910 [FXGL Background Thread 3 ] DEBUG Engine               - isFileSystemWriteAllowed: true
11:31:31.910 [FXGL Background Thread 3 ] DEBUG Engine               - isFullScreenAllowed: false
11:31:31.910 [FXGL Background Thread 3 ] DEBUG Engine               - isFullScreenFromStart: false
11:31:31.910 [FXGL Background Thread 3 ] DEBUG Engine               - isGameMenuEnabled: true
11:31:31.910 [FXGL Background Thread 3 ] DEBUG Engine               - isIOS: false
11:31:31.910 [FXGL Background Thread 3 ] DEBUG Engine               - isIntroEnabled: false
11:31:31.910 [FXGL Background Thread 3 ] DEBUG Engine               - isLinux: false
11:31:31.910 [FXGL Background Thread 3 ] DEBUG Engine               - isMac: false
11:31:31.910 [FXGL Background Thread 3 ] DEBUG Engine               - isMainMenuEnabled: false
11:31:31.910 [FXGL Background Thread 3 ] DEBUG Engine               - isManualResizeEnabled: false
11:31:31.910 [FXGL Background Thread 3 ] DEBUG Engine               - isMobile: false
11:31:31.910 [FXGL Background Thread 3 ] DEBUG Engine               - isNative: false
11:31:31.910 [FXGL Background Thread 3 ] DEBUG Engine               - isPauseMusicWhenMinimized: true
11:31:31.911 [FXGL Background Thread 3 ] DEBUG Engine               - isPreserveResizeRatio: false
11:31:31.911 [FXGL Background Thread 3 ] DEBUG Engine               - isProfilingEnabled: false
11:31:31.911 [FXGL Background Thread 3 ] DEBUG Engine               - isScaleAffectedOnResize: true
11:31:31.911 [FXGL Background Thread 3 ] DEBUG Engine               - isSingleStep: false
11:31:31.911 [FXGL Background Thread 3 ] DEBUG Engine               - isUserProfileEnabled: false
11:31:31.911 [FXGL Background Thread 3 ] DEBUG Engine               - isWindows: true
11:31:31.911 [FXGL Background Thread 3 ] DEBUG Engine               - language: ObjectProperty [value: ENGLISH]
11:31:31.911 [FXGL Background Thread 3 ] DEBUG Engine               - menuKey: ESCAPE
11:31:31.911 [FXGL Background Thread 3 ] DEBUG Engine               - mouseSensitivity: 0.2
11:31:31.911 [FXGL Background Thread 3 ] DEBUG Engine               - notificationViewClass: class com.almasb.fxgl.notification.view.XboxNotificationView
11:31:31.911 [FXGL Background Thread 3 ] DEBUG Engine               - pixelsPerMeter: 50.0
11:31:31.911 [FXGL Background Thread 3 ] DEBUG Engine               - platform: WINDOWS
11:31:31.911 [FXGL Background Thread 3 ] DEBUG Engine               - prefHeightProperty: ReadOnlyDoubleProperty [value: 720.0]
11:31:31.911 [FXGL Background Thread 3 ] DEBUG Engine               - prefWidthProperty: ReadOnlyDoubleProperty [value: 1280.0]
11:31:31.911 [FXGL Background Thread 3 ] DEBUG Engine               - profileDir: profiles/
11:31:31.911 [FXGL Background Thread 3 ] DEBUG Engine               - profileName: StringProperty [value: DEFAULT]
11:31:31.911 [FXGL Background Thread 3 ] DEBUG Engine               - randomSeed: -1
11:31:31.911 [FXGL Background Thread 3 ] DEBUG Engine               - runtimeInfo: RuntimeInfo(platform=WINDOWS, version=17.3, build=30.03.2023 11.49)
11:31:31.911 [FXGL Background Thread 3 ] DEBUG Engine               - saveFileExt: sav
11:31:31.911 [FXGL Background Thread 3 ] DEBUG Engine               - scaledHeightProp$fxgl: DoubleProperty [bound, value: 720.0]
11:31:31.911 [FXGL Background Thread 3 ] DEBUG Engine               - scaledWidthProp$fxgl: DoubleProperty [bound, value: 1280.0]
11:31:31.911 [FXGL Background Thread 3 ] DEBUG Engine               - sceneFactory: com.almasb.fxgl.app.scene.SceneFactory@9ca0f99
11:31:31.911 [FXGL Background Thread 3 ] DEBUG Engine               - secondsIn24h: 60
11:31:31.911 [FXGL Background Thread 3 ] DEBUG Engine               - soundMenuBack: menu/back.wav
11:31:31.911 [FXGL Background Thread 3 ] DEBUG Engine               - soundMenuPress: menu/press.wav
11:31:31.912 [FXGL Background Thread 3 ] DEBUG Engine               - soundMenuSelect: menu/select.wav
11:31:31.912 [FXGL Background Thread 3 ] DEBUG Engine               - soundNotification: core/notification.wav
11:31:31.912 [FXGL Background Thread 3 ] DEBUG Engine               - stageStyle: DECORATED
11:31:31.912 [FXGL Background Thread 3 ] DEBUG Engine               - supportedLanguages: [ENGLISH, FRENCH, GERMAN, HUNGARIAN, RUSSIAN]
11:31:31.912 [FXGL Background Thread 3 ] DEBUG Engine               - ticksPerSecond: 120
11:31:31.912 [FXGL Background Thread 3 ] DEBUG Engine               - title: Survivor Game
11:31:31.912 [FXGL Background Thread 3 ] DEBUG Engine               - urlGithub: https://github.com/AlmasB/FXGL
11:31:31.912 [FXGL Background Thread 3 ] DEBUG Engine               - urlLeaderboard: http://fxgl-top.herokuapp.com/
11:31:31.912 [FXGL Background Thread 3 ] DEBUG Engine               - urlPOM: https://raw.githubusercontent.com/AlmasB/FXGL/release/README.md
11:31:31.912 [FXGL Background Thread 3 ] DEBUG Engine               - userAppClass: class com.survivor.main.GameApp
11:31:31.912 [FXGL Background Thread 3 ] DEBUG Engine               - version: 1.0
11:31:31.912 [FXGL Background Thread 3 ] DEBUG Engine               - versionCheckDays: 7
11:31:31.912 [FXGL Background Thread 3 ] DEBUG Engine               - width: 1280
11:31:31.912 [FXGL Background Thread 3 ] DEBUG Engine               - Logging services
11:31:31.912 [FXGL Background Thread 3 ] DEBUG Engine               - class com.almasb.fxgl.app.services.FXGLAssetLoaderService
11:31:31.912 [FXGL Background Thread 3 ] DEBUG Engine               - class com.almasb.fxgl.app.FXGLApplication$GameApplicationService
11:31:31.912 [FXGL Background Thread 3 ] DEBUG Engine               - class com.almasb.fxgl.app.services.FXGLDialogService
11:31:31.912 [FXGL Background Thread 3 ] DEBUG Engine               - class com.almasb.fxgl.app.services.IOTaskExecutorService
11:31:31.912 [FXGL Background Thread 3 ] DEBUG Engine               - class com.almasb.fxgl.io.FileSystemService
11:31:31.912 [FXGL Background Thread 3 ] DEBUG Engine               - class com.almasb.fxgl.localization.LocalizationService
11:31:31.912 [FXGL Background Thread 3 ] DEBUG Engine               - class com.almasb.fxgl.app.services.SystemBundleService
11:31:31.912 [FXGL Background Thread 3 ] DEBUG Engine               - class com.almasb.fxgl.profile.SaveLoadService
11:31:31.912 [FXGL Background Thread 3 ] DEBUG Engine               - class com.almasb.fxgl.ui.FXGLUIFactoryServiceProvider
11:31:31.912 [FXGL Background Thread 3 ] DEBUG Engine               - class com.almasb.fxgl.ui.FXGLDialogFactoryServiceProvider
11:31:31.912 [FXGL Background Thread 3 ] DEBUG Engine               - class com.almasb.fxgl.audio.AudioPlayer
11:31:31.912 [FXGL Background Thread 3 ] DEBUG Engine               - class com.almasb.fxgl.notification.impl.NotificationServiceProvider
11:31:31.912 [FXGL Background Thread 3 ] DEBUG Engine               - class com.almasb.fxgl.achievement.AchievementService
11:31:31.912 [FXGL Background Thread 3 ] DEBUG Engine               - class com.almasb.fxgl.cutscene.CutsceneService
11:31:31.912 [FXGL Background Thread 3 ] DEBUG Engine               - class com.almasb.fxgl.minigames.MiniGameService
11:31:31.912 [FXGL Background Thread 3 ] DEBUG Engine               - class com.almasb.fxgl.net.NetService
11:31:31.912 [FXGL Background Thread 3 ] DEBUG Engine               - class com.almasb.fxgl.app.services.UpdaterService
11:31:31.912 [FXGL Background Thread 3 ] DEBUG Engine               - class com.almasb.fxgl.dev.DevService
11:31:33.660 [JavaFX Application Thread] DEBUG FXGLAssetLoaderServi - Loading from file system: file:/D:/javaproject/survivior-game5/SurvivorGame/target/classes/assets/textures/boss/Idle.png
11:31:33.668 [JavaFX Application Thread] DEBUG FXGLAssetLoaderServi - Loading from file system: file:/D:/javaproject/survivior-game5/SurvivorGame/target/classes/assets/textures/boss/Run.png
11:31:33.677 [JavaFX Application Thread] DEBUG FXGLAssetLoaderServi - Loading from file system: file:/D:/javaproject/survivior-game5/SurvivorGame/target/classes/assets/textures/boss/Attack1.png
11:31:33.685 [JavaFX Application Thread] DEBUG FXGLAssetLoaderServi - Loading from file system: file:/D:/javaproject/survivior-game5/SurvivorGame/target/classes/assets/textures/boss/Attack2.png
11:31:33.691 [JavaFX Application Thread] DEBUG FXGLAssetLoaderServi - Loading from file system: file:/D:/javaproject/survivior-game5/SurvivorGame/target/classes/assets/textures/boss/Death.png
11:31:33.701 [JavaFX Application Thread] DEBUG FXGLAssetLoaderServi - Loading from file system: file:/D:/javaproject/survivior-game5/SurvivorGame/target/classes/assets/textures/boss/Take%20Hit.png
11:31:41.443 [JavaFX Application Thread] DEBUG FXGLApplication      - Exiting FXGL
11:31:41.443 [JavaFX Application Thread] DEBUG LoopRunner           - Stopping loop
11:31:41.443 [JavaFX Application Thread] DEBUG SystemBundleService  - Saving FXGL system data
11:31:41.444 [JavaFX Application Thread] DEBUG FileSystemAccess     - Writing to: D:\javaproject\survivior-game5\system\fxgl.bundle
11:31:41.445 [JavaFX Application Thread] DEBUG Async                - Shutting down background threads
11:31:41.445 [JavaFX Application Thread] DEBUG PrimaryStageWindow   - Closing main window
11:31:41.454 [JavaFX Application Thread] DEBUG Logger               - Closing Logger
