08:58:17.744 [main                     ] DEBUG Logger               - Configured Logger
08:58:17.757 [main                     ] DEBUG GameApplication      - Logging settings
Title: Boss Animation Test
Version: 0.0
Width: 1000
Height: 700
Fullscreen: false
Intro: false
Profiling: false
Single step:false
App Mode: DEVELOPER
Menu Key: ESCAPE
Stage Style: DECORATED
Scene Factory: class com.almasb.fxgl.app.scene.SceneFactory

08:58:18.117 [JavaFX Application Thread] DEBUG FXGLApplication      - Initializing FXGL
08:58:18.120 [JavaFX Application Thread] INFO  Engine               - FXGL-17.3 (30.03.2023 11.49) on WINDOWS (J:21.0.5 FX:17)
08:58:18.120 [JavaFX Application Thread] DEBUG Engine               - JRE Vendor Name: Oracle Corporation
08:58:18.121 [JavaFX Application Thread] DEBUG Engine               - Running on OS: Windows 11 version 10.0
08:58:18.121 [JavaFX Application Thread] DEBUG Engine               - Architecture: amd64
08:58:18.121 [JavaFX Application Thread] INFO  Engine               - Source code and latest versions at: https://github.com/AlmasB/FXGL
08:58:18.121 [JavaFX Application Thread] INFO  Engine               -       Ask questions and discuss at: https://github.com/AlmasB/FXGL/discussions
08:58:18.121 [JavaFX Application Thread] INFO  Engine               -              Join the FXGL chat at: https://gitter.im/AlmasB/FXGL
08:58:18.194 [JavaFX Application Thread] DEBUG PrimaryStageWindow   - Creating a JavaFX scene
08:58:18.225 [JavaFX Application Thread] DEBUG PrimaryStageWindow   - Target settings size: 1000.0 x 700.0
08:58:18.225 [JavaFX Application Thread] DEBUG PrimaryStageWindow   - Scaled scene size:    1000.0 x 700.0
08:58:18.225 [JavaFX Application Thread] DEBUG PrimaryStageWindow   - Scaled ratio: (1.0, 1.0)
08:58:18.225 [JavaFX Application Thread] DEBUG PrimaryStageWindow   - Set initial scene to FXGLStartupScene
08:58:18.231 [JavaFX Application Thread] DEBUG PrimaryStageWindow   - Opening main window
08:58:18.288 [JavaFX Application Thread] DEBUG PrimaryStageWindow   - Window border size: (14.66668701171875, 37.33331298828125)
08:58:18.288 [JavaFX Application Thread] DEBUG PrimaryStageWindow   - Scaled size: 1000.0 x 700.0
08:58:18.288 [JavaFX Application Thread] DEBUG PrimaryStageWindow   - Scaled ratio: (1.0, 1.0)
08:58:18.288 [JavaFX Application Thread] DEBUG PrimaryStageWindow   - Scene size: 1000.0 x 700.0
08:58:18.288 [JavaFX Application Thread] DEBUG PrimaryStageWindow   - Stage size: 1014.6666870117188 x 737.3333129882812
08:58:18.294 [FXGL Background Thread 1 ] DEBUG Engine               - Initializing environment variables
08:58:18.326 [FXGL Background Thread 1 ] DEBUG FXGLAssetLoaderServi - User app class for loading assets: class com.survivor.main.BossAnimationTestApp
08:58:18.326 [FXGL Background Thread 1 ] DEBUG GameApplicationServi - Applying CSS: fxgl_dark.css
08:58:18.327 [FXGL Background Thread 1 ] DEBUG FXGLAssetLoaderServi - Loading from file system: jar:file:/C:/Users/%e6%b6%82/.m2/repository/com/github/almasb/fxgl/17.3/fxgl-17.3.jar!/fxglassets/ui/css/fxgl_dark.css
08:58:18.351 [FXGL Background Thread 1 ] DEBUG GameApplicationServi - Initializing application scenes
08:58:18.398 [FXGL Background Thread 1 ] DEBUG GameWorld            - Game world initialized
08:58:18.432 [FXGL Background Thread 1 ] DEBUG PhysicsWorld         - Physics world initialized: appHeight=700, physics.ppm=50.0
08:58:18.432 [FXGL Background Thread 1 ] DEBUG PhysicsWorld         - Using strategy: BRUTE_FORCE
08:58:18.434 [FXGL Background Thread 1 ] DEBUG GameScene            - Game scene initialized: 1000x700
08:58:18.444 [FXGL Background Thread 1 ] DEBUG FXGL.DefaultMenu     - createMenuBodyGameMenu()
08:58:18.454 [FXGL Background Thread 1 ] DEBUG FXGL.DefaultMenu     - createOptionsMenu()
08:58:18.462 [FXGL Background Thread 1 ] DEBUG FXGLAssetLoaderServi - Loading from file system: jar:file:/C:/Users/%e6%b6%82/.m2/repository/com/github/almasb/fxgl/17.3/fxgl-17.3.jar!/fxglassets/textures/particles/smoke.png
08:58:18.523 [FXGL Background Thread 1 ] DEBUG FXGLAssetLoaderServi - Loading from file system: jar:file:/C:/Users/%e6%b6%82/.m2/repository/com/github/almasb/fxgl/17.3/fxgl-17.3.jar!/fxglassets/textures/particles/trace_horizontal.png
08:58:18.540 [FXGL Background Thread 1 ] DEBUG GameApplicationServi - Application scenes initialized
08:58:18.548 [FXGL Background Thread 1 ] DEBUG SystemBundleService  - Loading FXGL system data
08:58:18.550 [FXGL Background Thread 1 ] DEBUG FileSystemAccess     - Reading from: D:\code\survivior-game-tqw\system\fxgl.bundle
08:58:18.556 [FXGL Background Thread 1 ] DEBUG SystemBundleService  - Bundle FXGL: {}
08:58:18.556 [FXGL Background Thread 1 ] DEBUG UpdaterService       - Checking for updates
08:58:18.576 [FXGL Background Thread 4 ] DEBUG FXGLApplication      - Loading fonts
08:58:18.576 [FXGL Background Thread 1 ] DEBUG FXGLApplication      - Loading default localization
08:58:18.576 [FXGL Background Thread 4 ] DEBUG FXGLAssetLoaderServi - Loading from file system: jar:file:/C:/Users/%e6%b6%82/.m2/repository/com/github/almasb/fxgl/17.3/fxgl-17.3.jar!/fxglassets/ui/fonts/VarelaRound-Regular.ttf
08:58:18.578 [FXGL Background Thread 1 ] DEBUG FXGLAssetLoaderServi - Loading from file system: jar:file:/C:/Users/%e6%b6%82/.m2/repository/com/github/almasb/fxgl/17.3/fxgl-17.3.jar!/fxglassets/languages/english.lang
08:58:18.590 [FXGL Background Thread 1 ] INFO  FXGLApplication      - FXGL initialization took: 0.297 sec
08:58:18.603 [JavaFX Application Thread] DEBUG Input                - Registered new binding: Move Up - Up
08:58:18.603 [JavaFX Application Thread] DEBUG Input                - Registered new binding: Move Down - Down
08:58:18.603 [JavaFX Application Thread] DEBUG Input                - Registered new binding: Move Left - Left
08:58:18.603 [JavaFX Application Thread] DEBUG Input                - Registered new binding: Move Right - Right
08:58:18.604 [FXGL Background Thread 4 ] DEBUG FXGLAssetLoaderServi - Loading from file system: jar:file:/C:/Users/%e6%b6%82/.m2/repository/com/github/almasb/fxgl/17.3/fxgl-17.3.jar!/fxglassets/ui/fonts/Abel-Regular.ttf
08:58:18.605 [JavaFX Application Thread] DEBUG Input                - Registered new binding: Play Attack Animation - LMB
08:58:18.605 [JavaFX Application Thread] DEBUG Input                - Registered new binding: Play Hit Effect - RMB
08:58:18.605 [JavaFX Application Thread] DEBUG Input                - Registered new binding: Switch to Phase 1 - Z
08:58:18.605 [JavaFX Application Thread] DEBUG Input                - Registered new binding: Switch to Phase 2 - X
08:58:18.605 [JavaFX Application Thread] DEBUG Input                - Registered new binding: Reset Boss - R
08:58:18.605 [JavaFX Application Thread] DEBUG Input                - Registered new binding: Play Death Animation - K
08:58:18.605 [JavaFX Application Thread] DEBUG FXGLAssetLoaderServi - Loading from file system: jar:file:/C:/Users/%e6%b6%82/.m2/repository/com/github/almasb/fxgl/17.3/fxgl-17.3.jar!/fxglassets/textures/fxgl_icon.png
08:58:18.608 [FXGL Background Thread 4 ] DEBUG FXGLAssetLoaderServi - Loading from file system: jar:file:/C:/Users/%e6%b6%82/.m2/repository/com/github/almasb/fxgl/17.3/fxgl-17.3.jar!/fxglassets/ui/fonts/TerminalLandMono-Regular.otf
08:58:18.612 [FXGL Background Thread 4 ] DEBUG FXGLAssetLoaderServi - Loading from file system: jar:file:/C:/Users/%e6%b6%82/.m2/repository/com/github/almasb/fxgl/17.3/fxgl-17.3.jar!/fxglassets/ui/fonts/Courier-Prime.ttf
08:58:18.624 [JavaFX Application Thread] DEBUG FXGLAssetLoaderServi - Loading from file system: jar:file:/C:/Users/%e6%b6%82/.m2/repository/com/github/almasb/fxgl/17.3/fxgl-17.3.jar!/fxglassets/textures/fxgl_default_cursor.png
08:58:18.627 [JavaFX Application Thread] DEBUG Input                - Registered new binding: Screenshot - CTRL+8
08:58:18.627 [JavaFX Application Thread] DEBUG Input                - Registered new binding: Dev Options - 1
08:58:18.628 [JavaFX Application Thread] DEBUG Input                - Registered new binding: Dev Console - 2
08:58:18.628 [JavaFX Application Thread] DEBUG Input                - Registered new binding: System info dump - CTRL+9
08:58:18.629 [JavaFX Application Thread] DEBUG Input                - Registered new binding: Restart - CTRL+R
08:58:18.630 [JavaFX Application Thread] DEBUG Input                - Registered new binding: Toggle Debug Camera - CTRL+7
08:58:18.634 [JavaFX Application Thread] DEBUG LoopRunner           - Starting loop
08:58:18.654 [JavaFX Application Thread] DEBUG LoopRunner           - Initializing JavaFX AnimationTimerLoop
08:58:18.656 [JavaFX Application Thread] DEBUG GameApplicationServi - Starting new game
08:58:18.657 [JavaFX Application Thread] DEBUG Input                - Clearing active input actions
08:58:18.667 [JavaFX Application Thread] DEBUG GameApplicationServi - Removing overlay from FXGLStartupScene and adding to FXGLLoadingScene
08:58:18.673 [JavaFX Application Thread] DEBUG PrimaryStageWindow   - FXGLStartupScene -> FXGLLoadingScene
08:58:18.673 [JavaFX Application Thread] DEBUG GameApplicationServi - Clearing previous game
08:58:18.673 [JavaFX Application Thread] DEBUG GameScene            - Clearing game scene
08:58:18.673 [JavaFX Application Thread] DEBUG GameWorld            - Clearing game world
08:58:18.673 [JavaFX Application Thread] DEBUG PhysicsWorld         - Clearing physics world
08:58:18.674 [FXGL Background Thread 4 ] DEBUG FXGLApplication      - Initializing game
08:58:18.674 [JavaFX Application Thread] DEBUG FXGLApplication      - Registering font factories with UI factory
08:58:18.679 [FXGL Background Thread 4 ] DEBUG FXGLAssetLoaderServi - Loading from file system: file:/D:/code/survivior-game-tqw/survivior-game-tqw/survivior-game-main/SurvivorGame/target/classes/assets/textures/boss/Idle.png
08:58:18.688 [FXGL Background Thread 4 ] DEBUG FXGLAssetLoaderServi - Loading from file system: file:/D:/code/survivior-game-tqw/survivior-game-tqw/survivior-game-main/SurvivorGame/target/classes/assets/textures/boss/Run.png
08:58:18.694 [FXGL Background Thread 4 ] DEBUG FXGLAssetLoaderServi - Loading from file system: file:/D:/code/survivior-game-tqw/survivior-game-tqw/survivior-game-main/SurvivorGame/target/classes/assets/textures/boss/Attack1.png
08:58:18.699 [FXGL Background Thread 4 ] DEBUG FXGLAssetLoaderServi - Loading from file system: file:/D:/code/survivior-game-tqw/survivior-game-tqw/survivior-game-main/SurvivorGame/target/classes/assets/textures/boss/Attack2.png
08:58:18.707 [FXGL Background Thread 4 ] DEBUG FXGLAssetLoaderServi - Loading from file system: file:/D:/code/survivior-game-tqw/survivior-game-tqw/survivior-game-main/SurvivorGame/target/classes/assets/textures/boss/Death.png
08:58:18.713 [FXGL Background Thread 4 ] DEBUG FXGLAssetLoaderServi - Loading from file system: file:/D:/code/survivior-game-tqw/survivior-game-tqw/survivior-game-main/SurvivorGame/target/classes/assets/textures/boss/Take%20Hit.png
08:58:18.730 [FXGL Background Thread 4 ] INFO  FXGLApplication      - Game initialization took: 0.056 sec
08:58:18.802 [JavaFX Application Thread] DEBUG Input                - Clearing active input actions
08:58:18.808 [JavaFX Application Thread] DEBUG GameApplicationServi - Removing overlay from FXGLLoadingScene and adding to GameScene
08:58:18.810 [JavaFX Application Thread] DEBUG PrimaryStageWindow   - FXGLLoadingScene -> GameScene
08:58:19.073 [FXGL Background Thread 2 ] INFO  UpdaterService       - Your current version:  17.3
08:58:19.073 [FXGL Background Thread 2 ] INFO  UpdaterService       - Latest stable version: 21.1
08:58:21.577 [FXGL Background Thread 3 ] DEBUG Engine               - Logging environment variables
08:58:21.577 [FXGL Background Thread 3 ] DEBUG Engine               - achievements: []
08:58:21.577 [FXGL Background Thread 3 ] DEBUG Engine               - actualHeight: 700.0
08:58:21.577 [FXGL Background Thread 3 ] DEBUG Engine               - actualHeightProperty: ReadOnlyDoubleProperty [value: 700.0]
08:58:21.577 [FXGL Background Thread 3 ] DEBUG Engine               - actualWidth: 1000.0
08:58:21.577 [FXGL Background Thread 3 ] DEBUG Engine               - actualWidthProperty: ReadOnlyDoubleProperty [value: 1000.0]
08:58:21.577 [FXGL Background Thread 3 ] DEBUG Engine               - appIcon: fxgl_icon.png
08:58:21.577 [FXGL Background Thread 3 ] DEBUG Engine               - applicationMode: DEVELOPER
08:58:21.577 [FXGL Background Thread 3 ] DEBUG Engine               - cSSList: [fxgl_dark.css]
08:58:21.577 [FXGL Background Thread 3 ] DEBUG Engine               - collisionDetectionStrategy: BRUTE_FORCE
08:58:21.577 [FXGL Background Thread 3 ] DEBUG Engine               - configClass: Optional.empty
08:58:21.577 [FXGL Background Thread 3 ] DEBUG Engine               - credits: []
08:58:21.578 [FXGL Background Thread 3 ] DEBUG Engine               - defaultCursor: CursorInfo(imageName=fxgl_default_cursor.png, hotspotX=7.0, hotspotY=6.0)
08:58:21.578 [FXGL Background Thread 3 ] DEBUG Engine               - devBBoxColorProperty: ObjectProperty [value: 0xff0000ff]
08:58:21.578 [FXGL Background Thread 3 ] DEBUG Engine               - devEnableDebugCameraProperty: BooleanProperty [value: false]
08:58:21.578 [FXGL Background Thread 3 ] DEBUG Engine               - devSensorColorProperty: ObjectProperty [value: 0xffff00ff]
08:58:21.578 [FXGL Background Thread 3 ] DEBUG Engine               - devShowBBoxProperty: BooleanProperty [value: false]
08:58:21.578 [FXGL Background Thread 3 ] DEBUG Engine               - devShowPositionProperty: BooleanProperty [value: false]
08:58:21.578 [FXGL Background Thread 3 ] DEBUG Engine               - enabledMenuItems: []
08:58:21.578 [FXGL Background Thread 3 ] DEBUG Engine               - engineServices: [class com.almasb.fxgl.app.services.FXGLAssetLoaderService, class com.almasb.fxgl.app.FXGLApplication$GameApplicationService, class com.almasb.fxgl.app.services.FXGLDialogService, class com.almasb.fxgl.app.services.IOTaskExecutorService, class com.almasb.fxgl.io.FileSystemService, class com.almasb.fxgl.localization.LocalizationService, class com.almasb.fxgl.app.services.SystemBundleService, class com.almasb.fxgl.profile.SaveLoadService, class com.almasb.fxgl.ui.FXGLUIFactoryServiceProvider, class com.almasb.fxgl.ui.FXGLDialogFactoryServiceProvider, class com.almasb.fxgl.audio.AudioPlayer, class com.almasb.fxgl.notification.impl.NotificationServiceProvider, class com.almasb.fxgl.achievement.AchievementService, class com.almasb.fxgl.cutscene.CutsceneService, class com.almasb.fxgl.minigames.MiniGameService, class com.almasb.fxgl.net.NetService, class com.almasb.fxgl.app.services.UpdaterService, class com.almasb.fxgl.dev.DevService]
08:58:21.578 [FXGL Background Thread 3 ] DEBUG Engine               - fontGame: Abel-Regular.ttf
08:58:21.578 [FXGL Background Thread 3 ] DEBUG Engine               - fontMono: TerminalLandMono-Regular.otf
08:58:21.578 [FXGL Background Thread 3 ] DEBUG Engine               - fontSizeScaleUI: 1.0
08:58:21.578 [FXGL Background Thread 3 ] DEBUG Engine               - fontText: Courier-Prime.ttf
08:58:21.578 [FXGL Background Thread 3 ] DEBUG Engine               - fontUI: VarelaRound-Regular.ttf
08:58:21.578 [FXGL Background Thread 3 ] DEBUG Engine               - fullScreen: BooleanProperty [value: false]
08:58:21.578 [FXGL Background Thread 3 ] DEBUG Engine               - gameDifficulty: MEDIUM
08:58:21.578 [FXGL Background Thread 3 ] DEBUG Engine               - gameDifficultyProperty: ObjectProperty [value: MEDIUM]
08:58:21.578 [FXGL Background Thread 3 ] DEBUG Engine               - globalMusicVolume: 0.5
08:58:21.578 [FXGL Background Thread 3 ] DEBUG Engine               - globalMusicVolumeProperty: DoubleProperty [value: 0.5]
08:58:21.578 [FXGL Background Thread 3 ] DEBUG Engine               - globalSoundVolume: 0.5
08:58:21.578 [FXGL Background Thread 3 ] DEBUG Engine               - globalSoundVolumeProperty: DoubleProperty [value: 0.5]
08:58:21.578 [FXGL Background Thread 3 ] DEBUG Engine               - height: 700
08:58:21.578 [FXGL Background Thread 3 ] DEBUG Engine               - is3D: false
08:58:21.578 [FXGL Background Thread 3 ] DEBUG Engine               - isAndroid: false
08:58:21.578 [FXGL Background Thread 3 ] DEBUG Engine               - isBrowser: false
08:58:21.578 [FXGL Background Thread 3 ] DEBUG Engine               - isClickFeedbackEnabled: false
08:58:21.578 [FXGL Background Thread 3 ] DEBUG Engine               - isCloseConfirmation: false
08:58:21.578 [FXGL Background Thread 3 ] DEBUG Engine               - isDesktop: true
08:58:21.578 [FXGL Background Thread 3 ] DEBUG Engine               - isDeveloperMenuEnabled: true
08:58:21.578 [FXGL Background Thread 3 ] DEBUG Engine               - isEmbedded: false
08:58:21.578 [FXGL Background Thread 3 ] DEBUG Engine               - isEntityPreloadEnabled: true
08:58:21.578 [FXGL Background Thread 3 ] DEBUG Engine               - isExperimentalTiledLargeMap: false
08:58:21.578 [FXGL Background Thread 3 ] DEBUG Engine               - isFileSystemWriteAllowed: true
08:58:21.578 [FXGL Background Thread 3 ] DEBUG Engine               - isFullScreenAllowed: false
08:58:21.578 [FXGL Background Thread 3 ] DEBUG Engine               - isFullScreenFromStart: false
08:58:21.578 [FXGL Background Thread 3 ] DEBUG Engine               - isGameMenuEnabled: true
08:58:21.578 [FXGL Background Thread 3 ] DEBUG Engine               - isIOS: false
08:58:21.578 [FXGL Background Thread 3 ] DEBUG Engine               - isIntroEnabled: false
08:58:21.578 [FXGL Background Thread 3 ] DEBUG Engine               - isLinux: false
08:58:21.578 [FXGL Background Thread 3 ] DEBUG Engine               - isMac: false
08:58:21.578 [FXGL Background Thread 3 ] DEBUG Engine               - isMainMenuEnabled: false
08:58:21.579 [FXGL Background Thread 3 ] DEBUG Engine               - isManualResizeEnabled: false
08:58:21.579 [FXGL Background Thread 3 ] DEBUG Engine               - isMobile: false
08:58:21.579 [FXGL Background Thread 3 ] DEBUG Engine               - isNative: false
08:58:21.579 [FXGL Background Thread 3 ] DEBUG Engine               - isPauseMusicWhenMinimized: true
08:58:21.579 [FXGL Background Thread 3 ] DEBUG Engine               - isPreserveResizeRatio: false
08:58:21.579 [FXGL Background Thread 3 ] DEBUG Engine               - isProfilingEnabled: false
08:58:21.579 [FXGL Background Thread 3 ] DEBUG Engine               - isScaleAffectedOnResize: true
08:58:21.579 [FXGL Background Thread 3 ] DEBUG Engine               - isSingleStep: false
08:58:21.579 [FXGL Background Thread 3 ] DEBUG Engine               - isUserProfileEnabled: false
08:58:21.579 [FXGL Background Thread 3 ] DEBUG Engine               - isWindows: true
08:58:21.579 [FXGL Background Thread 3 ] DEBUG Engine               - language: ObjectProperty [value: ENGLISH]
08:58:21.579 [FXGL Background Thread 3 ] DEBUG Engine               - menuKey: ESCAPE
08:58:21.579 [FXGL Background Thread 3 ] DEBUG Engine               - mouseSensitivity: 0.2
08:58:21.579 [FXGL Background Thread 3 ] DEBUG Engine               - notificationViewClass: class com.almasb.fxgl.notification.view.XboxNotificationView
08:58:21.579 [FXGL Background Thread 3 ] DEBUG Engine               - pixelsPerMeter: 50.0
08:58:21.579 [FXGL Background Thread 3 ] DEBUG Engine               - platform: WINDOWS
08:58:21.579 [FXGL Background Thread 3 ] DEBUG Engine               - prefHeightProperty: ReadOnlyDoubleProperty [value: 700.0]
08:58:21.579 [FXGL Background Thread 3 ] DEBUG Engine               - prefWidthProperty: ReadOnlyDoubleProperty [value: 1000.0]
08:58:21.579 [FXGL Background Thread 3 ] DEBUG Engine               - profileDir: profiles/
08:58:21.579 [FXGL Background Thread 3 ] DEBUG Engine               - profileName: StringProperty [value: DEFAULT]
08:58:21.579 [FXGL Background Thread 3 ] DEBUG Engine               - randomSeed: -1
08:58:21.579 [FXGL Background Thread 3 ] DEBUG Engine               - runtimeInfo: RuntimeInfo(platform=WINDOWS, version=17.3, build=30.03.2023 11.49)
08:58:21.579 [FXGL Background Thread 3 ] DEBUG Engine               - saveFileExt: sav
08:58:21.579 [FXGL Background Thread 3 ] DEBUG Engine               - scaledHeightProp$fxgl: DoubleProperty [bound, value: 700.0]
08:58:21.579 [FXGL Background Thread 3 ] DEBUG Engine               - scaledWidthProp$fxgl: DoubleProperty [bound, value: 1000.0]
08:58:21.579 [FXGL Background Thread 3 ] DEBUG Engine               - sceneFactory: com.almasb.fxgl.app.scene.SceneFactory@27f2e6d9
08:58:21.579 [FXGL Background Thread 3 ] DEBUG Engine               - secondsIn24h: 60
08:58:21.579 [FXGL Background Thread 3 ] DEBUG Engine               - soundMenuBack: menu/back.wav
08:58:21.579 [FXGL Background Thread 3 ] DEBUG Engine               - soundMenuPress: menu/press.wav
08:58:21.579 [FXGL Background Thread 3 ] DEBUG Engine               - soundMenuSelect: menu/select.wav
08:58:21.579 [FXGL Background Thread 3 ] DEBUG Engine               - soundNotification: core/notification.wav
08:58:21.579 [FXGL Background Thread 3 ] DEBUG Engine               - stageStyle: DECORATED
08:58:21.579 [FXGL Background Thread 3 ] DEBUG Engine               - supportedLanguages: [ENGLISH, FRENCH, GERMAN, HUNGARIAN, RUSSIAN]
08:58:21.579 [FXGL Background Thread 3 ] DEBUG Engine               - ticksPerSecond: -1
08:58:21.579 [FXGL Background Thread 3 ] DEBUG Engine               - title: Boss Animation Test
08:58:21.579 [FXGL Background Thread 3 ] DEBUG Engine               - urlGithub: https://github.com/AlmasB/FXGL
08:58:21.579 [FXGL Background Thread 3 ] DEBUG Engine               - urlLeaderboard: http://fxgl-top.herokuapp.com/
08:58:21.579 [FXGL Background Thread 3 ] DEBUG Engine               - urlPOM: https://raw.githubusercontent.com/AlmasB/FXGL/release/README.md
08:58:21.579 [FXGL Background Thread 3 ] DEBUG Engine               - userAppClass: class com.survivor.main.BossAnimationTestApp
08:58:21.579 [FXGL Background Thread 3 ] DEBUG Engine               - version: 0.0
08:58:21.579 [FXGL Background Thread 3 ] DEBUG Engine               - versionCheckDays: 7
08:58:21.579 [FXGL Background Thread 3 ] DEBUG Engine               - width: 1000
08:58:21.579 [FXGL Background Thread 3 ] DEBUG Engine               - Logging services
08:58:21.580 [FXGL Background Thread 3 ] DEBUG Engine               - class com.almasb.fxgl.app.services.FXGLAssetLoaderService
08:58:21.580 [FXGL Background Thread 3 ] DEBUG Engine               - class com.almasb.fxgl.app.FXGLApplication$GameApplicationService
08:58:21.580 [FXGL Background Thread 3 ] DEBUG Engine               - class com.almasb.fxgl.app.services.FXGLDialogService
08:58:21.580 [FXGL Background Thread 3 ] DEBUG Engine               - class com.almasb.fxgl.app.services.IOTaskExecutorService
08:58:21.580 [FXGL Background Thread 3 ] DEBUG Engine               - class com.almasb.fxgl.io.FileSystemService
08:58:21.580 [FXGL Background Thread 3 ] DEBUG Engine               - class com.almasb.fxgl.localization.LocalizationService
08:58:21.580 [FXGL Background Thread 3 ] DEBUG Engine               - class com.almasb.fxgl.app.services.SystemBundleService
08:58:21.580 [FXGL Background Thread 3 ] DEBUG Engine               - class com.almasb.fxgl.profile.SaveLoadService
08:58:21.580 [FXGL Background Thread 3 ] DEBUG Engine               - class com.almasb.fxgl.ui.FXGLUIFactoryServiceProvider
08:58:21.580 [FXGL Background Thread 3 ] DEBUG Engine               - class com.almasb.fxgl.ui.FXGLDialogFactoryServiceProvider
08:58:21.580 [FXGL Background Thread 3 ] DEBUG Engine               - class com.almasb.fxgl.audio.AudioPlayer
08:58:21.580 [FXGL Background Thread 3 ] DEBUG Engine               - class com.almasb.fxgl.notification.impl.NotificationServiceProvider
08:58:21.580 [FXGL Background Thread 3 ] DEBUG Engine               - class com.almasb.fxgl.achievement.AchievementService
08:58:21.580 [FXGL Background Thread 3 ] DEBUG Engine               - class com.almasb.fxgl.cutscene.CutsceneService
08:58:21.580 [FXGL Background Thread 3 ] DEBUG Engine               - class com.almasb.fxgl.minigames.MiniGameService
08:58:21.580 [FXGL Background Thread 3 ] DEBUG Engine               - class com.almasb.fxgl.net.NetService
08:58:21.580 [FXGL Background Thread 3 ] DEBUG Engine               - class com.almasb.fxgl.app.services.UpdaterService
08:58:21.580 [FXGL Background Thread 3 ] DEBUG Engine               - class com.almasb.fxgl.dev.DevService
08:58:21.874 [JavaFX Application Thread] DEBUG FXGLApplication      - Exiting FXGL
08:58:21.874 [JavaFX Application Thread] DEBUG LoopRunner           - Stopping loop
08:58:21.874 [JavaFX Application Thread] DEBUG SystemBundleService  - Saving FXGL system data
08:58:21.876 [JavaFX Application Thread] DEBUG FileSystemAccess     - Writing to: D:\code\survivior-game-tqw\system\fxgl.bundle
08:58:21.879 [JavaFX Application Thread] DEBUG Async                - Shutting down background threads
08:58:21.879 [JavaFX Application Thread] DEBUG PrimaryStageWindow   - Closing main window
08:58:21.892 [JavaFX Application Thread] DEBUG Logger               - Closing Logger
