11:29:34.300 [main                     ] DEBUG Logger               - Configured Logger
11:29:34.313 [main                     ] DEBUG GameApplication      - Logging settings
Title: Survivor Game
Version: 1.0
Width: 1280
Height: 720
Fullscreen: false
Intro: false
Profiling: false
Single step:false
App Mode: DEVELOPER
Menu Key: ESCAPE
Stage Style: DECORATED
Scene Factory: class com.almasb.fxgl.app.scene.SceneFactory

11:29:34.645 [JavaFX Application Thread] DEBUG FXGLApplication      - Initializing FXGL
11:29:34.649 [JavaFX Application Thread] INFO  Engine               - FXGL-17.3 (30.03.2023 11.49) on WINDOWS (J:17.0.16 FX:20)
11:29:34.649 [JavaFX Application Thread] DEBUG Engine               - JRE Vendor Name: Microsoft
11:29:34.649 [JavaFX Application Thread] DEBUG Engine               - Running on OS: Windows 11 version 10.0
11:29:34.650 [JavaFX Application Thread] DEBUG Engine               - Architecture: amd64
11:29:34.650 [JavaFX Application Thread] INFO  Engine               - Source code and latest versions at: https://github.com/AlmasB/FXGL
11:29:34.650 [JavaFX Application Thread] INFO  Engine               -       Ask questions and discuss at: https://github.com/AlmasB/FXGL/discussions
11:29:34.650 [JavaFX Application Thread] INFO  Engine               -              Join the FXGL chat at: https://gitter.im/AlmasB/FXGL
11:29:34.716 [JavaFX Application Thread] DEBUG PrimaryStageWindow   - Creating a JavaFX scene
11:29:34.743 [JavaFX Application Thread] DEBUG PrimaryStageWindow   - Target settings size: 1280.0 x 720.0
11:29:34.743 [JavaFX Application Thread] DEBUG PrimaryStageWindow   - Scaled scene size:    1280.0 x 720.0
11:29:34.743 [JavaFX Application Thread] DEBUG PrimaryStageWindow   - Scaled ratio: (1.0, 1.0)
11:29:34.743 [JavaFX Application Thread] DEBUG PrimaryStageWindow   - Set initial scene to FXGLStartupScene
11:29:34.745 [JavaFX Application Thread] DEBUG PrimaryStageWindow   - Opening main window
11:29:34.798 [JavaFX Application Thread] DEBUG PrimaryStageWindow   - Window border size: (14.6666259765625, 37.33331298828125)
11:29:34.799 [JavaFX Application Thread] DEBUG PrimaryStageWindow   - Scaled size: 1280.0 x 720.0
11:29:34.799 [JavaFX Application Thread] DEBUG PrimaryStageWindow   - Scaled ratio: (1.0, 1.0)
11:29:34.799 [JavaFX Application Thread] DEBUG PrimaryStageWindow   - Scene size: 1280.0 x 720.0
11:29:34.799 [JavaFX Application Thread] DEBUG PrimaryStageWindow   - Stage size: 1294.6666259765625 x 757.3333129882812
11:29:34.803 [FXGL Background Thread 1 ] DEBUG Engine               - Initializing environment variables
11:29:34.826 [FXGL Background Thread 1 ] DEBUG FXGLAssetLoaderServi - User app class for loading assets: class com.survivor.main.GameApp
11:29:34.827 [FXGL Background Thread 1 ] DEBUG GameApplicationServi - Applying CSS: fxgl_dark.css
11:29:34.827 [FXGL Background Thread 1 ] DEBUG FXGLAssetLoaderServi - Loading from file system: jar:file:/C:/Users/zrj/.m2/repository/com/github/almasb/fxgl/17.3/fxgl-17.3.jar!/fxglassets/ui/css/fxgl_dark.css
11:29:34.850 [FXGL Background Thread 1 ] DEBUG GameApplicationServi - Initializing application scenes
11:29:34.886 [FXGL Background Thread 1 ] DEBUG GameWorld            - Game world initialized
11:29:34.918 [FXGL Background Thread 1 ] DEBUG PhysicsWorld         - Physics world initialized: appHeight=720, physics.ppm=50.0
11:29:34.918 [FXGL Background Thread 1 ] DEBUG PhysicsWorld         - Using strategy: BRUTE_FORCE
11:29:34.920 [FXGL Background Thread 1 ] DEBUG GameScene            - Game scene initialized: 1280x720
11:29:34.932 [FXGL Background Thread 1 ] DEBUG FXGL.DefaultMenu     - createMenuBodyGameMenu()
11:29:34.941 [FXGL Background Thread 1 ] DEBUG FXGL.DefaultMenu     - createOptionsMenu()
11:29:34.947 [FXGL Background Thread 1 ] DEBUG FXGLAssetLoaderServi - Loading from file system: jar:file:/C:/Users/zrj/.m2/repository/com/github/almasb/fxgl/17.3/fxgl-17.3.jar!/fxglassets/textures/particles/smoke.png
11:29:34.998 [FXGL Background Thread 1 ] DEBUG FXGLAssetLoaderServi - Loading from file system: jar:file:/C:/Users/zrj/.m2/repository/com/github/almasb/fxgl/17.3/fxgl-17.3.jar!/fxglassets/textures/particles/trace_horizontal.png
11:29:35.017 [FXGL Background Thread 1 ] DEBUG GameApplicationServi - Application scenes initialized
11:29:35.026 [FXGL Background Thread 1 ] DEBUG SystemBundleService  - Loading FXGL system data
11:29:35.029 [FXGL Background Thread 1 ] DEBUG FileSystemAccess     - Reading from: D:\javaproject\survivior-game5\system\fxgl.bundle
11:29:35.034 [FXGL Background Thread 1 ] DEBUG SystemBundleService  - Bundle FXGL: {}
11:29:35.035 [FXGL Background Thread 1 ] DEBUG UpdaterService       - Checking for updates
11:29:35.037 [FXGL Background Thread 4 ] DEBUG FXGLApplication      - Loading fonts
11:29:35.037 [FXGL Background Thread 4 ] DEBUG FXGLAssetLoaderServi - Loading from file system: jar:file:/C:/Users/zrj/.m2/repository/com/github/almasb/fxgl/17.3/fxgl-17.3.jar!/fxglassets/ui/fonts/VarelaRound-Regular.ttf
11:29:35.037 [FXGL Background Thread 1 ] DEBUG FXGLApplication      - Loading default localization
11:29:35.038 [FXGL Background Thread 1 ] DEBUG FXGLAssetLoaderServi - Loading from file system: jar:file:/C:/Users/zrj/.m2/repository/com/github/almasb/fxgl/17.3/fxgl-17.3.jar!/fxglassets/languages/english.lang
11:29:35.053 [FXGL Background Thread 1 ] INFO  FXGLApplication      - FXGL initialization took: 0.249 sec
11:29:35.054 [JavaFX Application Thread] DEBUG Input                - Clearing active input actions
11:29:35.059 [JavaFX Application Thread] DEBUG Input                - Registered new binding: Move Up - W
11:29:35.059 [JavaFX Application Thread] DEBUG Input                - Registered new binding: Move Down - S
11:29:35.059 [JavaFX Application Thread] DEBUG Input                - Registered new binding: Move Left - A
11:29:35.061 [JavaFX Application Thread] DEBUG Input                - Registered new binding: Move Right - D
11:29:35.061 [JavaFX Application Thread] DEBUG Input                - Registered new binding: AttackLeft - J
11:29:35.061 [JavaFX Application Thread] DEBUG Input                - Registered new binding: AttackRight - K
11:29:35.061 [JavaFX Application Thread] DEBUG Input                - Registered new binding: Dash - L
11:29:35.061 [JavaFX Application Thread] DEBUG FXGLAssetLoaderServi - Loading from file system: file:/D:/javaproject/survivior-game5/SurvivorGame/target/classes/assets/textures/icon.png
11:29:35.065 [JavaFX Application Thread] DEBUG FXGLAssetLoaderServi - Loading from file system: jar:file:/C:/Users/zrj/.m2/repository/com/github/almasb/fxgl/17.3/fxgl-17.3.jar!/fxglassets/textures/fxgl_default_cursor.png
11:29:35.067 [JavaFX Application Thread] DEBUG Input                - Registered new binding: Screenshot - CTRL+8
11:29:35.068 [JavaFX Application Thread] DEBUG Input                - Registered new binding: System info dump - CTRL+9
11:29:35.068 [JavaFX Application Thread] DEBUG Input                - Registered new binding: Restart - CTRL+R
11:29:35.068 [JavaFX Application Thread] DEBUG Input                - Registered new binding: Toggle Debug Camera - CTRL+7
11:29:35.071 [JavaFX Application Thread] DEBUG LoopRunner           - Starting loop
11:29:35.072 [JavaFX Application Thread] DEBUG LoopRunner           - Initializing ScheduledExecutorLoop with fps: 120
11:29:35.072 [JavaFX Application Thread] DEBUG GameApplicationServi - Starting new game
11:29:35.074 [JavaFX Application Thread] DEBUG Input                - Clearing active input actions
11:29:35.083 [JavaFX Application Thread] DEBUG GameApplicationServi - Removing overlay from FXGLStartupScene and adding to FXGLLoadingScene
11:29:35.083 [JavaFX Application Thread] DEBUG PrimaryStageWindow   - FXGLStartupScene -> FXGLLoadingScene
11:29:35.083 [JavaFX Application Thread] DEBUG GameApplicationServi - Clearing previous game
11:29:35.083 [JavaFX Application Thread] DEBUG GameScene            - Clearing game scene
11:29:35.083 [JavaFX Application Thread] DEBUG GameWorld            - Clearing game world
11:29:35.083 [JavaFX Application Thread] DEBUG PhysicsWorld         - Clearing physics world
11:29:35.085 [FXGL Background Thread 1 ] DEBUG FXGLApplication      - Initializing game
11:29:35.101 [FXGL Background Thread 4 ] DEBUG FXGLAssetLoaderServi - Loading from file system: jar:file:/C:/Users/zrj/.m2/repository/com/github/almasb/fxgl/17.3/fxgl-17.3.jar!/fxglassets/ui/fonts/Abel-Regular.ttf
11:29:35.109 [FXGL Background Thread 4 ] DEBUG FXGLAssetLoaderServi - Loading from file system: jar:file:/C:/Users/zrj/.m2/repository/com/github/almasb/fxgl/17.3/fxgl-17.3.jar!/fxglassets/ui/fonts/TerminalLandMono-Regular.otf
11:29:35.118 [FXGL Background Thread 4 ] DEBUG FXGLAssetLoaderServi - Loading from file system: jar:file:/C:/Users/zrj/.m2/repository/com/github/almasb/fxgl/17.3/fxgl-17.3.jar!/fxglassets/ui/fonts/Courier-Prime.ttf
11:29:35.131 [JavaFX Application Thread] DEBUG FXGLApplication      - Registering font factories with UI factory
11:29:35.479 [FXGL Background Thread 1 ] WARN  TMXLevelLoader       - TiledMap generated from 1.11.2. Supported version: 1.9.0. Some features may not be parsed fully.
11:29:35.576 [FXGL Background Thread 1 ] DEBUG TMXLevelLoader       - Parsed TiledMap: file:/D:/javaproject/survivior-game5/SurvivorGame/target/classes/assets/levels/Bigdongeonmap.tmx
11:29:35.578 [FXGL Background Thread 1 ] DEBUG TMXLevelLoader       - Creating tile layer entities
11:29:35.580 [FXGL Background Thread 1 ] DEBUG TilesetLoader        - Loading view for layer 图块层 1
11:29:35.623 [FXGL Background Thread 1 ] DEBUG TilesetLoader        - Created buffer with size 9600.0x5600.0
11:29:35.696 [FXGL Background Thread 1 ] DEBUG TilesetLoader        - Loading view for layer 图块层 2
11:29:35.739 [FXGL Background Thread 1 ] DEBUG TilesetLoader        - Created buffer with size 9600.0x5600.0
11:29:35.757 [FXGL Background Thread 1 ] DEBUG TMXLevelLoader       - Creating object layer entities
11:29:35.815 [FXGL Background Thread 1 ] DEBUG GameWorld            - Clearing removable entities
11:29:35.815 [FXGL Background Thread 1 ] DEBUG GameWorld            - Setting level: com.almasb.fxgl.entity.level.Level@56825117
11:29:35.846 [FXGL Background Thread 1 ] DEBUG FXGLAssetLoaderServi - Loading from file system: file:/D:/javaproject/survivior-game5/SurvivorGame/target/classes/assets/textures/Idle.png
11:29:35.849 [FXGL Background Thread 1 ] DEBUG FXGLAssetLoaderServi - Loading from file system: file:/D:/javaproject/survivior-game5/SurvivorGame/target/classes/assets/textures/Run.png
11:29:35.852 [FXGL Background Thread 1 ] DEBUG FXGLAssetLoaderServi - Loading from file system: file:/D:/javaproject/survivior-game5/SurvivorGame/target/classes/assets/textures/Attack3.png
11:29:35.857 [FXGL Background Thread 1 ] DEBUG FXGLAssetLoaderServi - Loading from file system: file:/D:/javaproject/survivior-game5/SurvivorGame/target/classes/assets/sounds/sword-slash-315218.mp3
11:29:35.862 [FXGL Background Thread 1 ] DEBUG FXGLAssetLoaderServi - Loading from file system: file:/D:/javaproject/survivior-game5/SurvivorGame/target/classes/assets/sounds/split-%5bAudioTrimmer.com%5d.mp3
11:29:35.862 [FXGL Background Thread 1 ] DEBUG FXGLAssetLoaderServi - Loading from file system: file:/D:/javaproject/survivior-game5/SurvivorGame/target/classes/assets/sounds/die_knight.wav
11:29:35.866 [FXGL Background Thread 1 ] INFO  FXGLApplication      - Game initialization took: 0.781 sec
11:29:35.866 [JavaFX Application Thread] DEBUG Input                - Clearing active input actions
11:29:35.880 [JavaFX Application Thread] DEBUG GameApplicationServi - Removing overlay from FXGLLoadingScene and adding to GameScene
11:29:35.880 [JavaFX Application Thread] DEBUG PrimaryStageWindow   - FXGLLoadingScene -> GameScene
11:29:36.567 [JavaFX Application Thread] DEBUG FXGLAssetLoaderServi - Loading from file system: file:/D:/javaproject/survivior-game5/SurvivorGame/target/classes/assets/textures/boss/Idle.png
11:29:36.588 [JavaFX Application Thread] DEBUG FXGLAssetLoaderServi - Loading from file system: file:/D:/javaproject/survivior-game5/SurvivorGame/target/classes/assets/textures/boss/Run.png
11:29:36.608 [JavaFX Application Thread] DEBUG FXGLAssetLoaderServi - Loading from file system: file:/D:/javaproject/survivior-game5/SurvivorGame/target/classes/assets/textures/boss/Attack1.png
11:29:36.612 [JavaFX Application Thread] DEBUG FXGLAssetLoaderServi - Loading from file system: file:/D:/javaproject/survivior-game5/SurvivorGame/target/classes/assets/textures/boss/Attack2.png
11:29:36.617 [JavaFX Application Thread] DEBUG FXGLAssetLoaderServi - Loading from file system: file:/D:/javaproject/survivior-game5/SurvivorGame/target/classes/assets/textures/boss/Death.png
11:29:36.620 [JavaFX Application Thread] DEBUG FXGLAssetLoaderServi - Loading from file system: file:/D:/javaproject/survivior-game5/SurvivorGame/target/classes/assets/textures/boss/Take%20Hit.png
11:29:38.037 [FXGL Background Thread 3 ] DEBUG Engine               - Logging environment variables
11:29:38.037 [FXGL Background Thread 3 ] DEBUG Engine               - achievements: []
11:29:38.037 [FXGL Background Thread 3 ] DEBUG Engine               - actualHeight: 720.0
11:29:38.037 [FXGL Background Thread 3 ] DEBUG Engine               - actualHeightProperty: ReadOnlyDoubleProperty [value: 720.0]
11:29:38.037 [FXGL Background Thread 3 ] DEBUG Engine               - actualWidth: 1280.0
11:29:38.037 [FXGL Background Thread 3 ] DEBUG Engine               - actualWidthProperty: ReadOnlyDoubleProperty [value: 1280.0]
11:29:38.038 [FXGL Background Thread 3 ] DEBUG Engine               - appIcon: icon.png
11:29:38.038 [FXGL Background Thread 3 ] DEBUG Engine               - applicationMode: DEVELOPER
11:29:38.038 [FXGL Background Thread 3 ] DEBUG Engine               - cSSList: [fxgl_dark.css]
11:29:38.038 [FXGL Background Thread 3 ] DEBUG Engine               - collisionDetectionStrategy: BRUTE_FORCE
11:29:38.038 [FXGL Background Thread 3 ] DEBUG Engine               - configClass: Optional.empty
11:29:38.038 [FXGL Background Thread 3 ] DEBUG Engine               - credits: []
11:29:38.038 [FXGL Background Thread 3 ] DEBUG Engine               - defaultCursor: CursorInfo(imageName=fxgl_default_cursor.png, hotspotX=7.0, hotspotY=6.0)
11:29:38.038 [FXGL Background Thread 3 ] DEBUG Engine               - devBBoxColorProperty: ObjectProperty [value: 0xff0000ff]
11:29:38.038 [FXGL Background Thread 3 ] DEBUG Engine               - devEnableDebugCameraProperty: BooleanProperty [value: false]
11:29:38.039 [FXGL Background Thread 3 ] DEBUG Engine               - devSensorColorProperty: ObjectProperty [value: 0xffff00ff]
11:29:38.039 [FXGL Background Thread 3 ] DEBUG Engine               - devShowBBoxProperty: BooleanProperty [value: false]
11:29:38.039 [FXGL Background Thread 3 ] DEBUG Engine               - devShowPositionProperty: BooleanProperty [value: false]
11:29:38.039 [FXGL Background Thread 3 ] DEBUG Engine               - enabledMenuItems: []
11:29:38.039 [FXGL Background Thread 3 ] DEBUG Engine               - engineServices: [class com.almasb.fxgl.app.services.FXGLAssetLoaderService, class com.almasb.fxgl.app.FXGLApplication$GameApplicationService, class com.almasb.fxgl.app.services.FXGLDialogService, class com.almasb.fxgl.app.services.IOTaskExecutorService, class com.almasb.fxgl.io.FileSystemService, class com.almasb.fxgl.localization.LocalizationService, class com.almasb.fxgl.app.services.SystemBundleService, class com.almasb.fxgl.profile.SaveLoadService, class com.almasb.fxgl.ui.FXGLUIFactoryServiceProvider, class com.almasb.fxgl.ui.FXGLDialogFactoryServiceProvider, class com.almasb.fxgl.audio.AudioPlayer, class com.almasb.fxgl.notification.impl.NotificationServiceProvider, class com.almasb.fxgl.achievement.AchievementService, class com.almasb.fxgl.cutscene.CutsceneService, class com.almasb.fxgl.minigames.MiniGameService, class com.almasb.fxgl.net.NetService, class com.almasb.fxgl.app.services.UpdaterService, class com.almasb.fxgl.dev.DevService]
11:29:38.039 [FXGL Background Thread 3 ] DEBUG Engine               - fontGame: Abel-Regular.ttf
11:29:38.039 [FXGL Background Thread 3 ] DEBUG Engine               - fontMono: TerminalLandMono-Regular.otf
11:29:38.039 [FXGL Background Thread 3 ] DEBUG Engine               - fontSizeScaleUI: 1.0
11:29:38.039 [FXGL Background Thread 3 ] DEBUG Engine               - fontText: Courier-Prime.ttf
11:29:38.039 [FXGL Background Thread 3 ] DEBUG Engine               - fontUI: VarelaRound-Regular.ttf
11:29:38.039 [FXGL Background Thread 3 ] DEBUG Engine               - fullScreen: BooleanProperty [value: false]
11:29:38.039 [FXGL Background Thread 3 ] DEBUG Engine               - gameDifficulty: MEDIUM
11:29:38.039 [FXGL Background Thread 3 ] DEBUG Engine               - gameDifficultyProperty: ObjectProperty [value: MEDIUM]
11:29:38.039 [FXGL Background Thread 3 ] DEBUG Engine               - globalMusicVolume: 0.5
11:29:38.039 [FXGL Background Thread 3 ] DEBUG Engine               - globalMusicVolumeProperty: DoubleProperty [value: 0.5]
11:29:38.039 [FXGL Background Thread 3 ] DEBUG Engine               - globalSoundVolume: 0.5
11:29:38.039 [FXGL Background Thread 3 ] DEBUG Engine               - globalSoundVolumeProperty: DoubleProperty [value: 0.5]
11:29:38.039 [FXGL Background Thread 3 ] DEBUG Engine               - height: 720
11:29:38.039 [FXGL Background Thread 3 ] DEBUG Engine               - is3D: false
11:29:38.039 [FXGL Background Thread 3 ] DEBUG Engine               - isAndroid: false
11:29:38.039 [FXGL Background Thread 3 ] DEBUG Engine               - isBrowser: false
11:29:38.039 [FXGL Background Thread 3 ] DEBUG Engine               - isClickFeedbackEnabled: false
11:29:38.039 [FXGL Background Thread 3 ] DEBUG Engine               - isCloseConfirmation: false
11:29:38.039 [FXGL Background Thread 3 ] DEBUG Engine               - isDesktop: true
11:29:38.040 [FXGL Background Thread 3 ] DEBUG Engine               - isDeveloperMenuEnabled: false
11:29:38.040 [FXGL Background Thread 3 ] DEBUG Engine               - isEmbedded: false
11:29:38.040 [FXGL Background Thread 3 ] DEBUG Engine               - isEntityPreloadEnabled: true
11:29:38.040 [FXGL Background Thread 3 ] DEBUG Engine               - isExperimentalTiledLargeMap: false
11:29:38.040 [FXGL Background Thread 3 ] DEBUG Engine               - isFileSystemWriteAllowed: true
11:29:38.040 [FXGL Background Thread 3 ] DEBUG Engine               - isFullScreenAllowed: false
11:29:38.040 [FXGL Background Thread 3 ] DEBUG Engine               - isFullScreenFromStart: false
11:29:38.040 [FXGL Background Thread 3 ] DEBUG Engine               - isGameMenuEnabled: true
11:29:38.040 [FXGL Background Thread 3 ] DEBUG Engine               - isIOS: false
11:29:38.040 [FXGL Background Thread 3 ] DEBUG Engine               - isIntroEnabled: false
11:29:38.040 [FXGL Background Thread 3 ] DEBUG Engine               - isLinux: false
11:29:38.040 [FXGL Background Thread 3 ] DEBUG Engine               - isMac: false
11:29:38.040 [FXGL Background Thread 3 ] DEBUG Engine               - isMainMenuEnabled: false
11:29:38.040 [FXGL Background Thread 3 ] DEBUG Engine               - isManualResizeEnabled: false
11:29:38.040 [FXGL Background Thread 3 ] DEBUG Engine               - isMobile: false
11:29:38.040 [FXGL Background Thread 3 ] DEBUG Engine               - isNative: false
11:29:38.040 [FXGL Background Thread 3 ] DEBUG Engine               - isPauseMusicWhenMinimized: true
11:29:38.040 [FXGL Background Thread 3 ] DEBUG Engine               - isPreserveResizeRatio: false
11:29:38.040 [FXGL Background Thread 3 ] DEBUG Engine               - isProfilingEnabled: false
11:29:38.040 [FXGL Background Thread 3 ] DEBUG Engine               - isScaleAffectedOnResize: true
11:29:38.040 [FXGL Background Thread 3 ] DEBUG Engine               - isSingleStep: false
11:29:38.040 [FXGL Background Thread 3 ] DEBUG Engine               - isUserProfileEnabled: false
11:29:38.040 [FXGL Background Thread 3 ] DEBUG Engine               - isWindows: true
11:29:38.040 [FXGL Background Thread 3 ] DEBUG Engine               - language: ObjectProperty [value: ENGLISH]
11:29:38.040 [FXGL Background Thread 3 ] DEBUG Engine               - menuKey: ESCAPE
11:29:38.040 [FXGL Background Thread 3 ] DEBUG Engine               - mouseSensitivity: 0.2
11:29:38.040 [FXGL Background Thread 3 ] DEBUG Engine               - notificationViewClass: class com.almasb.fxgl.notification.view.XboxNotificationView
11:29:38.040 [FXGL Background Thread 3 ] DEBUG Engine               - pixelsPerMeter: 50.0
11:29:38.040 [FXGL Background Thread 3 ] DEBUG Engine               - platform: WINDOWS
11:29:38.040 [FXGL Background Thread 3 ] DEBUG Engine               - prefHeightProperty: ReadOnlyDoubleProperty [value: 720.0]
11:29:38.040 [FXGL Background Thread 3 ] DEBUG Engine               - prefWidthProperty: ReadOnlyDoubleProperty [value: 1280.0]
11:29:38.040 [FXGL Background Thread 3 ] DEBUG Engine               - profileDir: profiles/
11:29:38.040 [FXGL Background Thread 3 ] DEBUG Engine               - profileName: StringProperty [value: DEFAULT]
11:29:38.040 [FXGL Background Thread 3 ] DEBUG Engine               - randomSeed: -1
11:29:38.041 [FXGL Background Thread 3 ] DEBUG Engine               - runtimeInfo: RuntimeInfo(platform=WINDOWS, version=17.3, build=30.03.2023 11.49)
11:29:38.041 [FXGL Background Thread 3 ] DEBUG Engine               - saveFileExt: sav
11:29:38.041 [FXGL Background Thread 3 ] DEBUG Engine               - scaledHeightProp$fxgl: DoubleProperty [bound, value: 720.0]
11:29:38.041 [FXGL Background Thread 3 ] DEBUG Engine               - scaledWidthProp$fxgl: DoubleProperty [bound, value: 1280.0]
11:29:38.041 [FXGL Background Thread 3 ] DEBUG Engine               - sceneFactory: com.almasb.fxgl.app.scene.SceneFactory@4ae63536
11:29:38.041 [FXGL Background Thread 3 ] DEBUG Engine               - secondsIn24h: 60
11:29:38.041 [FXGL Background Thread 3 ] DEBUG Engine               - soundMenuBack: menu/back.wav
11:29:38.041 [FXGL Background Thread 3 ] DEBUG Engine               - soundMenuPress: menu/press.wav
11:29:38.041 [FXGL Background Thread 3 ] DEBUG Engine               - soundMenuSelect: menu/select.wav
11:29:38.041 [FXGL Background Thread 3 ] DEBUG Engine               - soundNotification: core/notification.wav
11:29:38.041 [FXGL Background Thread 3 ] DEBUG Engine               - stageStyle: DECORATED
11:29:38.041 [FXGL Background Thread 3 ] DEBUG Engine               - supportedLanguages: [ENGLISH, FRENCH, GERMAN, HUNGARIAN, RUSSIAN]
11:29:38.041 [FXGL Background Thread 3 ] DEBUG Engine               - ticksPerSecond: 120
11:29:38.041 [FXGL Background Thread 3 ] DEBUG Engine               - title: Survivor Game
11:29:38.041 [FXGL Background Thread 3 ] DEBUG Engine               - urlGithub: https://github.com/AlmasB/FXGL
11:29:38.041 [FXGL Background Thread 3 ] DEBUG Engine               - urlLeaderboard: http://fxgl-top.herokuapp.com/
11:29:38.041 [FXGL Background Thread 3 ] DEBUG Engine               - urlPOM: https://raw.githubusercontent.com/AlmasB/FXGL/release/README.md
11:29:38.041 [FXGL Background Thread 3 ] DEBUG Engine               - userAppClass: class com.survivor.main.GameApp
11:29:38.041 [FXGL Background Thread 3 ] DEBUG Engine               - version: 1.0
11:29:38.041 [FXGL Background Thread 3 ] DEBUG Engine               - versionCheckDays: 7
11:29:38.041 [FXGL Background Thread 3 ] DEBUG Engine               - width: 1280
11:29:38.041 [FXGL Background Thread 3 ] DEBUG Engine               - Logging services
11:29:38.041 [FXGL Background Thread 3 ] DEBUG Engine               - class com.almasb.fxgl.app.services.FXGLAssetLoaderService
11:29:38.041 [FXGL Background Thread 3 ] DEBUG Engine               - class com.almasb.fxgl.app.FXGLApplication$GameApplicationService
11:29:38.041 [FXGL Background Thread 3 ] DEBUG Engine               - class com.almasb.fxgl.app.services.FXGLDialogService
11:29:38.042 [FXGL Background Thread 3 ] DEBUG Engine               - class com.almasb.fxgl.app.services.IOTaskExecutorService
11:29:38.042 [FXGL Background Thread 3 ] DEBUG Engine               - class com.almasb.fxgl.io.FileSystemService
11:29:38.042 [FXGL Background Thread 3 ] DEBUG Engine               - class com.almasb.fxgl.localization.LocalizationService
11:29:38.042 [FXGL Background Thread 3 ] DEBUG Engine               - class com.almasb.fxgl.app.services.SystemBundleService
11:29:38.042 [FXGL Background Thread 3 ] DEBUG Engine               - class com.almasb.fxgl.profile.SaveLoadService
11:29:38.042 [FXGL Background Thread 3 ] DEBUG Engine               - class com.almasb.fxgl.ui.FXGLUIFactoryServiceProvider
11:29:38.042 [FXGL Background Thread 3 ] DEBUG Engine               - class com.almasb.fxgl.ui.FXGLDialogFactoryServiceProvider
11:29:38.042 [FXGL Background Thread 3 ] DEBUG Engine               - class com.almasb.fxgl.audio.AudioPlayer
11:29:38.042 [FXGL Background Thread 3 ] DEBUG Engine               - class com.almasb.fxgl.notification.impl.NotificationServiceProvider
11:29:38.042 [FXGL Background Thread 3 ] DEBUG Engine               - class com.almasb.fxgl.achievement.AchievementService
11:29:38.042 [FXGL Background Thread 3 ] DEBUG Engine               - class com.almasb.fxgl.cutscene.CutsceneService
11:29:38.042 [FXGL Background Thread 3 ] DEBUG Engine               - class com.almasb.fxgl.minigames.MiniGameService
11:29:38.042 [FXGL Background Thread 3 ] DEBUG Engine               - class com.almasb.fxgl.net.NetService
11:29:38.042 [FXGL Background Thread 3 ] DEBUG Engine               - class com.almasb.fxgl.app.services.UpdaterService
11:29:38.042 [FXGL Background Thread 3 ] DEBUG Engine               - class com.almasb.fxgl.dev.DevService
11:30:00.667 [JavaFX Application Thread] DEBUG FXGLApplication      - Exiting FXGL
11:30:00.667 [JavaFX Application Thread] DEBUG LoopRunner           - Stopping loop
11:30:00.667 [JavaFX Application Thread] DEBUG SystemBundleService  - Saving FXGL system data
11:30:00.668 [JavaFX Application Thread] DEBUG FileSystemAccess     - Writing to: D:\javaproject\survivior-game5\system\fxgl.bundle
11:30:00.669 [JavaFX Application Thread] DEBUG Async                - Shutting down background threads
11:30:00.669 [JavaFX Application Thread] DEBUG PrimaryStageWindow   - Closing main window
11:30:00.681 [JavaFX Application Thread] DEBUG Logger               - Closing Logger
