08:55:31.823 [main                     ] DEBUG Logger               - Configured Logger
08:55:31.840 [main                     ] DEBUG GameApplication      - Logging settings
Title: Survivor Game
Version: 1.0
Width: 1280
Height: 720
Fullscreen: false
Intro: false
Profiling: false
Single step:false
App Mode: DEVELOPER
Menu Key: ESCAPE
Stage Style: DECORATED
Scene Factory: class com.almasb.fxgl.app.scene.SceneFactory

08:55:32.169 [JavaFX Application Thread] DEBUG FXGLApplication      - Initializing FXGL
08:55:32.173 [JavaFX Application Thread] INFO  Engine               - FXGL-17.3 (30.03.2023 11.49) on WINDOWS (J:17.0.16 FX:20)
08:55:32.173 [JavaFX Application Thread] DEBUG Engine               - JRE Vendor Name: Microsoft
08:55:32.173 [JavaFX Application Thread] DEBUG Engine               - Running on OS: Windows 11 version 10.0
08:55:32.173 [JavaFX Application Thread] DEBUG Engine               - Architecture: amd64
08:55:32.173 [JavaFX Application Thread] INFO  Engine               - Source code and latest versions at: https://github.com/AlmasB/FXGL
08:55:32.173 [JavaFX Application Thread] INFO  Engine               -       Ask questions and discuss at: https://github.com/AlmasB/FXGL/discussions
08:55:32.173 [JavaFX Application Thread] INFO  Engine               -              Join the FXGL chat at: https://gitter.im/AlmasB/FXGL
08:55:32.245 [JavaFX Application Thread] DEBUG PrimaryStageWindow   - Creating a JavaFX scene
08:55:32.273 [JavaFX Application Thread] DEBUG PrimaryStageWindow   - Target settings size: 1280.0 x 720.0
08:55:32.273 [JavaFX Application Thread] DEBUG PrimaryStageWindow   - Scaled scene size:    1280.0 x 720.0
08:55:32.273 [JavaFX Application Thread] DEBUG PrimaryStageWindow   - Scaled ratio: (1.0, 1.0)
08:55:32.274 [JavaFX Application Thread] DEBUG PrimaryStageWindow   - Set initial scene to FXGLStartupScene
08:55:32.275 [JavaFX Application Thread] DEBUG PrimaryStageWindow   - Opening main window
08:55:32.319 [JavaFX Application Thread] DEBUG PrimaryStageWindow   - Window border size: (14.6666259765625, 37.33331298828125)
08:55:32.319 [JavaFX Application Thread] DEBUG PrimaryStageWindow   - Scaled size: 1280.0 x 720.0
08:55:32.319 [JavaFX Application Thread] DEBUG PrimaryStageWindow   - Scaled ratio: (1.0, 1.0)
08:55:32.320 [JavaFX Application Thread] DEBUG PrimaryStageWindow   - Scene size: 1280.0 x 720.0
08:55:32.320 [JavaFX Application Thread] DEBUG PrimaryStageWindow   - Stage size: 1294.6666259765625 x 757.3333129882812
08:55:32.326 [FXGL Background Thread 1 ] DEBUG Engine               - Initializing environment variables
08:55:32.345 [FXGL Background Thread 1 ] DEBUG FXGLAssetLoaderServi - User app class for loading assets: class com.survivor.main.GameApp
08:55:32.345 [FXGL Background Thread 1 ] DEBUG GameApplicationServi - Applying CSS: fxgl_dark.css
08:55:32.346 [FXGL Background Thread 1 ] DEBUG FXGLAssetLoaderServi - Loading from file system: jar:file:/C:/Users/zrj/.m2/repository/com/github/almasb/fxgl/17.3/fxgl-17.3.jar!/fxglassets/ui/css/fxgl_dark.css
08:55:32.368 [FXGL Background Thread 1 ] DEBUG GameApplicationServi - Initializing application scenes
08:55:32.407 [FXGL Background Thread 1 ] DEBUG GameWorld            - Game world initialized
08:55:32.439 [FXGL Background Thread 1 ] DEBUG PhysicsWorld         - Physics world initialized: appHeight=720, physics.ppm=50.0
08:55:32.439 [FXGL Background Thread 1 ] DEBUG PhysicsWorld         - Using strategy: BRUTE_FORCE
08:55:32.442 [FXGL Background Thread 1 ] DEBUG GameScene            - Game scene initialized: 1280x720
08:55:32.451 [FXGL Background Thread 1 ] DEBUG FXGL.DefaultMenu     - createMenuBodyGameMenu()
08:55:32.464 [FXGL Background Thread 1 ] DEBUG FXGL.DefaultMenu     - createOptionsMenu()
08:55:32.472 [FXGL Background Thread 1 ] DEBUG FXGLAssetLoaderServi - Loading from file system: jar:file:/C:/Users/zrj/.m2/repository/com/github/almasb/fxgl/17.3/fxgl-17.3.jar!/fxglassets/textures/particles/smoke.png
08:55:32.527 [FXGL Background Thread 1 ] DEBUG FXGLAssetLoaderServi - Loading from file system: jar:file:/C:/Users/zrj/.m2/repository/com/github/almasb/fxgl/17.3/fxgl-17.3.jar!/fxglassets/textures/particles/trace_horizontal.png
08:55:32.548 [FXGL Background Thread 1 ] DEBUG GameApplicationServi - Application scenes initialized
08:55:32.557 [FXGL Background Thread 1 ] DEBUG SystemBundleService  - Loading FXGL system data
08:55:32.559 [FXGL Background Thread 1 ] DEBUG FileSystemAccess     - Reading from: D:\javaproject\survivior-game5\system\fxgl.bundle
08:55:32.565 [FXGL Background Thread 1 ] DEBUG SystemBundleService  - Bundle FXGL: {}
08:55:32.565 [FXGL Background Thread 1 ] DEBUG UpdaterService       - Checking for updates
08:55:32.568 [FXGL Background Thread 4 ] DEBUG FXGLApplication      - Loading fonts
08:55:32.568 [FXGL Background Thread 4 ] DEBUG FXGLAssetLoaderServi - Loading from file system: jar:file:/C:/Users/zrj/.m2/repository/com/github/almasb/fxgl/17.3/fxgl-17.3.jar!/fxglassets/ui/fonts/VarelaRound-Regular.ttf
08:55:32.568 [FXGL Background Thread 1 ] DEBUG FXGLApplication      - Loading default localization
08:55:32.569 [FXGL Background Thread 1 ] DEBUG FXGLAssetLoaderServi - Loading from file system: jar:file:/C:/Users/zrj/.m2/repository/com/github/almasb/fxgl/17.3/fxgl-17.3.jar!/fxglassets/languages/english.lang
08:55:32.585 [FXGL Background Thread 1 ] INFO  FXGLApplication      - FXGL initialization took: 0.260 sec
08:55:32.586 [JavaFX Application Thread] DEBUG FXGLAssetLoaderServi - Loading from file system: file:/D:/javaproject/survivior-game5/SurvivorGame/target/classes/assets/textures/icon.png
08:55:32.591 [JavaFX Application Thread] DEBUG FXGLAssetLoaderServi - Loading from file system: jar:file:/C:/Users/zrj/.m2/repository/com/github/almasb/fxgl/17.3/fxgl-17.3.jar!/fxglassets/textures/fxgl_default_cursor.png
08:55:32.600 [JavaFX Application Thread] DEBUG Input                - Registered new binding: Screenshot - CTRL+8
08:55:32.602 [JavaFX Application Thread] DEBUG Input                - Registered new binding: System info dump - CTRL+9
08:55:32.602 [JavaFX Application Thread] DEBUG Input                - Registered new binding: Restart - CTRL+R
08:55:32.603 [JavaFX Application Thread] DEBUG Input                - Registered new binding: Toggle Debug Camera - CTRL+7
08:55:32.605 [JavaFX Application Thread] DEBUG LoopRunner           - Starting loop
08:55:32.605 [JavaFX Application Thread] DEBUG LoopRunner           - Initializing ScheduledExecutorLoop with fps: 120
08:55:32.606 [JavaFX Application Thread] DEBUG GameApplicationServi - Starting new game
08:55:32.607 [JavaFX Application Thread] DEBUG Input                - Clearing active input actions
08:55:32.616 [JavaFX Application Thread] DEBUG GameApplicationServi - Removing overlay from FXGLStartupScene and adding to FXGLLoadingScene
08:55:32.617 [JavaFX Application Thread] DEBUG PrimaryStageWindow   - FXGLStartupScene -> FXGLLoadingScene
08:55:32.617 [JavaFX Application Thread] DEBUG GameApplicationServi - Clearing previous game
08:55:32.617 [JavaFX Application Thread] DEBUG GameScene            - Clearing game scene
08:55:32.617 [JavaFX Application Thread] DEBUG GameWorld            - Clearing game world
08:55:32.617 [JavaFX Application Thread] DEBUG PhysicsWorld         - Clearing physics world
08:55:32.619 [FXGL Background Thread 1 ] DEBUG FXGLApplication      - Initializing game
08:55:32.641 [FXGL Background Thread 4 ] DEBUG FXGLAssetLoaderServi - Loading from file system: jar:file:/C:/Users/zrj/.m2/repository/com/github/almasb/fxgl/17.3/fxgl-17.3.jar!/fxglassets/ui/fonts/Abel-Regular.ttf
08:55:32.654 [FXGL Background Thread 4 ] DEBUG FXGLAssetLoaderServi - Loading from file system: jar:file:/C:/Users/zrj/.m2/repository/com/github/almasb/fxgl/17.3/fxgl-17.3.jar!/fxglassets/ui/fonts/TerminalLandMono-Regular.otf
08:55:32.666 [FXGL Background Thread 4 ] DEBUG FXGLAssetLoaderServi - Loading from file system: jar:file:/C:/Users/zrj/.m2/repository/com/github/almasb/fxgl/17.3/fxgl-17.3.jar!/fxglassets/ui/fonts/Courier-Prime.ttf
08:55:32.721 [JavaFX Application Thread] DEBUG FXGLApplication      - Registering font factories with UI factory
08:55:32.972 [FXGL Background Thread 1 ] WARN  TMXLevelLoader       - TiledMap generated from 1.11.2. Supported version: 1.9.0. Some features may not be parsed fully.
08:55:33.078 [FXGL Background Thread 1 ] DEBUG TMXLevelLoader       - Parsed TiledMap: file:/D:/javaproject/survivior-game5/SurvivorGame/target/classes/assets/levels/Bigdongeonmap.tmx
08:55:33.079 [FXGL Background Thread 1 ] DEBUG TMXLevelLoader       - Creating tile layer entities
08:55:33.081 [FXGL Background Thread 1 ] DEBUG TilesetLoader        - Loading view for layer 图块层 1
08:55:33.122 [FXGL Background Thread 1 ] DEBUG TilesetLoader        - Created buffer with size 9600.0x5600.0
08:55:33.198 [FXGL Background Thread 1 ] DEBUG TilesetLoader        - Loading view for layer 图块层 2
08:55:33.241 [FXGL Background Thread 1 ] DEBUG TilesetLoader        - Created buffer with size 9600.0x5600.0
08:55:33.321 [FXGL Background Thread 1 ] DEBUG TMXLevelLoader       - Creating object layer entities
08:55:33.383 [FXGL Background Thread 1 ] DEBUG GameWorld            - Clearing removable entities
08:55:33.383 [FXGL Background Thread 1 ] DEBUG GameWorld            - Setting level: com.almasb.fxgl.entity.level.Level@34c3780e
08:55:33.413 [FXGL Background Thread 1 ] DEBUG Input                - Registered new binding: Move Up - W
08:55:33.413 [FXGL Background Thread 1 ] DEBUG Input                - Registered new binding: Move Down - S
08:55:33.414 [FXGL Background Thread 1 ] DEBUG Input                - Registered new binding: Move Left - A
08:55:33.414 [FXGL Background Thread 1 ] DEBUG Input                - Registered new binding: Move Right - D
08:55:33.414 [FXGL Background Thread 1 ] DEBUG Input                - Registered new binding: AttackLeft - J
08:55:33.414 [FXGL Background Thread 1 ] DEBUG Input                - Registered new binding: AttackRight - K
08:55:33.414 [FXGL Background Thread 1 ] DEBUG Input                - Registered new binding: Dash - L
08:55:33.416 [FXGL Background Thread 1 ] DEBUG FXGLAssetLoaderServi - Loading from file system: file:/D:/javaproject/survivior-game5/SurvivorGame/target/classes/assets/textures/Idle.png
08:55:33.420 [FXGL Background Thread 1 ] DEBUG FXGLAssetLoaderServi - Loading from file system: file:/D:/javaproject/survivior-game5/SurvivorGame/target/classes/assets/textures/Run.png
08:55:33.421 [FXGL Background Thread 1 ] DEBUG FXGLAssetLoaderServi - Loading from file system: file:/D:/javaproject/survivior-game5/SurvivorGame/target/classes/assets/textures/Attack3.png
08:55:33.429 [FXGL Background Thread 1 ] DEBUG FXGLAssetLoaderServi - Loading from file system: file:/D:/javaproject/survivior-game5/SurvivorGame/target/classes/assets/sounds/sword-clashhit-393837.mp3
08:55:33.435 [FXGL Background Thread 1 ] INFO  FXGLApplication      - Game initialization took: 0.816 sec
08:55:33.435 [JavaFX Application Thread] DEBUG Input                - Clearing active input actions
08:55:33.447 [JavaFX Application Thread] DEBUG GameApplicationServi - Removing overlay from FXGLLoadingScene and adding to GameScene
08:55:33.447 [JavaFX Application Thread] DEBUG PrimaryStageWindow   - FXGLLoadingScene -> GameScene
08:55:33.480 [FXGL Background Thread 2 ] INFO  UpdaterService       - Your current version:  17.3
08:55:33.480 [FXGL Background Thread 2 ] INFO  UpdaterService       - Latest stable version: 21.1
08:55:35.568 [FXGL Background Thread 3 ] DEBUG Engine               - Logging environment variables
08:55:35.568 [FXGL Background Thread 3 ] DEBUG Engine               - achievements: []
08:55:35.568 [FXGL Background Thread 3 ] DEBUG Engine               - actualHeight: 720.0
08:55:35.568 [FXGL Background Thread 3 ] DEBUG Engine               - actualHeightProperty: ReadOnlyDoubleProperty [value: 720.0]
08:55:35.568 [FXGL Background Thread 3 ] DEBUG Engine               - actualWidth: 1280.0
08:55:35.568 [FXGL Background Thread 3 ] DEBUG Engine               - actualWidthProperty: ReadOnlyDoubleProperty [value: 1280.0]
08:55:35.568 [FXGL Background Thread 3 ] DEBUG Engine               - appIcon: icon.png
08:55:35.568 [FXGL Background Thread 3 ] DEBUG Engine               - applicationMode: DEVELOPER
08:55:35.568 [FXGL Background Thread 3 ] DEBUG Engine               - cSSList: [fxgl_dark.css]
08:55:35.568 [FXGL Background Thread 3 ] DEBUG Engine               - collisionDetectionStrategy: BRUTE_FORCE
08:55:35.568 [FXGL Background Thread 3 ] DEBUG Engine               - configClass: Optional.empty
08:55:35.568 [FXGL Background Thread 3 ] DEBUG Engine               - credits: []
08:55:35.568 [FXGL Background Thread 3 ] DEBUG Engine               - defaultCursor: CursorInfo(imageName=fxgl_default_cursor.png, hotspotX=7.0, hotspotY=6.0)
08:55:35.568 [FXGL Background Thread 3 ] DEBUG Engine               - devBBoxColorProperty: ObjectProperty [value: 0xff0000ff]
08:55:35.568 [FXGL Background Thread 3 ] DEBUG Engine               - devEnableDebugCameraProperty: BooleanProperty [value: false]
08:55:35.568 [FXGL Background Thread 3 ] DEBUG Engine               - devSensorColorProperty: ObjectProperty [value: 0xffff00ff]
08:55:35.568 [FXGL Background Thread 3 ] DEBUG Engine               - devShowBBoxProperty: BooleanProperty [value: false]
08:55:35.568 [FXGL Background Thread 3 ] DEBUG Engine               - devShowPositionProperty: BooleanProperty [value: false]
08:55:35.568 [FXGL Background Thread 3 ] DEBUG Engine               - enabledMenuItems: []
08:55:35.568 [FXGL Background Thread 3 ] DEBUG Engine               - engineServices: [class com.almasb.fxgl.app.services.FXGLAssetLoaderService, class com.almasb.fxgl.app.FXGLApplication$GameApplicationService, class com.almasb.fxgl.app.services.FXGLDialogService, class com.almasb.fxgl.app.services.IOTaskExecutorService, class com.almasb.fxgl.io.FileSystemService, class com.almasb.fxgl.localization.LocalizationService, class com.almasb.fxgl.app.services.SystemBundleService, class com.almasb.fxgl.profile.SaveLoadService, class com.almasb.fxgl.ui.FXGLUIFactoryServiceProvider, class com.almasb.fxgl.ui.FXGLDialogFactoryServiceProvider, class com.almasb.fxgl.audio.AudioPlayer, class com.almasb.fxgl.notification.impl.NotificationServiceProvider, class com.almasb.fxgl.achievement.AchievementService, class com.almasb.fxgl.cutscene.CutsceneService, class com.almasb.fxgl.minigames.MiniGameService, class com.almasb.fxgl.net.NetService, class com.almasb.fxgl.app.services.UpdaterService, class com.almasb.fxgl.dev.DevService]
08:55:35.568 [FXGL Background Thread 3 ] DEBUG Engine               - fontGame: Abel-Regular.ttf
08:55:35.568 [FXGL Background Thread 3 ] DEBUG Engine               - fontMono: TerminalLandMono-Regular.otf
08:55:35.568 [FXGL Background Thread 3 ] DEBUG Engine               - fontSizeScaleUI: 1.0
08:55:35.568 [FXGL Background Thread 3 ] DEBUG Engine               - fontText: Courier-Prime.ttf
08:55:35.568 [FXGL Background Thread 3 ] DEBUG Engine               - fontUI: VarelaRound-Regular.ttf
08:55:35.568 [FXGL Background Thread 3 ] DEBUG Engine               - fullScreen: BooleanProperty [value: false]
08:55:35.570 [FXGL Background Thread 3 ] DEBUG Engine               - gameDifficulty: MEDIUM
08:55:35.570 [FXGL Background Thread 3 ] DEBUG Engine               - gameDifficultyProperty: ObjectProperty [value: MEDIUM]
08:55:35.570 [FXGL Background Thread 3 ] DEBUG Engine               - globalMusicVolume: 0.5
08:55:35.570 [FXGL Background Thread 3 ] DEBUG Engine               - globalMusicVolumeProperty: DoubleProperty [value: 0.5]
08:55:35.570 [FXGL Background Thread 3 ] DEBUG Engine               - globalSoundVolume: 0.5
08:55:35.570 [FXGL Background Thread 3 ] DEBUG Engine               - globalSoundVolumeProperty: DoubleProperty [value: 0.5]
08:55:35.570 [FXGL Background Thread 3 ] DEBUG Engine               - height: 720
08:55:35.570 [FXGL Background Thread 3 ] DEBUG Engine               - is3D: false
08:55:35.570 [FXGL Background Thread 3 ] DEBUG Engine               - isAndroid: false
08:55:35.570 [FXGL Background Thread 3 ] DEBUG Engine               - isBrowser: false
08:55:35.570 [FXGL Background Thread 3 ] DEBUG Engine               - isClickFeedbackEnabled: false
08:55:35.570 [FXGL Background Thread 3 ] DEBUG Engine               - isCloseConfirmation: false
08:55:35.570 [FXGL Background Thread 3 ] DEBUG Engine               - isDesktop: true
08:55:35.570 [FXGL Background Thread 3 ] DEBUG Engine               - isDeveloperMenuEnabled: false
08:55:35.570 [FXGL Background Thread 3 ] DEBUG Engine               - isEmbedded: false
08:55:35.570 [FXGL Background Thread 3 ] DEBUG Engine               - isEntityPreloadEnabled: true
08:55:35.570 [FXGL Background Thread 3 ] DEBUG Engine               - isExperimentalTiledLargeMap: false
08:55:35.570 [FXGL Background Thread 3 ] DEBUG Engine               - isFileSystemWriteAllowed: true
08:55:35.570 [FXGL Background Thread 3 ] DEBUG Engine               - isFullScreenAllowed: false
08:55:35.570 [FXGL Background Thread 3 ] DEBUG Engine               - isFullScreenFromStart: false
08:55:35.570 [FXGL Background Thread 3 ] DEBUG Engine               - isGameMenuEnabled: true
08:55:35.570 [FXGL Background Thread 3 ] DEBUG Engine               - isIOS: false
08:55:35.570 [FXGL Background Thread 3 ] DEBUG Engine               - isIntroEnabled: false
08:55:35.570 [FXGL Background Thread 3 ] DEBUG Engine               - isLinux: false
08:55:35.570 [FXGL Background Thread 3 ] DEBUG Engine               - isMac: false
08:55:35.570 [FXGL Background Thread 3 ] DEBUG Engine               - isMainMenuEnabled: false
08:55:35.570 [FXGL Background Thread 3 ] DEBUG Engine               - isManualResizeEnabled: false
08:55:35.570 [FXGL Background Thread 3 ] DEBUG Engine               - isMobile: false
08:55:35.570 [FXGL Background Thread 3 ] DEBUG Engine               - isNative: false
08:55:35.570 [FXGL Background Thread 3 ] DEBUG Engine               - isPauseMusicWhenMinimized: true
08:55:35.570 [FXGL Background Thread 3 ] DEBUG Engine               - isPreserveResizeRatio: false
08:55:35.570 [FXGL Background Thread 3 ] DEBUG Engine               - isProfilingEnabled: false
08:55:35.570 [FXGL Background Thread 3 ] DEBUG Engine               - isScaleAffectedOnResize: true
08:55:35.570 [FXGL Background Thread 3 ] DEBUG Engine               - isSingleStep: false
08:55:35.570 [FXGL Background Thread 3 ] DEBUG Engine               - isUserProfileEnabled: false
08:55:35.570 [FXGL Background Thread 3 ] DEBUG Engine               - isWindows: true
08:55:35.570 [FXGL Background Thread 3 ] DEBUG Engine               - language: ObjectProperty [value: ENGLISH]
08:55:35.570 [FXGL Background Thread 3 ] DEBUG Engine               - menuKey: ESCAPE
08:55:35.570 [FXGL Background Thread 3 ] DEBUG Engine               - mouseSensitivity: 0.2
08:55:35.570 [FXGL Background Thread 3 ] DEBUG Engine               - notificationViewClass: class com.almasb.fxgl.notification.view.XboxNotificationView
08:55:35.570 [FXGL Background Thread 3 ] DEBUG Engine               - pixelsPerMeter: 50.0
08:55:35.570 [FXGL Background Thread 3 ] DEBUG Engine               - platform: WINDOWS
08:55:35.570 [FXGL Background Thread 3 ] DEBUG Engine               - prefHeightProperty: ReadOnlyDoubleProperty [value: 720.0]
08:55:35.570 [FXGL Background Thread 3 ] DEBUG Engine               - prefWidthProperty: ReadOnlyDoubleProperty [value: 1280.0]
08:55:35.570 [FXGL Background Thread 3 ] DEBUG Engine               - profileDir: profiles/
08:55:35.570 [FXGL Background Thread 3 ] DEBUG Engine               - profileName: StringProperty [value: DEFAULT]
08:55:35.570 [FXGL Background Thread 3 ] DEBUG Engine               - randomSeed: -1
08:55:35.571 [FXGL Background Thread 3 ] DEBUG Engine               - runtimeInfo: RuntimeInfo(platform=WINDOWS, version=17.3, build=30.03.2023 11.49)
08:55:35.571 [FXGL Background Thread 3 ] DEBUG Engine               - saveFileExt: sav
08:55:35.571 [FXGL Background Thread 3 ] DEBUG Engine               - scaledHeightProp$fxgl: DoubleProperty [bound, value: 720.0]
08:55:35.571 [FXGL Background Thread 3 ] DEBUG Engine               - scaledWidthProp$fxgl: DoubleProperty [bound, value: 1280.0]
08:55:35.571 [FXGL Background Thread 3 ] DEBUG Engine               - sceneFactory: com.almasb.fxgl.app.scene.SceneFactory@637120af
08:55:35.571 [FXGL Background Thread 3 ] DEBUG Engine               - secondsIn24h: 60
08:55:35.571 [FXGL Background Thread 3 ] DEBUG Engine               - soundMenuBack: menu/back.wav
08:55:35.571 [FXGL Background Thread 3 ] DEBUG Engine               - soundMenuPress: menu/press.wav
08:55:35.571 [FXGL Background Thread 3 ] DEBUG Engine               - soundMenuSelect: menu/select.wav
08:55:35.571 [FXGL Background Thread 3 ] DEBUG Engine               - soundNotification: core/notification.wav
08:55:35.571 [FXGL Background Thread 3 ] DEBUG Engine               - stageStyle: DECORATED
08:55:35.571 [FXGL Background Thread 3 ] DEBUG Engine               - supportedLanguages: [ENGLISH, FRENCH, GERMAN, HUNGARIAN, RUSSIAN]
08:55:35.571 [FXGL Background Thread 3 ] DEBUG Engine               - ticksPerSecond: 120
08:55:35.571 [FXGL Background Thread 3 ] DEBUG Engine               - title: Survivor Game
08:55:35.571 [FXGL Background Thread 3 ] DEBUG Engine               - urlGithub: https://github.com/AlmasB/FXGL
08:55:35.571 [FXGL Background Thread 3 ] DEBUG Engine               - urlLeaderboard: http://fxgl-top.herokuapp.com/
08:55:35.571 [FXGL Background Thread 3 ] DEBUG Engine               - urlPOM: https://raw.githubusercontent.com/AlmasB/FXGL/release/README.md
08:55:35.571 [FXGL Background Thread 3 ] DEBUG Engine               - userAppClass: class com.survivor.main.GameApp
08:55:35.571 [FXGL Background Thread 3 ] DEBUG Engine               - version: 1.0
08:55:35.571 [FXGL Background Thread 3 ] DEBUG Engine               - versionCheckDays: 7
08:55:35.571 [FXGL Background Thread 3 ] DEBUG Engine               - width: 1280
08:55:35.571 [FXGL Background Thread 3 ] DEBUG Engine               - Logging services
08:55:35.571 [FXGL Background Thread 3 ] DEBUG Engine               - class com.almasb.fxgl.app.services.FXGLAssetLoaderService
08:55:35.571 [FXGL Background Thread 3 ] DEBUG Engine               - class com.almasb.fxgl.app.FXGLApplication$GameApplicationService
08:55:35.571 [FXGL Background Thread 3 ] DEBUG Engine               - class com.almasb.fxgl.app.services.FXGLDialogService
08:55:35.571 [FXGL Background Thread 3 ] DEBUG Engine               - class com.almasb.fxgl.app.services.IOTaskExecutorService
08:55:35.571 [FXGL Background Thread 3 ] DEBUG Engine               - class com.almasb.fxgl.io.FileSystemService
08:55:35.572 [FXGL Background Thread 3 ] DEBUG Engine               - class com.almasb.fxgl.localization.LocalizationService
08:55:35.572 [FXGL Background Thread 3 ] DEBUG Engine               - class com.almasb.fxgl.app.services.SystemBundleService
08:55:35.572 [FXGL Background Thread 3 ] DEBUG Engine               - class com.almasb.fxgl.profile.SaveLoadService
08:55:35.572 [FXGL Background Thread 3 ] DEBUG Engine               - class com.almasb.fxgl.ui.FXGLUIFactoryServiceProvider
08:55:35.572 [FXGL Background Thread 3 ] DEBUG Engine               - class com.almasb.fxgl.ui.FXGLDialogFactoryServiceProvider
08:55:35.572 [FXGL Background Thread 3 ] DEBUG Engine               - class com.almasb.fxgl.audio.AudioPlayer
08:55:35.572 [FXGL Background Thread 3 ] DEBUG Engine               - class com.almasb.fxgl.notification.impl.NotificationServiceProvider
08:55:35.572 [FXGL Background Thread 3 ] DEBUG Engine               - class com.almasb.fxgl.achievement.AchievementService
08:55:35.572 [FXGL Background Thread 3 ] DEBUG Engine               - class com.almasb.fxgl.cutscene.CutsceneService
08:55:35.572 [FXGL Background Thread 3 ] DEBUG Engine               - class com.almasb.fxgl.minigames.MiniGameService
08:55:35.572 [FXGL Background Thread 3 ] DEBUG Engine               - class com.almasb.fxgl.net.NetService
08:55:35.572 [FXGL Background Thread 3 ] DEBUG Engine               - class com.almasb.fxgl.app.services.UpdaterService
08:55:35.572 [FXGL Background Thread 3 ] DEBUG Engine               - class com.almasb.fxgl.dev.DevService
08:55:35.699 [JavaFX Application Thread] DEBUG FXGLAssetLoaderServi - Loading from file system: file:/D:/javaproject/survivior-game5/SurvivorGame/target/classes/assets/textures/enemy.png
08:55:36.943 [JavaFX Application Thread] WARN  FXGLAssetLoaderServi - Asset "/assets/textures/ireBall.png" was not found!
08:55:36.943 [JavaFX Application Thread] WARN  FXGLAssetLoaderServi - Failed to load IMAGE
08:55:36.948 [JavaFX Application Thread] WARN  FXGLAssetLoaderServi - Asset "/assets/textures/ireBall.png" was not found!
08:55:36.948 [JavaFX Application Thread] WARN  FXGLAssetLoaderServi - Failed to load IMAGE
08:56:06.773 [JavaFX Application Thread] WARN  FXGLAssetLoaderServi - Asset "/assets/textures/ireBall.png" was not found!
08:56:06.773 [JavaFX Application Thread] WARN  FXGLAssetLoaderServi - Failed to load IMAGE
08:56:06.773 [JavaFX Application Thread] WARN  FXGLAssetLoaderServi - Asset "/assets/textures/ireBall.png" was not found!
08:56:06.773 [JavaFX Application Thread] WARN  FXGLAssetLoaderServi - Failed to load IMAGE
08:56:07.749 [JavaFX Application Thread] WARN  FXGLAssetLoaderServi - Asset "/assets/textures/ireBall.png" was not found!
08:56:07.749 [JavaFX Application Thread] WARN  FXGLAssetLoaderServi - Failed to load IMAGE
08:56:07.749 [JavaFX Application Thread] WARN  FXGLAssetLoaderServi - Asset "/assets/textures/ireBall.png" was not found!
08:56:07.749 [JavaFX Application Thread] WARN  FXGLAssetLoaderServi - Failed to load IMAGE
08:56:08.349 [JavaFX Application Thread] WARN  FXGLAssetLoaderServi - Asset "/assets/textures/ireBall.png" was not found!
08:56:08.349 [JavaFX Application Thread] WARN  FXGLAssetLoaderServi - Failed to load IMAGE
08:56:08.349 [JavaFX Application Thread] WARN  FXGLAssetLoaderServi - Asset "/assets/textures/ireBall.png" was not found!
08:56:08.349 [JavaFX Application Thread] WARN  FXGLAssetLoaderServi - Failed to load IMAGE
08:56:09.016 [JavaFX Application Thread] WARN  FXGLAssetLoaderServi - Asset "/assets/textures/ireBall.png" was not found!
08:56:09.016 [JavaFX Application Thread] WARN  FXGLAssetLoaderServi - Failed to load IMAGE
08:56:09.016 [JavaFX Application Thread] WARN  FXGLAssetLoaderServi - Asset "/assets/textures/ireBall.png" was not found!
08:56:09.016 [JavaFX Application Thread] WARN  FXGLAssetLoaderServi - Failed to load IMAGE
08:56:09.616 [JavaFX Application Thread] WARN  FXGLAssetLoaderServi - Asset "/assets/textures/ireBall.png" was not found!
08:56:09.616 [JavaFX Application Thread] WARN  FXGLAssetLoaderServi - Failed to load IMAGE
08:56:09.616 [JavaFX Application Thread] WARN  FXGLAssetLoaderServi - Asset "/assets/textures/ireBall.png" was not found!
08:56:09.616 [JavaFX Application Thread] WARN  FXGLAssetLoaderServi - Failed to load IMAGE
08:56:10.398 [JavaFX Application Thread] WARN  FXGLAssetLoaderServi - Asset "/assets/textures/ireBall.png" was not found!
08:56:10.398 [JavaFX Application Thread] WARN  FXGLAssetLoaderServi - Failed to load IMAGE
08:56:10.399 [JavaFX Application Thread] WARN  FXGLAssetLoaderServi - Asset "/assets/textures/ireBall.png" was not found!
08:56:10.399 [JavaFX Application Thread] WARN  FXGLAssetLoaderServi - Failed to load IMAGE
08:56:12.333 [JavaFX Application Thread] WARN  FXGLAssetLoaderServi - Asset "/assets/textures/ireBall.png" was not found!
08:56:12.333 [JavaFX Application Thread] WARN  FXGLAssetLoaderServi - Failed to load IMAGE
08:56:12.333 [JavaFX Application Thread] WARN  FXGLAssetLoaderServi - Asset "/assets/textures/ireBall.png" was not found!
08:56:12.333 [JavaFX Application Thread] WARN  FXGLAssetLoaderServi - Failed to load IMAGE
08:56:12.966 [JavaFX Application Thread] WARN  FXGLAssetLoaderServi - Asset "/assets/textures/ireBall.png" was not found!
08:56:12.966 [JavaFX Application Thread] WARN  FXGLAssetLoaderServi - Failed to load IMAGE
08:56:12.966 [JavaFX Application Thread] WARN  FXGLAssetLoaderServi - Asset "/assets/textures/ireBall.png" was not found!
08:56:12.966 [JavaFX Application Thread] WARN  FXGLAssetLoaderServi - Failed to load IMAGE
08:56:16.124 [JavaFX Application Thread] WARN  FXGLAssetLoaderServi - Asset "/assets/textures/ireBall.png" was not found!
08:56:16.124 [JavaFX Application Thread] WARN  FXGLAssetLoaderServi - Failed to load IMAGE
08:56:16.124 [JavaFX Application Thread] WARN  FXGLAssetLoaderServi - Asset "/assets/textures/ireBall.png" was not found!
08:56:16.124 [JavaFX Application Thread] WARN  FXGLAssetLoaderServi - Failed to load IMAGE
08:56:16.724 [JavaFX Application Thread] WARN  FXGLAssetLoaderServi - Asset "/assets/textures/ireBall.png" was not found!
08:56:16.724 [JavaFX Application Thread] WARN  FXGLAssetLoaderServi - Failed to load IMAGE
08:56:16.724 [JavaFX Application Thread] WARN  FXGLAssetLoaderServi - Asset "/assets/textures/ireBall.png" was not found!
08:56:16.724 [JavaFX Application Thread] WARN  FXGLAssetLoaderServi - Failed to load IMAGE
08:56:17.332 [JavaFX Application Thread] WARN  FXGLAssetLoaderServi - Asset "/assets/textures/ireBall.png" was not found!
08:56:17.332 [JavaFX Application Thread] WARN  FXGLAssetLoaderServi - Failed to load IMAGE
08:56:17.333 [JavaFX Application Thread] WARN  FXGLAssetLoaderServi - Asset "/assets/textures/ireBall.png" was not found!
08:56:17.333 [JavaFX Application Thread] WARN  FXGLAssetLoaderServi - Failed to load IMAGE
08:56:18.290 [JavaFX Application Thread] WARN  FXGLAssetLoaderServi - Asset "/assets/textures/ireBall.png" was not found!
08:56:18.290 [JavaFX Application Thread] WARN  FXGLAssetLoaderServi - Failed to load IMAGE
08:56:18.290 [JavaFX Application Thread] WARN  FXGLAssetLoaderServi - Asset "/assets/textures/ireBall.png" was not found!
08:56:18.290 [JavaFX Application Thread] WARN  FXGLAssetLoaderServi - Failed to load IMAGE
08:56:18.899 [JavaFX Application Thread] WARN  FXGLAssetLoaderServi - Asset "/assets/textures/ireBall.png" was not found!
08:56:18.899 [JavaFX Application Thread] WARN  FXGLAssetLoaderServi - Failed to load IMAGE
08:56:18.899 [JavaFX Application Thread] WARN  FXGLAssetLoaderServi - Asset "/assets/textures/ireBall.png" was not found!
08:56:18.899 [JavaFX Application Thread] WARN  FXGLAssetLoaderServi - Failed to load IMAGE
08:56:21.083 [JavaFX Application Thread] WARN  FXGLAssetLoaderServi - Asset "/assets/textures/ireBall.png" was not found!
08:56:21.083 [JavaFX Application Thread] WARN  FXGLAssetLoaderServi - Failed to load IMAGE
08:56:21.083 [JavaFX Application Thread] WARN  FXGLAssetLoaderServi - Asset "/assets/textures/ireBall.png" was not found!
08:56:21.083 [JavaFX Application Thread] WARN  FXGLAssetLoaderServi - Failed to load IMAGE
08:56:21.683 [JavaFX Application Thread] WARN  FXGLAssetLoaderServi - Asset "/assets/textures/ireBall.png" was not found!
08:56:21.683 [JavaFX Application Thread] WARN  FXGLAssetLoaderServi - Failed to load IMAGE
08:56:21.684 [JavaFX Application Thread] WARN  FXGLAssetLoaderServi - Asset "/assets/textures/ireBall.png" was not found!
08:56:21.684 [JavaFX Application Thread] WARN  FXGLAssetLoaderServi - Failed to load IMAGE
08:56:24.850 [JavaFX Application Thread] DEBUG FXGLApplication      - Exiting FXGL
08:56:24.850 [JavaFX Application Thread] DEBUG LoopRunner           - Stopping loop
08:56:24.850 [JavaFX Application Thread] DEBUG SystemBundleService  - Saving FXGL system data
08:56:24.851 [JavaFX Application Thread] DEBUG FileSystemAccess     - Writing to: D:\javaproject\survivior-game5\system\fxgl.bundle
08:56:24.852 [JavaFX Application Thread] DEBUG Async                - Shutting down background threads
08:56:24.852 [JavaFX Application Thread] DEBUG PrimaryStageWindow   - Closing main window
08:56:24.860 [JavaFX Application Thread] DEBUG Logger               - Closing Logger
