11:48:20.157 [main                     ] DEBUG Logger               - Configured Logger
11:48:20.178 [main                     ] DEBUG GameApplication      - Logging settings
Title: Survivor Game
Version: 1.0
Width: 1280
Height: 720
Fullscreen: false
Intro: false
Profiling: false
Single step:false
App Mode: DEVELOPER
Menu Key: ESCAPE
Stage Style: DECORATED
Scene Factory: class com.almasb.fxgl.app.scene.SceneFactory

11:48:20.493 [JavaFX Application Thread] DEBUG FXGLApplication      - Initializing FXGL
11:48:20.497 [JavaFX Application Thread] INFO  Engine               - FXGL-17.3 (30.03.2023 11.49) on WINDOWS (J:17.0.16 FX:20)
11:48:20.497 [JavaFX Application Thread] DEBUG Engine               - JRE Vendor Name: Microsoft
11:48:20.497 [JavaFX Application Thread] DEBUG Engine               - Running on OS: Windows 11 version 10.0
11:48:20.497 [JavaFX Application Thread] DEBUG Engine               - Architecture: amd64
11:48:20.497 [JavaFX Application Thread] INFO  Engine               - Source code and latest versions at: https://github.com/AlmasB/FXGL
11:48:20.497 [JavaFX Application Thread] INFO  Engine               -       Ask questions and discuss at: https://github.com/AlmasB/FXGL/discussions
11:48:20.497 [JavaFX Application Thread] INFO  Engine               -              Join the FXGL chat at: https://gitter.im/AlmasB/FXGL
11:48:20.565 [JavaFX Application Thread] DEBUG PrimaryStageWindow   - Creating a JavaFX scene
11:48:20.593 [JavaFX Application Thread] DEBUG PrimaryStageWindow   - Target settings size: 1280.0 x 720.0
11:48:20.593 [JavaFX Application Thread] DEBUG PrimaryStageWindow   - Scaled scene size:    1280.0 x 720.0
11:48:20.593 [JavaFX Application Thread] DEBUG PrimaryStageWindow   - Scaled ratio: (1.0, 1.0)
11:48:20.594 [JavaFX Application Thread] DEBUG PrimaryStageWindow   - Set initial scene to FXGLStartupScene
11:48:20.596 [JavaFX Application Thread] DEBUG PrimaryStageWindow   - Opening main window
11:48:20.648 [JavaFX Application Thread] DEBUG PrimaryStageWindow   - Window border size: (14.6666259765625, 37.33331298828125)
11:48:20.648 [JavaFX Application Thread] DEBUG PrimaryStageWindow   - Scaled size: 1280.0 x 720.0
11:48:20.649 [JavaFX Application Thread] DEBUG PrimaryStageWindow   - Scaled ratio: (1.0, 1.0)
11:48:20.649 [JavaFX Application Thread] DEBUG PrimaryStageWindow   - Scene size: 1280.0 x 720.0
11:48:20.649 [JavaFX Application Thread] DEBUG PrimaryStageWindow   - Stage size: 1294.6666259765625 x 757.3333129882812
11:48:20.653 [FXGL Background Thread 1 ] DEBUG Engine               - Initializing environment variables
11:48:20.675 [FXGL Background Thread 1 ] DEBUG FXGLAssetLoaderServi - User app class for loading assets: class com.survivor.main.GameApp
11:48:20.675 [FXGL Background Thread 1 ] DEBUG GameApplicationServi - Applying CSS: fxgl_dark.css
11:48:20.676 [FXGL Background Thread 1 ] DEBUG FXGLAssetLoaderServi - Loading from file system: jar:file:/C:/Users/zrj/.m2/repository/com/github/almasb/fxgl/17.3/fxgl-17.3.jar!/fxglassets/ui/css/fxgl_dark.css
11:48:20.697 [FXGL Background Thread 1 ] DEBUG GameApplicationServi - Initializing application scenes
11:48:20.734 [FXGL Background Thread 1 ] DEBUG GameWorld            - Game world initialized
11:48:20.766 [FXGL Background Thread 1 ] DEBUG PhysicsWorld         - Physics world initialized: appHeight=720, physics.ppm=50.0
11:48:20.766 [FXGL Background Thread 1 ] DEBUG PhysicsWorld         - Using strategy: BRUTE_FORCE
11:48:20.769 [FXGL Background Thread 1 ] DEBUG GameScene            - Game scene initialized: 1280x720
11:48:20.776 [FXGL Background Thread 1 ] DEBUG FXGL.DefaultMenu     - createMenuBodyGameMenu()
11:48:20.789 [FXGL Background Thread 1 ] DEBUG FXGL.DefaultMenu     - createOptionsMenu()
11:48:20.796 [FXGL Background Thread 1 ] DEBUG FXGLAssetLoaderServi - Loading from file system: jar:file:/C:/Users/zrj/.m2/repository/com/github/almasb/fxgl/17.3/fxgl-17.3.jar!/fxglassets/textures/particles/smoke.png
11:48:20.851 [FXGL Background Thread 1 ] DEBUG FXGLAssetLoaderServi - Loading from file system: jar:file:/C:/Users/zrj/.m2/repository/com/github/almasb/fxgl/17.3/fxgl-17.3.jar!/fxglassets/textures/particles/trace_horizontal.png
11:48:20.873 [FXGL Background Thread 1 ] DEBUG GameApplicationServi - Application scenes initialized
11:48:20.882 [FXGL Background Thread 1 ] DEBUG SystemBundleService  - Loading FXGL system data
11:48:20.885 [FXGL Background Thread 1 ] DEBUG FileSystemAccess     - Reading from: D:\javaproject\survivior-game5\system\fxgl.bundle
11:48:20.890 [FXGL Background Thread 1 ] DEBUG SystemBundleService  - Bundle FXGL: {}
11:48:20.890 [FXGL Background Thread 1 ] DEBUG UpdaterService       - Checking for updates
11:48:20.893 [FXGL Background Thread 4 ] DEBUG FXGLApplication      - Loading fonts
11:48:20.893 [FXGL Background Thread 4 ] DEBUG FXGLAssetLoaderServi - Loading from file system: jar:file:/C:/Users/zrj/.m2/repository/com/github/almasb/fxgl/17.3/fxgl-17.3.jar!/fxglassets/ui/fonts/VarelaRound-Regular.ttf
11:48:20.893 [FXGL Background Thread 1 ] DEBUG FXGLApplication      - Loading default localization
11:48:20.895 [FXGL Background Thread 1 ] DEBUG FXGLAssetLoaderServi - Loading from file system: jar:file:/C:/Users/zrj/.m2/repository/com/github/almasb/fxgl/17.3/fxgl-17.3.jar!/fxglassets/languages/english.lang
11:48:20.923 [FXGL Background Thread 1 ] INFO  FXGLApplication      - FXGL initialization took: 0.270 sec
11:48:20.924 [JavaFX Application Thread] DEBUG Input                - Clearing active input actions
11:48:20.928 [JavaFX Application Thread] DEBUG Input                - Registered new binding: Move Up - W
11:48:20.928 [JavaFX Application Thread] DEBUG Input                - Registered new binding: Move Down - S
11:48:20.929 [JavaFX Application Thread] DEBUG Input                - Registered new binding: Move Left - A
11:48:20.929 [JavaFX Application Thread] DEBUG Input                - Registered new binding: Move Right - D
11:48:20.929 [JavaFX Application Thread] DEBUG Input                - Registered new binding: AttackLeft - J
11:48:20.929 [JavaFX Application Thread] DEBUG Input                - Registered new binding: AttackRight - K
11:48:20.930 [JavaFX Application Thread] DEBUG Input                - Registered new binding: Dash - L
11:48:20.930 [JavaFX Application Thread] DEBUG FXGLAssetLoaderServi - Loading from file system: file:/D:/javaproject/survivior-game5/SurvivorGame/target/classes/assets/textures/icon.png
11:48:20.936 [JavaFX Application Thread] DEBUG FXGLAssetLoaderServi - Loading from file system: jar:file:/C:/Users/zrj/.m2/repository/com/github/almasb/fxgl/17.3/fxgl-17.3.jar!/fxglassets/textures/fxgl_default_cursor.png
11:48:20.938 [JavaFX Application Thread] DEBUG Input                - Registered new binding: Screenshot - CTRL+8
11:48:20.939 [JavaFX Application Thread] DEBUG Input                - Registered new binding: System info dump - CTRL+9
11:48:20.940 [JavaFX Application Thread] DEBUG Input                - Registered new binding: Restart - CTRL+R
11:48:20.941 [JavaFX Application Thread] DEBUG Input                - Registered new binding: Toggle Debug Camera - CTRL+7
11:48:20.945 [JavaFX Application Thread] DEBUG LoopRunner           - Starting loop
11:48:20.946 [JavaFX Application Thread] DEBUG LoopRunner           - Initializing ScheduledExecutorLoop with fps: 120
11:48:20.948 [JavaFX Application Thread] DEBUG GameApplicationServi - Starting new game
11:48:20.948 [JavaFX Application Thread] DEBUG Input                - Clearing active input actions
11:48:20.956 [JavaFX Application Thread] DEBUG GameApplicationServi - Removing overlay from FXGLStartupScene and adding to FXGLLoadingScene
11:48:20.956 [JavaFX Application Thread] DEBUG PrimaryStageWindow   - FXGLStartupScene -> FXGLLoadingScene
11:48:20.957 [JavaFX Application Thread] DEBUG GameApplicationServi - Clearing previous game
11:48:20.957 [JavaFX Application Thread] DEBUG GameScene            - Clearing game scene
11:48:20.957 [JavaFX Application Thread] DEBUG GameWorld            - Clearing game world
11:48:20.957 [JavaFX Application Thread] DEBUG PhysicsWorld         - Clearing physics world
11:48:20.957 [FXGL Background Thread 4 ] DEBUG FXGLAssetLoaderServi - Loading from file system: jar:file:/C:/Users/zrj/.m2/repository/com/github/almasb/fxgl/17.3/fxgl-17.3.jar!/fxglassets/ui/fonts/Abel-Regular.ttf
11:48:20.958 [FXGL Background Thread 1 ] DEBUG FXGLApplication      - Initializing game
11:48:20.967 [FXGL Background Thread 4 ] DEBUG FXGLAssetLoaderServi - Loading from file system: jar:file:/C:/Users/zrj/.m2/repository/com/github/almasb/fxgl/17.3/fxgl-17.3.jar!/fxglassets/ui/fonts/TerminalLandMono-Regular.otf
11:48:20.976 [FXGL Background Thread 4 ] DEBUG FXGLAssetLoaderServi - Loading from file system: jar:file:/C:/Users/zrj/.m2/repository/com/github/almasb/fxgl/17.3/fxgl-17.3.jar!/fxglassets/ui/fonts/Courier-Prime.ttf
11:48:21.003 [JavaFX Application Thread] DEBUG FXGLApplication      - Registering font factories with UI factory
11:48:21.337 [FXGL Background Thread 1 ] WARN  TMXLevelLoader       - TiledMap generated from 1.11.2. Supported version: 1.9.0. Some features may not be parsed fully.
11:48:21.356 [FXGL Background Thread 2 ] INFO  UpdaterService       - Your current version:  17.3
11:48:21.356 [FXGL Background Thread 2 ] INFO  UpdaterService       - Latest stable version: 21.1
11:48:21.427 [FXGL Background Thread 1 ] DEBUG TMXLevelLoader       - Parsed TiledMap: file:/D:/javaproject/survivior-game5/SurvivorGame/target/classes/assets/levels/Bigdongeonmap.tmx
11:48:21.430 [FXGL Background Thread 1 ] DEBUG TMXLevelLoader       - Creating tile layer entities
11:48:21.432 [FXGL Background Thread 1 ] DEBUG TilesetLoader        - Loading view for layer 图块层 1
11:48:21.471 [FXGL Background Thread 1 ] DEBUG TilesetLoader        - Created buffer with size 9600.0x5600.0
11:48:21.549 [FXGL Background Thread 1 ] DEBUG TilesetLoader        - Loading view for layer 图块层 2
11:48:21.600 [FXGL Background Thread 1 ] DEBUG TilesetLoader        - Created buffer with size 9600.0x5600.0
11:48:21.683 [FXGL Background Thread 1 ] DEBUG TMXLevelLoader       - Creating object layer entities
11:48:21.747 [FXGL Background Thread 1 ] DEBUG GameWorld            - Clearing removable entities
11:48:21.748 [FXGL Background Thread 1 ] DEBUG GameWorld            - Setting level: com.almasb.fxgl.entity.level.Level@629bbf13
11:48:21.778 [FXGL Background Thread 1 ] DEBUG FXGLAssetLoaderServi - Loading from file system: file:/D:/javaproject/survivior-game5/SurvivorGame/target/classes/assets/textures/Idle.png
11:48:21.784 [FXGL Background Thread 1 ] DEBUG FXGLAssetLoaderServi - Loading from file system: file:/D:/javaproject/survivior-game5/SurvivorGame/target/classes/assets/textures/Run.png
11:48:21.786 [FXGL Background Thread 1 ] DEBUG FXGLAssetLoaderServi - Loading from file system: file:/D:/javaproject/survivior-game5/SurvivorGame/target/classes/assets/textures/Attack3.png
11:48:21.791 [FXGL Background Thread 1 ] DEBUG FXGLAssetLoaderServi - Loading from file system: file:/D:/javaproject/survivior-game5/SurvivorGame/target/classes/assets/sounds/sword-slash-315218.mp3
11:48:21.796 [FXGL Background Thread 1 ] DEBUG FXGLAssetLoaderServi - Loading from file system: file:/D:/javaproject/survivior-game5/SurvivorGame/target/classes/assets/sounds/split-%5bAudioTrimmer.com%5d.mp3
11:48:21.797 [FXGL Background Thread 1 ] DEBUG FXGLAssetLoaderServi - Loading from file system: file:/D:/javaproject/survivior-game5/SurvivorGame/target/classes/assets/sounds/die_knight.wav
11:48:21.801 [FXGL Background Thread 1 ] INFO  FXGLApplication      - Game initialization took: 0.841 sec
11:48:21.801 [JavaFX Application Thread] DEBUG Input                - Clearing active input actions
11:48:21.813 [JavaFX Application Thread] DEBUG GameApplicationServi - Removing overlay from FXGLLoadingScene and adding to GameScene
11:48:21.813 [JavaFX Application Thread] DEBUG PrimaryStageWindow   - FXGLLoadingScene -> GameScene
11:48:22.551 [JavaFX Application Thread] DEBUG FXGLAssetLoaderServi - Loading from file system: file:/D:/javaproject/survivior-game5/SurvivorGame/target/classes/assets/textures/boss/Idle.png
11:48:22.555 [JavaFX Application Thread] DEBUG FXGLAssetLoaderServi - Loading from file system: file:/D:/javaproject/survivior-game5/SurvivorGame/target/classes/assets/textures/boss/Run.png
11:48:22.559 [JavaFX Application Thread] DEBUG FXGLAssetLoaderServi - Loading from file system: file:/D:/javaproject/survivior-game5/SurvivorGame/target/classes/assets/textures/boss/Attack1.png
11:48:22.564 [JavaFX Application Thread] DEBUG FXGLAssetLoaderServi - Loading from file system: file:/D:/javaproject/survivior-game5/SurvivorGame/target/classes/assets/textures/boss/Attack2.png
11:48:22.568 [JavaFX Application Thread] DEBUG FXGLAssetLoaderServi - Loading from file system: file:/D:/javaproject/survivior-game5/SurvivorGame/target/classes/assets/textures/boss/Death.png
11:48:22.572 [JavaFX Application Thread] DEBUG FXGLAssetLoaderServi - Loading from file system: file:/D:/javaproject/survivior-game5/SurvivorGame/target/classes/assets/textures/boss/Take%20Hit.png
11:48:23.893 [FXGL Background Thread 3 ] DEBUG Engine               - Logging environment variables
11:48:23.893 [FXGL Background Thread 3 ] DEBUG Engine               - achievements: []
11:48:23.893 [FXGL Background Thread 3 ] DEBUG Engine               - actualHeight: 720.0
11:48:23.893 [FXGL Background Thread 3 ] DEBUG Engine               - actualHeightProperty: ReadOnlyDoubleProperty [value: 720.0]
11:48:23.893 [FXGL Background Thread 3 ] DEBUG Engine               - actualWidth: 1280.0
11:48:23.893 [FXGL Background Thread 3 ] DEBUG Engine               - actualWidthProperty: ReadOnlyDoubleProperty [value: 1280.0]
11:48:23.893 [FXGL Background Thread 3 ] DEBUG Engine               - appIcon: icon.png
11:48:23.893 [FXGL Background Thread 3 ] DEBUG Engine               - applicationMode: DEVELOPER
11:48:23.893 [FXGL Background Thread 3 ] DEBUG Engine               - cSSList: [fxgl_dark.css]
11:48:23.893 [FXGL Background Thread 3 ] DEBUG Engine               - collisionDetectionStrategy: BRUTE_FORCE
11:48:23.893 [FXGL Background Thread 3 ] DEBUG Engine               - configClass: Optional.empty
11:48:23.893 [FXGL Background Thread 3 ] DEBUG Engine               - credits: []
11:48:23.893 [FXGL Background Thread 3 ] DEBUG Engine               - defaultCursor: CursorInfo(imageName=fxgl_default_cursor.png, hotspotX=7.0, hotspotY=6.0)
11:48:23.893 [FXGL Background Thread 3 ] DEBUG Engine               - devBBoxColorProperty: ObjectProperty [value: 0xff0000ff]
11:48:23.894 [FXGL Background Thread 3 ] DEBUG Engine               - devEnableDebugCameraProperty: BooleanProperty [value: false]
11:48:23.894 [FXGL Background Thread 3 ] DEBUG Engine               - devSensorColorProperty: ObjectProperty [value: 0xffff00ff]
11:48:23.894 [FXGL Background Thread 3 ] DEBUG Engine               - devShowBBoxProperty: BooleanProperty [value: false]
11:48:23.894 [FXGL Background Thread 3 ] DEBUG Engine               - devShowPositionProperty: BooleanProperty [value: false]
11:48:23.894 [FXGL Background Thread 3 ] DEBUG Engine               - enabledMenuItems: []
11:48:23.894 [FXGL Background Thread 3 ] DEBUG Engine               - engineServices: [class com.almasb.fxgl.app.services.FXGLAssetLoaderService, class com.almasb.fxgl.app.FXGLApplication$GameApplicationService, class com.almasb.fxgl.app.services.FXGLDialogService, class com.almasb.fxgl.app.services.IOTaskExecutorService, class com.almasb.fxgl.io.FileSystemService, class com.almasb.fxgl.localization.LocalizationService, class com.almasb.fxgl.app.services.SystemBundleService, class com.almasb.fxgl.profile.SaveLoadService, class com.almasb.fxgl.ui.FXGLUIFactoryServiceProvider, class com.almasb.fxgl.ui.FXGLDialogFactoryServiceProvider, class com.almasb.fxgl.audio.AudioPlayer, class com.almasb.fxgl.notification.impl.NotificationServiceProvider, class com.almasb.fxgl.achievement.AchievementService, class com.almasb.fxgl.cutscene.CutsceneService, class com.almasb.fxgl.minigames.MiniGameService, class com.almasb.fxgl.net.NetService, class com.almasb.fxgl.app.services.UpdaterService, class com.almasb.fxgl.dev.DevService]
11:48:23.894 [FXGL Background Thread 3 ] DEBUG Engine               - fontGame: Abel-Regular.ttf
11:48:23.894 [FXGL Background Thread 3 ] DEBUG Engine               - fontMono: TerminalLandMono-Regular.otf
11:48:23.894 [FXGL Background Thread 3 ] DEBUG Engine               - fontSizeScaleUI: 1.0
11:48:23.894 [FXGL Background Thread 3 ] DEBUG Engine               - fontText: Courier-Prime.ttf
11:48:23.894 [FXGL Background Thread 3 ] DEBUG Engine               - fontUI: VarelaRound-Regular.ttf
11:48:23.894 [FXGL Background Thread 3 ] DEBUG Engine               - fullScreen: BooleanProperty [value: false]
11:48:23.894 [FXGL Background Thread 3 ] DEBUG Engine               - gameDifficulty: MEDIUM
11:48:23.894 [FXGL Background Thread 3 ] DEBUG Engine               - gameDifficultyProperty: ObjectProperty [value: MEDIUM]
11:48:23.894 [FXGL Background Thread 3 ] DEBUG Engine               - globalMusicVolume: 0.5
11:48:23.894 [FXGL Background Thread 3 ] DEBUG Engine               - globalMusicVolumeProperty: DoubleProperty [value: 0.5]
11:48:23.894 [FXGL Background Thread 3 ] DEBUG Engine               - globalSoundVolume: 0.5
11:48:23.894 [FXGL Background Thread 3 ] DEBUG Engine               - globalSoundVolumeProperty: DoubleProperty [value: 0.5]
11:48:23.894 [FXGL Background Thread 3 ] DEBUG Engine               - height: 720
11:48:23.894 [FXGL Background Thread 3 ] DEBUG Engine               - is3D: false
11:48:23.894 [FXGL Background Thread 3 ] DEBUG Engine               - isAndroid: false
11:48:23.894 [FXGL Background Thread 3 ] DEBUG Engine               - isBrowser: false
11:48:23.894 [FXGL Background Thread 3 ] DEBUG Engine               - isClickFeedbackEnabled: false
11:48:23.894 [FXGL Background Thread 3 ] DEBUG Engine               - isCloseConfirmation: false
11:48:23.894 [FXGL Background Thread 3 ] DEBUG Engine               - isDesktop: true
11:48:23.894 [FXGL Background Thread 3 ] DEBUG Engine               - isDeveloperMenuEnabled: false
11:48:23.894 [FXGL Background Thread 3 ] DEBUG Engine               - isEmbedded: false
11:48:23.894 [FXGL Background Thread 3 ] DEBUG Engine               - isEntityPreloadEnabled: true
11:48:23.894 [FXGL Background Thread 3 ] DEBUG Engine               - isExperimentalTiledLargeMap: false
11:48:23.894 [FXGL Background Thread 3 ] DEBUG Engine               - isFileSystemWriteAllowed: true
11:48:23.894 [FXGL Background Thread 3 ] DEBUG Engine               - isFullScreenAllowed: false
11:48:23.894 [FXGL Background Thread 3 ] DEBUG Engine               - isFullScreenFromStart: false
11:48:23.894 [FXGL Background Thread 3 ] DEBUG Engine               - isGameMenuEnabled: true
11:48:23.894 [FXGL Background Thread 3 ] DEBUG Engine               - isIOS: false
11:48:23.894 [FXGL Background Thread 3 ] DEBUG Engine               - isIntroEnabled: false
11:48:23.894 [FXGL Background Thread 3 ] DEBUG Engine               - isLinux: false
11:48:23.894 [FXGL Background Thread 3 ] DEBUG Engine               - isMac: false
11:48:23.894 [FXGL Background Thread 3 ] DEBUG Engine               - isMainMenuEnabled: false
11:48:23.894 [FXGL Background Thread 3 ] DEBUG Engine               - isManualResizeEnabled: false
11:48:23.894 [FXGL Background Thread 3 ] DEBUG Engine               - isMobile: false
11:48:23.894 [FXGL Background Thread 3 ] DEBUG Engine               - isNative: false
11:48:23.894 [FXGL Background Thread 3 ] DEBUG Engine               - isPauseMusicWhenMinimized: true
11:48:23.894 [FXGL Background Thread 3 ] DEBUG Engine               - isPreserveResizeRatio: false
11:48:23.894 [FXGL Background Thread 3 ] DEBUG Engine               - isProfilingEnabled: false
11:48:23.894 [FXGL Background Thread 3 ] DEBUG Engine               - isScaleAffectedOnResize: true
11:48:23.894 [FXGL Background Thread 3 ] DEBUG Engine               - isSingleStep: false
11:48:23.894 [FXGL Background Thread 3 ] DEBUG Engine               - isUserProfileEnabled: false
11:48:23.894 [FXGL Background Thread 3 ] DEBUG Engine               - isWindows: true
11:48:23.894 [FXGL Background Thread 3 ] DEBUG Engine               - language: ObjectProperty [value: ENGLISH]
11:48:23.894 [FXGL Background Thread 3 ] DEBUG Engine               - menuKey: ESCAPE
11:48:23.894 [FXGL Background Thread 3 ] DEBUG Engine               - mouseSensitivity: 0.2
11:48:23.896 [FXGL Background Thread 3 ] DEBUG Engine               - notificationViewClass: class com.almasb.fxgl.notification.view.XboxNotificationView
11:48:23.896 [FXGL Background Thread 3 ] DEBUG Engine               - pixelsPerMeter: 50.0
11:48:23.896 [FXGL Background Thread 3 ] DEBUG Engine               - platform: WINDOWS
11:48:23.896 [FXGL Background Thread 3 ] DEBUG Engine               - prefHeightProperty: ReadOnlyDoubleProperty [value: 720.0]
11:48:23.896 [FXGL Background Thread 3 ] DEBUG Engine               - prefWidthProperty: ReadOnlyDoubleProperty [value: 1280.0]
11:48:23.896 [FXGL Background Thread 3 ] DEBUG Engine               - profileDir: profiles/
11:48:23.896 [FXGL Background Thread 3 ] DEBUG Engine               - profileName: StringProperty [value: DEFAULT]
11:48:23.896 [FXGL Background Thread 3 ] DEBUG Engine               - randomSeed: -1
11:48:23.897 [FXGL Background Thread 3 ] DEBUG Engine               - runtimeInfo: RuntimeInfo(platform=WINDOWS, version=17.3, build=30.03.2023 11.49)
11:48:23.897 [FXGL Background Thread 3 ] DEBUG Engine               - saveFileExt: sav
11:48:23.897 [FXGL Background Thread 3 ] DEBUG Engine               - scaledHeightProp$fxgl: DoubleProperty [bound, value: 720.0]
11:48:23.897 [FXGL Background Thread 3 ] DEBUG Engine               - scaledWidthProp$fxgl: DoubleProperty [bound, value: 1280.0]
11:48:23.897 [FXGL Background Thread 3 ] DEBUG Engine               - sceneFactory: com.almasb.fxgl.app.scene.SceneFactory@3c94243f
11:48:23.897 [FXGL Background Thread 3 ] DEBUG Engine               - secondsIn24h: 60
11:48:23.897 [FXGL Background Thread 3 ] DEBUG Engine               - soundMenuBack: menu/back.wav
11:48:23.897 [FXGL Background Thread 3 ] DEBUG Engine               - soundMenuPress: menu/press.wav
11:48:23.897 [FXGL Background Thread 3 ] DEBUG Engine               - soundMenuSelect: menu/select.wav
11:48:23.897 [FXGL Background Thread 3 ] DEBUG Engine               - soundNotification: core/notification.wav
11:48:23.897 [FXGL Background Thread 3 ] DEBUG Engine               - stageStyle: DECORATED
11:48:23.897 [FXGL Background Thread 3 ] DEBUG Engine               - supportedLanguages: [ENGLISH, FRENCH, GERMAN, HUNGARIAN, RUSSIAN]
11:48:23.897 [FXGL Background Thread 3 ] DEBUG Engine               - ticksPerSecond: 120
11:48:23.897 [FXGL Background Thread 3 ] DEBUG Engine               - title: Survivor Game
11:48:23.897 [FXGL Background Thread 3 ] DEBUG Engine               - urlGithub: https://github.com/AlmasB/FXGL
11:48:23.897 [FXGL Background Thread 3 ] DEBUG Engine               - urlLeaderboard: http://fxgl-top.herokuapp.com/
11:48:23.897 [FXGL Background Thread 3 ] DEBUG Engine               - urlPOM: https://raw.githubusercontent.com/AlmasB/FXGL/release/README.md
11:48:23.897 [FXGL Background Thread 3 ] DEBUG Engine               - userAppClass: class com.survivor.main.GameApp
11:48:23.898 [FXGL Background Thread 3 ] DEBUG Engine               - version: 1.0
11:48:23.898 [FXGL Background Thread 3 ] DEBUG Engine               - versionCheckDays: 7
11:48:23.898 [FXGL Background Thread 3 ] DEBUG Engine               - width: 1280
11:48:23.898 [FXGL Background Thread 3 ] DEBUG Engine               - Logging services
11:48:23.898 [FXGL Background Thread 3 ] DEBUG Engine               - class com.almasb.fxgl.app.services.FXGLAssetLoaderService
11:48:23.898 [FXGL Background Thread 3 ] DEBUG Engine               - class com.almasb.fxgl.app.FXGLApplication$GameApplicationService
11:48:23.898 [FXGL Background Thread 3 ] DEBUG Engine               - class com.almasb.fxgl.app.services.FXGLDialogService
11:48:23.898 [FXGL Background Thread 3 ] DEBUG Engine               - class com.almasb.fxgl.app.services.IOTaskExecutorService
11:48:23.898 [FXGL Background Thread 3 ] DEBUG Engine               - class com.almasb.fxgl.io.FileSystemService
11:48:23.898 [FXGL Background Thread 3 ] DEBUG Engine               - class com.almasb.fxgl.localization.LocalizationService
11:48:23.898 [FXGL Background Thread 3 ] DEBUG Engine               - class com.almasb.fxgl.app.services.SystemBundleService
11:48:23.898 [FXGL Background Thread 3 ] DEBUG Engine               - class com.almasb.fxgl.profile.SaveLoadService
11:48:23.898 [FXGL Background Thread 3 ] DEBUG Engine               - class com.almasb.fxgl.ui.FXGLUIFactoryServiceProvider
11:48:23.898 [FXGL Background Thread 3 ] DEBUG Engine               - class com.almasb.fxgl.ui.FXGLDialogFactoryServiceProvider
11:48:23.898 [FXGL Background Thread 3 ] DEBUG Engine               - class com.almasb.fxgl.audio.AudioPlayer
11:48:23.898 [FXGL Background Thread 3 ] DEBUG Engine               - class com.almasb.fxgl.notification.impl.NotificationServiceProvider
11:48:23.898 [FXGL Background Thread 3 ] DEBUG Engine               - class com.almasb.fxgl.achievement.AchievementService
11:48:23.898 [FXGL Background Thread 3 ] DEBUG Engine               - class com.almasb.fxgl.cutscene.CutsceneService
11:48:23.898 [FXGL Background Thread 3 ] DEBUG Engine               - class com.almasb.fxgl.minigames.MiniGameService
11:48:23.898 [FXGL Background Thread 3 ] DEBUG Engine               - class com.almasb.fxgl.net.NetService
11:48:23.898 [FXGL Background Thread 3 ] DEBUG Engine               - class com.almasb.fxgl.app.services.UpdaterService
11:48:23.898 [FXGL Background Thread 3 ] DEBUG Engine               - class com.almasb.fxgl.dev.DevService
11:48:38.418 [JavaFX Application Thread] DEBUG FXGLApplication      - Exiting FXGL
11:48:38.418 [JavaFX Application Thread] DEBUG LoopRunner           - Stopping loop
11:48:38.418 [JavaFX Application Thread] DEBUG SystemBundleService  - Saving FXGL system data
11:48:38.419 [JavaFX Application Thread] DEBUG FileSystemAccess     - Writing to: D:\javaproject\survivior-game5\system\fxgl.bundle
11:48:38.420 [JavaFX Application Thread] DEBUG Async                - Shutting down background threads
11:48:38.420 [JavaFX Application Thread] DEBUG PrimaryStageWindow   - Closing main window
11:48:38.430 [JavaFX Application Thread] DEBUG Logger               - Closing Logger
