14:31:24.663 [main                     ] DEBUG Logger               - Configured Logger
14:31:24.679 [main                     ] DEBUG GameApplication      - Logging settings
Title: Survivor Game
Version: 1.0
Width: 1280
Height: 720
Fullscreen: false
Intro: false
Profiling: false
Single step:false
App Mode: DEVELOPER
Menu Key: ESCAPE
Stage Style: DECORATED
Scene Factory: class com.almasb.fxgl.app.scene.SceneFactory

14:31:25.013 [JavaFX Application Thread] DEBUG FXGLApplication      - Initializing FXGL
14:31:25.016 [JavaFX Application Thread] INFO  Engine               - FXGL-17.3 (30.03.2023 11.49) on WINDOWS (J:17.0.16 FX:20)
14:31:25.016 [JavaFX Application Thread] DEBUG Engine               - JRE Vendor Name: Microsoft
14:31:25.016 [JavaFX Application Thread] DEBUG Engine               - Running on OS: Windows 11 version 10.0
14:31:25.016 [JavaFX Application Thread] DEBUG Engine               - Architecture: amd64
14:31:25.016 [JavaFX Application Thread] INFO  Engine               - Source code and latest versions at: https://github.com/AlmasB/FXGL
14:31:25.016 [JavaFX Application Thread] INFO  Engine               -       Ask questions and discuss at: https://github.com/AlmasB/FXGL/discussions
14:31:25.016 [JavaFX Application Thread] INFO  Engine               -              Join the FXGL chat at: https://gitter.im/AlmasB/FXGL
14:31:25.083 [JavaFX Application Thread] DEBUG PrimaryStageWindow   - Creating a JavaFX scene
14:31:25.112 [JavaFX Application Thread] DEBUG PrimaryStageWindow   - Target settings size: 1280.0 x 720.0
14:31:25.112 [JavaFX Application Thread] DEBUG PrimaryStageWindow   - Scaled scene size:    1280.0 x 720.0
14:31:25.112 [JavaFX Application Thread] DEBUG PrimaryStageWindow   - Scaled ratio: (1.0, 1.0)
14:31:25.112 [JavaFX Application Thread] DEBUG PrimaryStageWindow   - Set initial scene to FXGLStartupScene
14:31:25.115 [JavaFX Application Thread] DEBUG PrimaryStageWindow   - Opening main window
14:31:25.168 [JavaFX Application Thread] DEBUG PrimaryStageWindow   - Window border size: (14.6666259765625, 37.33331298828125)
14:31:25.168 [JavaFX Application Thread] DEBUG PrimaryStageWindow   - Scaled size: 1280.0 x 720.0
14:31:25.168 [JavaFX Application Thread] DEBUG PrimaryStageWindow   - Scaled ratio: (1.0, 1.0)
14:31:25.169 [JavaFX Application Thread] DEBUG PrimaryStageWindow   - Scene size: 1280.0 x 720.0
14:31:25.169 [JavaFX Application Thread] DEBUG PrimaryStageWindow   - Stage size: 1294.6666259765625 x 757.3333129882812
14:31:25.174 [FXGL Background Thread 1 ] DEBUG Engine               - Initializing environment variables
14:31:25.194 [FXGL Background Thread 1 ] DEBUG FXGLAssetLoaderServi - User app class for loading assets: class com.survivor.main.GameApp
14:31:25.194 [FXGL Background Thread 1 ] DEBUG GameApplicationServi - Applying CSS: fxgl_dark.css
14:31:25.195 [FXGL Background Thread 1 ] DEBUG FXGLAssetLoaderServi - Loading from file system: jar:file:/C:/Users/zrj/.m2/repository/com/github/almasb/fxgl/17.3/fxgl-17.3.jar!/fxglassets/ui/css/fxgl_dark.css
14:31:25.218 [FXGL Background Thread 1 ] DEBUG GameApplicationServi - Initializing application scenes
14:31:25.256 [FXGL Background Thread 1 ] DEBUG GameWorld            - Game world initialized
14:31:25.288 [FXGL Background Thread 1 ] DEBUG PhysicsWorld         - Physics world initialized: appHeight=720, physics.ppm=50.0
14:31:25.288 [FXGL Background Thread 1 ] DEBUG PhysicsWorld         - Using strategy: BRUTE_FORCE
14:31:25.292 [FXGL Background Thread 1 ] DEBUG GameScene            - Game scene initialized: 1280x720
14:31:25.299 [FXGL Background Thread 1 ] DEBUG FXGL.DefaultMenu     - createMenuBodyGameMenu()
14:31:25.312 [FXGL Background Thread 1 ] DEBUG FXGL.DefaultMenu     - createOptionsMenu()
14:31:25.318 [FXGL Background Thread 1 ] DEBUG FXGLAssetLoaderServi - Loading from file system: jar:file:/C:/Users/zrj/.m2/repository/com/github/almasb/fxgl/17.3/fxgl-17.3.jar!/fxglassets/textures/particles/smoke.png
14:31:25.372 [FXGL Background Thread 1 ] DEBUG FXGLAssetLoaderServi - Loading from file system: jar:file:/C:/Users/zrj/.m2/repository/com/github/almasb/fxgl/17.3/fxgl-17.3.jar!/fxglassets/textures/particles/trace_horizontal.png
14:31:25.391 [FXGL Background Thread 1 ] DEBUG GameApplicationServi - Application scenes initialized
14:31:25.404 [FXGL Background Thread 1 ] DEBUG SystemBundleService  - Loading default FXGL system data
14:31:25.404 [FXGL Background Thread 1 ] DEBUG UpdaterService       - Checking for updates
14:31:25.409 [FXGL Background Thread 4 ] DEBUG FXGLApplication      - Loading fonts
14:31:25.409 [FXGL Background Thread 4 ] DEBUG FXGLAssetLoaderServi - Loading from file system: jar:file:/C:/Users/zrj/.m2/repository/com/github/almasb/fxgl/17.3/fxgl-17.3.jar!/fxglassets/ui/fonts/VarelaRound-Regular.ttf
14:31:25.409 [FXGL Background Thread 1 ] DEBUG FXGLApplication      - Loading default localization
14:31:25.410 [FXGL Background Thread 1 ] DEBUG FXGLAssetLoaderServi - Loading from file system: jar:file:/C:/Users/zrj/.m2/repository/com/github/almasb/fxgl/17.3/fxgl-17.3.jar!/fxglassets/languages/english.lang
14:31:25.426 [FXGL Background Thread 1 ] INFO  FXGLApplication      - FXGL initialization took: 0.253 sec
14:31:25.428 [JavaFX Application Thread] DEBUG FXGLAssetLoaderServi - Loading from file system: file:/D:/javaproject/survivior-game4/SurvivorGame/target/classes/assets/textures/icon.png
14:31:25.435 [JavaFX Application Thread] DEBUG FXGLAssetLoaderServi - Loading from file system: jar:file:/C:/Users/zrj/.m2/repository/com/github/almasb/fxgl/17.3/fxgl-17.3.jar!/fxglassets/textures/fxgl_default_cursor.png
14:31:25.443 [JavaFX Application Thread] DEBUG Input                - Registered new binding: Screenshot - CTRL+8
14:31:25.444 [JavaFX Application Thread] DEBUG Input                - Registered new binding: System info dump - CTRL+9
14:31:25.444 [JavaFX Application Thread] DEBUG Input                - Registered new binding: Restart - CTRL+R
14:31:25.445 [JavaFX Application Thread] DEBUG Input                - Registered new binding: Toggle Debug Camera - CTRL+7
14:31:25.447 [JavaFX Application Thread] DEBUG LoopRunner           - Starting loop
14:31:25.448 [JavaFX Application Thread] DEBUG LoopRunner           - Initializing ScheduledExecutorLoop with fps: 120
14:31:25.450 [JavaFX Application Thread] DEBUG GameApplicationServi - Starting new game
14:31:25.451 [JavaFX Application Thread] DEBUG Input                - Clearing active input actions
14:31:25.461 [JavaFX Application Thread] DEBUG GameApplicationServi - Removing overlay from FXGLStartupScene and adding to FXGLLoadingScene
14:31:25.462 [JavaFX Application Thread] DEBUG PrimaryStageWindow   - FXGLStartupScene -> FXGLLoadingScene
14:31:25.462 [JavaFX Application Thread] DEBUG GameApplicationServi - Clearing previous game
14:31:25.462 [JavaFX Application Thread] DEBUG GameScene            - Clearing game scene
14:31:25.462 [JavaFX Application Thread] DEBUG GameWorld            - Clearing game world
14:31:25.462 [JavaFX Application Thread] DEBUG PhysicsWorld         - Clearing physics world
14:31:25.464 [FXGL Background Thread 1 ] DEBUG FXGLApplication      - Initializing game
14:31:25.473 [FXGL Background Thread 4 ] DEBUG FXGLAssetLoaderServi - Loading from file system: jar:file:/C:/Users/zrj/.m2/repository/com/github/almasb/fxgl/17.3/fxgl-17.3.jar!/fxglassets/ui/fonts/Abel-Regular.ttf
14:31:25.481 [FXGL Background Thread 4 ] DEBUG FXGLAssetLoaderServi - Loading from file system: jar:file:/C:/Users/zrj/.m2/repository/com/github/almasb/fxgl/17.3/fxgl-17.3.jar!/fxglassets/ui/fonts/TerminalLandMono-Regular.otf
14:31:25.489 [FXGL Background Thread 4 ] DEBUG FXGLAssetLoaderServi - Loading from file system: jar:file:/C:/Users/zrj/.m2/repository/com/github/almasb/fxgl/17.3/fxgl-17.3.jar!/fxglassets/ui/fonts/Courier-Prime.ttf
14:31:25.503 [JavaFX Application Thread] DEBUG FXGLApplication      - Registering font factories with UI factory
14:31:25.812 [FXGL Background Thread 1 ] WARN  TMXLevelLoader       - TiledMap generated from 1.11.2. Supported version: 1.9.0. Some features may not be parsed fully.
14:31:25.897 [FXGL Background Thread 1 ] DEBUG TMXLevelLoader       - Parsed TiledMap: file:/D:/javaproject/survivior-game4/SurvivorGame/target/classes/assets/levels/Bigdongeonmap.tmx
14:31:25.899 [FXGL Background Thread 1 ] DEBUG TMXLevelLoader       - Creating tile layer entities
14:31:25.902 [FXGL Background Thread 1 ] DEBUG TilesetLoader        - Loading view for layer 图块层 1
14:31:25.943 [FXGL Background Thread 1 ] DEBUG TilesetLoader        - Created buffer with size 9600.0x5600.0
14:31:25.949 [FXGL Background Thread 2 ] INFO  UpdaterService       - Your current version:  17.3
14:31:25.950 [FXGL Background Thread 2 ] INFO  UpdaterService       - Latest stable version: 21.1
14:31:26.029 [FXGL Background Thread 1 ] DEBUG TilesetLoader        - Loading view for layer 图块层 2
14:31:26.073 [FXGL Background Thread 1 ] DEBUG TilesetLoader        - Created buffer with size 9600.0x5600.0
14:31:26.155 [FXGL Background Thread 1 ] DEBUG TMXLevelLoader       - Creating object layer entities
14:31:26.223 [FXGL Background Thread 1 ] DEBUG GameWorld            - Clearing removable entities
14:31:26.224 [FXGL Background Thread 1 ] DEBUG GameWorld            - Setting level: com.almasb.fxgl.entity.level.Level@414581a6
14:31:26.251 [FXGL Background Thread 1 ] DEBUG Input                - Registered new binding: Move Up - W
14:31:26.251 [FXGL Background Thread 1 ] DEBUG Input                - Registered new binding: Move Down - S
14:31:26.251 [FXGL Background Thread 1 ] DEBUG Input                - Registered new binding: Move Left - A
14:31:26.251 [FXGL Background Thread 1 ] DEBUG Input                - Registered new binding: Move Right - D
14:31:26.251 [FXGL Background Thread 1 ] DEBUG Input                - Registered new binding: AttackLeft - J
14:31:26.252 [FXGL Background Thread 1 ] DEBUG Input                - Registered new binding: AttackRight - K
14:31:26.252 [FXGL Background Thread 1 ] DEBUG Input                - Registered new binding: Dash - L
14:31:26.255 [FXGL Background Thread 1 ] DEBUG FXGLAssetLoaderServi - Loading from file system: file:/D:/javaproject/survivior-game4/SurvivorGame/target/classes/assets/textures/Idle.png
14:31:26.258 [FXGL Background Thread 1 ] DEBUG FXGLAssetLoaderServi - Loading from file system: file:/D:/javaproject/survivior-game4/SurvivorGame/target/classes/assets/textures/Run.png
14:31:26.260 [FXGL Background Thread 1 ] DEBUG FXGLAssetLoaderServi - Loading from file system: file:/D:/javaproject/survivior-game4/SurvivorGame/target/classes/assets/textures/Attack2.png
14:31:26.266 [FXGL Background Thread 1 ] INFO  FXGLApplication      - Game initialization took: 0.802 sec
14:31:26.267 [JavaFX Application Thread] DEBUG Input                - Clearing active input actions
14:31:26.279 [JavaFX Application Thread] DEBUG GameApplicationServi - Removing overlay from FXGLLoadingScene and adding to GameScene
14:31:26.279 [JavaFX Application Thread] DEBUG PrimaryStageWindow   - FXGLLoadingScene -> GameScene
14:31:26.660 [JavaFX Application Thread] DEBUG FXGLAssetLoaderServi - Loading from file system: file:/D:/javaproject/survivior-game4/SurvivorGame/target/classes/assets/textures/enemy.png
14:31:27.644 [JavaFX Application Thread] WARN  FXGLAssetLoaderServi - Asset "/assets/textures/projectiles/FireBall.png" was not found!
14:31:27.644 [JavaFX Application Thread] WARN  FXGLAssetLoaderServi - Failed to load IMAGE
14:31:27.648 [JavaFX Application Thread] WARN  FXGLAssetLoaderServi - Asset "/assets/textures/projectiles/FireBall.png" was not found!
14:31:27.648 [JavaFX Application Thread] WARN  FXGLAssetLoaderServi - Failed to load IMAGE
14:31:28.268 [JavaFX Application Thread] WARN  FXGLAssetLoaderServi - Asset "/assets/textures/projectiles/FireBall.png" was not found!
14:31:28.268 [JavaFX Application Thread] WARN  FXGLAssetLoaderServi - Failed to load IMAGE
14:31:28.269 [JavaFX Application Thread] WARN  FXGLAssetLoaderServi - Asset "/assets/textures/projectiles/FireBall.png" was not found!
14:31:28.269 [JavaFX Application Thread] WARN  FXGLAssetLoaderServi - Failed to load IMAGE
14:31:28.408 [FXGL Background Thread 3 ] DEBUG Engine               - Logging environment variables
14:31:28.408 [FXGL Background Thread 3 ] DEBUG Engine               - achievements: []
14:31:28.408 [FXGL Background Thread 3 ] DEBUG Engine               - actualHeight: 720.0
14:31:28.408 [FXGL Background Thread 3 ] DEBUG Engine               - actualHeightProperty: ReadOnlyDoubleProperty [value: 720.0]
14:31:28.408 [FXGL Background Thread 3 ] DEBUG Engine               - actualWidth: 1280.0
14:31:28.408 [FXGL Background Thread 3 ] DEBUG Engine               - actualWidthProperty: ReadOnlyDoubleProperty [value: 1280.0]
14:31:28.408 [FXGL Background Thread 3 ] DEBUG Engine               - appIcon: icon.png
14:31:28.408 [FXGL Background Thread 3 ] DEBUG Engine               - applicationMode: DEVELOPER
14:31:28.408 [FXGL Background Thread 3 ] DEBUG Engine               - cSSList: [fxgl_dark.css]
14:31:28.408 [FXGL Background Thread 3 ] DEBUG Engine               - collisionDetectionStrategy: BRUTE_FORCE
14:31:28.408 [FXGL Background Thread 3 ] DEBUG Engine               - configClass: Optional.empty
14:31:28.408 [FXGL Background Thread 3 ] DEBUG Engine               - credits: []
14:31:28.408 [FXGL Background Thread 3 ] DEBUG Engine               - defaultCursor: CursorInfo(imageName=fxgl_default_cursor.png, hotspotX=7.0, hotspotY=6.0)
14:31:28.408 [FXGL Background Thread 3 ] DEBUG Engine               - devBBoxColorProperty: ObjectProperty [value: 0xff0000ff]
14:31:28.408 [FXGL Background Thread 3 ] DEBUG Engine               - devEnableDebugCameraProperty: BooleanProperty [value: false]
14:31:28.408 [FXGL Background Thread 3 ] DEBUG Engine               - devSensorColorProperty: ObjectProperty [value: 0xffff00ff]
14:31:28.409 [FXGL Background Thread 3 ] DEBUG Engine               - devShowBBoxProperty: BooleanProperty [value: false]
14:31:28.409 [FXGL Background Thread 3 ] DEBUG Engine               - devShowPositionProperty: BooleanProperty [value: false]
14:31:28.409 [FXGL Background Thread 3 ] DEBUG Engine               - enabledMenuItems: []
14:31:28.409 [FXGL Background Thread 3 ] DEBUG Engine               - engineServices: [class com.almasb.fxgl.app.services.FXGLAssetLoaderService, class com.almasb.fxgl.app.FXGLApplication$GameApplicationService, class com.almasb.fxgl.app.services.FXGLDialogService, class com.almasb.fxgl.app.services.IOTaskExecutorService, class com.almasb.fxgl.io.FileSystemService, class com.almasb.fxgl.localization.LocalizationService, class com.almasb.fxgl.app.services.SystemBundleService, class com.almasb.fxgl.profile.SaveLoadService, class com.almasb.fxgl.ui.FXGLUIFactoryServiceProvider, class com.almasb.fxgl.ui.FXGLDialogFactoryServiceProvider, class com.almasb.fxgl.audio.AudioPlayer, class com.almasb.fxgl.notification.impl.NotificationServiceProvider, class com.almasb.fxgl.achievement.AchievementService, class com.almasb.fxgl.cutscene.CutsceneService, class com.almasb.fxgl.minigames.MiniGameService, class com.almasb.fxgl.net.NetService, class com.almasb.fxgl.app.services.UpdaterService, class com.almasb.fxgl.dev.DevService]
14:31:28.409 [FXGL Background Thread 3 ] DEBUG Engine               - fontGame: Abel-Regular.ttf
14:31:28.409 [FXGL Background Thread 3 ] DEBUG Engine               - fontMono: TerminalLandMono-Regular.otf
14:31:28.409 [FXGL Background Thread 3 ] DEBUG Engine               - fontSizeScaleUI: 1.0
14:31:28.409 [FXGL Background Thread 3 ] DEBUG Engine               - fontText: Courier-Prime.ttf
14:31:28.409 [FXGL Background Thread 3 ] DEBUG Engine               - fontUI: VarelaRound-Regular.ttf
14:31:28.409 [FXGL Background Thread 3 ] DEBUG Engine               - fullScreen: BooleanProperty [value: false]
14:31:28.409 [FXGL Background Thread 3 ] DEBUG Engine               - gameDifficulty: MEDIUM
14:31:28.409 [FXGL Background Thread 3 ] DEBUG Engine               - gameDifficultyProperty: ObjectProperty [value: MEDIUM]
14:31:28.409 [FXGL Background Thread 3 ] DEBUG Engine               - globalMusicVolume: 0.5
14:31:28.409 [FXGL Background Thread 3 ] DEBUG Engine               - globalMusicVolumeProperty: DoubleProperty [value: 0.5]
14:31:28.409 [FXGL Background Thread 3 ] DEBUG Engine               - globalSoundVolume: 0.5
14:31:28.409 [FXGL Background Thread 3 ] DEBUG Engine               - globalSoundVolumeProperty: DoubleProperty [value: 0.5]
14:31:28.409 [FXGL Background Thread 3 ] DEBUG Engine               - height: 720
14:31:28.409 [FXGL Background Thread 3 ] DEBUG Engine               - is3D: false
14:31:28.409 [FXGL Background Thread 3 ] DEBUG Engine               - isAndroid: false
14:31:28.409 [FXGL Background Thread 3 ] DEBUG Engine               - isBrowser: false
14:31:28.409 [FXGL Background Thread 3 ] DEBUG Engine               - isClickFeedbackEnabled: false
14:31:28.409 [FXGL Background Thread 3 ] DEBUG Engine               - isCloseConfirmation: false
14:31:28.409 [FXGL Background Thread 3 ] DEBUG Engine               - isDesktop: true
14:31:28.409 [FXGL Background Thread 3 ] DEBUG Engine               - isDeveloperMenuEnabled: false
14:31:28.409 [FXGL Background Thread 3 ] DEBUG Engine               - isEmbedded: false
14:31:28.409 [FXGL Background Thread 3 ] DEBUG Engine               - isEntityPreloadEnabled: true
14:31:28.409 [FXGL Background Thread 3 ] DEBUG Engine               - isExperimentalTiledLargeMap: false
14:31:28.410 [FXGL Background Thread 3 ] DEBUG Engine               - isFileSystemWriteAllowed: true
14:31:28.410 [FXGL Background Thread 3 ] DEBUG Engine               - isFullScreenAllowed: false
14:31:28.410 [FXGL Background Thread 3 ] DEBUG Engine               - isFullScreenFromStart: false
14:31:28.410 [FXGL Background Thread 3 ] DEBUG Engine               - isGameMenuEnabled: true
14:31:28.410 [FXGL Background Thread 3 ] DEBUG Engine               - isIOS: false
14:31:28.410 [FXGL Background Thread 3 ] DEBUG Engine               - isIntroEnabled: false
14:31:28.410 [FXGL Background Thread 3 ] DEBUG Engine               - isLinux: false
14:31:28.410 [FXGL Background Thread 3 ] DEBUG Engine               - isMac: false
14:31:28.410 [FXGL Background Thread 3 ] DEBUG Engine               - isMainMenuEnabled: false
14:31:28.410 [FXGL Background Thread 3 ] DEBUG Engine               - isManualResizeEnabled: false
14:31:28.410 [FXGL Background Thread 3 ] DEBUG Engine               - isMobile: false
14:31:28.410 [FXGL Background Thread 3 ] DEBUG Engine               - isNative: false
14:31:28.410 [FXGL Background Thread 3 ] DEBUG Engine               - isPauseMusicWhenMinimized: true
14:31:28.410 [FXGL Background Thread 3 ] DEBUG Engine               - isPreserveResizeRatio: false
14:31:28.410 [FXGL Background Thread 3 ] DEBUG Engine               - isProfilingEnabled: false
14:31:28.410 [FXGL Background Thread 3 ] DEBUG Engine               - isScaleAffectedOnResize: true
14:31:28.410 [FXGL Background Thread 3 ] DEBUG Engine               - isSingleStep: false
14:31:28.410 [FXGL Background Thread 3 ] DEBUG Engine               - isUserProfileEnabled: false
14:31:28.410 [FXGL Background Thread 3 ] DEBUG Engine               - isWindows: true
14:31:28.410 [FXGL Background Thread 3 ] DEBUG Engine               - language: ObjectProperty [value: ENGLISH]
14:31:28.410 [FXGL Background Thread 3 ] DEBUG Engine               - menuKey: ESCAPE
14:31:28.410 [FXGL Background Thread 3 ] DEBUG Engine               - mouseSensitivity: 0.2
14:31:28.410 [FXGL Background Thread 3 ] DEBUG Engine               - notificationViewClass: class com.almasb.fxgl.notification.view.XboxNotificationView
14:31:28.410 [FXGL Background Thread 3 ] DEBUG Engine               - pixelsPerMeter: 50.0
14:31:28.410 [FXGL Background Thread 3 ] DEBUG Engine               - platform: WINDOWS
14:31:28.410 [FXGL Background Thread 3 ] DEBUG Engine               - prefHeightProperty: ReadOnlyDoubleProperty [value: 720.0]
14:31:28.410 [FXGL Background Thread 3 ] DEBUG Engine               - prefWidthProperty: ReadOnlyDoubleProperty [value: 1280.0]
14:31:28.410 [FXGL Background Thread 3 ] DEBUG Engine               - profileDir: profiles/
14:31:28.410 [FXGL Background Thread 3 ] DEBUG Engine               - profileName: StringProperty [value: DEFAULT]
14:31:28.410 [FXGL Background Thread 3 ] DEBUG Engine               - randomSeed: -1
14:31:28.410 [FXGL Background Thread 3 ] DEBUG Engine               - runtimeInfo: RuntimeInfo(platform=WINDOWS, version=17.3, build=30.03.2023 11.49)
14:31:28.411 [FXGL Background Thread 3 ] DEBUG Engine               - saveFileExt: sav
14:31:28.411 [FXGL Background Thread 3 ] DEBUG Engine               - scaledHeightProp$fxgl: DoubleProperty [bound, value: 720.0]
14:31:28.411 [FXGL Background Thread 3 ] DEBUG Engine               - scaledWidthProp$fxgl: DoubleProperty [bound, value: 1280.0]
14:31:28.411 [FXGL Background Thread 3 ] DEBUG Engine               - sceneFactory: com.almasb.fxgl.app.scene.SceneFactory@44cfb847
14:31:28.411 [FXGL Background Thread 3 ] DEBUG Engine               - secondsIn24h: 60
14:31:28.411 [FXGL Background Thread 3 ] DEBUG Engine               - soundMenuBack: menu/back.wav
14:31:28.411 [FXGL Background Thread 3 ] DEBUG Engine               - soundMenuPress: menu/press.wav
14:31:28.411 [FXGL Background Thread 3 ] DEBUG Engine               - soundMenuSelect: menu/select.wav
14:31:28.411 [FXGL Background Thread 3 ] DEBUG Engine               - soundNotification: core/notification.wav
14:31:28.411 [FXGL Background Thread 3 ] DEBUG Engine               - stageStyle: DECORATED
14:31:28.411 [FXGL Background Thread 3 ] DEBUG Engine               - supportedLanguages: [ENGLISH, FRENCH, GERMAN, HUNGARIAN, RUSSIAN]
14:31:28.411 [FXGL Background Thread 3 ] DEBUG Engine               - ticksPerSecond: 120
14:31:28.411 [FXGL Background Thread 3 ] DEBUG Engine               - title: Survivor Game
14:31:28.411 [FXGL Background Thread 3 ] DEBUG Engine               - urlGithub: https://github.com/AlmasB/FXGL
14:31:28.411 [FXGL Background Thread 3 ] DEBUG Engine               - urlLeaderboard: http://fxgl-top.herokuapp.com/
14:31:28.411 [FXGL Background Thread 3 ] DEBUG Engine               - urlPOM: https://raw.githubusercontent.com/AlmasB/FXGL/release/README.md
14:31:28.411 [FXGL Background Thread 3 ] DEBUG Engine               - userAppClass: class com.survivor.main.GameApp
14:31:28.411 [FXGL Background Thread 3 ] DEBUG Engine               - version: 1.0
14:31:28.411 [FXGL Background Thread 3 ] DEBUG Engine               - versionCheckDays: 7
14:31:28.411 [FXGL Background Thread 3 ] DEBUG Engine               - width: 1280
14:31:28.411 [FXGL Background Thread 3 ] DEBUG Engine               - Logging services
14:31:28.411 [FXGL Background Thread 3 ] DEBUG Engine               - class com.almasb.fxgl.app.services.FXGLAssetLoaderService
14:31:28.411 [FXGL Background Thread 3 ] DEBUG Engine               - class com.almasb.fxgl.app.FXGLApplication$GameApplicationService
14:31:28.411 [FXGL Background Thread 3 ] DEBUG Engine               - class com.almasb.fxgl.app.services.FXGLDialogService
14:31:28.411 [FXGL Background Thread 3 ] DEBUG Engine               - class com.almasb.fxgl.app.services.IOTaskExecutorService
14:31:28.411 [FXGL Background Thread 3 ] DEBUG Engine               - class com.almasb.fxgl.io.FileSystemService
14:31:28.411 [FXGL Background Thread 3 ] DEBUG Engine               - class com.almasb.fxgl.localization.LocalizationService
14:31:28.411 [FXGL Background Thread 3 ] DEBUG Engine               - class com.almasb.fxgl.app.services.SystemBundleService
14:31:28.411 [FXGL Background Thread 3 ] DEBUG Engine               - class com.almasb.fxgl.profile.SaveLoadService
14:31:28.411 [FXGL Background Thread 3 ] DEBUG Engine               - class com.almasb.fxgl.ui.FXGLUIFactoryServiceProvider
14:31:28.411 [FXGL Background Thread 3 ] DEBUG Engine               - class com.almasb.fxgl.ui.FXGLDialogFactoryServiceProvider
14:31:28.411 [FXGL Background Thread 3 ] DEBUG Engine               - class com.almasb.fxgl.audio.AudioPlayer
14:31:28.411 [FXGL Background Thread 3 ] DEBUG Engine               - class com.almasb.fxgl.notification.impl.NotificationServiceProvider
14:31:28.411 [FXGL Background Thread 3 ] DEBUG Engine               - class com.almasb.fxgl.achievement.AchievementService
14:31:28.411 [FXGL Background Thread 3 ] DEBUG Engine               - class com.almasb.fxgl.cutscene.CutsceneService
14:31:28.411 [FXGL Background Thread 3 ] DEBUG Engine               - class com.almasb.fxgl.minigames.MiniGameService
14:31:28.411 [FXGL Background Thread 3 ] DEBUG Engine               - class com.almasb.fxgl.net.NetService
14:31:28.411 [FXGL Background Thread 3 ] DEBUG Engine               - class com.almasb.fxgl.app.services.UpdaterService
14:31:28.411 [FXGL Background Thread 3 ] DEBUG Engine               - class com.almasb.fxgl.dev.DevService
14:31:32.242 [JavaFX Application Thread] DEBUG FXGLApplication      - Exiting FXGL
14:31:32.242 [JavaFX Application Thread] DEBUG LoopRunner           - Stopping loop
14:31:32.244 [JavaFX Application Thread] DEBUG SystemBundleService  - Saving FXGL system data
14:31:32.246 [JavaFX Application Thread] DEBUG FileSystemAccess     - Writing to: D:\javaproject\survivior-game4\system\fxgl.bundle
14:31:32.250 [JavaFX Application Thread] DEBUG Async                - Shutting down background threads
14:31:32.250 [JavaFX Application Thread] DEBUG PrimaryStageWindow   - Closing main window
14:31:32.260 [JavaFX Application Thread] DEBUG Logger               - Closing Logger
