15:11:01.222 [main                     ] DEBUG Logger               - Configured Logger
15:11:01.241 [main                     ] DEBUG GameApplication      - Logging settings
Title: Enemy Animation Test V2 — Z/X/C/V 切换小怪
Version: 0.0
Width: 800
Height: 600
Fullscreen: false
Intro: false
Profiling: false
Single step:false
App Mode: DEVELOPER
Menu Key: ESCAPE
Stage Style: DECORATED
Scene Factory: class com.almasb.fxgl.app.scene.SceneFactory

15:11:01.634 [JavaFX Application Thread] DEBUG FXGLApplication      - Initializing FXGL
15:11:01.636 [JavaFX Application Thread] INFO  Engine               - FXGL-17.3 (30.03.2023 11.49) on WINDOWS (J:21.0.5 FX:17)
15:11:01.636 [JavaFX Application Thread] DEBUG Engine               - JRE Vendor Name: Oracle Corporation
15:11:01.638 [JavaFX Application Thread] DEBUG Engine               - Running on OS: Windows 11 version 10.0
15:11:01.638 [JavaFX Application Thread] DEBUG Engine               - Architecture: amd64
15:11:01.638 [JavaFX Application Thread] INFO  Engine               - Source code and latest versions at: https://github.com/AlmasB/FXGL
15:11:01.638 [JavaFX Application Thread] INFO  Engine               -       Ask questions and discuss at: https://github.com/AlmasB/FXGL/discussions
15:11:01.638 [JavaFX Application Thread] INFO  Engine               -              Join the FXGL chat at: https://gitter.im/AlmasB/FXGL
15:11:01.715 [JavaFX Application Thread] DEBUG PrimaryStageWindow   - Creating a JavaFX scene
15:11:01.749 [JavaFX Application Thread] DEBUG PrimaryStageWindow   - Target settings size: 800.0 x 600.0
15:11:01.750 [JavaFX Application Thread] DEBUG PrimaryStageWindow   - Scaled scene size:    800.0 x 600.0
15:11:01.750 [JavaFX Application Thread] DEBUG PrimaryStageWindow   - Scaled ratio: (1.0, 1.0)
15:11:01.751 [JavaFX Application Thread] DEBUG PrimaryStageWindow   - Set initial scene to FXGLStartupScene
15:11:01.756 [JavaFX Application Thread] DEBUG PrimaryStageWindow   - Opening main window
15:11:01.819 [JavaFX Application Thread] DEBUG PrimaryStageWindow   - Window border size: (14.66668701171875, 37.33331298828125)
15:11:01.819 [JavaFX Application Thread] DEBUG PrimaryStageWindow   - Scaled size: 800.0 x 600.0
15:11:01.820 [JavaFX Application Thread] DEBUG PrimaryStageWindow   - Scaled ratio: (1.0, 1.0)
15:11:01.820 [JavaFX Application Thread] DEBUG PrimaryStageWindow   - Scene size: 800.0 x 600.0
15:11:01.820 [JavaFX Application Thread] DEBUG PrimaryStageWindow   - Stage size: 814.6666870117188 x 637.3333129882812
15:11:01.827 [FXGL Background Thread 1 ] DEBUG Engine               - Initializing environment variables
15:11:01.870 [FXGL Background Thread 1 ] DEBUG FXGLAssetLoaderServi - User app class for loading assets: class com.survivor.main.EnemyAnimationTestV2
15:11:01.870 [FXGL Background Thread 1 ] DEBUG GameApplicationServi - Applying CSS: fxgl_dark.css
15:11:01.871 [FXGL Background Thread 1 ] DEBUG FXGLAssetLoaderServi - Loading from file system: jar:file:/C:/Users/%e6%b6%82/.m2/repository/com/github/almasb/fxgl/17.3/fxgl-17.3.jar!/fxglassets/ui/css/fxgl_dark.css
15:11:01.897 [FXGL Background Thread 1 ] DEBUG GameApplicationServi - Initializing application scenes
15:11:01.948 [FXGL Background Thread 1 ] DEBUG GameWorld            - Game world initialized
15:11:01.990 [FXGL Background Thread 1 ] DEBUG PhysicsWorld         - Physics world initialized: appHeight=600, physics.ppm=50.0
15:11:01.991 [FXGL Background Thread 1 ] DEBUG PhysicsWorld         - Using strategy: BRUTE_FORCE
15:11:01.993 [FXGL Background Thread 1 ] DEBUG GameScene            - Game scene initialized: 800x600
15:11:02.003 [FXGL Background Thread 1 ] DEBUG FXGL.DefaultMenu     - createMenuBodyGameMenu()
15:11:02.017 [FXGL Background Thread 1 ] DEBUG FXGL.DefaultMenu     - createOptionsMenu()
15:11:02.031 [FXGL Background Thread 1 ] DEBUG FXGLAssetLoaderServi - Loading from file system: jar:file:/C:/Users/%e6%b6%82/.m2/repository/com/github/almasb/fxgl/17.3/fxgl-17.3.jar!/fxglassets/textures/particles/smoke.png
15:11:02.098 [FXGL Background Thread 1 ] DEBUG FXGLAssetLoaderServi - Loading from file system: jar:file:/C:/Users/%e6%b6%82/.m2/repository/com/github/almasb/fxgl/17.3/fxgl-17.3.jar!/fxglassets/textures/particles/trace_horizontal.png
15:11:02.115 [FXGL Background Thread 1 ] DEBUG GameApplicationServi - Application scenes initialized
15:11:02.126 [FXGL Background Thread 1 ] DEBUG SystemBundleService  - Loading FXGL system data
15:11:02.129 [FXGL Background Thread 1 ] DEBUG FileSystemAccess     - Reading from: D:\code\survivior-game-tqw\system\fxgl.bundle
15:11:02.135 [FXGL Background Thread 1 ] DEBUG SystemBundleService  - Bundle FXGL: {}
15:11:02.135 [FXGL Background Thread 1 ] DEBUG UpdaterService       - Checking for updates
15:11:02.156 [FXGL Background Thread 4 ] DEBUG FXGLApplication      - Loading fonts
15:11:02.157 [FXGL Background Thread 1 ] DEBUG FXGLApplication      - Loading default localization
15:11:02.157 [FXGL Background Thread 4 ] DEBUG FXGLAssetLoaderServi - Loading from file system: jar:file:/C:/Users/%e6%b6%82/.m2/repository/com/github/almasb/fxgl/17.3/fxgl-17.3.jar!/fxglassets/ui/fonts/VarelaRound-Regular.ttf
15:11:02.157 [FXGL Background Thread 1 ] DEBUG FXGLAssetLoaderServi - Loading from file system: jar:file:/C:/Users/%e6%b6%82/.m2/repository/com/github/almasb/fxgl/17.3/fxgl-17.3.jar!/fxglassets/languages/english.lang
15:11:02.180 [FXGL Background Thread 4 ] DEBUG FXGLAssetLoaderServi - Loading from file system: jar:file:/C:/Users/%e6%b6%82/.m2/repository/com/github/almasb/fxgl/17.3/fxgl-17.3.jar!/fxglassets/ui/fonts/Abel-Regular.ttf
15:11:02.180 [FXGL Background Thread 1 ] INFO  FXGLApplication      - FXGL initialization took: 0.355 sec
15:11:02.183 [FXGL Background Thread 4 ] DEBUG FXGLAssetLoaderServi - Loading from file system: jar:file:/C:/Users/%e6%b6%82/.m2/repository/com/github/almasb/fxgl/17.3/fxgl-17.3.jar!/fxglassets/ui/fonts/TerminalLandMono-Regular.otf
15:11:02.187 [FXGL Background Thread 4 ] DEBUG FXGLAssetLoaderServi - Loading from file system: jar:file:/C:/Users/%e6%b6%82/.m2/repository/com/github/almasb/fxgl/17.3/fxgl-17.3.jar!/fxglassets/ui/fonts/Courier-Prime.ttf
15:11:02.188 [JavaFX Application Thread] DEBUG Input                - Registered new binding: Switch to NORMAL - Z
15:11:02.188 [JavaFX Application Thread] DEBUG Input                - Registered new binding: Switch to TANK - X
15:11:02.188 [JavaFX Application Thread] DEBUG Input                - Registered new binding: Switch to SPEED - C
15:11:02.188 [JavaFX Application Thread] DEBUG Input                - Registered new binding: Switch to WIZARD - V
15:11:02.188 [JavaFX Application Thread] DEBUG Input                - Registered new binding: Move Up - Up
15:11:02.189 [JavaFX Application Thread] DEBUG Input                - Registered new binding: Move Down - Down
15:11:02.189 [JavaFX Application Thread] DEBUG Input                - Registered new binding: Move Left - Left
15:11:02.189 [JavaFX Application Thread] DEBUG Input                - Registered new binding: Move Right - Right
15:11:02.190 [JavaFX Application Thread] DEBUG Input                - Registered new binding: Play Attack Animation - LMB
15:11:02.190 [JavaFX Application Thread] DEBUG Input                - Registered new binding: Play Hit Effect - RMB
15:11:02.190 [JavaFX Application Thread] DEBUG Input                - Registered new binding: Reset Enemy - R
15:11:02.190 [JavaFX Application Thread] DEBUG Input                - Registered new binding: Play Death Animation - K
15:11:02.192 [JavaFX Application Thread] DEBUG FXGLAssetLoaderServi - Loading from file system: jar:file:/C:/Users/%e6%b6%82/.m2/repository/com/github/almasb/fxgl/17.3/fxgl-17.3.jar!/fxglassets/textures/fxgl_icon.png
15:11:02.208 [JavaFX Application Thread] DEBUG FXGLAssetLoaderServi - Loading from file system: jar:file:/C:/Users/%e6%b6%82/.m2/repository/com/github/almasb/fxgl/17.3/fxgl-17.3.jar!/fxglassets/textures/fxgl_default_cursor.png
15:11:02.211 [JavaFX Application Thread] DEBUG Input                - Registered new binding: Screenshot - CTRL+8
15:11:02.212 [JavaFX Application Thread] DEBUG Input                - Registered new binding: Dev Options - 1
15:11:02.213 [JavaFX Application Thread] DEBUG Input                - Registered new binding: Dev Console - 2
15:11:02.213 [JavaFX Application Thread] DEBUG Input                - Registered new binding: System info dump - CTRL+9
15:11:02.215 [JavaFX Application Thread] DEBUG Input                - Registered new binding: Restart - CTRL+R
15:11:02.215 [JavaFX Application Thread] DEBUG Input                - Registered new binding: Toggle Debug Camera - CTRL+7
15:11:02.220 [JavaFX Application Thread] DEBUG LoopRunner           - Starting loop
15:11:02.238 [JavaFX Application Thread] DEBUG LoopRunner           - Initializing JavaFX AnimationTimerLoop
15:11:02.239 [JavaFX Application Thread] DEBUG GameApplicationServi - Starting new game
15:11:02.240 [JavaFX Application Thread] DEBUG Input                - Clearing active input actions
15:11:02.249 [JavaFX Application Thread] DEBUG GameApplicationServi - Removing overlay from FXGLStartupScene and adding to FXGLLoadingScene
15:11:02.252 [JavaFX Application Thread] DEBUG PrimaryStageWindow   - FXGLStartupScene -> FXGLLoadingScene
15:11:02.252 [JavaFX Application Thread] DEBUG GameApplicationServi - Clearing previous game
15:11:02.252 [JavaFX Application Thread] DEBUG GameScene            - Clearing game scene
15:11:02.252 [JavaFX Application Thread] DEBUG GameWorld            - Clearing game world
15:11:02.252 [JavaFX Application Thread] DEBUG PhysicsWorld         - Clearing physics world
15:11:02.253 [JavaFX Application Thread] DEBUG FXGLApplication      - Registering font factories with UI factory
15:11:02.253 [FXGL Background Thread 4 ] DEBUG FXGLApplication      - Initializing game
15:11:02.258 [FXGL Background Thread 4 ] DEBUG FXGLAssetLoaderServi - Loading from file system: file:/D:/code/survivior-game-tqw/survivior-game-tqw/survivior-game-main/SurvivorGame/target/classes/assets/textures/role.png
15:11:02.269 [FXGL Background Thread 4 ] DEBUG FXGLAssetLoaderServi - Loading from file system: file:/D:/code/survivior-game-tqw/survivior-game-tqw/survivior-game-main/SurvivorGame/target/classes/assets/textures/monster/normal/Orc_Idle.png
15:11:02.274 [FXGL Background Thread 4 ] DEBUG FXGLAssetLoaderServi - Loading from file system: file:/D:/code/survivior-game-tqw/survivior-game-tqw/survivior-game-main/SurvivorGame/target/classes/assets/textures/monster/normal/Orc_Walk.png
15:11:02.276 [FXGL Background Thread 4 ] DEBUG FXGLAssetLoaderServi - Loading from file system: file:/D:/code/survivior-game-tqw/survivior-game-tqw/survivior-game-main/SurvivorGame/target/classes/assets/textures/monster/normal/Orc_Attack.png
15:11:02.279 [FXGL Background Thread 4 ] DEBUG FXGLAssetLoaderServi - Loading from file system: file:/D:/code/survivior-game-tqw/survivior-game-tqw/survivior-game-main/SurvivorGame/target/classes/assets/textures/monster/normal/Orc_Death.png
15:11:02.281 [FXGL Background Thread 4 ] DEBUG FXGLAssetLoaderServi - Loading from file system: file:/D:/code/survivior-game-tqw/survivior-game-tqw/survivior-game-main/SurvivorGame/target/classes/assets/textures/monster/normal/Orc_Hit.png
15:11:02.394 [JavaFX Application Thread] DEBUG LoopRunner           - Stopping loop
15:11:02.395 [JavaFX Application Thread] FATAL FXGLApplication      - Uncaught Exception:
java.lang.RuntimeException: Initialization failed
	at com.almasb.fxgl.app.FXGLApplication$InitAppTask.failed(FXGLApplication.kt:343)
	at javafx.concurrent.Task.setState(Task.java:710)
	at javafx.concurrent.Task$TaskCallable.lambda$call$2(Task.java:1456)
	at com.sun.javafx.application.PlatformImpl.lambda$runLater$10(PlatformImpl.java:457)
	at java.base/java.security.AccessController.doPrivileged(AccessController.java:400)
	at com.sun.javafx.application.PlatformImpl.lambda$runLater$11(PlatformImpl.java:456)
	at com.sun.glass.ui.InvokeLaterDispatcher$Future.run(InvokeLaterDispatcher.java:96)
	at com.sun.glass.ui.win.WinApplication._runLoop(Native Method)
	at com.sun.glass.ui.win.WinApplication.lambda$runLoop$3(WinApplication.java:184)
	at java.base/java.lang.Thread.run(Thread.java:1583)
Caused by: java.lang.IllegalArgumentException: Unknown type NORMAL
	at com.survivor.entity.EnemyAnimationPool.get(EnemyAnimationPool.java:78)
	at com.survivor.main.EnemyAnimationTestV2.createEnemyByType(EnemyAnimationTestV2.java:66)
	at com.survivor.main.EnemyAnimationTestV2.initGame(EnemyAnimationTestV2.java:44)
	at com.almasb.fxgl.app.FXGLApplication$InitAppTask.initGame(FXGLApplication.kt:339)
	at com.almasb.fxgl.app.FXGLApplication$InitAppTask.call(FXGLApplication.kt:319)
	at com.almasb.fxgl.app.FXGLApplication$InitAppTask.call(FXGLApplication.kt:311)
	at javafx.concurrent.Task$TaskCallable.call(Task.java:1426)
	at java.base/java.util.concurrent.FutureTask.run(FutureTask.java:317)
	at java.base/java.util.concurrent.Executors$RunnableAdapter.call(Executors.java:572)
	at java.base/java.util.concurrent.FutureTask.run(FutureTask.java:317)
	at java.base/java.util.concurrent.ThreadPoolExecutor.runWorker(ThreadPoolExecutor.java:1144)
	at java.base/java.util.concurrent.ThreadPoolExecutor$Worker.run(ThreadPoolExecutor.java:642)
	... 1 more

15:11:02.395 [JavaFX Application Thread] FATAL FXGLApplication      - Application will now exit
15:11:02.399 [JavaFX Application Thread] DEBUG PrimaryStageWindow   - Push state: ErrorSubScene
15:11:02.400 [JavaFX Application Thread] DEBUG Input                - Clearing active input actions
15:11:02.400 [JavaFX Application Thread] DEBUG GameApplicationServi - Removing overlay from FXGLLoadingScene and adding to ErrorSubScene
15:11:02.401 [JavaFX Application Thread] DEBUG PrimaryStageWindow   - FXGLLoadingScene -> ErrorSubScene
15:11:02.688 [FXGL Background Thread 2 ] INFO  UpdaterService       - Your current version:  17.3
15:11:02.688 [FXGL Background Thread 2 ] INFO  UpdaterService       - Latest stable version: 21.1
15:11:05.155 [FXGL Background Thread 3 ] DEBUG Engine               - Logging environment variables
15:11:05.156 [FXGL Background Thread 3 ] DEBUG Engine               - achievements: []
15:11:05.158 [FXGL Background Thread 3 ] DEBUG Engine               - actualHeight: 600.0
15:11:05.158 [FXGL Background Thread 3 ] DEBUG Engine               - actualHeightProperty: ReadOnlyDoubleProperty [value: 600.0]
15:11:05.158 [FXGL Background Thread 3 ] DEBUG Engine               - actualWidth: 800.0
15:11:05.158 [FXGL Background Thread 3 ] DEBUG Engine               - actualWidthProperty: ReadOnlyDoubleProperty [value: 800.0]
15:11:05.158 [FXGL Background Thread 3 ] DEBUG Engine               - appIcon: fxgl_icon.png
15:11:05.158 [FXGL Background Thread 3 ] DEBUG Engine               - applicationMode: DEVELOPER
15:11:05.158 [FXGL Background Thread 3 ] DEBUG Engine               - cSSList: [fxgl_dark.css]
15:11:05.158 [FXGL Background Thread 3 ] DEBUG Engine               - collisionDetectionStrategy: BRUTE_FORCE
15:11:05.158 [FXGL Background Thread 3 ] DEBUG Engine               - configClass: Optional.empty
15:11:05.158 [FXGL Background Thread 3 ] DEBUG Engine               - credits: []
15:11:05.161 [FXGL Background Thread 3 ] DEBUG Engine               - defaultCursor: CursorInfo(imageName=fxgl_default_cursor.png, hotspotX=7.0, hotspotY=6.0)
15:11:05.161 [FXGL Background Thread 3 ] DEBUG Engine               - devBBoxColorProperty: ObjectProperty [value: 0xff0000ff]
15:11:05.161 [FXGL Background Thread 3 ] DEBUG Engine               - devEnableDebugCameraProperty: BooleanProperty [value: false]
15:11:05.161 [FXGL Background Thread 3 ] DEBUG Engine               - devSensorColorProperty: ObjectProperty [value: 0xffff00ff]
15:11:05.161 [FXGL Background Thread 3 ] DEBUG Engine               - devShowBBoxProperty: BooleanProperty [value: false]
15:11:05.162 [FXGL Background Thread 3 ] DEBUG Engine               - devShowPositionProperty: BooleanProperty [value: false]
15:11:05.162 [FXGL Background Thread 3 ] DEBUG Engine               - enabledMenuItems: []
15:11:05.162 [FXGL Background Thread 3 ] DEBUG Engine               - engineServices: [class com.almasb.fxgl.app.services.FXGLAssetLoaderService, class com.almasb.fxgl.app.FXGLApplication$GameApplicationService, class com.almasb.fxgl.app.services.FXGLDialogService, class com.almasb.fxgl.app.services.IOTaskExecutorService, class com.almasb.fxgl.io.FileSystemService, class com.almasb.fxgl.localization.LocalizationService, class com.almasb.fxgl.app.services.SystemBundleService, class com.almasb.fxgl.profile.SaveLoadService, class com.almasb.fxgl.ui.FXGLUIFactoryServiceProvider, class com.almasb.fxgl.ui.FXGLDialogFactoryServiceProvider, class com.almasb.fxgl.audio.AudioPlayer, class com.almasb.fxgl.notification.impl.NotificationServiceProvider, class com.almasb.fxgl.achievement.AchievementService, class com.almasb.fxgl.cutscene.CutsceneService, class com.almasb.fxgl.minigames.MiniGameService, class com.almasb.fxgl.net.NetService, class com.almasb.fxgl.app.services.UpdaterService, class com.almasb.fxgl.dev.DevService]
15:11:05.162 [FXGL Background Thread 3 ] DEBUG Engine               - fontGame: Abel-Regular.ttf
15:11:05.162 [FXGL Background Thread 3 ] DEBUG Engine               - fontMono: TerminalLandMono-Regular.otf
15:11:05.162 [FXGL Background Thread 3 ] DEBUG Engine               - fontSizeScaleUI: 1.0
15:11:05.162 [FXGL Background Thread 3 ] DEBUG Engine               - fontText: Courier-Prime.ttf
15:11:05.162 [FXGL Background Thread 3 ] DEBUG Engine               - fontUI: VarelaRound-Regular.ttf
15:11:05.162 [FXGL Background Thread 3 ] DEBUG Engine               - fullScreen: BooleanProperty [value: false]
15:11:05.162 [FXGL Background Thread 3 ] DEBUG Engine               - gameDifficulty: MEDIUM
15:11:05.162 [FXGL Background Thread 3 ] DEBUG Engine               - gameDifficultyProperty: ObjectProperty [value: MEDIUM]
15:11:05.162 [FXGL Background Thread 3 ] DEBUG Engine               - globalMusicVolume: 0.5
15:11:05.162 [FXGL Background Thread 3 ] DEBUG Engine               - globalMusicVolumeProperty: DoubleProperty [value: 0.5]
15:11:05.163 [FXGL Background Thread 3 ] DEBUG Engine               - globalSoundVolume: 0.5
15:11:05.163 [FXGL Background Thread 3 ] DEBUG Engine               - globalSoundVolumeProperty: DoubleProperty [value: 0.5]
15:11:05.163 [FXGL Background Thread 3 ] DEBUG Engine               - height: 600
15:11:05.163 [FXGL Background Thread 3 ] DEBUG Engine               - is3D: false
15:11:05.163 [FXGL Background Thread 3 ] DEBUG Engine               - isAndroid: false
15:11:05.163 [FXGL Background Thread 3 ] DEBUG Engine               - isBrowser: false
15:11:05.163 [FXGL Background Thread 3 ] DEBUG Engine               - isClickFeedbackEnabled: false
15:11:05.163 [FXGL Background Thread 3 ] DEBUG Engine               - isCloseConfirmation: false
15:11:05.163 [FXGL Background Thread 3 ] DEBUG Engine               - isDesktop: true
15:11:05.163 [FXGL Background Thread 3 ] DEBUG Engine               - isDeveloperMenuEnabled: true
15:11:05.163 [FXGL Background Thread 3 ] DEBUG Engine               - isEmbedded: false
15:11:05.163 [FXGL Background Thread 3 ] DEBUG Engine               - isEntityPreloadEnabled: true
15:11:05.163 [FXGL Background Thread 3 ] DEBUG Engine               - isExperimentalTiledLargeMap: false
15:11:05.163 [FXGL Background Thread 3 ] DEBUG Engine               - isFileSystemWriteAllowed: true
15:11:05.164 [FXGL Background Thread 3 ] DEBUG Engine               - isFullScreenAllowed: false
15:11:05.164 [FXGL Background Thread 3 ] DEBUG Engine               - isFullScreenFromStart: false
15:11:05.164 [FXGL Background Thread 3 ] DEBUG Engine               - isGameMenuEnabled: true
15:11:05.164 [FXGL Background Thread 3 ] DEBUG Engine               - isIOS: false
15:11:05.164 [FXGL Background Thread 3 ] DEBUG Engine               - isIntroEnabled: false
15:11:05.164 [FXGL Background Thread 3 ] DEBUG Engine               - isLinux: false
15:11:05.164 [FXGL Background Thread 3 ] DEBUG Engine               - isMac: false
15:11:05.164 [FXGL Background Thread 3 ] DEBUG Engine               - isMainMenuEnabled: false
15:11:05.164 [FXGL Background Thread 3 ] DEBUG Engine               - isManualResizeEnabled: false
15:11:05.164 [FXGL Background Thread 3 ] DEBUG Engine               - isMobile: false
15:11:05.164 [FXGL Background Thread 3 ] DEBUG Engine               - isNative: false
15:11:05.164 [FXGL Background Thread 3 ] DEBUG Engine               - isPauseMusicWhenMinimized: true
15:11:05.164 [FXGL Background Thread 3 ] DEBUG Engine               - isPreserveResizeRatio: false
15:11:05.164 [FXGL Background Thread 3 ] DEBUG Engine               - isProfilingEnabled: false
15:11:05.164 [FXGL Background Thread 3 ] DEBUG Engine               - isScaleAffectedOnResize: true
15:11:05.164 [FXGL Background Thread 3 ] DEBUG Engine               - isSingleStep: false
15:11:05.164 [FXGL Background Thread 3 ] DEBUG Engine               - isUserProfileEnabled: false
15:11:05.164 [FXGL Background Thread 3 ] DEBUG Engine               - isWindows: true
15:11:05.164 [FXGL Background Thread 3 ] DEBUG Engine               - language: ObjectProperty [value: ENGLISH]
15:11:05.164 [FXGL Background Thread 3 ] DEBUG Engine               - menuKey: ESCAPE
15:11:05.164 [FXGL Background Thread 3 ] DEBUG Engine               - mouseSensitivity: 0.2
15:11:05.164 [FXGL Background Thread 3 ] DEBUG Engine               - notificationViewClass: class com.almasb.fxgl.notification.view.XboxNotificationView
15:11:05.165 [FXGL Background Thread 3 ] DEBUG Engine               - pixelsPerMeter: 50.0
15:11:05.165 [FXGL Background Thread 3 ] DEBUG Engine               - platform: WINDOWS
15:11:05.165 [FXGL Background Thread 3 ] DEBUG Engine               - prefHeightProperty: ReadOnlyDoubleProperty [value: 600.0]
15:11:05.165 [FXGL Background Thread 3 ] DEBUG Engine               - prefWidthProperty: ReadOnlyDoubleProperty [value: 800.0]
15:11:05.165 [FXGL Background Thread 3 ] DEBUG Engine               - profileDir: profiles/
15:11:05.165 [FXGL Background Thread 3 ] DEBUG Engine               - profileName: StringProperty [value: DEFAULT]
15:11:05.165 [FXGL Background Thread 3 ] DEBUG Engine               - randomSeed: -1
15:11:05.165 [FXGL Background Thread 3 ] DEBUG Engine               - runtimeInfo: RuntimeInfo(platform=WINDOWS, version=17.3, build=30.03.2023 11.49)
15:11:05.165 [FXGL Background Thread 3 ] DEBUG Engine               - saveFileExt: sav
15:11:05.165 [FXGL Background Thread 3 ] DEBUG Engine               - scaledHeightProp$fxgl: DoubleProperty [bound, value: 600.0]
15:11:05.167 [FXGL Background Thread 3 ] DEBUG Engine               - scaledWidthProp$fxgl: DoubleProperty [bound, value: 800.0]
15:11:05.167 [FXGL Background Thread 3 ] DEBUG Engine               - sceneFactory: com.almasb.fxgl.app.scene.SceneFactory@66d499c4
15:11:05.167 [FXGL Background Thread 3 ] DEBUG Engine               - secondsIn24h: 60
15:11:05.167 [FXGL Background Thread 3 ] DEBUG Engine               - soundMenuBack: menu/back.wav
15:11:05.167 [FXGL Background Thread 3 ] DEBUG Engine               - soundMenuPress: menu/press.wav
15:11:05.167 [FXGL Background Thread 3 ] DEBUG Engine               - soundMenuSelect: menu/select.wav
15:11:05.167 [FXGL Background Thread 3 ] DEBUG Engine               - soundNotification: core/notification.wav
15:11:05.167 [FXGL Background Thread 3 ] DEBUG Engine               - stageStyle: DECORATED
15:11:05.167 [FXGL Background Thread 3 ] DEBUG Engine               - supportedLanguages: [ENGLISH, FRENCH, GERMAN, HUNGARIAN, RUSSIAN]
15:11:05.167 [FXGL Background Thread 3 ] DEBUG Engine               - ticksPerSecond: -1
15:11:05.167 [FXGL Background Thread 3 ] DEBUG Engine               - title: Enemy Animation Test V2 — Z/X/C/V 切换小怪
15:11:05.167 [FXGL Background Thread 3 ] DEBUG Engine               - urlGithub: https://github.com/AlmasB/FXGL
15:11:05.167 [FXGL Background Thread 3 ] DEBUG Engine               - urlLeaderboard: http://fxgl-top.herokuapp.com/
15:11:05.167 [FXGL Background Thread 3 ] DEBUG Engine               - urlPOM: https://raw.githubusercontent.com/AlmasB/FXGL/release/README.md
15:11:05.167 [FXGL Background Thread 3 ] DEBUG Engine               - userAppClass: class com.survivor.main.EnemyAnimationTestV2
15:11:05.167 [FXGL Background Thread 3 ] DEBUG Engine               - version: 0.0
15:11:05.167 [FXGL Background Thread 3 ] DEBUG Engine               - versionCheckDays: 7
15:11:05.167 [FXGL Background Thread 3 ] DEBUG Engine               - width: 800
15:11:05.167 [FXGL Background Thread 3 ] DEBUG Engine               - Logging services
15:11:05.167 [FXGL Background Thread 3 ] DEBUG Engine               - class com.almasb.fxgl.app.services.FXGLAssetLoaderService
15:11:05.167 [FXGL Background Thread 3 ] DEBUG Engine               - class com.almasb.fxgl.app.FXGLApplication$GameApplicationService
15:11:05.167 [FXGL Background Thread 3 ] DEBUG Engine               - class com.almasb.fxgl.app.services.FXGLDialogService
15:11:05.167 [FXGL Background Thread 3 ] DEBUG Engine               - class com.almasb.fxgl.app.services.IOTaskExecutorService
15:11:05.167 [FXGL Background Thread 3 ] DEBUG Engine               - class com.almasb.fxgl.io.FileSystemService
15:11:05.167 [FXGL Background Thread 3 ] DEBUG Engine               - class com.almasb.fxgl.localization.LocalizationService
15:11:05.167 [FXGL Background Thread 3 ] DEBUG Engine               - class com.almasb.fxgl.app.services.SystemBundleService
15:11:05.167 [FXGL Background Thread 3 ] DEBUG Engine               - class com.almasb.fxgl.profile.SaveLoadService
15:11:05.167 [FXGL Background Thread 3 ] DEBUG Engine               - class com.almasb.fxgl.ui.FXGLUIFactoryServiceProvider
15:11:05.167 [FXGL Background Thread 3 ] DEBUG Engine               - class com.almasb.fxgl.ui.FXGLDialogFactoryServiceProvider
15:11:05.167 [FXGL Background Thread 3 ] DEBUG Engine               - class com.almasb.fxgl.audio.AudioPlayer
15:11:05.167 [FXGL Background Thread 3 ] DEBUG Engine               - class com.almasb.fxgl.notification.impl.NotificationServiceProvider
15:11:05.167 [FXGL Background Thread 3 ] DEBUG Engine               - class com.almasb.fxgl.achievement.AchievementService
15:11:05.167 [FXGL Background Thread 3 ] DEBUG Engine               - class com.almasb.fxgl.cutscene.CutsceneService
15:11:05.167 [FXGL Background Thread 3 ] DEBUG Engine               - class com.almasb.fxgl.minigames.MiniGameService
15:11:05.167 [FXGL Background Thread 3 ] DEBUG Engine               - class com.almasb.fxgl.net.NetService
15:11:05.167 [FXGL Background Thread 3 ] DEBUG Engine               - class com.almasb.fxgl.app.services.UpdaterService
15:11:05.167 [FXGL Background Thread 3 ] DEBUG Engine               - class com.almasb.fxgl.dev.DevService
15:11:17.180 [JavaFX Application Thread] DEBUG FXGLApplication      - Exiting FXGL
15:11:17.180 [JavaFX Application Thread] DEBUG Async                - Shutting down background threads
15:11:17.180 [JavaFX Application Thread] DEBUG PrimaryStageWindow   - Closing main window
15:11:17.191 [JavaFX Application Thread] DEBUG Logger               - Closing Logger
