17:09:21.010 [main                     ] DEBUG Logger               - Configured Logger
17:09:21.041 [main                     ] DEBUG GameApplication      - Logging settings
Title: Survivor Game
Version: 1.0
Width: 1280
Height: 720
Fullscreen: false
Intro: false
Profiling: false
Single step:false
App Mode: DEVELOPER
Menu Key: ESCAPE
Stage Style: DECORATED
Scene Factory: class com.almasb.fxgl.app.scene.SceneFactory

17:09:21.638 [JavaFX Application Thread] DEBUG FXGLApplication      - Initializing FXGL
17:09:21.644 [JavaFX Application Thread] INFO  Engine               - FXGL-17.3 (30.03.2023 11.49) on WINDOWS (J:23.0.1 FX:20)
17:09:21.644 [JavaFX Application Thread] DEBUG Engine               - JRE Vendor Name: Oracle Corporation
17:09:21.644 [JavaFX Application Thread] DEBUG Engine               - Running on OS: Windows 11 version 10.0
17:09:21.645 [JavaFX Application Thread] DEBUG Engine               - Architecture: amd64
17:09:21.645 [JavaFX Application Thread] INFO  Engine               - Source code and latest versions at: https://github.com/AlmasB/FXGL
17:09:21.645 [JavaFX Application Thread] INFO  Engine               -       Ask questions and discuss at: https://github.com/AlmasB/FXGL/discussions
17:09:21.645 [JavaFX Application Thread] INFO  Engine               -              Join the FXGL chat at: https://gitter.im/AlmasB/FXGL
17:09:21.774 [JavaFX Application Thread] DEBUG PrimaryStageWindow   - Creating a JavaFX scene
17:09:21.829 [JavaFX Application Thread] DEBUG PrimaryStageWindow   - Target settings size: 1280.0 x 720.0
17:09:21.829 [JavaFX Application Thread] DEBUG PrimaryStageWindow   - Scaled scene size:    1280.0 x 720.0
17:09:21.830 [JavaFX Application Thread] DEBUG PrimaryStageWindow   - Scaled ratio: (1.0, 1.0)
17:09:21.831 [JavaFX Application Thread] DEBUG PrimaryStageWindow   - Set initial scene to FXGLStartupScene
17:09:21.834 [JavaFX Application Thread] DEBUG PrimaryStageWindow   - Opening main window
17:09:21.976 [JavaFX Application Thread] DEBUG PrimaryStageWindow   - Window border size: (14.6666259765625, 37.33331298828125)
17:09:21.977 [JavaFX Application Thread] DEBUG PrimaryStageWindow   - Scaled size: 1280.0 x 720.0
17:09:21.977 [JavaFX Application Thread] DEBUG PrimaryStageWindow   - Scaled ratio: (1.0, 1.0)
17:09:21.977 [JavaFX Application Thread] DEBUG PrimaryStageWindow   - Scene size: 1280.0 x 720.0
17:09:21.978 [JavaFX Application Thread] DEBUG PrimaryStageWindow   - Stage size: 1294.6666259765625 x 757.3333129882812
17:09:21.984 [FXGL Background Thread 1 ] DEBUG Engine               - Initializing environment variables
17:09:22.033 [FXGL Background Thread 1 ] DEBUG FXGLAssetLoaderServi - User app class for loading assets: class com.survivor.main.GameApp
17:09:22.033 [FXGL Background Thread 1 ] DEBUG GameApplicationServi - Applying CSS: fxgl_dark.css
17:09:22.034 [FXGL Background Thread 1 ] DEBUG FXGLAssetLoaderServi - Loading from file system: jar:file:/C:/Users/11706/.m2/repository/com/github/almasb/fxgl/17.3/fxgl-17.3.jar!/fxglassets/ui/css/fxgl_dark.css
17:09:22.086 [FXGL Background Thread 1 ] DEBUG GameApplicationServi - Initializing application scenes
17:09:22.214 [FXGL Background Thread 1 ] DEBUG GameWorld            - Game world initialized
17:09:22.291 [FXGL Background Thread 1 ] DEBUG PhysicsWorld         - Physics world initialized: appHeight=720, physics.ppm=50.0
17:09:22.291 [FXGL Background Thread 1 ] DEBUG PhysicsWorld         - Using strategy: BRUTE_FORCE
17:09:22.296 [FXGL Background Thread 1 ] DEBUG GameScene            - Game scene initialized: 1280x720
17:09:22.309 [FXGL Background Thread 1 ] DEBUG FXGL.DefaultMenu     - createMenuBodyGameMenu()
17:09:22.326 [FXGL Background Thread 1 ] DEBUG FXGL.DefaultMenu     - createOptionsMenu()
17:09:22.340 [FXGL Background Thread 1 ] DEBUG FXGLAssetLoaderServi - Loading from file system: jar:file:/C:/Users/11706/.m2/repository/com/github/almasb/fxgl/17.3/fxgl-17.3.jar!/fxglassets/textures/particles/smoke.png
17:09:22.545 [FXGL Background Thread 1 ] DEBUG FXGLAssetLoaderServi - Loading from file system: jar:file:/C:/Users/11706/.m2/repository/com/github/almasb/fxgl/17.3/fxgl-17.3.jar!/fxglassets/textures/particles/trace_horizontal.png
17:09:22.611 [FXGL Background Thread 1 ] DEBUG GameApplicationServi - Application scenes initialized
17:09:22.657 [FXGL Background Thread 1 ] DEBUG SystemBundleService  - Loading FXGL system data
17:09:22.662 [FXGL Background Thread 1 ] DEBUG FileSystemAccess     - Reading from: C:\Users\11706\IdeaProjects\survivior-game3\system\fxgl.bundle
17:09:22.667 [FXGL Background Thread 1 ] DEBUG SystemBundleService  - Bundle FXGL: {}
17:09:22.667 [FXGL Background Thread 1 ] DEBUG UpdaterService       - Checking for updates
17:09:22.688 [FXGL Background Thread 4 ] DEBUG FXGLApplication      - Loading fonts
17:09:22.689 [FXGL Background Thread 4 ] DEBUG FXGLAssetLoaderServi - Loading from file system: jar:file:/C:/Users/11706/.m2/repository/com/github/almasb/fxgl/17.3/fxgl-17.3.jar!/fxglassets/ui/fonts/VarelaRound-Regular.ttf
17:09:22.693 [FXGL Background Thread 1 ] DEBUG FXGLApplication      - Loading default localization
17:09:22.694 [FXGL Background Thread 1 ] DEBUG FXGLAssetLoaderServi - Loading from file system: jar:file:/C:/Users/11706/.m2/repository/com/github/almasb/fxgl/17.3/fxgl-17.3.jar!/fxglassets/languages/english.lang
17:09:22.746 [FXGL Background Thread 4 ] DEBUG FXGLAssetLoaderServi - Loading from file system: jar:file:/C:/Users/11706/.m2/repository/com/github/almasb/fxgl/17.3/fxgl-17.3.jar!/fxglassets/ui/fonts/Abel-Regular.ttf
17:09:22.760 [FXGL Background Thread 4 ] DEBUG FXGLAssetLoaderServi - Loading from file system: jar:file:/C:/Users/11706/.m2/repository/com/github/almasb/fxgl/17.3/fxgl-17.3.jar!/fxglassets/ui/fonts/TerminalLandMono-Regular.otf
17:09:22.773 [FXGL Background Thread 4 ] DEBUG FXGLAssetLoaderServi - Loading from file system: jar:file:/C:/Users/11706/.m2/repository/com/github/almasb/fxgl/17.3/fxgl-17.3.jar!/fxglassets/ui/fonts/Courier-Prime.ttf
17:09:22.795 [JavaFX Application Thread] DEBUG FXGLApplication      - Registering font factories with UI factory
17:09:22.824 [FXGL Background Thread 1 ] INFO  FXGLApplication      - FXGL initialization took: 0.840 sec
17:09:22.825 [JavaFX Application Thread] DEBUG Input                - Clearing active input actions
17:09:22.844 [JavaFX Application Thread] DEBUG Input                - Registered new binding: Move Up - W
17:09:22.844 [JavaFX Application Thread] DEBUG Input                - Registered new binding: Move Down - S
17:09:22.845 [JavaFX Application Thread] DEBUG Input                - Registered new binding: Move Left - A
17:09:22.845 [JavaFX Application Thread] DEBUG Input                - Registered new binding: Move Right - D
17:09:22.845 [JavaFX Application Thread] DEBUG Input                - Registered new binding: AttackLeft - J
17:09:22.846 [JavaFX Application Thread] DEBUG Input                - Registered new binding: AttackRight - K
17:09:22.846 [JavaFX Application Thread] DEBUG Input                - Registered new binding: Dash - L
17:09:22.847 [JavaFX Application Thread] DEBUG FXGLAssetLoaderServi - Loading from file system: file:/C:/Users/11706/IdeaProjects/survivior-game3/SurvivorGame/target/classes/assets/textures/icon.png
17:09:22.865 [JavaFX Application Thread] DEBUG FXGLAssetLoaderServi - Loading from file system: jar:file:/C:/Users/11706/.m2/repository/com/github/almasb/fxgl/17.3/fxgl-17.3.jar!/fxglassets/textures/fxgl_default_cursor.png
17:09:22.872 [JavaFX Application Thread] DEBUG Input                - Registered new binding: Screenshot - CTRL+8
17:09:22.874 [JavaFX Application Thread] DEBUG Input                - Registered new binding: System info dump - CTRL+9
17:09:22.875 [JavaFX Application Thread] DEBUG Input                - Registered new binding: Restart - CTRL+R
17:09:22.878 [JavaFX Application Thread] DEBUG Input                - Registered new binding: Toggle Debug Camera - CTRL+7
17:09:22.890 [JavaFX Application Thread] DEBUG LoopRunner           - Starting loop
17:09:22.891 [JavaFX Application Thread] DEBUG LoopRunner           - Initializing ScheduledExecutorLoop with fps: 120
17:09:22.897 [JavaFX Application Thread] DEBUG GameApplicationServi - Starting new game
17:09:22.898 [JavaFX Application Thread] DEBUG Input                - Clearing active input actions
17:09:22.921 [JavaFX Application Thread] DEBUG GameApplicationServi - Removing overlay from FXGLStartupScene and adding to FXGLLoadingScene
17:09:22.921 [JavaFX Application Thread] DEBUG PrimaryStageWindow   - FXGLStartupScene -> FXGLLoadingScene
17:09:22.921 [JavaFX Application Thread] DEBUG GameApplicationServi - Clearing previous game
17:09:22.921 [JavaFX Application Thread] DEBUG GameScene            - Clearing game scene
17:09:22.921 [JavaFX Application Thread] DEBUG GameWorld            - Clearing game world
17:09:22.921 [JavaFX Application Thread] DEBUG PhysicsWorld         - Clearing physics world
17:09:22.926 [FXGL Background Thread 1 ] DEBUG FXGLApplication      - Initializing game
17:09:23.111 [FXGL Background Thread 2 ] WARN  UpdaterService       - Failed to find updates: java.net.UnknownHostException: raw.githubusercontent.com
17:09:23.584 [FXGL Background Thread 1 ] WARN  TMXLevelLoader       - TiledMap generated from 1.11.2. Supported version: 1.9.0. Some features may not be parsed fully.
17:09:23.769 [FXGL Background Thread 1 ] DEBUG TMXLevelLoader       - Parsed TiledMap: file:/C:/Users/11706/IdeaProjects/survivior-game3/SurvivorGame/target/classes/assets/levels/Bigdongeonmap.tmx
17:09:23.775 [FXGL Background Thread 1 ] DEBUG TMXLevelLoader       - Creating tile layer entities
17:09:23.782 [FXGL Background Thread 1 ] DEBUG TilesetLoader        - Loading view for layer 图块层 1
17:09:23.850 [FXGL Background Thread 1 ] DEBUG TilesetLoader        - Created buffer with size 9600.0x5600.0
17:09:24.051 [FXGL Background Thread 1 ] DEBUG TilesetLoader        - Loading view for layer 图块层 2
17:09:24.122 [FXGL Background Thread 1 ] DEBUG TilesetLoader        - Created buffer with size 9600.0x5600.0
17:09:24.153 [FXGL Background Thread 1 ] DEBUG TMXLevelLoader       - Creating object layer entities
17:09:24.296 [FXGL Background Thread 1 ] DEBUG GameWorld            - Clearing removable entities
17:09:24.298 [FXGL Background Thread 1 ] DEBUG GameWorld            - Setting level: com.almasb.fxgl.entity.level.Level@16d717aa
17:09:24.391 [FXGL Background Thread 1 ] DEBUG FXGLAssetLoaderServi - Loading from file system: file:/C:/Users/11706/IdeaProjects/survivior-game3/SurvivorGame/target/classes/assets/textures/Idle.png
17:09:24.396 [FXGL Background Thread 1 ] DEBUG FXGLAssetLoaderServi - Loading from file system: file:/C:/Users/11706/IdeaProjects/survivior-game3/SurvivorGame/target/classes/assets/textures/Run.png
17:09:24.399 [FXGL Background Thread 1 ] DEBUG FXGLAssetLoaderServi - Loading from file system: file:/C:/Users/11706/IdeaProjects/survivior-game3/SurvivorGame/target/classes/assets/textures/Attack3.png
17:09:24.410 [FXGL Background Thread 1 ] INFO  FXGLApplication      - Game initialization took: 1.484 sec
17:09:24.756 [JavaFX Application Thread] DEBUG Input                - Clearing active input actions
17:09:24.800 [JavaFX Application Thread] DEBUG GameApplicationServi - Removing overlay from FXGLLoadingScene and adding to GameScene
17:09:24.800 [JavaFX Application Thread] DEBUG PrimaryStageWindow   - FXGLLoadingScene -> GameScene
17:09:25.680 [FXGL Background Thread 3 ] DEBUG Engine               - Logging environment variables
17:09:25.681 [FXGL Background Thread 3 ] DEBUG Engine               - achievements: []
17:09:25.681 [FXGL Background Thread 3 ] DEBUG Engine               - actualHeight: 720.0
17:09:25.681 [FXGL Background Thread 3 ] DEBUG Engine               - actualHeightProperty: ReadOnlyDoubleProperty [value: 720.0]
17:09:25.681 [FXGL Background Thread 3 ] DEBUG Engine               - actualWidth: 1280.0
17:09:25.681 [FXGL Background Thread 3 ] DEBUG Engine               - actualWidthProperty: ReadOnlyDoubleProperty [value: 1280.0]
17:09:25.681 [FXGL Background Thread 3 ] DEBUG Engine               - appIcon: icon.png
17:09:25.681 [FXGL Background Thread 3 ] DEBUG Engine               - applicationMode: DEVELOPER
17:09:25.681 [FXGL Background Thread 3 ] DEBUG Engine               - cSSList: [fxgl_dark.css]
17:09:25.681 [FXGL Background Thread 3 ] DEBUG Engine               - collisionDetectionStrategy: BRUTE_FORCE
17:09:25.681 [FXGL Background Thread 3 ] DEBUG Engine               - configClass: Optional.empty
17:09:25.681 [FXGL Background Thread 3 ] DEBUG Engine               - credits: []
17:09:25.684 [FXGL Background Thread 3 ] DEBUG Engine               - defaultCursor: CursorInfo(imageName=fxgl_default_cursor.png, hotspotX=7.0, hotspotY=6.0)
17:09:25.684 [FXGL Background Thread 3 ] DEBUG Engine               - devBBoxColorProperty: ObjectProperty [value: 0xff0000ff]
17:09:25.684 [FXGL Background Thread 3 ] DEBUG Engine               - devEnableDebugCameraProperty: BooleanProperty [value: false]
17:09:25.684 [FXGL Background Thread 3 ] DEBUG Engine               - devSensorColorProperty: ObjectProperty [value: 0xffff00ff]
17:09:25.684 [FXGL Background Thread 3 ] DEBUG Engine               - devShowBBoxProperty: BooleanProperty [value: false]
17:09:25.684 [FXGL Background Thread 3 ] DEBUG Engine               - devShowPositionProperty: BooleanProperty [value: false]
17:09:25.684 [FXGL Background Thread 3 ] DEBUG Engine               - enabledMenuItems: []
17:09:25.684 [FXGL Background Thread 3 ] DEBUG Engine               - engineServices: [class com.almasb.fxgl.app.services.FXGLAssetLoaderService, class com.almasb.fxgl.app.FXGLApplication$GameApplicationService, class com.almasb.fxgl.app.services.FXGLDialogService, class com.almasb.fxgl.app.services.IOTaskExecutorService, class com.almasb.fxgl.io.FileSystemService, class com.almasb.fxgl.localization.LocalizationService, class com.almasb.fxgl.app.services.SystemBundleService, class com.almasb.fxgl.profile.SaveLoadService, class com.almasb.fxgl.ui.FXGLUIFactoryServiceProvider, class com.almasb.fxgl.ui.FXGLDialogFactoryServiceProvider, class com.almasb.fxgl.audio.AudioPlayer, class com.almasb.fxgl.notification.impl.NotificationServiceProvider, class com.almasb.fxgl.achievement.AchievementService, class com.almasb.fxgl.cutscene.CutsceneService, class com.almasb.fxgl.minigames.MiniGameService, class com.almasb.fxgl.net.NetService, class com.almasb.fxgl.app.services.UpdaterService, class com.almasb.fxgl.dev.DevService]
17:09:25.685 [FXGL Background Thread 3 ] DEBUG Engine               - fontGame: Abel-Regular.ttf
17:09:25.685 [FXGL Background Thread 3 ] DEBUG Engine               - fontMono: TerminalLandMono-Regular.otf
17:09:25.685 [FXGL Background Thread 3 ] DEBUG Engine               - fontSizeScaleUI: 1.0
17:09:25.685 [FXGL Background Thread 3 ] DEBUG Engine               - fontText: Courier-Prime.ttf
17:09:25.685 [FXGL Background Thread 3 ] DEBUG Engine               - fontUI: VarelaRound-Regular.ttf
17:09:25.685 [FXGL Background Thread 3 ] DEBUG Engine               - fullScreen: BooleanProperty [value: false]
17:09:25.685 [FXGL Background Thread 3 ] DEBUG Engine               - gameDifficulty: MEDIUM
17:09:25.685 [FXGL Background Thread 3 ] DEBUG Engine               - gameDifficultyProperty: ObjectProperty [value: MEDIUM]
17:09:25.685 [FXGL Background Thread 3 ] DEBUG Engine               - globalMusicVolume: 0.5
17:09:25.685 [FXGL Background Thread 3 ] DEBUG Engine               - globalMusicVolumeProperty: DoubleProperty [value: 0.5]
17:09:25.685 [FXGL Background Thread 3 ] DEBUG Engine               - globalSoundVolume: 0.5
17:09:25.685 [FXGL Background Thread 3 ] DEBUG Engine               - globalSoundVolumeProperty: DoubleProperty [value: 0.5]
17:09:25.685 [FXGL Background Thread 3 ] DEBUG Engine               - height: 720
17:09:25.685 [FXGL Background Thread 3 ] DEBUG Engine               - is3D: false
17:09:25.685 [FXGL Background Thread 3 ] DEBUG Engine               - isAndroid: false
17:09:25.686 [FXGL Background Thread 3 ] DEBUG Engine               - isBrowser: false
17:09:25.686 [FXGL Background Thread 3 ] DEBUG Engine               - isClickFeedbackEnabled: false
17:09:25.686 [FXGL Background Thread 3 ] DEBUG Engine               - isCloseConfirmation: false
17:09:25.686 [FXGL Background Thread 3 ] DEBUG Engine               - isDesktop: true
17:09:25.686 [FXGL Background Thread 3 ] DEBUG Engine               - isDeveloperMenuEnabled: false
17:09:25.686 [FXGL Background Thread 3 ] DEBUG Engine               - isEmbedded: false
17:09:25.686 [FXGL Background Thread 3 ] DEBUG Engine               - isEntityPreloadEnabled: true
17:09:25.686 [FXGL Background Thread 3 ] DEBUG Engine               - isExperimentalTiledLargeMap: false
17:09:25.686 [FXGL Background Thread 3 ] DEBUG Engine               - isFileSystemWriteAllowed: true
17:09:25.686 [FXGL Background Thread 3 ] DEBUG Engine               - isFullScreenAllowed: false
17:09:25.686 [FXGL Background Thread 3 ] DEBUG Engine               - isFullScreenFromStart: false
17:09:25.687 [FXGL Background Thread 3 ] DEBUG Engine               - isGameMenuEnabled: true
17:09:25.687 [FXGL Background Thread 3 ] DEBUG Engine               - isIOS: false
17:09:25.687 [FXGL Background Thread 3 ] DEBUG Engine               - isIntroEnabled: false
17:09:25.687 [FXGL Background Thread 3 ] DEBUG Engine               - isLinux: false
17:09:25.687 [FXGL Background Thread 3 ] DEBUG Engine               - isMac: false
17:09:25.687 [FXGL Background Thread 3 ] DEBUG Engine               - isMainMenuEnabled: false
17:09:25.687 [FXGL Background Thread 3 ] DEBUG Engine               - isManualResizeEnabled: false
17:09:25.687 [FXGL Background Thread 3 ] DEBUG Engine               - isMobile: false
17:09:25.687 [FXGL Background Thread 3 ] DEBUG Engine               - isNative: false
17:09:25.687 [FXGL Background Thread 3 ] DEBUG Engine               - isPauseMusicWhenMinimized: true
17:09:25.687 [FXGL Background Thread 3 ] DEBUG Engine               - isPreserveResizeRatio: false
17:09:25.687 [FXGL Background Thread 3 ] DEBUG Engine               - isProfilingEnabled: false
17:09:25.688 [FXGL Background Thread 3 ] DEBUG Engine               - isScaleAffectedOnResize: true
17:09:25.688 [FXGL Background Thread 3 ] DEBUG Engine               - isSingleStep: false
17:09:25.688 [FXGL Background Thread 3 ] DEBUG Engine               - isUserProfileEnabled: false
17:09:25.688 [FXGL Background Thread 3 ] DEBUG Engine               - isWindows: true
17:09:25.688 [FXGL Background Thread 3 ] DEBUG Engine               - language: ObjectProperty [value: ENGLISH]
17:09:25.688 [FXGL Background Thread 3 ] DEBUG Engine               - menuKey: ESCAPE
17:09:25.688 [FXGL Background Thread 3 ] DEBUG Engine               - mouseSensitivity: 0.2
17:09:25.688 [FXGL Background Thread 3 ] DEBUG Engine               - notificationViewClass: class com.almasb.fxgl.notification.view.XboxNotificationView
17:09:25.688 [FXGL Background Thread 3 ] DEBUG Engine               - pixelsPerMeter: 50.0
17:09:25.688 [FXGL Background Thread 3 ] DEBUG Engine               - platform: WINDOWS
17:09:25.688 [FXGL Background Thread 3 ] DEBUG Engine               - prefHeightProperty: ReadOnlyDoubleProperty [value: 720.0]
17:09:25.688 [FXGL Background Thread 3 ] DEBUG Engine               - prefWidthProperty: ReadOnlyDoubleProperty [value: 1280.0]
17:09:25.688 [FXGL Background Thread 3 ] DEBUG Engine               - profileDir: profiles/
17:09:25.688 [FXGL Background Thread 3 ] DEBUG Engine               - profileName: StringProperty [value: DEFAULT]
17:09:25.688 [FXGL Background Thread 3 ] DEBUG Engine               - randomSeed: -1
17:09:25.688 [FXGL Background Thread 3 ] DEBUG Engine               - runtimeInfo: RuntimeInfo(platform=WINDOWS, version=17.3, build=30.03.2023 11.49)
17:09:25.688 [FXGL Background Thread 3 ] DEBUG Engine               - saveFileExt: sav
17:09:25.688 [FXGL Background Thread 3 ] DEBUG Engine               - scaledHeightProp$fxgl: DoubleProperty [bound, value: 720.0]
17:09:25.688 [FXGL Background Thread 3 ] DEBUG Engine               - scaledWidthProp$fxgl: DoubleProperty [bound, value: 1280.0]
17:09:25.688 [FXGL Background Thread 3 ] DEBUG Engine               - sceneFactory: com.almasb.fxgl.app.scene.SceneFactory@3e8cd495
17:09:25.689 [FXGL Background Thread 3 ] DEBUG Engine               - secondsIn24h: 60
17:09:25.689 [FXGL Background Thread 3 ] DEBUG Engine               - soundMenuBack: menu/back.wav
17:09:25.689 [FXGL Background Thread 3 ] DEBUG Engine               - soundMenuPress: menu/press.wav
17:09:25.689 [FXGL Background Thread 3 ] DEBUG Engine               - soundMenuSelect: menu/select.wav
17:09:25.689 [FXGL Background Thread 3 ] DEBUG Engine               - soundNotification: core/notification.wav
17:09:25.689 [FXGL Background Thread 3 ] DEBUG Engine               - stageStyle: DECORATED
17:09:25.689 [FXGL Background Thread 3 ] DEBUG Engine               - supportedLanguages: [ENGLISH, FRENCH, GERMAN, HUNGARIAN, RUSSIAN]
17:09:25.689 [FXGL Background Thread 3 ] DEBUG Engine               - ticksPerSecond: 120
17:09:25.689 [FXGL Background Thread 3 ] DEBUG Engine               - title: Survivor Game
17:09:25.689 [FXGL Background Thread 3 ] DEBUG Engine               - urlGithub: https://github.com/AlmasB/FXGL
17:09:25.689 [FXGL Background Thread 3 ] DEBUG Engine               - urlLeaderboard: http://fxgl-top.herokuapp.com/
17:09:25.689 [FXGL Background Thread 3 ] DEBUG Engine               - urlPOM: https://raw.githubusercontent.com/AlmasB/FXGL/release/README.md
17:09:25.689 [FXGL Background Thread 3 ] DEBUG Engine               - userAppClass: class com.survivor.main.GameApp
17:09:25.689 [FXGL Background Thread 3 ] DEBUG Engine               - version: 1.0
17:09:25.689 [FXGL Background Thread 3 ] DEBUG Engine               - versionCheckDays: 7
17:09:25.689 [FXGL Background Thread 3 ] DEBUG Engine               - width: 1280
17:09:25.689 [FXGL Background Thread 3 ] DEBUG Engine               - Logging services
17:09:25.689 [FXGL Background Thread 3 ] DEBUG Engine               - class com.almasb.fxgl.app.services.FXGLAssetLoaderService
17:09:25.689 [FXGL Background Thread 3 ] DEBUG Engine               - class com.almasb.fxgl.app.FXGLApplication$GameApplicationService
17:09:25.689 [FXGL Background Thread 3 ] DEBUG Engine               - class com.almasb.fxgl.app.services.FXGLDialogService
17:09:25.689 [FXGL Background Thread 3 ] DEBUG Engine               - class com.almasb.fxgl.app.services.IOTaskExecutorService
17:09:25.689 [FXGL Background Thread 3 ] DEBUG Engine               - class com.almasb.fxgl.io.FileSystemService
17:09:25.689 [FXGL Background Thread 3 ] DEBUG Engine               - class com.almasb.fxgl.localization.LocalizationService
17:09:25.689 [FXGL Background Thread 3 ] DEBUG Engine               - class com.almasb.fxgl.app.services.SystemBundleService
17:09:25.689 [FXGL Background Thread 3 ] DEBUG Engine               - class com.almasb.fxgl.profile.SaveLoadService
17:09:25.689 [FXGL Background Thread 3 ] DEBUG Engine               - class com.almasb.fxgl.ui.FXGLUIFactoryServiceProvider
17:09:25.689 [FXGL Background Thread 3 ] DEBUG Engine               - class com.almasb.fxgl.ui.FXGLDialogFactoryServiceProvider
17:09:25.689 [FXGL Background Thread 3 ] DEBUG Engine               - class com.almasb.fxgl.audio.AudioPlayer
17:09:25.689 [FXGL Background Thread 3 ] DEBUG Engine               - class com.almasb.fxgl.notification.impl.NotificationServiceProvider
17:09:25.689 [FXGL Background Thread 3 ] DEBUG Engine               - class com.almasb.fxgl.achievement.AchievementService
17:09:25.689 [FXGL Background Thread 3 ] DEBUG Engine               - class com.almasb.fxgl.cutscene.CutsceneService
17:09:25.689 [FXGL Background Thread 3 ] DEBUG Engine               - class com.almasb.fxgl.minigames.MiniGameService
17:09:25.689 [FXGL Background Thread 3 ] DEBUG Engine               - class com.almasb.fxgl.net.NetService
17:09:25.690 [FXGL Background Thread 3 ] DEBUG Engine               - class com.almasb.fxgl.app.services.UpdaterService
17:09:25.690 [FXGL Background Thread 3 ] DEBUG Engine               - class com.almasb.fxgl.dev.DevService
17:09:27.620 [JavaFX Application Thread] DEBUG FXGLAssetLoaderServi - Loading from file system: file:/C:/Users/11706/IdeaProjects/survivior-game3/SurvivorGame/target/classes/assets/textures/enemy.png
17:09:28.996 [JavaFX Application Thread] DEBUG LoopRunner           - Pausing loop
17:09:31.751 [JavaFX Application Thread] DEBUG LoopRunner           - Resuming loop
17:09:39.477 [JavaFX Application Thread] DEBUG FXGLApplication      - Exiting FXGL
17:09:39.478 [JavaFX Application Thread] DEBUG LoopRunner           - Stopping loop
17:09:39.478 [JavaFX Application Thread] DEBUG SystemBundleService  - Saving FXGL system data
17:09:39.482 [JavaFX Application Thread] DEBUG FileSystemAccess     - Writing to: C:\Users\11706\IdeaProjects\survivior-game3\system\fxgl.bundle
17:09:39.482 [JavaFX Application Thread] DEBUG Async                - Shutting down background threads
17:09:39.482 [JavaFX Application Thread] DEBUG PrimaryStageWindow   - Closing main window
17:09:39.508 [JavaFX Application Thread] DEBUG Logger               - Closing Logger
