11:52:34.033 [main                     ] DEBUG Logger               - Configured Logger
11:52:34.044 [main                     ] DEBUG GameApplication      - Logging settings
Title: Survivor Game
Version: 1.0
Width: 1280
Height: 720
Fullscreen: false
Intro: false
Profiling: false
Single step:false
App Mode: DEVELOPER
Menu Key: ESCAPE
Stage Style: DECORATED
Scene Factory: class com.almasb.fxgl.app.scene.SceneFactory

11:52:34.388 [JavaFX Application Thread] DEBUG FXGLApplication      - Initializing FXGL
11:52:34.392 [JavaFX Application Thread] INFO  Engine               - FXGL-17.3 (30.03.2023 11.49) on WINDOWS (J:17.0.16 FX:20)
11:52:34.392 [JavaFX Application Thread] DEBUG Engine               - JRE Vendor Name: Microsoft
11:52:34.392 [JavaFX Application Thread] DEBUG Engine               - Running on OS: Windows 11 version 10.0
11:52:34.392 [JavaFX Application Thread] DEBUG Engine               - Architecture: amd64
11:52:34.392 [JavaFX Application Thread] INFO  Engine               - Source code and latest versions at: https://github.com/AlmasB/FXGL
11:52:34.392 [JavaFX Application Thread] INFO  Engine               -       Ask questions and discuss at: https://github.com/AlmasB/FXGL/discussions
11:52:34.392 [JavaFX Application Thread] INFO  Engine               -              Join the FXGL chat at: https://gitter.im/AlmasB/FXGL
11:52:34.458 [JavaFX Application Thread] DEBUG PrimaryStageWindow   - Creating a JavaFX scene
11:52:34.484 [JavaFX Application Thread] DEBUG PrimaryStageWindow   - Target settings size: 1280.0 x 720.0
11:52:34.484 [JavaFX Application Thread] DEBUG PrimaryStageWindow   - Scaled scene size:    1280.0 x 720.0
11:52:34.484 [JavaFX Application Thread] DEBUG PrimaryStageWindow   - Scaled ratio: (1.0, 1.0)
11:52:34.485 [JavaFX Application Thread] DEBUG PrimaryStageWindow   - Set initial scene to FXGLStartupScene
11:52:34.486 [JavaFX Application Thread] DEBUG PrimaryStageWindow   - Opening main window
11:52:34.530 [JavaFX Application Thread] DEBUG PrimaryStageWindow   - Window border size: (14.6666259765625, 37.33331298828125)
11:52:34.530 [JavaFX Application Thread] DEBUG PrimaryStageWindow   - Scaled size: 1280.0 x 720.0
11:52:34.530 [JavaFX Application Thread] DEBUG PrimaryStageWindow   - Scaled ratio: (1.0, 1.0)
11:52:34.530 [JavaFX Application Thread] DEBUG PrimaryStageWindow   - Scene size: 1280.0 x 720.0
11:52:34.530 [JavaFX Application Thread] DEBUG PrimaryStageWindow   - Stage size: 1294.6666259765625 x 757.3333129882812
11:52:34.535 [FXGL Background Thread 1 ] DEBUG Engine               - Initializing environment variables
11:52:34.555 [FXGL Background Thread 1 ] DEBUG FXGLAssetLoaderServi - User app class for loading assets: class com.survivor.main.GameApp
11:52:34.555 [FXGL Background Thread 1 ] DEBUG GameApplicationServi - Applying CSS: fxgl_dark.css
11:52:34.555 [FXGL Background Thread 1 ] DEBUG FXGLAssetLoaderServi - Loading from file system: jar:file:/C:/Users/zrj/.m2/repository/com/github/almasb/fxgl/17.3/fxgl-17.3.jar!/fxglassets/ui/css/fxgl_dark.css
11:52:34.576 [FXGL Background Thread 1 ] DEBUG GameApplicationServi - Initializing application scenes
11:52:34.612 [FXGL Background Thread 1 ] DEBUG GameWorld            - Game world initialized
11:52:34.645 [FXGL Background Thread 1 ] DEBUG PhysicsWorld         - Physics world initialized: appHeight=720, physics.ppm=50.0
11:52:34.645 [FXGL Background Thread 1 ] DEBUG PhysicsWorld         - Using strategy: BRUTE_FORCE
11:52:34.647 [FXGL Background Thread 1 ] DEBUG GameScene            - Game scene initialized: 1280x720
11:52:34.655 [FXGL Background Thread 1 ] DEBUG FXGL.DefaultMenu     - createMenuBodyGameMenu()
11:52:34.664 [FXGL Background Thread 1 ] DEBUG FXGL.DefaultMenu     - createOptionsMenu()
11:52:34.673 [FXGL Background Thread 1 ] DEBUG FXGLAssetLoaderServi - Loading from file system: jar:file:/C:/Users/zrj/.m2/repository/com/github/almasb/fxgl/17.3/fxgl-17.3.jar!/fxglassets/textures/particles/smoke.png
11:52:34.727 [FXGL Background Thread 1 ] DEBUG FXGLAssetLoaderServi - Loading from file system: jar:file:/C:/Users/zrj/.m2/repository/com/github/almasb/fxgl/17.3/fxgl-17.3.jar!/fxglassets/textures/particles/trace_horizontal.png
11:52:34.745 [FXGL Background Thread 1 ] DEBUG GameApplicationServi - Application scenes initialized
11:52:34.755 [FXGL Background Thread 1 ] DEBUG SystemBundleService  - Loading FXGL system data
11:52:34.758 [FXGL Background Thread 1 ] DEBUG FileSystemAccess     - Reading from: D:\javaproject\survivior-game5\system\fxgl.bundle
11:52:34.762 [FXGL Background Thread 1 ] DEBUG SystemBundleService  - Bundle FXGL: {}
11:52:34.762 [FXGL Background Thread 1 ] DEBUG UpdaterService       - Checking for updates
11:52:34.765 [FXGL Background Thread 4 ] DEBUG FXGLApplication      - Loading fonts
11:52:34.765 [FXGL Background Thread 4 ] DEBUG FXGLAssetLoaderServi - Loading from file system: jar:file:/C:/Users/zrj/.m2/repository/com/github/almasb/fxgl/17.3/fxgl-17.3.jar!/fxglassets/ui/fonts/VarelaRound-Regular.ttf
11:52:34.765 [FXGL Background Thread 1 ] DEBUG FXGLApplication      - Loading default localization
11:52:34.765 [FXGL Background Thread 1 ] DEBUG FXGLAssetLoaderServi - Loading from file system: jar:file:/C:/Users/zrj/.m2/repository/com/github/almasb/fxgl/17.3/fxgl-17.3.jar!/fxglassets/languages/english.lang
11:52:34.781 [FXGL Background Thread 1 ] INFO  FXGLApplication      - FXGL initialization took: 0.246 sec
11:52:34.782 [JavaFX Application Thread] DEBUG Input                - Clearing active input actions
11:52:34.787 [JavaFX Application Thread] DEBUG Input                - Registered new binding: Move Up - W
11:52:34.787 [JavaFX Application Thread] DEBUG Input                - Registered new binding: Move Down - S
11:52:34.788 [JavaFX Application Thread] DEBUG Input                - Registered new binding: Move Left - A
11:52:34.788 [JavaFX Application Thread] DEBUG Input                - Registered new binding: Move Right - D
11:52:34.788 [JavaFX Application Thread] DEBUG Input                - Registered new binding: AttackLeft - J
11:52:34.788 [JavaFX Application Thread] DEBUG Input                - Registered new binding: AttackRight - K
11:52:34.788 [JavaFX Application Thread] DEBUG Input                - Registered new binding: Dash - L
11:52:34.789 [JavaFX Application Thread] DEBUG FXGLAssetLoaderServi - Loading from file system: file:/D:/javaproject/survivior-game5/SurvivorGame/target/classes/assets/textures/icon.png
11:52:34.792 [JavaFX Application Thread] DEBUG FXGLAssetLoaderServi - Loading from file system: jar:file:/C:/Users/zrj/.m2/repository/com/github/almasb/fxgl/17.3/fxgl-17.3.jar!/fxglassets/textures/fxgl_default_cursor.png
11:52:34.794 [JavaFX Application Thread] DEBUG Input                - Registered new binding: Screenshot - CTRL+8
11:52:34.794 [JavaFX Application Thread] DEBUG Input                - Registered new binding: System info dump - CTRL+9
11:52:34.795 [JavaFX Application Thread] DEBUG Input                - Registered new binding: Restart - CTRL+R
11:52:34.795 [JavaFX Application Thread] DEBUG Input                - Registered new binding: Toggle Debug Camera - CTRL+7
11:52:34.799 [JavaFX Application Thread] DEBUG LoopRunner           - Starting loop
11:52:34.799 [JavaFX Application Thread] DEBUG LoopRunner           - Initializing ScheduledExecutorLoop with fps: 120
11:52:34.800 [JavaFX Application Thread] DEBUG GameApplicationServi - Starting new game
11:52:34.800 [JavaFX Application Thread] DEBUG Input                - Clearing active input actions
11:52:34.809 [JavaFX Application Thread] DEBUG GameApplicationServi - Removing overlay from FXGLStartupScene and adding to FXGLLoadingScene
11:52:34.809 [JavaFX Application Thread] DEBUG PrimaryStageWindow   - FXGLStartupScene -> FXGLLoadingScene
11:52:34.809 [JavaFX Application Thread] DEBUG GameApplicationServi - Clearing previous game
11:52:34.810 [JavaFX Application Thread] DEBUG GameScene            - Clearing game scene
11:52:34.810 [JavaFX Application Thread] DEBUG GameWorld            - Clearing game world
11:52:34.810 [JavaFX Application Thread] DEBUG PhysicsWorld         - Clearing physics world
11:52:34.811 [FXGL Background Thread 1 ] DEBUG FXGLApplication      - Initializing game
11:52:34.831 [FXGL Background Thread 4 ] DEBUG FXGLAssetLoaderServi - Loading from file system: jar:file:/C:/Users/zrj/.m2/repository/com/github/almasb/fxgl/17.3/fxgl-17.3.jar!/fxglassets/ui/fonts/Abel-Regular.ttf
11:52:34.844 [FXGL Background Thread 4 ] DEBUG FXGLAssetLoaderServi - Loading from file system: jar:file:/C:/Users/zrj/.m2/repository/com/github/almasb/fxgl/17.3/fxgl-17.3.jar!/fxglassets/ui/fonts/TerminalLandMono-Regular.otf
11:52:34.857 [FXGL Background Thread 4 ] DEBUG FXGLAssetLoaderServi - Loading from file system: jar:file:/C:/Users/zrj/.m2/repository/com/github/almasb/fxgl/17.3/fxgl-17.3.jar!/fxglassets/ui/fonts/Courier-Prime.ttf
11:52:34.923 [JavaFX Application Thread] DEBUG FXGLApplication      - Registering font factories with UI factory
11:52:35.201 [FXGL Background Thread 1 ] WARN  TMXLevelLoader       - TiledMap generated from 1.11.2. Supported version: 1.9.0. Some features may not be parsed fully.
11:52:35.291 [FXGL Background Thread 1 ] DEBUG TMXLevelLoader       - Parsed TiledMap: file:/D:/javaproject/survivior-game5/SurvivorGame/target/classes/assets/levels/Bigdongeonmap.tmx
11:52:35.293 [FXGL Background Thread 1 ] DEBUG TMXLevelLoader       - Creating tile layer entities
11:52:35.296 [FXGL Background Thread 1 ] DEBUG TilesetLoader        - Loading view for layer 图块层 1
11:52:35.339 [FXGL Background Thread 1 ] DEBUG TilesetLoader        - Created buffer with size 9600.0x5600.0
11:52:35.420 [FXGL Background Thread 1 ] DEBUG TilesetLoader        - Loading view for layer 图块层 2
11:52:35.468 [FXGL Background Thread 1 ] DEBUG TilesetLoader        - Created buffer with size 9600.0x5600.0
11:52:35.547 [FXGL Background Thread 1 ] DEBUG TMXLevelLoader       - Creating object layer entities
11:52:35.618 [FXGL Background Thread 1 ] DEBUG GameWorld            - Clearing removable entities
11:52:35.619 [FXGL Background Thread 1 ] DEBUG GameWorld            - Setting level: com.almasb.fxgl.entity.level.Level@58d2bdd
11:52:35.649 [FXGL Background Thread 1 ] DEBUG FXGLAssetLoaderServi - Loading from file system: file:/D:/javaproject/survivior-game5/SurvivorGame/target/classes/assets/textures/Idle.png
11:52:35.653 [FXGL Background Thread 1 ] DEBUG FXGLAssetLoaderServi - Loading from file system: file:/D:/javaproject/survivior-game5/SurvivorGame/target/classes/assets/textures/Run.png
11:52:35.655 [FXGL Background Thread 1 ] DEBUG FXGLAssetLoaderServi - Loading from file system: file:/D:/javaproject/survivior-game5/SurvivorGame/target/classes/assets/textures/Attack3.png
11:52:35.662 [FXGL Background Thread 1 ] DEBUG FXGLAssetLoaderServi - Loading from file system: file:/D:/javaproject/survivior-game5/SurvivorGame/target/classes/assets/sounds/sword-slash-315218.mp3
11:52:35.666 [FXGL Background Thread 1 ] DEBUG FXGLAssetLoaderServi - Loading from file system: file:/D:/javaproject/survivior-game5/SurvivorGame/target/classes/assets/sounds/split-%5bAudioTrimmer.com%5d.mp3
11:52:35.667 [FXGL Background Thread 1 ] DEBUG FXGLAssetLoaderServi - Loading from file system: file:/D:/javaproject/survivior-game5/SurvivorGame/target/classes/assets/sounds/die_knight.wav
11:52:35.671 [FXGL Background Thread 1 ] INFO  FXGLApplication      - Game initialization took: 0.859 sec
11:52:35.672 [JavaFX Application Thread] DEBUG Input                - Clearing active input actions
11:52:35.687 [JavaFX Application Thread] DEBUG GameApplicationServi - Removing overlay from FXGLLoadingScene and adding to GameScene
11:52:35.687 [JavaFX Application Thread] DEBUG PrimaryStageWindow   - FXGLLoadingScene -> GameScene
11:52:36.385 [JavaFX Application Thread] DEBUG FXGLAssetLoaderServi - Loading from file system: file:/D:/javaproject/survivior-game5/SurvivorGame/target/classes/assets/textures/boss/Idle.png
11:52:36.394 [JavaFX Application Thread] DEBUG FXGLAssetLoaderServi - Loading from file system: file:/D:/javaproject/survivior-game5/SurvivorGame/target/classes/assets/textures/boss/Run.png
11:52:36.401 [JavaFX Application Thread] DEBUG FXGLAssetLoaderServi - Loading from file system: file:/D:/javaproject/survivior-game5/SurvivorGame/target/classes/assets/textures/boss/Attack1.png
11:52:36.410 [JavaFX Application Thread] DEBUG FXGLAssetLoaderServi - Loading from file system: file:/D:/javaproject/survivior-game5/SurvivorGame/target/classes/assets/textures/boss/Attack2.png
11:52:36.415 [JavaFX Application Thread] DEBUG FXGLAssetLoaderServi - Loading from file system: file:/D:/javaproject/survivior-game5/SurvivorGame/target/classes/assets/textures/boss/Death.png
11:52:36.420 [JavaFX Application Thread] DEBUG FXGLAssetLoaderServi - Loading from file system: file:/D:/javaproject/survivior-game5/SurvivorGame/target/classes/assets/textures/boss/Take%20Hit.png
11:52:37.765 [FXGL Background Thread 3 ] DEBUG Engine               - Logging environment variables
11:52:37.765 [FXGL Background Thread 3 ] DEBUG Engine               - achievements: []
11:52:37.765 [FXGL Background Thread 3 ] DEBUG Engine               - actualHeight: 720.0
11:52:37.765 [FXGL Background Thread 3 ] DEBUG Engine               - actualHeightProperty: ReadOnlyDoubleProperty [value: 720.0]
11:52:37.765 [FXGL Background Thread 3 ] DEBUG Engine               - actualWidth: 1280.0
11:52:37.765 [FXGL Background Thread 3 ] DEBUG Engine               - actualWidthProperty: ReadOnlyDoubleProperty [value: 1280.0]
11:52:37.765 [FXGL Background Thread 3 ] DEBUG Engine               - appIcon: icon.png
11:52:37.765 [FXGL Background Thread 3 ] DEBUG Engine               - applicationMode: DEVELOPER
11:52:37.765 [FXGL Background Thread 3 ] DEBUG Engine               - cSSList: [fxgl_dark.css]
11:52:37.765 [FXGL Background Thread 3 ] DEBUG Engine               - collisionDetectionStrategy: BRUTE_FORCE
11:52:37.765 [FXGL Background Thread 3 ] DEBUG Engine               - configClass: Optional.empty
11:52:37.765 [FXGL Background Thread 3 ] DEBUG Engine               - credits: []
11:52:37.766 [FXGL Background Thread 3 ] DEBUG Engine               - defaultCursor: CursorInfo(imageName=fxgl_default_cursor.png, hotspotX=7.0, hotspotY=6.0)
11:52:37.766 [FXGL Background Thread 3 ] DEBUG Engine               - devBBoxColorProperty: ObjectProperty [value: 0xff0000ff]
11:52:37.766 [FXGL Background Thread 3 ] DEBUG Engine               - devEnableDebugCameraProperty: BooleanProperty [value: false]
11:52:37.766 [FXGL Background Thread 3 ] DEBUG Engine               - devSensorColorProperty: ObjectProperty [value: 0xffff00ff]
11:52:37.766 [FXGL Background Thread 3 ] DEBUG Engine               - devShowBBoxProperty: BooleanProperty [value: false]
11:52:37.766 [FXGL Background Thread 3 ] DEBUG Engine               - devShowPositionProperty: BooleanProperty [value: false]
11:52:37.766 [FXGL Background Thread 3 ] DEBUG Engine               - enabledMenuItems: []
11:52:37.766 [FXGL Background Thread 3 ] DEBUG Engine               - engineServices: [class com.almasb.fxgl.app.services.FXGLAssetLoaderService, class com.almasb.fxgl.app.FXGLApplication$GameApplicationService, class com.almasb.fxgl.app.services.FXGLDialogService, class com.almasb.fxgl.app.services.IOTaskExecutorService, class com.almasb.fxgl.io.FileSystemService, class com.almasb.fxgl.localization.LocalizationService, class com.almasb.fxgl.app.services.SystemBundleService, class com.almasb.fxgl.profile.SaveLoadService, class com.almasb.fxgl.ui.FXGLUIFactoryServiceProvider, class com.almasb.fxgl.ui.FXGLDialogFactoryServiceProvider, class com.almasb.fxgl.audio.AudioPlayer, class com.almasb.fxgl.notification.impl.NotificationServiceProvider, class com.almasb.fxgl.achievement.AchievementService, class com.almasb.fxgl.cutscene.CutsceneService, class com.almasb.fxgl.minigames.MiniGameService, class com.almasb.fxgl.net.NetService, class com.almasb.fxgl.app.services.UpdaterService, class com.almasb.fxgl.dev.DevService]
11:52:37.766 [FXGL Background Thread 3 ] DEBUG Engine               - fontGame: Abel-Regular.ttf
11:52:37.766 [FXGL Background Thread 3 ] DEBUG Engine               - fontMono: TerminalLandMono-Regular.otf
11:52:37.766 [FXGL Background Thread 3 ] DEBUG Engine               - fontSizeScaleUI: 1.0
11:52:37.766 [FXGL Background Thread 3 ] DEBUG Engine               - fontText: Courier-Prime.ttf
11:52:37.766 [FXGL Background Thread 3 ] DEBUG Engine               - fontUI: VarelaRound-Regular.ttf
11:52:37.766 [FXGL Background Thread 3 ] DEBUG Engine               - fullScreen: BooleanProperty [value: false]
11:52:37.766 [FXGL Background Thread 3 ] DEBUG Engine               - gameDifficulty: MEDIUM
11:52:37.766 [FXGL Background Thread 3 ] DEBUG Engine               - gameDifficultyProperty: ObjectProperty [value: MEDIUM]
11:52:37.767 [FXGL Background Thread 3 ] DEBUG Engine               - globalMusicVolume: 0.5
11:52:37.767 [FXGL Background Thread 3 ] DEBUG Engine               - globalMusicVolumeProperty: DoubleProperty [value: 0.5]
11:52:37.767 [FXGL Background Thread 3 ] DEBUG Engine               - globalSoundVolume: 0.5
11:52:37.767 [FXGL Background Thread 3 ] DEBUG Engine               - globalSoundVolumeProperty: DoubleProperty [value: 0.5]
11:52:37.767 [FXGL Background Thread 3 ] DEBUG Engine               - height: 720
11:52:37.767 [FXGL Background Thread 3 ] DEBUG Engine               - is3D: false
11:52:37.767 [FXGL Background Thread 3 ] DEBUG Engine               - isAndroid: false
11:52:37.767 [FXGL Background Thread 3 ] DEBUG Engine               - isBrowser: false
11:52:37.767 [FXGL Background Thread 3 ] DEBUG Engine               - isClickFeedbackEnabled: false
11:52:37.767 [FXGL Background Thread 3 ] DEBUG Engine               - isCloseConfirmation: false
11:52:37.767 [FXGL Background Thread 3 ] DEBUG Engine               - isDesktop: true
11:52:37.767 [FXGL Background Thread 3 ] DEBUG Engine               - isDeveloperMenuEnabled: false
11:52:37.767 [FXGL Background Thread 3 ] DEBUG Engine               - isEmbedded: false
11:52:37.767 [FXGL Background Thread 3 ] DEBUG Engine               - isEntityPreloadEnabled: true
11:52:37.767 [FXGL Background Thread 3 ] DEBUG Engine               - isExperimentalTiledLargeMap: false
11:52:37.767 [FXGL Background Thread 3 ] DEBUG Engine               - isFileSystemWriteAllowed: true
11:52:37.767 [FXGL Background Thread 3 ] DEBUG Engine               - isFullScreenAllowed: false
11:52:37.767 [FXGL Background Thread 3 ] DEBUG Engine               - isFullScreenFromStart: false
11:52:37.767 [FXGL Background Thread 3 ] DEBUG Engine               - isGameMenuEnabled: true
11:52:37.767 [FXGL Background Thread 3 ] DEBUG Engine               - isIOS: false
11:52:37.767 [FXGL Background Thread 3 ] DEBUG Engine               - isIntroEnabled: false
11:52:37.767 [FXGL Background Thread 3 ] DEBUG Engine               - isLinux: false
11:52:37.767 [FXGL Background Thread 3 ] DEBUG Engine               - isMac: false
11:52:37.767 [FXGL Background Thread 3 ] DEBUG Engine               - isMainMenuEnabled: false
11:52:37.767 [FXGL Background Thread 3 ] DEBUG Engine               - isManualResizeEnabled: false
11:52:37.767 [FXGL Background Thread 3 ] DEBUG Engine               - isMobile: false
11:52:37.767 [FXGL Background Thread 3 ] DEBUG Engine               - isNative: false
11:52:37.767 [FXGL Background Thread 3 ] DEBUG Engine               - isPauseMusicWhenMinimized: true
11:52:37.767 [FXGL Background Thread 3 ] DEBUG Engine               - isPreserveResizeRatio: false
11:52:37.767 [FXGL Background Thread 3 ] DEBUG Engine               - isProfilingEnabled: false
11:52:37.767 [FXGL Background Thread 3 ] DEBUG Engine               - isScaleAffectedOnResize: true
11:52:37.767 [FXGL Background Thread 3 ] DEBUG Engine               - isSingleStep: false
11:52:37.767 [FXGL Background Thread 3 ] DEBUG Engine               - isUserProfileEnabled: false
11:52:37.767 [FXGL Background Thread 3 ] DEBUG Engine               - isWindows: true
11:52:37.767 [FXGL Background Thread 3 ] DEBUG Engine               - language: ObjectProperty [value: ENGLISH]
11:52:37.767 [FXGL Background Thread 3 ] DEBUG Engine               - menuKey: ESCAPE
11:52:37.768 [FXGL Background Thread 3 ] DEBUG Engine               - mouseSensitivity: 0.2
11:52:37.768 [FXGL Background Thread 3 ] DEBUG Engine               - notificationViewClass: class com.almasb.fxgl.notification.view.XboxNotificationView
11:52:37.768 [FXGL Background Thread 3 ] DEBUG Engine               - pixelsPerMeter: 50.0
11:52:37.768 [FXGL Background Thread 3 ] DEBUG Engine               - platform: WINDOWS
11:52:37.768 [FXGL Background Thread 3 ] DEBUG Engine               - prefHeightProperty: ReadOnlyDoubleProperty [value: 720.0]
11:52:37.768 [FXGL Background Thread 3 ] DEBUG Engine               - prefWidthProperty: ReadOnlyDoubleProperty [value: 1280.0]
11:52:37.768 [FXGL Background Thread 3 ] DEBUG Engine               - profileDir: profiles/
11:52:37.768 [FXGL Background Thread 3 ] DEBUG Engine               - profileName: StringProperty [value: DEFAULT]
11:52:37.768 [FXGL Background Thread 3 ] DEBUG Engine               - randomSeed: -1
11:52:37.768 [FXGL Background Thread 3 ] DEBUG Engine               - runtimeInfo: RuntimeInfo(platform=WINDOWS, version=17.3, build=30.03.2023 11.49)
11:52:37.768 [FXGL Background Thread 3 ] DEBUG Engine               - saveFileExt: sav
11:52:37.768 [FXGL Background Thread 3 ] DEBUG Engine               - scaledHeightProp$fxgl: DoubleProperty [bound, value: 720.0]
11:52:37.768 [FXGL Background Thread 3 ] DEBUG Engine               - scaledWidthProp$fxgl: DoubleProperty [bound, value: 1280.0]
11:52:37.768 [FXGL Background Thread 3 ] DEBUG Engine               - sceneFactory: com.almasb.fxgl.app.scene.SceneFactory@22db0ce6
11:52:37.768 [FXGL Background Thread 3 ] DEBUG Engine               - secondsIn24h: 60
11:52:37.768 [FXGL Background Thread 3 ] DEBUG Engine               - soundMenuBack: menu/back.wav
11:52:37.768 [FXGL Background Thread 3 ] DEBUG Engine               - soundMenuPress: menu/press.wav
11:52:37.768 [FXGL Background Thread 3 ] DEBUG Engine               - soundMenuSelect: menu/select.wav
11:52:37.768 [FXGL Background Thread 3 ] DEBUG Engine               - soundNotification: core/notification.wav
11:52:37.768 [FXGL Background Thread 3 ] DEBUG Engine               - stageStyle: DECORATED
11:52:37.768 [FXGL Background Thread 3 ] DEBUG Engine               - supportedLanguages: [ENGLISH, FRENCH, GERMAN, HUNGARIAN, RUSSIAN]
11:52:37.768 [FXGL Background Thread 3 ] DEBUG Engine               - ticksPerSecond: 120
11:52:37.768 [FXGL Background Thread 3 ] DEBUG Engine               - title: Survivor Game
11:52:37.768 [FXGL Background Thread 3 ] DEBUG Engine               - urlGithub: https://github.com/AlmasB/FXGL
11:52:37.768 [FXGL Background Thread 3 ] DEBUG Engine               - urlLeaderboard: http://fxgl-top.herokuapp.com/
11:52:37.768 [FXGL Background Thread 3 ] DEBUG Engine               - urlPOM: https://raw.githubusercontent.com/AlmasB/FXGL/release/README.md
11:52:37.768 [FXGL Background Thread 3 ] DEBUG Engine               - userAppClass: class com.survivor.main.GameApp
11:52:37.768 [FXGL Background Thread 3 ] DEBUG Engine               - version: 1.0
11:52:37.768 [FXGL Background Thread 3 ] DEBUG Engine               - versionCheckDays: 7
11:52:37.768 [FXGL Background Thread 3 ] DEBUG Engine               - width: 1280
11:52:37.768 [FXGL Background Thread 3 ] DEBUG Engine               - Logging services
11:52:37.768 [FXGL Background Thread 3 ] DEBUG Engine               - class com.almasb.fxgl.app.services.FXGLAssetLoaderService
11:52:37.769 [FXGL Background Thread 3 ] DEBUG Engine               - class com.almasb.fxgl.app.FXGLApplication$GameApplicationService
11:52:37.769 [FXGL Background Thread 3 ] DEBUG Engine               - class com.almasb.fxgl.app.services.FXGLDialogService
11:52:37.769 [FXGL Background Thread 3 ] DEBUG Engine               - class com.almasb.fxgl.app.services.IOTaskExecutorService
11:52:37.769 [FXGL Background Thread 3 ] DEBUG Engine               - class com.almasb.fxgl.io.FileSystemService
11:52:37.769 [FXGL Background Thread 3 ] DEBUG Engine               - class com.almasb.fxgl.localization.LocalizationService
11:52:37.769 [FXGL Background Thread 3 ] DEBUG Engine               - class com.almasb.fxgl.app.services.SystemBundleService
11:52:37.769 [FXGL Background Thread 3 ] DEBUG Engine               - class com.almasb.fxgl.profile.SaveLoadService
11:52:37.769 [FXGL Background Thread 3 ] DEBUG Engine               - class com.almasb.fxgl.ui.FXGLUIFactoryServiceProvider
11:52:37.769 [FXGL Background Thread 3 ] DEBUG Engine               - class com.almasb.fxgl.ui.FXGLDialogFactoryServiceProvider
11:52:37.769 [FXGL Background Thread 3 ] DEBUG Engine               - class com.almasb.fxgl.audio.AudioPlayer
11:52:37.769 [FXGL Background Thread 3 ] DEBUG Engine               - class com.almasb.fxgl.notification.impl.NotificationServiceProvider
11:52:37.769 [FXGL Background Thread 3 ] DEBUG Engine               - class com.almasb.fxgl.achievement.AchievementService
11:52:37.769 [FXGL Background Thread 3 ] DEBUG Engine               - class com.almasb.fxgl.cutscene.CutsceneService
11:52:37.769 [FXGL Background Thread 3 ] DEBUG Engine               - class com.almasb.fxgl.minigames.MiniGameService
11:52:37.769 [FXGL Background Thread 3 ] DEBUG Engine               - class com.almasb.fxgl.net.NetService
11:52:37.769 [FXGL Background Thread 3 ] DEBUG Engine               - class com.almasb.fxgl.app.services.UpdaterService
11:52:37.769 [FXGL Background Thread 3 ] DEBUG Engine               - class com.almasb.fxgl.dev.DevService
11:52:56.178 [JavaFX Application Thread] DEBUG FXGLApplication      - Exiting FXGL
11:52:56.178 [JavaFX Application Thread] DEBUG LoopRunner           - Stopping loop
11:52:56.178 [JavaFX Application Thread] DEBUG SystemBundleService  - Saving FXGL system data
11:52:56.179 [JavaFX Application Thread] DEBUG FileSystemAccess     - Writing to: D:\javaproject\survivior-game5\system\fxgl.bundle
11:52:56.180 [JavaFX Application Thread] DEBUG Async                - Shutting down background threads
11:52:56.180 [JavaFX Application Thread] DEBUG PrimaryStageWindow   - Closing main window
11:52:56.190 [JavaFX Application Thread] DEBUG Logger               - Closing Logger
