09:20:23.925 [main                     ] DEBUG Logger               - Configured Logger
09:20:23.942 [main                     ] DEBUG GameApplication      - Logging settings
Title: Survivor Game
Version: 1.0
Width: 1280
Height: 720
Fullscreen: false
Intro: false
Profiling: false
Single step:false
App Mode: DEVELOPER
Menu Key: ESCAPE
Stage Style: DECORATED
Scene Factory: class com.almasb.fxgl.app.scene.SceneFactory

09:20:24.256 [JavaFX Application Thread] DEBUG FXGLApplication      - Initializing FXGL
09:20:24.259 [JavaFX Application Thread] INFO  Engine               - FXGL-17.3 (30.03.2023 11.49) on WINDOWS (J:17.0.16 FX:20)
09:20:24.259 [JavaFX Application Thread] DEBUG Engine               - JRE Vendor Name: Microsoft
09:20:24.259 [JavaFX Application Thread] DEBUG Engine               - Running on OS: Windows 11 version 10.0
09:20:24.260 [JavaFX Application Thread] DEBUG Engine               - Architecture: amd64
09:20:24.260 [JavaFX Application Thread] INFO  Engine               - Source code and latest versions at: https://github.com/AlmasB/FXGL
09:20:24.260 [JavaFX Application Thread] INFO  Engine               -       Ask questions and discuss at: https://github.com/AlmasB/FXGL/discussions
09:20:24.260 [JavaFX Application Thread] INFO  Engine               -              Join the FXGL chat at: https://gitter.im/AlmasB/FXGL
09:20:24.324 [JavaFX Application Thread] DEBUG PrimaryStageWindow   - Creating a JavaFX scene
09:20:24.351 [JavaFX Application Thread] DEBUG PrimaryStageWindow   - Target settings size: 1280.0 x 720.0
09:20:24.351 [JavaFX Application Thread] DEBUG PrimaryStageWindow   - Scaled scene size:    1280.0 x 720.0
09:20:24.351 [JavaFX Application Thread] DEBUG PrimaryStageWindow   - Scaled ratio: (1.0, 1.0)
09:20:24.353 [JavaFX Application Thread] DEBUG PrimaryStageWindow   - Set initial scene to FXGLStartupScene
09:20:24.354 [JavaFX Application Thread] DEBUG PrimaryStageWindow   - Opening main window
09:20:24.407 [JavaFX Application Thread] DEBUG PrimaryStageWindow   - Window border size: (14.6666259765625, 37.33331298828125)
09:20:24.407 [JavaFX Application Thread] DEBUG PrimaryStageWindow   - Scaled size: 1280.0 x 720.0
09:20:24.407 [JavaFX Application Thread] DEBUG PrimaryStageWindow   - Scaled ratio: (1.0, 1.0)
09:20:24.408 [JavaFX Application Thread] DEBUG PrimaryStageWindow   - Scene size: 1280.0 x 720.0
09:20:24.408 [JavaFX Application Thread] DEBUG PrimaryStageWindow   - Stage size: 1294.6666259765625 x 757.3333129882812
09:20:24.412 [FXGL Background Thread 1 ] DEBUG Engine               - Initializing environment variables
09:20:24.434 [FXGL Background Thread 1 ] DEBUG FXGLAssetLoaderServi - User app class for loading assets: class com.survivor.main.GameApp
09:20:24.434 [FXGL Background Thread 1 ] DEBUG GameApplicationServi - Applying CSS: fxgl_dark.css
09:20:24.434 [FXGL Background Thread 1 ] DEBUG FXGLAssetLoaderServi - Loading from file system: jar:file:/C:/Users/zrj/.m2/repository/com/github/almasb/fxgl/17.3/fxgl-17.3.jar!/fxglassets/ui/css/fxgl_dark.css
09:20:24.458 [FXGL Background Thread 1 ] DEBUG GameApplicationServi - Initializing application scenes
09:20:24.493 [FXGL Background Thread 1 ] DEBUG GameWorld            - Game world initialized
09:20:24.527 [FXGL Background Thread 1 ] DEBUG PhysicsWorld         - Physics world initialized: appHeight=720, physics.ppm=50.0
09:20:24.528 [FXGL Background Thread 1 ] DEBUG PhysicsWorld         - Using strategy: BRUTE_FORCE
09:20:24.530 [FXGL Background Thread 1 ] DEBUG GameScene            - Game scene initialized: 1280x720
09:20:24.543 [FXGL Background Thread 1 ] DEBUG FXGL.DefaultMenu     - createMenuBodyGameMenu()
09:20:24.551 [FXGL Background Thread 1 ] DEBUG FXGL.DefaultMenu     - createOptionsMenu()
09:20:24.558 [FXGL Background Thread 1 ] DEBUG FXGLAssetLoaderServi - Loading from file system: jar:file:/C:/Users/zrj/.m2/repository/com/github/almasb/fxgl/17.3/fxgl-17.3.jar!/fxglassets/textures/particles/smoke.png
09:20:24.612 [FXGL Background Thread 1 ] DEBUG FXGLAssetLoaderServi - Loading from file system: jar:file:/C:/Users/zrj/.m2/repository/com/github/almasb/fxgl/17.3/fxgl-17.3.jar!/fxglassets/textures/particles/trace_horizontal.png
09:20:24.631 [FXGL Background Thread 1 ] DEBUG GameApplicationServi - Application scenes initialized
09:20:24.641 [FXGL Background Thread 1 ] DEBUG SystemBundleService  - Loading FXGL system data
09:20:24.644 [FXGL Background Thread 1 ] DEBUG FileSystemAccess     - Reading from: D:\javaproject\survivior-game\system\fxgl.bundle
09:20:24.650 [FXGL Background Thread 1 ] DEBUG SystemBundleService  - Bundle FXGL: {}
09:20:24.650 [FXGL Background Thread 1 ] DEBUG UpdaterService       - Checking for updates
09:20:24.653 [FXGL Background Thread 4 ] DEBUG FXGLApplication      - Loading fonts
09:20:24.653 [FXGL Background Thread 1 ] DEBUG FXGLApplication      - Loading default localization
09:20:24.654 [FXGL Background Thread 4 ] DEBUG FXGLAssetLoaderServi - Loading from file system: jar:file:/C:/Users/zrj/.m2/repository/com/github/almasb/fxgl/17.3/fxgl-17.3.jar!/fxglassets/ui/fonts/VarelaRound-Regular.ttf
09:20:24.654 [FXGL Background Thread 1 ] DEBUG FXGLAssetLoaderServi - Loading from file system: jar:file:/C:/Users/zrj/.m2/repository/com/github/almasb/fxgl/17.3/fxgl-17.3.jar!/fxglassets/languages/english.lang
09:20:24.676 [FXGL Background Thread 1 ] INFO  FXGLApplication      - FXGL initialization took: 0.264 sec
09:20:24.677 [JavaFX Application Thread] DEBUG FXGLAssetLoaderServi - Loading from file system: file:/D:/javaproject/survivior-game/SurvivorGame/target/classes/assets/textures/icon.png
09:20:24.682 [JavaFX Application Thread] DEBUG FXGLAssetLoaderServi - Loading from file system: jar:file:/C:/Users/zrj/.m2/repository/com/github/almasb/fxgl/17.3/fxgl-17.3.jar!/fxglassets/textures/fxgl_default_cursor.png
09:20:24.694 [JavaFX Application Thread] DEBUG Input                - Registered new binding: Screenshot - CTRL+8
09:20:24.695 [JavaFX Application Thread] DEBUG Input                - Registered new binding: System info dump - CTRL+9
09:20:24.696 [JavaFX Application Thread] DEBUG Input                - Registered new binding: Restart - CTRL+R
09:20:24.698 [JavaFX Application Thread] DEBUG Input                - Registered new binding: Toggle Debug Camera - CTRL+7
09:20:24.703 [JavaFX Application Thread] DEBUG LoopRunner           - Starting loop
09:20:24.703 [JavaFX Application Thread] DEBUG LoopRunner           - Initializing ScheduledExecutorLoop with fps: 120
09:20:24.705 [JavaFX Application Thread] DEBUG GameApplicationServi - Starting new game
09:20:24.705 [JavaFX Application Thread] DEBUG Input                - Clearing active input actions
09:20:24.712 [FXGL Background Thread 4 ] DEBUG FXGLAssetLoaderServi - Loading from file system: jar:file:/C:/Users/zrj/.m2/repository/com/github/almasb/fxgl/17.3/fxgl-17.3.jar!/fxglassets/ui/fonts/Abel-Regular.ttf
09:20:24.714 [JavaFX Application Thread] DEBUG GameApplicationServi - Removing overlay from FXGLStartupScene and adding to FXGLLoadingScene
09:20:24.715 [JavaFX Application Thread] DEBUG PrimaryStageWindow   - FXGLStartupScene -> FXGLLoadingScene
09:20:24.715 [JavaFX Application Thread] DEBUG GameApplicationServi - Clearing previous game
09:20:24.715 [JavaFX Application Thread] DEBUG GameScene            - Clearing game scene
09:20:24.715 [JavaFX Application Thread] DEBUG GameWorld            - Clearing game world
09:20:24.715 [JavaFX Application Thread] DEBUG PhysicsWorld         - Clearing physics world
09:20:24.716 [FXGL Background Thread 1 ] DEBUG FXGLApplication      - Initializing game
09:20:24.720 [FXGL Background Thread 4 ] DEBUG FXGLAssetLoaderServi - Loading from file system: jar:file:/C:/Users/zrj/.m2/repository/com/github/almasb/fxgl/17.3/fxgl-17.3.jar!/fxglassets/ui/fonts/TerminalLandMono-Regular.otf
09:20:24.729 [FXGL Background Thread 4 ] DEBUG FXGLAssetLoaderServi - Loading from file system: jar:file:/C:/Users/zrj/.m2/repository/com/github/almasb/fxgl/17.3/fxgl-17.3.jar!/fxglassets/ui/fonts/Courier-Prime.ttf
09:20:24.756 [JavaFX Application Thread] DEBUG FXGLApplication      - Registering font factories with UI factory
09:20:24.983 [FXGL Background Thread 1 ] WARN  TMXLevelLoader       - TiledMap generated from 1.11.2. Supported version: 1.9.0. Some features may not be parsed fully.
09:20:25.082 [FXGL Background Thread 1 ] DEBUG TMXLevelLoader       - Parsed TiledMap: file:/D:/javaproject/survivior-game/SurvivorGame/target/classes/assets/levels/Bigdongeonmap.tmx
09:20:25.083 [FXGL Background Thread 1 ] DEBUG TMXLevelLoader       - Creating tile layer entities
09:20:25.087 [FXGL Background Thread 1 ] DEBUG TilesetLoader        - Loading view for layer 图块层 1
09:20:25.133 [FXGL Background Thread 1 ] DEBUG TilesetLoader        - Created buffer with size 9600.0x5600.0
09:20:25.143 [FXGL Background Thread 2 ] INFO  UpdaterService       - Your current version:  17.3
09:20:25.145 [FXGL Background Thread 2 ] INFO  UpdaterService       - Latest stable version: 21.1
09:20:25.216 [FXGL Background Thread 1 ] DEBUG TilesetLoader        - Loading view for layer 图块层 2
09:20:25.261 [FXGL Background Thread 1 ] DEBUG TilesetLoader        - Created buffer with size 9600.0x5600.0
09:20:25.283 [FXGL Background Thread 1 ] DEBUG TMXLevelLoader       - Creating object layer entities
09:20:25.344 [FXGL Background Thread 1 ] DEBUG GameWorld            - Clearing removable entities
09:20:25.344 [FXGL Background Thread 1 ] DEBUG GameWorld            - Setting level: com.almasb.fxgl.entity.level.Level@74cd5763
09:20:25.376 [FXGL Background Thread 1 ] DEBUG Input                - Registered new binding: Move Up - W
09:20:25.376 [FXGL Background Thread 1 ] DEBUG Input                - Registered new binding: Move Down - S
09:20:25.376 [FXGL Background Thread 1 ] DEBUG Input                - Registered new binding: Move Left - A
09:20:25.376 [FXGL Background Thread 1 ] DEBUG Input                - Registered new binding: Move Right - D
09:20:25.376 [FXGL Background Thread 1 ] DEBUG Input                - Registered new binding: AttackLeft - J
09:20:25.376 [FXGL Background Thread 1 ] DEBUG Input                - Registered new binding: AttackRight - K
09:20:25.376 [FXGL Background Thread 1 ] DEBUG Input                - Registered new binding: Dash - L
09:20:25.380 [FXGL Background Thread 1 ] DEBUG FXGLAssetLoaderServi - Loading from file system: file:/D:/javaproject/survivior-game/SurvivorGame/target/classes/assets/textures/Idle.png
09:20:25.382 [FXGL Background Thread 1 ] DEBUG FXGLAssetLoaderServi - Loading from file system: file:/D:/javaproject/survivior-game/SurvivorGame/target/classes/assets/textures/Run.png
09:20:25.384 [FXGL Background Thread 1 ] DEBUG FXGLAssetLoaderServi - Loading from file system: file:/D:/javaproject/survivior-game/SurvivorGame/target/classes/assets/textures/Attack3.png
09:20:25.390 [FXGL Background Thread 1 ] INFO  FXGLApplication      - Game initialization took: 0.674 sec
09:20:25.391 [JavaFX Application Thread] DEBUG Input                - Clearing active input actions
09:20:25.404 [JavaFX Application Thread] DEBUG GameApplicationServi - Removing overlay from FXGLLoadingScene and adding to GameScene
09:20:25.405 [JavaFX Application Thread] DEBUG PrimaryStageWindow   - FXGLLoadingScene -> GameScene
09:20:25.788 [JavaFX Application Thread] DEBUG FXGLAssetLoaderServi - Loading from file system: file:/D:/javaproject/survivior-game/SurvivorGame/target/classes/assets/textures/enemy.png
09:20:27.654 [FXGL Background Thread 3 ] DEBUG Engine               - Logging environment variables
09:20:27.654 [FXGL Background Thread 3 ] DEBUG Engine               - achievements: []
09:20:27.654 [FXGL Background Thread 3 ] DEBUG Engine               - actualHeight: 720.0
09:20:27.655 [FXGL Background Thread 3 ] DEBUG Engine               - actualHeightProperty: ReadOnlyDoubleProperty [value: 720.0]
09:20:27.655 [FXGL Background Thread 3 ] DEBUG Engine               - actualWidth: 1280.0
09:20:27.655 [FXGL Background Thread 3 ] DEBUG Engine               - actualWidthProperty: ReadOnlyDoubleProperty [value: 1280.0]
09:20:27.655 [FXGL Background Thread 3 ] DEBUG Engine               - appIcon: icon.png
09:20:27.655 [FXGL Background Thread 3 ] DEBUG Engine               - applicationMode: DEVELOPER
09:20:27.655 [FXGL Background Thread 3 ] DEBUG Engine               - cSSList: [fxgl_dark.css]
09:20:27.655 [FXGL Background Thread 3 ] DEBUG Engine               - collisionDetectionStrategy: BRUTE_FORCE
09:20:27.655 [FXGL Background Thread 3 ] DEBUG Engine               - configClass: Optional.empty
09:20:27.655 [FXGL Background Thread 3 ] DEBUG Engine               - credits: []
09:20:27.655 [FXGL Background Thread 3 ] DEBUG Engine               - defaultCursor: CursorInfo(imageName=fxgl_default_cursor.png, hotspotX=7.0, hotspotY=6.0)
09:20:27.656 [FXGL Background Thread 3 ] DEBUG Engine               - devBBoxColorProperty: ObjectProperty [value: 0xff0000ff]
09:20:27.656 [FXGL Background Thread 3 ] DEBUG Engine               - devEnableDebugCameraProperty: BooleanProperty [value: false]
09:20:27.656 [FXGL Background Thread 3 ] DEBUG Engine               - devSensorColorProperty: ObjectProperty [value: 0xffff00ff]
09:20:27.656 [FXGL Background Thread 3 ] DEBUG Engine               - devShowBBoxProperty: BooleanProperty [value: false]
09:20:27.656 [FXGL Background Thread 3 ] DEBUG Engine               - devShowPositionProperty: BooleanProperty [value: false]
09:20:27.656 [FXGL Background Thread 3 ] DEBUG Engine               - enabledMenuItems: []
09:20:27.656 [FXGL Background Thread 3 ] DEBUG Engine               - engineServices: [class com.almasb.fxgl.app.services.FXGLAssetLoaderService, class com.almasb.fxgl.app.FXGLApplication$GameApplicationService, class com.almasb.fxgl.app.services.FXGLDialogService, class com.almasb.fxgl.app.services.IOTaskExecutorService, class com.almasb.fxgl.io.FileSystemService, class com.almasb.fxgl.localization.LocalizationService, class com.almasb.fxgl.app.services.SystemBundleService, class com.almasb.fxgl.profile.SaveLoadService, class com.almasb.fxgl.ui.FXGLUIFactoryServiceProvider, class com.almasb.fxgl.ui.FXGLDialogFactoryServiceProvider, class com.almasb.fxgl.audio.AudioPlayer, class com.almasb.fxgl.notification.impl.NotificationServiceProvider, class com.almasb.fxgl.achievement.AchievementService, class com.almasb.fxgl.cutscene.CutsceneService, class com.almasb.fxgl.minigames.MiniGameService, class com.almasb.fxgl.net.NetService, class com.almasb.fxgl.app.services.UpdaterService, class com.almasb.fxgl.dev.DevService]
09:20:27.656 [FXGL Background Thread 3 ] DEBUG Engine               - fontGame: Abel-Regular.ttf
09:20:27.656 [FXGL Background Thread 3 ] DEBUG Engine               - fontMono: TerminalLandMono-Regular.otf
09:20:27.656 [FXGL Background Thread 3 ] DEBUG Engine               - fontSizeScaleUI: 1.0
09:20:27.656 [FXGL Background Thread 3 ] DEBUG Engine               - fontText: Courier-Prime.ttf
09:20:27.656 [FXGL Background Thread 3 ] DEBUG Engine               - fontUI: VarelaRound-Regular.ttf
09:20:27.656 [FXGL Background Thread 3 ] DEBUG Engine               - fullScreen: BooleanProperty [value: false]
09:20:27.656 [FXGL Background Thread 3 ] DEBUG Engine               - gameDifficulty: MEDIUM
09:20:27.656 [FXGL Background Thread 3 ] DEBUG Engine               - gameDifficultyProperty: ObjectProperty [value: MEDIUM]
09:20:27.656 [FXGL Background Thread 3 ] DEBUG Engine               - globalMusicVolume: 0.5
09:20:27.657 [FXGL Background Thread 3 ] DEBUG Engine               - globalMusicVolumeProperty: DoubleProperty [value: 0.5]
09:20:27.657 [FXGL Background Thread 3 ] DEBUG Engine               - globalSoundVolume: 0.5
09:20:27.657 [FXGL Background Thread 3 ] DEBUG Engine               - globalSoundVolumeProperty: DoubleProperty [value: 0.5]
09:20:27.657 [FXGL Background Thread 3 ] DEBUG Engine               - height: 720
09:20:27.657 [FXGL Background Thread 3 ] DEBUG Engine               - is3D: false
09:20:27.657 [FXGL Background Thread 3 ] DEBUG Engine               - isAndroid: false
09:20:27.657 [FXGL Background Thread 3 ] DEBUG Engine               - isBrowser: false
09:20:27.657 [FXGL Background Thread 3 ] DEBUG Engine               - isClickFeedbackEnabled: false
09:20:27.657 [FXGL Background Thread 3 ] DEBUG Engine               - isCloseConfirmation: false
09:20:27.657 [FXGL Background Thread 3 ] DEBUG Engine               - isDesktop: true
09:20:27.657 [FXGL Background Thread 3 ] DEBUG Engine               - isDeveloperMenuEnabled: false
09:20:27.657 [FXGL Background Thread 3 ] DEBUG Engine               - isEmbedded: false
09:20:27.657 [FXGL Background Thread 3 ] DEBUG Engine               - isEntityPreloadEnabled: true
09:20:27.657 [FXGL Background Thread 3 ] DEBUG Engine               - isExperimentalTiledLargeMap: false
09:20:27.657 [FXGL Background Thread 3 ] DEBUG Engine               - isFileSystemWriteAllowed: true
09:20:27.657 [FXGL Background Thread 3 ] DEBUG Engine               - isFullScreenAllowed: false
09:20:27.657 [FXGL Background Thread 3 ] DEBUG Engine               - isFullScreenFromStart: false
09:20:27.658 [FXGL Background Thread 3 ] DEBUG Engine               - isGameMenuEnabled: true
09:20:27.658 [FXGL Background Thread 3 ] DEBUG Engine               - isIOS: false
09:20:27.658 [FXGL Background Thread 3 ] DEBUG Engine               - isIntroEnabled: false
09:20:27.658 [FXGL Background Thread 3 ] DEBUG Engine               - isLinux: false
09:20:27.658 [FXGL Background Thread 3 ] DEBUG Engine               - isMac: false
09:20:27.658 [FXGL Background Thread 3 ] DEBUG Engine               - isMainMenuEnabled: false
09:20:27.658 [FXGL Background Thread 3 ] DEBUG Engine               - isManualResizeEnabled: false
09:20:27.658 [FXGL Background Thread 3 ] DEBUG Engine               - isMobile: false
09:20:27.658 [FXGL Background Thread 3 ] DEBUG Engine               - isNative: false
09:20:27.658 [FXGL Background Thread 3 ] DEBUG Engine               - isPauseMusicWhenMinimized: true
09:20:27.658 [FXGL Background Thread 3 ] DEBUG Engine               - isPreserveResizeRatio: false
09:20:27.658 [FXGL Background Thread 3 ] DEBUG Engine               - isProfilingEnabled: false
09:20:27.658 [FXGL Background Thread 3 ] DEBUG Engine               - isScaleAffectedOnResize: true
09:20:27.658 [FXGL Background Thread 3 ] DEBUG Engine               - isSingleStep: false
09:20:27.658 [FXGL Background Thread 3 ] DEBUG Engine               - isUserProfileEnabled: false
09:20:27.658 [FXGL Background Thread 3 ] DEBUG Engine               - isWindows: true
09:20:27.658 [FXGL Background Thread 3 ] DEBUG Engine               - language: ObjectProperty [value: ENGLISH]
09:20:27.658 [FXGL Background Thread 3 ] DEBUG Engine               - menuKey: ESCAPE
09:20:27.658 [FXGL Background Thread 3 ] DEBUG Engine               - mouseSensitivity: 0.2
09:20:27.658 [FXGL Background Thread 3 ] DEBUG Engine               - notificationViewClass: class com.almasb.fxgl.notification.view.XboxNotificationView
09:20:27.658 [FXGL Background Thread 3 ] DEBUG Engine               - pixelsPerMeter: 50.0
09:20:27.658 [FXGL Background Thread 3 ] DEBUG Engine               - platform: WINDOWS
09:20:27.658 [FXGL Background Thread 3 ] DEBUG Engine               - prefHeightProperty: ReadOnlyDoubleProperty [value: 720.0]
09:20:27.658 [FXGL Background Thread 3 ] DEBUG Engine               - prefWidthProperty: ReadOnlyDoubleProperty [value: 1280.0]
09:20:27.658 [FXGL Background Thread 3 ] DEBUG Engine               - profileDir: profiles/
09:20:27.658 [FXGL Background Thread 3 ] DEBUG Engine               - profileName: StringProperty [value: DEFAULT]
09:20:27.658 [FXGL Background Thread 3 ] DEBUG Engine               - randomSeed: -1
09:20:27.658 [FXGL Background Thread 3 ] DEBUG Engine               - runtimeInfo: RuntimeInfo(platform=WINDOWS, version=17.3, build=30.03.2023 11.49)
09:20:27.658 [FXGL Background Thread 3 ] DEBUG Engine               - saveFileExt: sav
09:20:27.660 [FXGL Background Thread 3 ] DEBUG Engine               - scaledHeightProp$fxgl: DoubleProperty [bound, value: 720.0]
09:20:27.660 [FXGL Background Thread 3 ] DEBUG Engine               - scaledWidthProp$fxgl: DoubleProperty [bound, value: 1280.0]
09:20:27.660 [FXGL Background Thread 3 ] DEBUG Engine               - sceneFactory: com.almasb.fxgl.app.scene.SceneFactory@61af44e3
09:20:27.660 [FXGL Background Thread 3 ] DEBUG Engine               - secondsIn24h: 60
09:20:27.660 [FXGL Background Thread 3 ] DEBUG Engine               - soundMenuBack: menu/back.wav
09:20:27.660 [FXGL Background Thread 3 ] DEBUG Engine               - soundMenuPress: menu/press.wav
09:20:27.660 [FXGL Background Thread 3 ] DEBUG Engine               - soundMenuSelect: menu/select.wav
09:20:27.660 [FXGL Background Thread 3 ] DEBUG Engine               - soundNotification: core/notification.wav
09:20:27.660 [FXGL Background Thread 3 ] DEBUG Engine               - stageStyle: DECORATED
09:20:27.660 [FXGL Background Thread 3 ] DEBUG Engine               - supportedLanguages: [ENGLISH, FRENCH, GERMAN, HUNGARIAN, RUSSIAN]
09:20:27.660 [FXGL Background Thread 3 ] DEBUG Engine               - ticksPerSecond: 120
09:20:27.660 [FXGL Background Thread 3 ] DEBUG Engine               - title: Survivor Game
09:20:27.660 [FXGL Background Thread 3 ] DEBUG Engine               - urlGithub: https://github.com/AlmasB/FXGL
09:20:27.660 [FXGL Background Thread 3 ] DEBUG Engine               - urlLeaderboard: http://fxgl-top.herokuapp.com/
09:20:27.660 [FXGL Background Thread 3 ] DEBUG Engine               - urlPOM: https://raw.githubusercontent.com/AlmasB/FXGL/release/README.md
09:20:27.660 [FXGL Background Thread 3 ] DEBUG Engine               - userAppClass: class com.survivor.main.GameApp
09:20:27.660 [FXGL Background Thread 3 ] DEBUG Engine               - version: 1.0
09:20:27.660 [FXGL Background Thread 3 ] DEBUG Engine               - versionCheckDays: 7
09:20:27.660 [FXGL Background Thread 3 ] DEBUG Engine               - width: 1280
09:20:27.660 [FXGL Background Thread 3 ] DEBUG Engine               - Logging services
09:20:27.660 [FXGL Background Thread 3 ] DEBUG Engine               - class com.almasb.fxgl.app.services.FXGLAssetLoaderService
09:20:27.660 [FXGL Background Thread 3 ] DEBUG Engine               - class com.almasb.fxgl.app.FXGLApplication$GameApplicationService
09:20:27.660 [FXGL Background Thread 3 ] DEBUG Engine               - class com.almasb.fxgl.app.services.FXGLDialogService
09:20:27.660 [FXGL Background Thread 3 ] DEBUG Engine               - class com.almasb.fxgl.app.services.IOTaskExecutorService
09:20:27.660 [FXGL Background Thread 3 ] DEBUG Engine               - class com.almasb.fxgl.io.FileSystemService
09:20:27.660 [FXGL Background Thread 3 ] DEBUG Engine               - class com.almasb.fxgl.localization.LocalizationService
09:20:27.660 [FXGL Background Thread 3 ] DEBUG Engine               - class com.almasb.fxgl.app.services.SystemBundleService
09:20:27.660 [FXGL Background Thread 3 ] DEBUG Engine               - class com.almasb.fxgl.profile.SaveLoadService
09:20:27.660 [FXGL Background Thread 3 ] DEBUG Engine               - class com.almasb.fxgl.ui.FXGLUIFactoryServiceProvider
09:20:27.660 [FXGL Background Thread 3 ] DEBUG Engine               - class com.almasb.fxgl.ui.FXGLDialogFactoryServiceProvider
09:20:27.660 [FXGL Background Thread 3 ] DEBUG Engine               - class com.almasb.fxgl.audio.AudioPlayer
09:20:27.660 [FXGL Background Thread 3 ] DEBUG Engine               - class com.almasb.fxgl.notification.impl.NotificationServiceProvider
09:20:27.660 [FXGL Background Thread 3 ] DEBUG Engine               - class com.almasb.fxgl.achievement.AchievementService
09:20:27.660 [FXGL Background Thread 3 ] DEBUG Engine               - class com.almasb.fxgl.cutscene.CutsceneService
09:20:27.660 [FXGL Background Thread 3 ] DEBUG Engine               - class com.almasb.fxgl.minigames.MiniGameService
09:20:27.660 [FXGL Background Thread 3 ] DEBUG Engine               - class com.almasb.fxgl.net.NetService
09:20:27.661 [FXGL Background Thread 3 ] DEBUG Engine               - class com.almasb.fxgl.app.services.UpdaterService
09:20:27.661 [FXGL Background Thread 3 ] DEBUG Engine               - class com.almasb.fxgl.dev.DevService
09:21:09.274 [JavaFX Application Thread] DEBUG FXGLApplication      - Exiting FXGL
09:21:09.274 [JavaFX Application Thread] DEBUG LoopRunner           - Stopping loop
09:21:09.274 [JavaFX Application Thread] DEBUG SystemBundleService  - Saving FXGL system data
09:21:09.275 [JavaFX Application Thread] DEBUG FileSystemAccess     - Writing to: D:\javaproject\survivior-game\system\fxgl.bundle
09:21:09.276 [JavaFX Application Thread] DEBUG Async                - Shutting down background threads
09:21:09.276 [JavaFX Application Thread] DEBUG PrimaryStageWindow   - Closing main window
09:21:09.287 [JavaFX Application Thread] DEBUG Logger               - Closing Logger
