15:36:30.789 [main                     ] DEBUG Logger               - Configured Logger
15:36:30.806 [main                     ] DEBUG GameApplication      - Logging settings
Title: Enemy Animation Test V2 — Z/X/C/V 切换小怪
Version: 0.0
Width: 800
Height: 600
Fullscreen: false
Intro: false
Profiling: false
Single step:false
App Mode: DEVELOPER
Menu Key: ESCAPE
Stage Style: DECORATED
Scene Factory: class com.almasb.fxgl.app.scene.SceneFactory

15:36:31.230 [JavaFX Application Thread] DEBUG FXGLApplication      - Initializing FXGL
15:36:31.232 [JavaFX Application Thread] INFO  Engine               - FXGL-17.3 (30.03.2023 11.49) on WINDOWS (J:21.0.5 FX:17)
15:36:31.233 [JavaFX Application Thread] DEBUG Engine               - JRE Vendor Name: Oracle Corporation
15:36:31.233 [JavaFX Application Thread] DEBUG Engine               - Running on OS: Windows 11 version 10.0
15:36:31.233 [JavaFX Application Thread] DEBUG Engine               - Architecture: amd64
15:36:31.233 [JavaFX Application Thread] INFO  Engine               - Source code and latest versions at: https://github.com/AlmasB/FXGL
15:36:31.233 [JavaFX Application Thread] INFO  Engine               -       Ask questions and discuss at: https://github.com/AlmasB/FXGL/discussions
15:36:31.233 [JavaFX Application Thread] INFO  Engine               -              Join the FXGL chat at: https://gitter.im/AlmasB/FXGL
15:36:31.311 [JavaFX Application Thread] DEBUG PrimaryStageWindow   - Creating a JavaFX scene
15:36:31.343 [JavaFX Application Thread] DEBUG PrimaryStageWindow   - Target settings size: 800.0 x 600.0
15:36:31.344 [JavaFX Application Thread] DEBUG PrimaryStageWindow   - Scaled scene size:    800.0 x 600.0
15:36:31.344 [JavaFX Application Thread] DEBUG PrimaryStageWindow   - Scaled ratio: (1.0, 1.0)
15:36:31.345 [JavaFX Application Thread] DEBUG PrimaryStageWindow   - Set initial scene to FXGLStartupScene
15:36:31.350 [JavaFX Application Thread] DEBUG PrimaryStageWindow   - Opening main window
15:36:31.420 [JavaFX Application Thread] DEBUG PrimaryStageWindow   - Window border size: (14.66668701171875, 37.33331298828125)
15:36:31.420 [JavaFX Application Thread] DEBUG PrimaryStageWindow   - Scaled size: 800.0 x 600.0
15:36:31.421 [JavaFX Application Thread] DEBUG PrimaryStageWindow   - Scaled ratio: (1.0, 1.0)
15:36:31.421 [JavaFX Application Thread] DEBUG PrimaryStageWindow   - Scene size: 800.0 x 600.0
15:36:31.421 [JavaFX Application Thread] DEBUG PrimaryStageWindow   - Stage size: 814.6666870117188 x 637.3333129882812
15:36:31.425 [FXGL Background Thread 1 ] DEBUG Engine               - Initializing environment variables
15:36:31.466 [FXGL Background Thread 1 ] DEBUG FXGLAssetLoaderServi - User app class for loading assets: class com.survivor.main.EnemyAnimationTestV2
15:36:31.466 [FXGL Background Thread 1 ] DEBUG GameApplicationServi - Applying CSS: fxgl_dark.css
15:36:31.468 [FXGL Background Thread 1 ] DEBUG FXGLAssetLoaderServi - Loading from file system: jar:file:/C:/Users/%e6%b6%82/.m2/repository/com/github/almasb/fxgl/17.3/fxgl-17.3.jar!/fxglassets/ui/css/fxgl_dark.css
15:36:31.494 [FXGL Background Thread 1 ] DEBUG GameApplicationServi - Initializing application scenes
15:36:31.545 [FXGL Background Thread 1 ] DEBUG GameWorld            - Game world initialized
15:36:31.585 [FXGL Background Thread 1 ] DEBUG PhysicsWorld         - Physics world initialized: appHeight=600, physics.ppm=50.0
15:36:31.585 [FXGL Background Thread 1 ] DEBUG PhysicsWorld         - Using strategy: BRUTE_FORCE
15:36:31.587 [FXGL Background Thread 1 ] DEBUG GameScene            - Game scene initialized: 800x600
15:36:31.598 [FXGL Background Thread 1 ] DEBUG FXGL.DefaultMenu     - createMenuBodyGameMenu()
15:36:31.609 [FXGL Background Thread 1 ] DEBUG FXGL.DefaultMenu     - createOptionsMenu()
15:36:31.617 [FXGL Background Thread 1 ] DEBUG FXGLAssetLoaderServi - Loading from file system: jar:file:/C:/Users/%e6%b6%82/.m2/repository/com/github/almasb/fxgl/17.3/fxgl-17.3.jar!/fxglassets/textures/particles/smoke.png
15:36:31.695 [FXGL Background Thread 1 ] DEBUG FXGLAssetLoaderServi - Loading from file system: jar:file:/C:/Users/%e6%b6%82/.m2/repository/com/github/almasb/fxgl/17.3/fxgl-17.3.jar!/fxglassets/textures/particles/trace_horizontal.png
15:36:31.715 [FXGL Background Thread 1 ] DEBUG GameApplicationServi - Application scenes initialized
15:36:31.725 [FXGL Background Thread 1 ] DEBUG SystemBundleService  - Loading FXGL system data
15:36:31.727 [FXGL Background Thread 1 ] DEBUG FileSystemAccess     - Reading from: D:\code\survivior-game-tqw\system\fxgl.bundle
15:36:31.734 [FXGL Background Thread 1 ] DEBUG SystemBundleService  - Bundle FXGL: {}
15:36:31.734 [FXGL Background Thread 1 ] DEBUG UpdaterService       - Checking for updates
15:36:31.755 [FXGL Background Thread 4 ] DEBUG FXGLApplication      - Loading fonts
15:36:31.755 [FXGL Background Thread 4 ] DEBUG FXGLAssetLoaderServi - Loading from file system: jar:file:/C:/Users/%e6%b6%82/.m2/repository/com/github/almasb/fxgl/17.3/fxgl-17.3.jar!/fxglassets/ui/fonts/VarelaRound-Regular.ttf
15:36:31.755 [FXGL Background Thread 1 ] DEBUG FXGLApplication      - Loading default localization
15:36:31.757 [FXGL Background Thread 1 ] DEBUG FXGLAssetLoaderServi - Loading from file system: jar:file:/C:/Users/%e6%b6%82/.m2/repository/com/github/almasb/fxgl/17.3/fxgl-17.3.jar!/fxglassets/languages/english.lang
15:36:31.771 [FXGL Background Thread 1 ] INFO  FXGLApplication      - FXGL initialization took: 0.346 sec
15:36:31.778 [FXGL Background Thread 4 ] DEBUG FXGLAssetLoaderServi - Loading from file system: jar:file:/C:/Users/%e6%b6%82/.m2/repository/com/github/almasb/fxgl/17.3/fxgl-17.3.jar!/fxglassets/ui/fonts/Abel-Regular.ttf
15:36:31.779 [JavaFX Application Thread] DEBUG Input                - Registered new binding: Switch to NORMAL - Z
15:36:31.779 [JavaFX Application Thread] DEBUG Input                - Registered new binding: Switch to TANK - X
15:36:31.779 [JavaFX Application Thread] DEBUG Input                - Registered new binding: Switch to SPEED - C
15:36:31.779 [JavaFX Application Thread] DEBUG Input                - Registered new binding: Switch to WIZARD - V
15:36:31.779 [JavaFX Application Thread] DEBUG Input                - Registered new binding: Move Up - Up
15:36:31.779 [JavaFX Application Thread] DEBUG Input                - Registered new binding: Move Down - Down
15:36:31.779 [JavaFX Application Thread] DEBUG Input                - Registered new binding: Move Left - Left
15:36:31.781 [JavaFX Application Thread] DEBUG Input                - Registered new binding: Move Right - Right
15:36:31.781 [JavaFX Application Thread] DEBUG Input                - Registered new binding: Play Attack Animation - LMB
15:36:31.781 [FXGL Background Thread 4 ] DEBUG FXGLAssetLoaderServi - Loading from file system: jar:file:/C:/Users/%e6%b6%82/.m2/repository/com/github/almasb/fxgl/17.3/fxgl-17.3.jar!/fxglassets/ui/fonts/TerminalLandMono-Regular.otf
15:36:31.782 [JavaFX Application Thread] DEBUG Input                - Registered new binding: Play Hit Effect - RMB
15:36:31.782 [JavaFX Application Thread] DEBUG Input                - Registered new binding: Reset Enemy - R
15:36:31.782 [JavaFX Application Thread] DEBUG Input                - Registered new binding: Play Death Animation - K
15:36:31.782 [JavaFX Application Thread] DEBUG FXGLAssetLoaderServi - Loading from file system: jar:file:/C:/Users/%e6%b6%82/.m2/repository/com/github/almasb/fxgl/17.3/fxgl-17.3.jar!/fxglassets/textures/fxgl_icon.png
15:36:31.784 [FXGL Background Thread 4 ] DEBUG FXGLAssetLoaderServi - Loading from file system: jar:file:/C:/Users/%e6%b6%82/.m2/repository/com/github/almasb/fxgl/17.3/fxgl-17.3.jar!/fxglassets/ui/fonts/Courier-Prime.ttf
15:36:31.795 [JavaFX Application Thread] DEBUG FXGLAssetLoaderServi - Loading from file system: jar:file:/C:/Users/%e6%b6%82/.m2/repository/com/github/almasb/fxgl/17.3/fxgl-17.3.jar!/fxglassets/textures/fxgl_default_cursor.png
15:36:31.798 [JavaFX Application Thread] DEBUG Input                - Registered new binding: Screenshot - CTRL+8
15:36:31.798 [JavaFX Application Thread] DEBUG Input                - Registered new binding: Dev Options - 1
15:36:31.799 [JavaFX Application Thread] DEBUG Input                - Registered new binding: Dev Console - 2
15:36:31.799 [JavaFX Application Thread] DEBUG Input                - Registered new binding: System info dump - CTRL+9
15:36:31.800 [JavaFX Application Thread] DEBUG Input                - Registered new binding: Restart - CTRL+R
15:36:31.801 [JavaFX Application Thread] DEBUG Input                - Registered new binding: Toggle Debug Camera - CTRL+7
15:36:31.805 [JavaFX Application Thread] DEBUG LoopRunner           - Starting loop
15:36:31.825 [JavaFX Application Thread] DEBUG LoopRunner           - Initializing JavaFX AnimationTimerLoop
15:36:31.827 [JavaFX Application Thread] DEBUG GameApplicationServi - Starting new game
15:36:31.827 [JavaFX Application Thread] DEBUG Input                - Clearing active input actions
15:36:31.836 [JavaFX Application Thread] DEBUG GameApplicationServi - Removing overlay from FXGLStartupScene and adding to FXGLLoadingScene
15:36:31.842 [JavaFX Application Thread] DEBUG PrimaryStageWindow   - FXGLStartupScene -> FXGLLoadingScene
15:36:31.842 [JavaFX Application Thread] DEBUG GameApplicationServi - Clearing previous game
15:36:31.844 [JavaFX Application Thread] DEBUG GameScene            - Clearing game scene
15:36:31.844 [JavaFX Application Thread] DEBUG GameWorld            - Clearing game world
15:36:31.844 [JavaFX Application Thread] DEBUG PhysicsWorld         - Clearing physics world
15:36:31.845 [JavaFX Application Thread] DEBUG FXGLApplication      - Registering font factories with UI factory
15:36:31.845 [FXGL Background Thread 4 ] DEBUG FXGLApplication      - Initializing game
15:36:31.847 [FXGL Background Thread 4 ] DEBUG FXGLAssetLoaderServi - Loading from file system: file:/D:/code/survivior-game-tqw/survivior-game-tqw/survivior-game-main/SurvivorGame/target/classes/assets/textures/role.png
15:36:31.856 [FXGL Background Thread 4 ] DEBUG FXGLAssetLoaderServi - Loading from file system: file:/D:/code/survivior-game-tqw/survivior-game-tqw/survivior-game-main/SurvivorGame/target/classes/assets/textures/monster/normal/Orc_Idle.png
15:36:31.861 [FXGL Background Thread 4 ] DEBUG FXGLAssetLoaderServi - Loading from file system: file:/D:/code/survivior-game-tqw/survivior-game-tqw/survivior-game-main/SurvivorGame/target/classes/assets/textures/monster/normal/Orc_Walk.png
15:36:31.863 [FXGL Background Thread 4 ] DEBUG FXGLAssetLoaderServi - Loading from file system: file:/D:/code/survivior-game-tqw/survivior-game-tqw/survivior-game-main/SurvivorGame/target/classes/assets/textures/monster/normal/Orc_Attack.png
15:36:31.865 [FXGL Background Thread 4 ] DEBUG FXGLAssetLoaderServi - Loading from file system: file:/D:/code/survivior-game-tqw/survivior-game-tqw/survivior-game-main/SurvivorGame/target/classes/assets/textures/monster/normal/Orc_Death.png
15:36:31.866 [FXGL Background Thread 4 ] DEBUG FXGLAssetLoaderServi - Loading from file system: file:/D:/code/survivior-game-tqw/survivior-game-tqw/survivior-game-main/SurvivorGame/target/classes/assets/textures/monster/normal/Orc_Hit.png
15:36:31.889 [FXGL Background Thread 4 ] INFO  FXGLApplication      - Game initialization took: 0.045 sec
15:36:31.993 [JavaFX Application Thread] DEBUG Input                - Clearing active input actions
15:36:32.002 [JavaFX Application Thread] DEBUG GameApplicationServi - Removing overlay from FXGLLoadingScene and adding to GameScene
15:36:32.004 [JavaFX Application Thread] DEBUG PrimaryStageWindow   - FXGLLoadingScene -> GameScene
15:36:32.595 [FXGL Background Thread 2 ] INFO  UpdaterService       - Your current version:  17.3
15:36:32.596 [FXGL Background Thread 2 ] INFO  UpdaterService       - Latest stable version: 21.1
15:36:34.756 [FXGL Background Thread 3 ] DEBUG Engine               - Logging environment variables
15:36:34.756 [FXGL Background Thread 3 ] DEBUG Engine               - achievements: []
15:36:34.756 [FXGL Background Thread 3 ] DEBUG Engine               - actualHeight: 600.0
15:36:34.756 [FXGL Background Thread 3 ] DEBUG Engine               - actualHeightProperty: ReadOnlyDoubleProperty [value: 600.0]
15:36:34.756 [FXGL Background Thread 3 ] DEBUG Engine               - actualWidth: 800.0
15:36:34.756 [FXGL Background Thread 3 ] DEBUG Engine               - actualWidthProperty: ReadOnlyDoubleProperty [value: 800.0]
15:36:34.756 [FXGL Background Thread 3 ] DEBUG Engine               - appIcon: fxgl_icon.png
15:36:34.757 [FXGL Background Thread 3 ] DEBUG Engine               - applicationMode: DEVELOPER
15:36:34.757 [FXGL Background Thread 3 ] DEBUG Engine               - cSSList: [fxgl_dark.css]
15:36:34.757 [FXGL Background Thread 3 ] DEBUG Engine               - collisionDetectionStrategy: BRUTE_FORCE
15:36:34.757 [FXGL Background Thread 3 ] DEBUG Engine               - configClass: Optional.empty
15:36:34.757 [FXGL Background Thread 3 ] DEBUG Engine               - credits: []
15:36:34.757 [FXGL Background Thread 3 ] DEBUG Engine               - defaultCursor: CursorInfo(imageName=fxgl_default_cursor.png, hotspotX=7.0, hotspotY=6.0)
15:36:34.757 [FXGL Background Thread 3 ] DEBUG Engine               - devBBoxColorProperty: ObjectProperty [value: 0xff0000ff]
15:36:34.757 [FXGL Background Thread 3 ] DEBUG Engine               - devEnableDebugCameraProperty: BooleanProperty [value: false]
15:36:34.757 [FXGL Background Thread 3 ] DEBUG Engine               - devSensorColorProperty: ObjectProperty [value: 0xffff00ff]
15:36:34.757 [FXGL Background Thread 3 ] DEBUG Engine               - devShowBBoxProperty: BooleanProperty [value: false]
15:36:34.757 [FXGL Background Thread 3 ] DEBUG Engine               - devShowPositionProperty: BooleanProperty [value: false]
15:36:34.757 [FXGL Background Thread 3 ] DEBUG Engine               - enabledMenuItems: []
15:36:34.757 [FXGL Background Thread 3 ] DEBUG Engine               - engineServices: [class com.almasb.fxgl.app.services.FXGLAssetLoaderService, class com.almasb.fxgl.app.FXGLApplication$GameApplicationService, class com.almasb.fxgl.app.services.FXGLDialogService, class com.almasb.fxgl.app.services.IOTaskExecutorService, class com.almasb.fxgl.io.FileSystemService, class com.almasb.fxgl.localization.LocalizationService, class com.almasb.fxgl.app.services.SystemBundleService, class com.almasb.fxgl.profile.SaveLoadService, class com.almasb.fxgl.ui.FXGLUIFactoryServiceProvider, class com.almasb.fxgl.ui.FXGLDialogFactoryServiceProvider, class com.almasb.fxgl.audio.AudioPlayer, class com.almasb.fxgl.notification.impl.NotificationServiceProvider, class com.almasb.fxgl.achievement.AchievementService, class com.almasb.fxgl.cutscene.CutsceneService, class com.almasb.fxgl.minigames.MiniGameService, class com.almasb.fxgl.net.NetService, class com.almasb.fxgl.app.services.UpdaterService, class com.almasb.fxgl.dev.DevService]
15:36:34.757 [FXGL Background Thread 3 ] DEBUG Engine               - fontGame: Abel-Regular.ttf
15:36:34.757 [FXGL Background Thread 3 ] DEBUG Engine               - fontMono: TerminalLandMono-Regular.otf
15:36:34.757 [FXGL Background Thread 3 ] DEBUG Engine               - fontSizeScaleUI: 1.0
15:36:34.757 [FXGL Background Thread 3 ] DEBUG Engine               - fontText: Courier-Prime.ttf
15:36:34.757 [FXGL Background Thread 3 ] DEBUG Engine               - fontUI: VarelaRound-Regular.ttf
15:36:34.758 [FXGL Background Thread 3 ] DEBUG Engine               - fullScreen: BooleanProperty [value: false]
15:36:34.758 [FXGL Background Thread 3 ] DEBUG Engine               - gameDifficulty: MEDIUM
15:36:34.758 [FXGL Background Thread 3 ] DEBUG Engine               - gameDifficultyProperty: ObjectProperty [value: MEDIUM]
15:36:34.758 [FXGL Background Thread 3 ] DEBUG Engine               - globalMusicVolume: 0.5
15:36:34.758 [FXGL Background Thread 3 ] DEBUG Engine               - globalMusicVolumeProperty: DoubleProperty [value: 0.5]
15:36:34.758 [FXGL Background Thread 3 ] DEBUG Engine               - globalSoundVolume: 0.5
15:36:34.758 [FXGL Background Thread 3 ] DEBUG Engine               - globalSoundVolumeProperty: DoubleProperty [value: 0.5]
15:36:34.758 [FXGL Background Thread 3 ] DEBUG Engine               - height: 600
15:36:34.758 [FXGL Background Thread 3 ] DEBUG Engine               - is3D: false
15:36:34.758 [FXGL Background Thread 3 ] DEBUG Engine               - isAndroid: false
15:36:34.758 [FXGL Background Thread 3 ] DEBUG Engine               - isBrowser: false
15:36:34.760 [FXGL Background Thread 3 ] DEBUG Engine               - isClickFeedbackEnabled: false
15:36:34.760 [FXGL Background Thread 3 ] DEBUG Engine               - isCloseConfirmation: false
15:36:34.760 [FXGL Background Thread 3 ] DEBUG Engine               - isDesktop: true
15:36:34.760 [FXGL Background Thread 3 ] DEBUG Engine               - isDeveloperMenuEnabled: true
15:36:34.760 [FXGL Background Thread 3 ] DEBUG Engine               - isEmbedded: false
15:36:34.760 [FXGL Background Thread 3 ] DEBUG Engine               - isEntityPreloadEnabled: true
15:36:34.760 [FXGL Background Thread 3 ] DEBUG Engine               - isExperimentalTiledLargeMap: false
15:36:34.760 [FXGL Background Thread 3 ] DEBUG Engine               - isFileSystemWriteAllowed: true
15:36:34.760 [FXGL Background Thread 3 ] DEBUG Engine               - isFullScreenAllowed: false
15:36:34.760 [FXGL Background Thread 3 ] DEBUG Engine               - isFullScreenFromStart: false
15:36:34.760 [FXGL Background Thread 3 ] DEBUG Engine               - isGameMenuEnabled: true
15:36:34.760 [FXGL Background Thread 3 ] DEBUG Engine               - isIOS: false
15:36:34.760 [FXGL Background Thread 3 ] DEBUG Engine               - isIntroEnabled: false
15:36:34.760 [FXGL Background Thread 3 ] DEBUG Engine               - isLinux: false
15:36:34.760 [FXGL Background Thread 3 ] DEBUG Engine               - isMac: false
15:36:34.760 [FXGL Background Thread 3 ] DEBUG Engine               - isMainMenuEnabled: false
15:36:34.760 [FXGL Background Thread 3 ] DEBUG Engine               - isManualResizeEnabled: false
15:36:34.760 [FXGL Background Thread 3 ] DEBUG Engine               - isMobile: false
15:36:34.760 [FXGL Background Thread 3 ] DEBUG Engine               - isNative: false
15:36:34.760 [FXGL Background Thread 3 ] DEBUG Engine               - isPauseMusicWhenMinimized: true
15:36:34.760 [FXGL Background Thread 3 ] DEBUG Engine               - isPreserveResizeRatio: false
15:36:34.760 [FXGL Background Thread 3 ] DEBUG Engine               - isProfilingEnabled: false
15:36:34.760 [FXGL Background Thread 3 ] DEBUG Engine               - isScaleAffectedOnResize: true
15:36:34.760 [FXGL Background Thread 3 ] DEBUG Engine               - isSingleStep: false
15:36:34.760 [FXGL Background Thread 3 ] DEBUG Engine               - isUserProfileEnabled: false
15:36:34.760 [FXGL Background Thread 3 ] DEBUG Engine               - isWindows: true
15:36:34.760 [FXGL Background Thread 3 ] DEBUG Engine               - language: ObjectProperty [value: ENGLISH]
15:36:34.760 [FXGL Background Thread 3 ] DEBUG Engine               - menuKey: ESCAPE
15:36:34.760 [FXGL Background Thread 3 ] DEBUG Engine               - mouseSensitivity: 0.2
15:36:34.760 [FXGL Background Thread 3 ] DEBUG Engine               - notificationViewClass: class com.almasb.fxgl.notification.view.XboxNotificationView
15:36:34.760 [FXGL Background Thread 3 ] DEBUG Engine               - pixelsPerMeter: 50.0
15:36:34.760 [FXGL Background Thread 3 ] DEBUG Engine               - platform: WINDOWS
15:36:34.760 [FXGL Background Thread 3 ] DEBUG Engine               - prefHeightProperty: ReadOnlyDoubleProperty [value: 600.0]
15:36:34.760 [FXGL Background Thread 3 ] DEBUG Engine               - prefWidthProperty: ReadOnlyDoubleProperty [value: 800.0]
15:36:34.760 [FXGL Background Thread 3 ] DEBUG Engine               - profileDir: profiles/
15:36:34.761 [FXGL Background Thread 3 ] DEBUG Engine               - profileName: StringProperty [value: DEFAULT]
15:36:34.761 [FXGL Background Thread 3 ] DEBUG Engine               - randomSeed: -1
15:36:34.761 [FXGL Background Thread 3 ] DEBUG Engine               - runtimeInfo: RuntimeInfo(platform=WINDOWS, version=17.3, build=30.03.2023 11.49)
15:36:34.761 [FXGL Background Thread 3 ] DEBUG Engine               - saveFileExt: sav
15:36:34.761 [FXGL Background Thread 3 ] DEBUG Engine               - scaledHeightProp$fxgl: DoubleProperty [bound, value: 600.0]
15:36:34.761 [FXGL Background Thread 3 ] DEBUG Engine               - scaledWidthProp$fxgl: DoubleProperty [bound, value: 800.0]
15:36:34.761 [FXGL Background Thread 3 ] DEBUG Engine               - sceneFactory: com.almasb.fxgl.app.scene.SceneFactory@19c642b8
15:36:34.761 [FXGL Background Thread 3 ] DEBUG Engine               - secondsIn24h: 60
15:36:34.761 [FXGL Background Thread 3 ] DEBUG Engine               - soundMenuBack: menu/back.wav
15:36:34.761 [FXGL Background Thread 3 ] DEBUG Engine               - soundMenuPress: menu/press.wav
15:36:34.761 [FXGL Background Thread 3 ] DEBUG Engine               - soundMenuSelect: menu/select.wav
15:36:34.761 [FXGL Background Thread 3 ] DEBUG Engine               - soundNotification: core/notification.wav
15:36:34.761 [FXGL Background Thread 3 ] DEBUG Engine               - stageStyle: DECORATED
15:36:34.761 [FXGL Background Thread 3 ] DEBUG Engine               - supportedLanguages: [ENGLISH, FRENCH, GERMAN, HUNGARIAN, RUSSIAN]
15:36:34.761 [FXGL Background Thread 3 ] DEBUG Engine               - ticksPerSecond: -1
15:36:34.761 [FXGL Background Thread 3 ] DEBUG Engine               - title: Enemy Animation Test V2 — Z/X/C/V 切换小怪
15:36:34.761 [FXGL Background Thread 3 ] DEBUG Engine               - urlGithub: https://github.com/AlmasB/FXGL
15:36:34.761 [FXGL Background Thread 3 ] DEBUG Engine               - urlLeaderboard: http://fxgl-top.herokuapp.com/
15:36:34.761 [FXGL Background Thread 3 ] DEBUG Engine               - urlPOM: https://raw.githubusercontent.com/AlmasB/FXGL/release/README.md
15:36:34.761 [FXGL Background Thread 3 ] DEBUG Engine               - userAppClass: class com.survivor.main.EnemyAnimationTestV2
15:36:34.761 [FXGL Background Thread 3 ] DEBUG Engine               - version: 0.0
15:36:34.761 [FXGL Background Thread 3 ] DEBUG Engine               - versionCheckDays: 7
15:36:34.761 [FXGL Background Thread 3 ] DEBUG Engine               - width: 800
15:36:34.761 [FXGL Background Thread 3 ] DEBUG Engine               - Logging services
15:36:34.761 [FXGL Background Thread 3 ] DEBUG Engine               - class com.almasb.fxgl.app.services.FXGLAssetLoaderService
15:36:34.761 [FXGL Background Thread 3 ] DEBUG Engine               - class com.almasb.fxgl.app.FXGLApplication$GameApplicationService
15:36:34.761 [FXGL Background Thread 3 ] DEBUG Engine               - class com.almasb.fxgl.app.services.FXGLDialogService
15:36:34.761 [FXGL Background Thread 3 ] DEBUG Engine               - class com.almasb.fxgl.app.services.IOTaskExecutorService
15:36:34.761 [FXGL Background Thread 3 ] DEBUG Engine               - class com.almasb.fxgl.io.FileSystemService
15:36:34.761 [FXGL Background Thread 3 ] DEBUG Engine               - class com.almasb.fxgl.localization.LocalizationService
15:36:34.761 [FXGL Background Thread 3 ] DEBUG Engine               - class com.almasb.fxgl.app.services.SystemBundleService
15:36:34.762 [FXGL Background Thread 3 ] DEBUG Engine               - class com.almasb.fxgl.profile.SaveLoadService
15:36:34.762 [FXGL Background Thread 3 ] DEBUG Engine               - class com.almasb.fxgl.ui.FXGLUIFactoryServiceProvider
15:36:34.762 [FXGL Background Thread 3 ] DEBUG Engine               - class com.almasb.fxgl.ui.FXGLDialogFactoryServiceProvider
15:36:34.762 [FXGL Background Thread 3 ] DEBUG Engine               - class com.almasb.fxgl.audio.AudioPlayer
15:36:34.762 [FXGL Background Thread 3 ] DEBUG Engine               - class com.almasb.fxgl.notification.impl.NotificationServiceProvider
15:36:34.762 [FXGL Background Thread 3 ] DEBUG Engine               - class com.almasb.fxgl.achievement.AchievementService
15:36:34.762 [FXGL Background Thread 3 ] DEBUG Engine               - class com.almasb.fxgl.cutscene.CutsceneService
15:36:34.762 [FXGL Background Thread 3 ] DEBUG Engine               - class com.almasb.fxgl.minigames.MiniGameService
15:36:34.762 [FXGL Background Thread 3 ] DEBUG Engine               - class com.almasb.fxgl.net.NetService
15:36:34.762 [FXGL Background Thread 3 ] DEBUG Engine               - class com.almasb.fxgl.app.services.UpdaterService
15:36:34.762 [FXGL Background Thread 3 ] DEBUG Engine               - class com.almasb.fxgl.dev.DevService
15:38:11.425 [JavaFX Application Thread] DEBUG LoopRunner           - Pausing loop
15:38:12.785 [JavaFX Application Thread] DEBUG LoopRunner           - Resuming loop
15:38:15.103 [JavaFX Application Thread] WARN  FXGLAssetLoaderServi - Asset "/assets/textures/monster/ranged/Wizard-Idle.png" was not found!
15:38:15.104 [JavaFX Application Thread] WARN  FXGLAssetLoaderServi - Failed to load IMAGE
15:38:15.115 [JavaFX Application Thread] WARN  FXGLAssetLoaderServi - Asset "/assets/textures/monster/ranged/Wizard-Walk.png" was not found!
15:38:15.115 [JavaFX Application Thread] WARN  FXGLAssetLoaderServi - Failed to load IMAGE
15:38:15.116 [JavaFX Application Thread] DEBUG FXGLAssetLoaderServi - Loading from file system: file:/D:/code/survivior-game-tqw/survivior-game-tqw/survivior-game-main/SurvivorGame/target/classes/assets/textures/monster/Wizard/Wizard-Attack.png
15:38:15.121 [JavaFX Application Thread] DEBUG FXGLAssetLoaderServi - Loading from file system: file:/D:/code/survivior-game-tqw/survivior-game-tqw/survivior-game-main/SurvivorGame/target/classes/assets/textures/monster/Wizard/Wizard-DEATH.png
15:38:15.123 [JavaFX Application Thread] WARN  FXGLAssetLoaderServi - Asset "/assets/textures/monster/ranged/Wizard-Hurt.png" was not found!
15:38:15.123 [JavaFX Application Thread] WARN  FXGLAssetLoaderServi - Failed to load IMAGE
15:38:18.732 [JavaFX Application Thread] DEBUG FXGLAssetLoaderServi - Loading from file system: file:/D:/code/survivior-game-tqw/survivior-game-tqw/survivior-game-main/SurvivorGame/target/classes/assets/textures/monster/Speed/Slime-Idle.png
15:38:18.735 [JavaFX Application Thread] DEBUG FXGLAssetLoaderServi - Loading from file system: file:/D:/code/survivior-game-tqw/survivior-game-tqw/survivior-game-main/SurvivorGame/target/classes/assets/textures/monster/Speed/Slime-Walk.png
15:38:18.737 [JavaFX Application Thread] DEBUG FXGLAssetLoaderServi - Loading from file system: file:/D:/code/survivior-game-tqw/survivior-game-tqw/survivior-game-main/SurvivorGame/target/classes/assets/textures/monster/Speed/Slime-Attack.png
15:38:18.738 [JavaFX Application Thread] DEBUG FXGLAssetLoaderServi - Loading from file system: file:/D:/code/survivior-game-tqw/survivior-game-tqw/survivior-game-main/SurvivorGame/target/classes/assets/textures/monster/Speed/Slime-Death.png
15:38:18.739 [JavaFX Application Thread] DEBUG FXGLAssetLoaderServi - Loading from file system: file:/D:/code/survivior-game-tqw/survivior-game-tqw/survivior-game-main/SurvivorGame/target/classes/assets/textures/monster/Speed/Slime-Hurt.png
15:38:23.023 [JavaFX Application Thread] DEBUG FXGLAssetLoaderServi - Loading from file system: file:/D:/code/survivior-game-tqw/survivior-game-tqw/survivior-game-main/SurvivorGame/target/classes/assets/textures/monster/Tank/Armored%20Orc_Idle.png
15:38:23.029 [JavaFX Application Thread] DEBUG FXGLAssetLoaderServi - Loading from file system: file:/D:/code/survivior-game-tqw/survivior-game-tqw/survivior-game-main/SurvivorGame/target/classes/assets/textures/monster/Tank/Armored%20Orc_Walk.png
15:38:23.037 [JavaFX Application Thread] DEBUG FXGLAssetLoaderServi - Loading from file system: file:/D:/code/survivior-game-tqw/survivior-game-tqw/survivior-game-main/SurvivorGame/target/classes/assets/textures/monster/Tank/Armored%20Orc_Attack.png
15:38:23.039 [JavaFX Application Thread] DEBUG FXGLAssetLoaderServi - Loading from file system: file:/D:/code/survivior-game-tqw/survivior-game-tqw/survivior-game-main/SurvivorGame/target/classes/assets/textures/monster/Tank/Armored%20Orc_Death.png
15:38:23.041 [JavaFX Application Thread] DEBUG FXGLAssetLoaderServi - Loading from file system: file:/D:/code/survivior-game-tqw/survivior-game-tqw/survivior-game-main/SurvivorGame/target/classes/assets/textures/monster/Tank/Armored%20Orc_Hit.png
15:38:37.773 [JavaFX Application Thread] DEBUG FXGLApplication      - Exiting FXGL
15:38:37.773 [JavaFX Application Thread] DEBUG LoopRunner           - Stopping loop
15:38:37.773 [JavaFX Application Thread] DEBUG SystemBundleService  - Saving FXGL system data
15:38:37.778 [JavaFX Application Thread] DEBUG FileSystemAccess     - Writing to: D:\code\survivior-game-tqw\system\fxgl.bundle
15:38:37.780 [JavaFX Application Thread] DEBUG Async                - Shutting down background threads
15:38:37.780 [JavaFX Application Thread] DEBUG PrimaryStageWindow   - Closing main window
15:38:37.798 [JavaFX Application Thread] DEBUG Logger               - Closing Logger
