10:06:11.478 [main                     ] DEBUG Logger               - Configured Logger
10:06:11.492 [main                     ] DEBUG GameApplication      - Logging settings
Title: Survivor Game
Version: 1.0
Width: 1280
Height: 720
Fullscreen: false
Intro: false
Profiling: false
Single step:false
App Mode: DEVELOPER
Menu Key: ESCAPE
Stage Style: DECORATED
Scene Factory: class com.almasb.fxgl.app.scene.SceneFactory

10:06:11.876 [JavaFX Application Thread] DEBUG FXGLApplication      - Initializing FXGL
10:06:11.879 [JavaFX Application Thread] INFO  Engine               - FXGL-17.3 (30.03.2023 11.49) on WINDOWS (J:23.0.1 FX:20)
10:06:11.879 [JavaFX Application Thread] DEBUG Engine               - JRE Vendor Name: Oracle Corporation
10:06:11.879 [JavaFX Application Thread] DEBUG Engine               - Running on OS: Windows 11 version 10.0
10:06:11.879 [JavaFX Application Thread] DEBUG Engine               - Architecture: amd64
10:06:11.879 [JavaFX Application Thread] INFO  Engine               - Source code and latest versions at: https://github.com/AlmasB/FXGL
10:06:11.880 [JavaFX Application Thread] INFO  Engine               -       Ask questions and discuss at: https://github.com/AlmasB/FXGL/discussions
10:06:11.880 [JavaFX Application Thread] INFO  Engine               -              Join the FXGL chat at: https://gitter.im/AlmasB/FXGL
10:06:11.970 [JavaFX Application Thread] DEBUG PrimaryStageWindow   - Creating a JavaFX scene
10:06:12.019 [JavaFX Application Thread] DEBUG PrimaryStageWindow   - Target settings size: 1280.0 x 720.0
10:06:12.019 [JavaFX Application Thread] DEBUG PrimaryStageWindow   - Scaled scene size:    1280.0 x 720.0
10:06:12.019 [JavaFX Application Thread] DEBUG PrimaryStageWindow   - Scaled ratio: (1.0, 1.0)
10:06:12.020 [JavaFX Application Thread] DEBUG PrimaryStageWindow   - Set initial scene to FXGLStartupScene
10:06:12.023 [JavaFX Application Thread] DEBUG PrimaryStageWindow   - Opening main window
10:06:12.112 [JavaFX Application Thread] DEBUG PrimaryStageWindow   - Window border size: (14.6666259765625, 37.33331298828125)
10:06:12.112 [JavaFX Application Thread] DEBUG PrimaryStageWindow   - Scaled size: 1280.0 x 720.0
10:06:12.113 [JavaFX Application Thread] DEBUG PrimaryStageWindow   - Scaled ratio: (1.0, 1.0)
10:06:12.113 [JavaFX Application Thread] DEBUG PrimaryStageWindow   - Scene size: 1280.0 x 720.0
10:06:12.113 [JavaFX Application Thread] DEBUG PrimaryStageWindow   - Stage size: 1294.6666259765625 x 757.3333129882812
10:06:12.120 [FXGL Background Thread 1 ] DEBUG Engine               - Initializing environment variables
10:06:12.164 [FXGL Background Thread 1 ] DEBUG FXGLAssetLoaderServi - User app class for loading assets: class com.survivor.main.GameApp
10:06:12.164 [FXGL Background Thread 1 ] DEBUG GameApplicationServi - Applying CSS: fxgl_dark.css
10:06:12.165 [FXGL Background Thread 1 ] DEBUG FXGLAssetLoaderServi - Loading from file system: jar:file:/C:/Users/11706/.m2/repository/com/github/almasb/fxgl/17.3/fxgl-17.3.jar!/fxglassets/ui/css/fxgl_dark.css
10:06:12.205 [FXGL Background Thread 1 ] DEBUG GameApplicationServi - Initializing application scenes
10:06:12.297 [FXGL Background Thread 1 ] DEBUG GameWorld            - Game world initialized
10:06:12.363 [FXGL Background Thread 1 ] DEBUG PhysicsWorld         - Physics world initialized: appHeight=720, physics.ppm=50.0
10:06:12.363 [FXGL Background Thread 1 ] DEBUG PhysicsWorld         - Using strategy: BRUTE_FORCE
10:06:12.367 [FXGL Background Thread 1 ] DEBUG GameScene            - Game scene initialized: 1280x720
10:06:12.377 [FXGL Background Thread 1 ] DEBUG FXGL.DefaultMenu     - createMenuBodyGameMenu()
10:06:12.389 [FXGL Background Thread 1 ] DEBUG FXGL.DefaultMenu     - createOptionsMenu()
10:06:12.399 [FXGL Background Thread 1 ] DEBUG FXGLAssetLoaderServi - Loading from file system: jar:file:/C:/Users/11706/.m2/repository/com/github/almasb/fxgl/17.3/fxgl-17.3.jar!/fxglassets/textures/particles/smoke.png
10:06:12.527 [FXGL Background Thread 1 ] DEBUG FXGLAssetLoaderServi - Loading from file system: jar:file:/C:/Users/11706/.m2/repository/com/github/almasb/fxgl/17.3/fxgl-17.3.jar!/fxglassets/textures/particles/trace_horizontal.png
10:06:12.556 [FXGL Background Thread 1 ] DEBUG GameApplicationServi - Application scenes initialized
10:06:12.574 [FXGL Background Thread 1 ] DEBUG SystemBundleService  - Loading FXGL system data
10:06:12.575 [FXGL Background Thread 1 ] DEBUG FileSystemAccess     - Reading from: C:\Users\11706\IdeaProjects\survivior-game3\system\fxgl.bundle
10:06:12.578 [FXGL Background Thread 1 ] DEBUG SystemBundleService  - Bundle FXGL: {}
10:06:12.578 [FXGL Background Thread 1 ] DEBUG UpdaterService       - Checking for updates
10:06:12.582 [FXGL Background Thread 4 ] DEBUG FXGLApplication      - Loading fonts
10:06:12.582 [FXGL Background Thread 4 ] DEBUG FXGLAssetLoaderServi - Loading from file system: jar:file:/C:/Users/11706/.m2/repository/com/github/almasb/fxgl/17.3/fxgl-17.3.jar!/fxglassets/ui/fonts/VarelaRound-Regular.ttf
10:06:12.583 [FXGL Background Thread 1 ] DEBUG FXGLApplication      - Loading default localization
10:06:12.583 [FXGL Background Thread 1 ] DEBUG FXGLAssetLoaderServi - Loading from file system: jar:file:/C:/Users/11706/.m2/repository/com/github/almasb/fxgl/17.3/fxgl-17.3.jar!/fxglassets/languages/english.lang
10:06:12.618 [FXGL Background Thread 4 ] DEBUG FXGLAssetLoaderServi - Loading from file system: jar:file:/C:/Users/11706/.m2/repository/com/github/almasb/fxgl/17.3/fxgl-17.3.jar!/fxglassets/ui/fonts/Abel-Regular.ttf
10:06:12.643 [FXGL Background Thread 4 ] DEBUG FXGLAssetLoaderServi - Loading from file system: jar:file:/C:/Users/11706/.m2/repository/com/github/almasb/fxgl/17.3/fxgl-17.3.jar!/fxglassets/ui/fonts/TerminalLandMono-Regular.otf
10:06:12.663 [FXGL Background Thread 4 ] DEBUG FXGLAssetLoaderServi - Loading from file system: jar:file:/C:/Users/11706/.m2/repository/com/github/almasb/fxgl/17.3/fxgl-17.3.jar!/fxglassets/ui/fonts/Courier-Prime.ttf
10:06:12.681 [FXGL Background Thread 1 ] INFO  FXGLApplication      - FXGL initialization took: 0.561 sec
10:06:12.682 [JavaFX Application Thread] DEBUG FXGLApplication      - Registering font factories with UI factory
10:06:12.710 [JavaFX Application Thread] DEBUG Input                - Registered new binding: Move Up - W
10:06:12.711 [JavaFX Application Thread] DEBUG Input                - Registered new binding: Move Down - S
10:06:12.711 [JavaFX Application Thread] DEBUG Input                - Registered new binding: Move Left - A
10:06:12.712 [JavaFX Application Thread] DEBUG Input                - Registered new binding: Move Right - D
10:06:12.712 [JavaFX Application Thread] DEBUG Input                - Registered new binding: AttackLeft - J
10:06:12.713 [JavaFX Application Thread] DEBUG Input                - Registered new binding: AttackRight - K
10:06:12.713 [JavaFX Application Thread] DEBUG Input                - Registered new binding: Dash - L
10:06:12.713 [JavaFX Application Thread] DEBUG FXGLAssetLoaderServi - Loading from file system: file:/C:/Users/11706/IdeaProjects/survivior-game3/SurvivorGame/target/classes/assets/textures/icon.png
10:06:12.729 [JavaFX Application Thread] DEBUG FXGLAssetLoaderServi - Loading from file system: jar:file:/C:/Users/11706/.m2/repository/com/github/almasb/fxgl/17.3/fxgl-17.3.jar!/fxglassets/textures/fxgl_default_cursor.png
10:06:12.735 [JavaFX Application Thread] DEBUG Input                - Registered new binding: Screenshot - CTRL+8
10:06:12.736 [JavaFX Application Thread] DEBUG Input                - Registered new binding: System info dump - CTRL+9
10:06:12.738 [JavaFX Application Thread] DEBUG Input                - Registered new binding: Restart - CTRL+R
10:06:12.741 [JavaFX Application Thread] DEBUG Input                - Registered new binding: Toggle Debug Camera - CTRL+7
10:06:12.755 [JavaFX Application Thread] DEBUG LoopRunner           - Starting loop
10:06:12.755 [JavaFX Application Thread] DEBUG LoopRunner           - Initializing ScheduledExecutorLoop with fps: 120
10:06:12.763 [JavaFX Application Thread] DEBUG GameApplicationServi - Starting new game
10:06:12.764 [JavaFX Application Thread] DEBUG Input                - Clearing active input actions
10:06:12.785 [JavaFX Application Thread] DEBUG GameApplicationServi - Removing overlay from FXGLStartupScene and adding to FXGLLoadingScene
10:06:12.785 [JavaFX Application Thread] DEBUG PrimaryStageWindow   - FXGLStartupScene -> FXGLLoadingScene
10:06:12.785 [JavaFX Application Thread] DEBUG GameApplicationServi - Clearing previous game
10:06:12.786 [JavaFX Application Thread] DEBUG GameScene            - Clearing game scene
10:06:12.786 [JavaFX Application Thread] DEBUG GameWorld            - Clearing game world
10:06:12.786 [JavaFX Application Thread] DEBUG PhysicsWorld         - Clearing physics world
10:06:12.790 [FXGL Background Thread 1 ] DEBUG FXGLApplication      - Initializing game
10:06:13.522 [FXGL Background Thread 1 ] WARN  TMXLevelLoader       - TiledMap generated from 1.11.2. Supported version: 1.9.0. Some features may not be parsed fully.
10:06:13.587 [FXGL Background Thread 2 ] INFO  UpdaterService       - Your current version:  17.3
10:06:13.587 [FXGL Background Thread 2 ] INFO  UpdaterService       - Latest stable version: 21.1
10:06:13.675 [FXGL Background Thread 1 ] DEBUG TMXLevelLoader       - Parsed TiledMap: file:/C:/Users/11706/IdeaProjects/survivior-game3/SurvivorGame/target/classes/assets/levels/Bigdongeonmap.tmx
10:06:13.679 [FXGL Background Thread 1 ] DEBUG TMXLevelLoader       - Creating tile layer entities
10:06:13.685 [FXGL Background Thread 1 ] DEBUG TilesetLoader        - Loading view for layer 图块层 1
10:06:13.735 [FXGL Background Thread 1 ] DEBUG TilesetLoader        - Created buffer with size 9600.0x5600.0
10:06:13.859 [FXGL Background Thread 1 ] DEBUG TilesetLoader        - Loading view for layer 图块层 2
10:06:13.913 [FXGL Background Thread 1 ] DEBUG TilesetLoader        - Created buffer with size 9600.0x5600.0
10:06:14.020 [FXGL Background Thread 1 ] DEBUG TMXLevelLoader       - Creating object layer entities
10:06:14.130 [FXGL Background Thread 1 ] DEBUG GameWorld            - Clearing removable entities
10:06:14.132 [FXGL Background Thread 1 ] DEBUG GameWorld            - Setting level: com.almasb.fxgl.entity.level.Level@49d07ac9
10:06:14.207 [FXGL Background Thread 1 ] DEBUG FXGLAssetLoaderServi - Loading from file system: file:/C:/Users/11706/IdeaProjects/survivior-game3/SurvivorGame/target/classes/assets/textures/Idle.png
10:06:14.215 [FXGL Background Thread 1 ] DEBUG FXGLAssetLoaderServi - Loading from file system: file:/C:/Users/11706/IdeaProjects/survivior-game3/SurvivorGame/target/classes/assets/textures/Run.png
10:06:14.217 [FXGL Background Thread 1 ] DEBUG FXGLAssetLoaderServi - Loading from file system: file:/C:/Users/11706/IdeaProjects/survivior-game3/SurvivorGame/target/classes/assets/textures/Attack3.png
10:06:14.237 [FXGL Background Thread 1 ] INFO  FXGLApplication      - Game initialization took: 1.448 sec
10:06:14.523 [JavaFX Application Thread] DEBUG Input                - Clearing active input actions
10:06:14.546 [JavaFX Application Thread] DEBUG GameApplicationServi - Removing overlay from FXGLLoadingScene and adding to GameScene
10:06:14.547 [JavaFX Application Thread] DEBUG PrimaryStageWindow   - FXGLLoadingScene -> GameScene
10:06:15.582 [FXGL Background Thread 3 ] DEBUG Engine               - Logging environment variables
10:06:15.582 [FXGL Background Thread 3 ] DEBUG Engine               - achievements: []
10:06:15.582 [FXGL Background Thread 3 ] DEBUG Engine               - actualHeight: 720.0
10:06:15.582 [FXGL Background Thread 3 ] DEBUG Engine               - actualHeightProperty: ReadOnlyDoubleProperty [value: 720.0]
10:06:15.582 [FXGL Background Thread 3 ] DEBUG Engine               - actualWidth: 1280.0
10:06:15.583 [FXGL Background Thread 3 ] DEBUG Engine               - actualWidthProperty: ReadOnlyDoubleProperty [value: 1280.0]
10:06:15.583 [FXGL Background Thread 3 ] DEBUG Engine               - appIcon: icon.png
10:06:15.583 [FXGL Background Thread 3 ] DEBUG Engine               - applicationMode: DEVELOPER
10:06:15.583 [FXGL Background Thread 3 ] DEBUG Engine               - cSSList: [fxgl_dark.css]
10:06:15.583 [FXGL Background Thread 3 ] DEBUG Engine               - collisionDetectionStrategy: BRUTE_FORCE
10:06:15.583 [FXGL Background Thread 3 ] DEBUG Engine               - configClass: Optional.empty
10:06:15.583 [FXGL Background Thread 3 ] DEBUG Engine               - credits: []
10:06:15.583 [FXGL Background Thread 3 ] DEBUG Engine               - defaultCursor: CursorInfo(imageName=fxgl_default_cursor.png, hotspotX=7.0, hotspotY=6.0)
10:06:15.584 [FXGL Background Thread 3 ] DEBUG Engine               - devBBoxColorProperty: ObjectProperty [value: 0xff0000ff]
10:06:15.584 [FXGL Background Thread 3 ] DEBUG Engine               - devEnableDebugCameraProperty: BooleanProperty [value: false]
10:06:15.584 [FXGL Background Thread 3 ] DEBUG Engine               - devSensorColorProperty: ObjectProperty [value: 0xffff00ff]
10:06:15.584 [FXGL Background Thread 3 ] DEBUG Engine               - devShowBBoxProperty: BooleanProperty [value: false]
10:06:15.584 [FXGL Background Thread 3 ] DEBUG Engine               - devShowPositionProperty: BooleanProperty [value: false]
10:06:15.584 [FXGL Background Thread 3 ] DEBUG Engine               - enabledMenuItems: []
10:06:15.584 [FXGL Background Thread 3 ] DEBUG Engine               - engineServices: [class com.almasb.fxgl.app.services.FXGLAssetLoaderService, class com.almasb.fxgl.app.FXGLApplication$GameApplicationService, class com.almasb.fxgl.app.services.FXGLDialogService, class com.almasb.fxgl.app.services.IOTaskExecutorService, class com.almasb.fxgl.io.FileSystemService, class com.almasb.fxgl.localization.LocalizationService, class com.almasb.fxgl.app.services.SystemBundleService, class com.almasb.fxgl.profile.SaveLoadService, class com.almasb.fxgl.ui.FXGLUIFactoryServiceProvider, class com.almasb.fxgl.ui.FXGLDialogFactoryServiceProvider, class com.almasb.fxgl.audio.AudioPlayer, class com.almasb.fxgl.notification.impl.NotificationServiceProvider, class com.almasb.fxgl.achievement.AchievementService, class com.almasb.fxgl.cutscene.CutsceneService, class com.almasb.fxgl.minigames.MiniGameService, class com.almasb.fxgl.net.NetService, class com.almasb.fxgl.app.services.UpdaterService, class com.almasb.fxgl.dev.DevService]
10:06:15.584 [FXGL Background Thread 3 ] DEBUG Engine               - fontGame: Abel-Regular.ttf
10:06:15.584 [FXGL Background Thread 3 ] DEBUG Engine               - fontMono: TerminalLandMono-Regular.otf
10:06:15.584 [FXGL Background Thread 3 ] DEBUG Engine               - fontSizeScaleUI: 1.0
10:06:15.584 [FXGL Background Thread 3 ] DEBUG Engine               - fontText: Courier-Prime.ttf
10:06:15.584 [FXGL Background Thread 3 ] DEBUG Engine               - fontUI: VarelaRound-Regular.ttf
10:06:15.584 [FXGL Background Thread 3 ] DEBUG Engine               - fullScreen: BooleanProperty [value: false]
10:06:15.584 [FXGL Background Thread 3 ] DEBUG Engine               - gameDifficulty: MEDIUM
10:06:15.585 [FXGL Background Thread 3 ] DEBUG Engine               - gameDifficultyProperty: ObjectProperty [value: MEDIUM]
10:06:15.585 [FXGL Background Thread 3 ] DEBUG Engine               - globalMusicVolume: 0.5
10:06:15.585 [FXGL Background Thread 3 ] DEBUG Engine               - globalMusicVolumeProperty: DoubleProperty [value: 0.5]
10:06:15.585 [FXGL Background Thread 3 ] DEBUG Engine               - globalSoundVolume: 0.5
10:06:15.585 [FXGL Background Thread 3 ] DEBUG Engine               - globalSoundVolumeProperty: DoubleProperty [value: 0.5]
10:06:15.585 [FXGL Background Thread 3 ] DEBUG Engine               - height: 720
10:06:15.585 [FXGL Background Thread 3 ] DEBUG Engine               - is3D: false
10:06:15.585 [FXGL Background Thread 3 ] DEBUG Engine               - isAndroid: false
10:06:15.586 [FXGL Background Thread 3 ] DEBUG Engine               - isBrowser: false
10:06:15.586 [FXGL Background Thread 3 ] DEBUG Engine               - isClickFeedbackEnabled: false
10:06:15.586 [FXGL Background Thread 3 ] DEBUG Engine               - isCloseConfirmation: false
10:06:15.586 [FXGL Background Thread 3 ] DEBUG Engine               - isDesktop: true
10:06:15.586 [FXGL Background Thread 3 ] DEBUG Engine               - isDeveloperMenuEnabled: false
10:06:15.586 [FXGL Background Thread 3 ] DEBUG Engine               - isEmbedded: false
10:06:15.586 [FXGL Background Thread 3 ] DEBUG Engine               - isEntityPreloadEnabled: true
10:06:15.586 [FXGL Background Thread 3 ] DEBUG Engine               - isExperimentalTiledLargeMap: false
10:06:15.586 [FXGL Background Thread 3 ] DEBUG Engine               - isFileSystemWriteAllowed: true
10:06:15.586 [FXGL Background Thread 3 ] DEBUG Engine               - isFullScreenAllowed: false
10:06:15.586 [FXGL Background Thread 3 ] DEBUG Engine               - isFullScreenFromStart: false
10:06:15.586 [FXGL Background Thread 3 ] DEBUG Engine               - isGameMenuEnabled: true
10:06:15.586 [FXGL Background Thread 3 ] DEBUG Engine               - isIOS: false
10:06:15.586 [FXGL Background Thread 3 ] DEBUG Engine               - isIntroEnabled: false
10:06:15.586 [FXGL Background Thread 3 ] DEBUG Engine               - isLinux: false
10:06:15.586 [FXGL Background Thread 3 ] DEBUG Engine               - isMac: false
10:06:15.586 [FXGL Background Thread 3 ] DEBUG Engine               - isMainMenuEnabled: false
10:06:15.586 [FXGL Background Thread 3 ] DEBUG Engine               - isManualResizeEnabled: false
10:06:15.586 [FXGL Background Thread 3 ] DEBUG Engine               - isMobile: false
10:06:15.586 [FXGL Background Thread 3 ] DEBUG Engine               - isNative: false
10:06:15.586 [FXGL Background Thread 3 ] DEBUG Engine               - isPauseMusicWhenMinimized: true
10:06:15.586 [FXGL Background Thread 3 ] DEBUG Engine               - isPreserveResizeRatio: false
10:06:15.586 [FXGL Background Thread 3 ] DEBUG Engine               - isProfilingEnabled: false
10:06:15.586 [FXGL Background Thread 3 ] DEBUG Engine               - isScaleAffectedOnResize: true
10:06:15.587 [FXGL Background Thread 3 ] DEBUG Engine               - isSingleStep: false
10:06:15.587 [FXGL Background Thread 3 ] DEBUG Engine               - isUserProfileEnabled: false
10:06:15.587 [FXGL Background Thread 3 ] DEBUG Engine               - isWindows: true
10:06:15.587 [FXGL Background Thread 3 ] DEBUG Engine               - language: ObjectProperty [value: ENGLISH]
10:06:15.587 [FXGL Background Thread 3 ] DEBUG Engine               - menuKey: ESCAPE
10:06:15.587 [FXGL Background Thread 3 ] DEBUG Engine               - mouseSensitivity: 0.2
10:06:15.587 [FXGL Background Thread 3 ] DEBUG Engine               - notificationViewClass: class com.almasb.fxgl.notification.view.XboxNotificationView
10:06:15.587 [FXGL Background Thread 3 ] DEBUG Engine               - pixelsPerMeter: 50.0
10:06:15.587 [FXGL Background Thread 3 ] DEBUG Engine               - platform: WINDOWS
10:06:15.587 [FXGL Background Thread 3 ] DEBUG Engine               - prefHeightProperty: ReadOnlyDoubleProperty [value: 720.0]
10:06:15.587 [FXGL Background Thread 3 ] DEBUG Engine               - prefWidthProperty: ReadOnlyDoubleProperty [value: 1280.0]
10:06:15.587 [FXGL Background Thread 3 ] DEBUG Engine               - profileDir: profiles/
10:06:15.587 [FXGL Background Thread 3 ] DEBUG Engine               - profileName: StringProperty [value: DEFAULT]
10:06:15.587 [FXGL Background Thread 3 ] DEBUG Engine               - randomSeed: -1
10:06:15.587 [FXGL Background Thread 3 ] DEBUG Engine               - runtimeInfo: RuntimeInfo(platform=WINDOWS, version=17.3, build=30.03.2023 11.49)
10:06:15.587 [FXGL Background Thread 3 ] DEBUG Engine               - saveFileExt: sav
10:06:15.587 [FXGL Background Thread 3 ] DEBUG Engine               - scaledHeightProp$fxgl: DoubleProperty [bound, value: 720.0]
10:06:15.587 [FXGL Background Thread 3 ] DEBUG Engine               - scaledWidthProp$fxgl: DoubleProperty [bound, value: 1280.0]
10:06:15.587 [FXGL Background Thread 3 ] DEBUG Engine               - sceneFactory: com.almasb.fxgl.app.scene.SceneFactory@cfed82c
10:06:15.587 [FXGL Background Thread 3 ] DEBUG Engine               - secondsIn24h: 60
10:06:15.587 [FXGL Background Thread 3 ] DEBUG Engine               - soundMenuBack: menu/back.wav
10:06:15.587 [FXGL Background Thread 3 ] DEBUG Engine               - soundMenuPress: menu/press.wav
10:06:15.587 [FXGL Background Thread 3 ] DEBUG Engine               - soundMenuSelect: menu/select.wav
10:06:15.588 [FXGL Background Thread 3 ] DEBUG Engine               - soundNotification: core/notification.wav
10:06:15.588 [FXGL Background Thread 3 ] DEBUG Engine               - stageStyle: DECORATED
10:06:15.588 [FXGL Background Thread 3 ] DEBUG Engine               - supportedLanguages: [ENGLISH, FRENCH, GERMAN, HUNGARIAN, RUSSIAN]
10:06:15.588 [FXGL Background Thread 3 ] DEBUG Engine               - ticksPerSecond: 120
10:06:15.588 [FXGL Background Thread 3 ] DEBUG Engine               - title: Survivor Game
10:06:15.588 [FXGL Background Thread 3 ] DEBUG Engine               - urlGithub: https://github.com/AlmasB/FXGL
10:06:15.588 [FXGL Background Thread 3 ] DEBUG Engine               - urlLeaderboard: http://fxgl-top.herokuapp.com/
10:06:15.588 [FXGL Background Thread 3 ] DEBUG Engine               - urlPOM: https://raw.githubusercontent.com/AlmasB/FXGL/release/README.md
10:06:15.588 [FXGL Background Thread 3 ] DEBUG Engine               - userAppClass: class com.survivor.main.GameApp
10:06:15.588 [FXGL Background Thread 3 ] DEBUG Engine               - version: 1.0
10:06:15.588 [FXGL Background Thread 3 ] DEBUG Engine               - versionCheckDays: 7
10:06:15.588 [FXGL Background Thread 3 ] DEBUG Engine               - width: 1280
10:06:15.588 [FXGL Background Thread 3 ] DEBUG Engine               - Logging services
10:06:15.588 [FXGL Background Thread 3 ] DEBUG Engine               - class com.almasb.fxgl.app.services.FXGLAssetLoaderService
10:06:15.588 [FXGL Background Thread 3 ] DEBUG Engine               - class com.almasb.fxgl.app.FXGLApplication$GameApplicationService
10:06:15.588 [FXGL Background Thread 3 ] DEBUG Engine               - class com.almasb.fxgl.app.services.FXGLDialogService
10:06:15.588 [FXGL Background Thread 3 ] DEBUG Engine               - class com.almasb.fxgl.app.services.IOTaskExecutorService
10:06:15.588 [FXGL Background Thread 3 ] DEBUG Engine               - class com.almasb.fxgl.io.FileSystemService
10:06:15.588 [FXGL Background Thread 3 ] DEBUG Engine               - class com.almasb.fxgl.localization.LocalizationService
10:06:15.588 [FXGL Background Thread 3 ] DEBUG Engine               - class com.almasb.fxgl.app.services.SystemBundleService
10:06:15.588 [FXGL Background Thread 3 ] DEBUG Engine               - class com.almasb.fxgl.profile.SaveLoadService
10:06:15.588 [FXGL Background Thread 3 ] DEBUG Engine               - class com.almasb.fxgl.ui.FXGLUIFactoryServiceProvider
10:06:15.588 [FXGL Background Thread 3 ] DEBUG Engine               - class com.almasb.fxgl.ui.FXGLDialogFactoryServiceProvider
10:06:15.588 [FXGL Background Thread 3 ] DEBUG Engine               - class com.almasb.fxgl.audio.AudioPlayer
10:06:15.588 [FXGL Background Thread 3 ] DEBUG Engine               - class com.almasb.fxgl.notification.impl.NotificationServiceProvider
10:06:15.588 [FXGL Background Thread 3 ] DEBUG Engine               - class com.almasb.fxgl.achievement.AchievementService
10:06:15.588 [FXGL Background Thread 3 ] DEBUG Engine               - class com.almasb.fxgl.cutscene.CutsceneService
10:06:15.588 [FXGL Background Thread 3 ] DEBUG Engine               - class com.almasb.fxgl.minigames.MiniGameService
10:06:15.588 [FXGL Background Thread 3 ] DEBUG Engine               - class com.almasb.fxgl.net.NetService
10:06:15.588 [FXGL Background Thread 3 ] DEBUG Engine               - class com.almasb.fxgl.app.services.UpdaterService
10:06:15.588 [FXGL Background Thread 3 ] DEBUG Engine               - class com.almasb.fxgl.dev.DevService
10:06:16.400 [JavaFX Application Thread] DEBUG FXGLAssetLoaderServi - Loading from file system: file:/C:/Users/11706/IdeaProjects/survivior-game3/SurvivorGame/target/classes/assets/textures/enemy.png
10:06:25.653 [JavaFX Application Thread] WARN  TMXLevelLoader       - TiledMap generated from 1.11.2. Supported version: 1.9.0. Some features may not be parsed fully.
10:06:25.699 [JavaFX Application Thread] DEBUG TMXLevelLoader       - Parsed TiledMap: file:/C:/Users/11706/IdeaProjects/survivior-game3/SurvivorGame/target/classes/assets/levels/Bigdongeonmap.tmx
10:06:25.699 [JavaFX Application Thread] DEBUG TMXLevelLoader       - Creating tile layer entities
10:06:25.699 [JavaFX Application Thread] DEBUG TilesetLoader        - Loading view for layer 图块层 1
10:06:25.753 [JavaFX Application Thread] DEBUG TilesetLoader        - Created buffer with size 9600.0x5600.0
10:06:25.815 [JavaFX Application Thread] DEBUG TilesetLoader        - Loading view for layer 图块层 2
10:06:25.864 [JavaFX Application Thread] DEBUG TilesetLoader        - Created buffer with size 9600.0x5600.0
10:06:25.885 [JavaFX Application Thread] DEBUG TMXLevelLoader       - Creating object layer entities
10:06:25.922 [JavaFX Application Thread] DEBUG GameWorld            - Clearing removable entities
10:06:25.948 [JavaFX Application Thread] DEBUG GameWorld            - Setting level: com.almasb.fxgl.entity.level.Level@7a8885bd
10:06:25.966 [JavaFX Application Thread] DEBUG LoopRunner           - Stopping loop
10:06:25.970 [JavaFX Application Thread] FATAL FXGLApplication      - Uncaught Exception:
java.lang.NullPointerException: Parameter specified as non-null is null: method com.almasb.fxgl.app.scene.Viewport.bindToEntity, parameter entity
	at com.almasb.fxgl.app.scene.Viewport.bindToEntity(Viewport.kt)
	at com.survivor.core.GameSceneManager.restartGame(GameSceneManager.java:119)
	at com.survivor.ui.GameOverUI.lambda$createContent$0(GameOverUI.java:37)
	at com.survivor.ui.GameOverUI.lambda$createImageButton$2(GameOverUI.java:65)
	at com.sun.javafx.event.CompositeEventHandler.dispatchBubblingEvent(CompositeEventHandler.java:86)
	at com.sun.javafx.event.EventHandlerManager.dispatchBubblingEvent(EventHandlerManager.java:232)
	at com.sun.javafx.event.EventHandlerManager.dispatchBubblingEvent(EventHandlerManager.java:189)
	at com.sun.javafx.event.CompositeEventDispatcher.dispatchBubblingEvent(CompositeEventDispatcher.java:59)
	at com.sun.javafx.event.BasicEventDispatcher.dispatchEvent(BasicEventDispatcher.java:58)
	at com.sun.javafx.event.EventDispatchChainImpl.dispatchEvent(EventDispatchChainImpl.java:114)
	at com.sun.javafx.event.BasicEventDispatcher.dispatchEvent(BasicEventDispatcher.java:56)
	at com.sun.javafx.event.EventDispatchChainImpl.dispatchEvent(EventDispatchChainImpl.java:114)
	at com.sun.javafx.event.BasicEventDispatcher.dispatchEvent(BasicEventDispatcher.java:56)
	at com.sun.javafx.event.EventDispatchChainImpl.dispatchEvent(EventDispatchChainImpl.java:114)
	at com.sun.javafx.event.EventUtil.fireEventImpl(EventUtil.java:74)
	at com.sun.javafx.event.EventUtil.fireEvent(EventUtil.java:54)
	at javafx.event.Event.fireEvent(Event.java:198)
	at javafx.scene.Scene$ClickGenerator.postProcess(Scene.java:3684)
	at javafx.scene.Scene$MouseHandler.process(Scene.java:3989)
	at javafx.scene.Scene.processMouseEvent(Scene.java:1890)
	at javafx.scene.Scene$ScenePeerListener.mouseEvent(Scene.java:2704)
	at com.sun.javafx.tk.quantum.GlassViewEventHandler$MouseEventNotification.run(GlassViewEventHandler.java:411)
	at com.sun.javafx.tk.quantum.GlassViewEventHandler$MouseEventNotification.run(GlassViewEventHandler.java:301)
	at java.base/java.security.AccessController.doPrivileged(AccessController.java:400)
	at com.sun.javafx.tk.quantum.GlassViewEventHandler.lambda$handleMouseEvent$2(GlassViewEventHandler.java:450)
	at com.sun.javafx.tk.quantum.QuantumToolkit.runWithoutRenderLock(QuantumToolkit.java:424)
	at com.sun.javafx.tk.quantum.GlassViewEventHandler.handleMouseEvent(GlassViewEventHandler.java:449)
	at com.sun.glass.ui.View.handleMouseEvent(View.java:551)
	at com.sun.glass.ui.View.notifyMouse(View.java:937)
	at com.sun.glass.ui.win.WinApplication._runLoop(Native Method)
	at com.sun.glass.ui.win.WinApplication.lambda$runLoop$3(WinApplication.java:185)
	at java.base/java.lang.Thread.run(Thread.java:1575)

10:06:25.970 [JavaFX Application Thread] FATAL FXGLApplication      - Application will now exit
10:06:25.998 [JavaFX Application Thread] DEBUG PrimaryStageWindow   - Push state: ErrorSubScene
10:06:25.998 [JavaFX Application Thread] DEBUG Input                - Clearing active input actions
10:06:26.002 [JavaFX Application Thread] DEBUG GameApplicationServi - Removing overlay from GameScene and adding to ErrorSubScene
10:06:26.002 [JavaFX Application Thread] DEBUG PrimaryStageWindow   - GameScene -> ErrorSubScene
10:06:29.979 [JavaFX Application Thread] DEBUG FXGLApplication      - Exiting FXGL
10:06:29.979 [JavaFX Application Thread] DEBUG Async                - Shutting down background threads
10:06:29.980 [JavaFX Application Thread] DEBUG PrimaryStageWindow   - Closing main window
10:06:30.047 [JavaFX Application Thread] DEBUG Logger               - Closing Logger
