11:30:15.228 [main                     ] DEBUG Logger               - Configured Logger
11:30:15.247 [main                     ] DEBUG GameApplication      - Logging settings
Title: Survivor Game
Version: 1.0
Width: 1280
Height: 720
Fullscreen: false
Intro: false
Profiling: false
Single step:false
App Mode: DEVELOPER
Menu Key: ESCAPE
Stage Style: DECORATED
Scene Factory: class com.almasb.fxgl.app.scene.SceneFactory

11:30:15.737 [JavaFX Application Thread] DEBUG FXGLApplication      - Initializing FXGL
11:30:15.740 [JavaFX Application Thread] INFO  Engine               - FXGL-17.3 (30.03.2023 11.49) on WINDOWS (J:23.0.1 FX:20)
11:30:15.740 [JavaFX Application Thread] DEBUG Engine               - JRE Vendor Name: Oracle Corporation
11:30:15.740 [JavaFX Application Thread] DEBUG Engine               - Running on OS: Windows 11 version 10.0
11:30:15.740 [JavaFX Application Thread] DEBUG Engine               - Architecture: amd64
11:30:15.740 [JavaFX Application Thread] INFO  Engine               - Source code and latest versions at: https://github.com/AlmasB/FXGL
11:30:15.740 [JavaFX Application Thread] INFO  Engine               -       Ask questions and discuss at: https://github.com/AlmasB/FXGL/discussions
11:30:15.740 [JavaFX Application Thread] INFO  Engine               -              Join the FXGL chat at: https://gitter.im/AlmasB/FXGL
11:30:15.837 [JavaFX Application Thread] DEBUG PrimaryStageWindow   - Creating a JavaFX scene
11:30:15.882 [JavaFX Application Thread] DEBUG PrimaryStageWindow   - Target settings size: 1280.0 x 720.0
11:30:15.882 [JavaFX Application Thread] DEBUG PrimaryStageWindow   - Scaled scene size:    1280.0 x 720.0
11:30:15.883 [JavaFX Application Thread] DEBUG PrimaryStageWindow   - Scaled ratio: (1.0, 1.0)
11:30:15.884 [JavaFX Application Thread] DEBUG PrimaryStageWindow   - Set initial scene to FXGLStartupScene
11:30:15.886 [JavaFX Application Thread] DEBUG PrimaryStageWindow   - Opening main window
11:30:15.980 [JavaFX Application Thread] DEBUG PrimaryStageWindow   - Window border size: (14.6666259765625, 37.33331298828125)
11:30:15.980 [JavaFX Application Thread] DEBUG PrimaryStageWindow   - Scaled size: 1280.0 x 720.0
11:30:15.980 [JavaFX Application Thread] DEBUG PrimaryStageWindow   - Scaled ratio: (1.0, 1.0)
11:30:15.981 [JavaFX Application Thread] DEBUG PrimaryStageWindow   - Scene size: 1280.0 x 720.0
11:30:15.981 [JavaFX Application Thread] DEBUG PrimaryStageWindow   - Stage size: 1294.6666259765625 x 757.3333129882812
11:30:15.987 [FXGL Background Thread 1 ] DEBUG Engine               - Initializing environment variables
11:30:16.031 [FXGL Background Thread 1 ] DEBUG FXGLAssetLoaderServi - User app class for loading assets: class com.survivor.main.GameApp
11:30:16.031 [FXGL Background Thread 1 ] DEBUG GameApplicationServi - Applying CSS: fxgl_dark.css
11:30:16.031 [FXGL Background Thread 1 ] DEBUG FXGLAssetLoaderServi - Loading from file system: jar:file:/C:/Users/11706/.m2/repository/com/github/almasb/fxgl/17.3/fxgl-17.3.jar!/fxglassets/ui/css/fxgl_dark.css
11:30:16.068 [FXGL Background Thread 1 ] DEBUG GameApplicationServi - Initializing application scenes
11:30:16.161 [FXGL Background Thread 1 ] DEBUG GameWorld            - Game world initialized
11:30:16.231 [FXGL Background Thread 1 ] DEBUG PhysicsWorld         - Physics world initialized: appHeight=720, physics.ppm=50.0
11:30:16.231 [FXGL Background Thread 1 ] DEBUG PhysicsWorld         - Using strategy: BRUTE_FORCE
11:30:16.235 [FXGL Background Thread 1 ] DEBUG GameScene            - Game scene initialized: 1280x720
11:30:16.246 [FXGL Background Thread 1 ] DEBUG FXGL.DefaultMenu     - createMenuBodyGameMenu()
11:30:16.258 [FXGL Background Thread 1 ] DEBUG FXGL.DefaultMenu     - createOptionsMenu()
11:30:16.267 [FXGL Background Thread 1 ] DEBUG FXGLAssetLoaderServi - Loading from file system: jar:file:/C:/Users/11706/.m2/repository/com/github/almasb/fxgl/17.3/fxgl-17.3.jar!/fxglassets/textures/particles/smoke.png
11:30:16.379 [FXGL Background Thread 1 ] DEBUG FXGLAssetLoaderServi - Loading from file system: jar:file:/C:/Users/11706/.m2/repository/com/github/almasb/fxgl/17.3/fxgl-17.3.jar!/fxglassets/textures/particles/trace_horizontal.png
11:30:16.403 [FXGL Background Thread 1 ] DEBUG GameApplicationServi - Application scenes initialized
11:30:16.418 [FXGL Background Thread 1 ] DEBUG SystemBundleService  - Loading FXGL system data
11:30:16.420 [FXGL Background Thread 1 ] DEBUG FileSystemAccess     - Reading from: C:\Users\11706\IdeaProjects\survivior-game3\system\fxgl.bundle
11:30:16.422 [FXGL Background Thread 1 ] DEBUG SystemBundleService  - Bundle FXGL: {}
11:30:16.422 [FXGL Background Thread 1 ] DEBUG UpdaterService       - Checking for updates
11:30:16.425 [FXGL Background Thread 4 ] DEBUG FXGLApplication      - Loading fonts
11:30:16.426 [FXGL Background Thread 4 ] DEBUG FXGLAssetLoaderServi - Loading from file system: jar:file:/C:/Users/11706/.m2/repository/com/github/almasb/fxgl/17.3/fxgl-17.3.jar!/fxglassets/ui/fonts/VarelaRound-Regular.ttf
11:30:16.426 [FXGL Background Thread 1 ] DEBUG FXGLApplication      - Loading default localization
11:30:16.427 [FXGL Background Thread 1 ] DEBUG FXGLAssetLoaderServi - Loading from file system: jar:file:/C:/Users/11706/.m2/repository/com/github/almasb/fxgl/17.3/fxgl-17.3.jar!/fxglassets/languages/english.lang
11:30:16.445 [FXGL Background Thread 4 ] DEBUG FXGLAssetLoaderServi - Loading from file system: jar:file:/C:/Users/11706/.m2/repository/com/github/almasb/fxgl/17.3/fxgl-17.3.jar!/fxglassets/ui/fonts/Abel-Regular.ttf
11:30:16.456 [FXGL Background Thread 4 ] DEBUG FXGLAssetLoaderServi - Loading from file system: jar:file:/C:/Users/11706/.m2/repository/com/github/almasb/fxgl/17.3/fxgl-17.3.jar!/fxglassets/ui/fonts/TerminalLandMono-Regular.otf
11:30:16.466 [FXGL Background Thread 4 ] DEBUG FXGLAssetLoaderServi - Loading from file system: jar:file:/C:/Users/11706/.m2/repository/com/github/almasb/fxgl/17.3/fxgl-17.3.jar!/fxglassets/ui/fonts/Courier-Prime.ttf
11:30:16.466 [FXGL Background Thread 1 ] INFO  FXGLApplication      - FXGL initialization took: 0.479 sec
11:30:16.467 [JavaFX Application Thread] DEBUG Input                - Clearing active input actions
11:30:16.485 [JavaFX Application Thread] DEBUG Input                - Registered new binding: Move Up - W
11:30:16.486 [JavaFX Application Thread] DEBUG Input                - Registered new binding: Move Down - S
11:30:16.486 [JavaFX Application Thread] DEBUG Input                - Registered new binding: Move Left - A
11:30:16.486 [JavaFX Application Thread] DEBUG Input                - Registered new binding: Move Right - D
11:30:16.486 [JavaFX Application Thread] DEBUG Input                - Registered new binding: AttackLeft - J
11:30:16.487 [JavaFX Application Thread] DEBUG Input                - Registered new binding: AttackRight - K
11:30:16.487 [JavaFX Application Thread] DEBUG Input                - Registered new binding: Dash - L
11:30:16.488 [JavaFX Application Thread] DEBUG FXGLAssetLoaderServi - Loading from file system: file:/C:/Users/11706/IdeaProjects/survivior-game3/SurvivorGame/target/classes/assets/textures/icon.png
11:30:16.498 [JavaFX Application Thread] DEBUG FXGLAssetLoaderServi - Loading from file system: jar:file:/C:/Users/11706/.m2/repository/com/github/almasb/fxgl/17.3/fxgl-17.3.jar!/fxglassets/textures/fxgl_default_cursor.png
11:30:16.505 [JavaFX Application Thread] DEBUG Input                - Registered new binding: Screenshot - CTRL+8
11:30:16.506 [JavaFX Application Thread] DEBUG Input                - Registered new binding: System info dump - CTRL+9
11:30:16.507 [JavaFX Application Thread] DEBUG Input                - Registered new binding: Restart - CTRL+R
11:30:16.509 [JavaFX Application Thread] DEBUG Input                - Registered new binding: Toggle Debug Camera - CTRL+7
11:30:16.518 [JavaFX Application Thread] DEBUG LoopRunner           - Starting loop
11:30:16.519 [JavaFX Application Thread] DEBUG LoopRunner           - Initializing ScheduledExecutorLoop with fps: 120
11:30:16.523 [JavaFX Application Thread] DEBUG GameApplicationServi - Starting new game
11:30:16.524 [JavaFX Application Thread] DEBUG Input                - Clearing active input actions
11:30:16.539 [JavaFX Application Thread] DEBUG GameApplicationServi - Removing overlay from FXGLStartupScene and adding to FXGLLoadingScene
11:30:16.539 [JavaFX Application Thread] DEBUG PrimaryStageWindow   - FXGLStartupScene -> FXGLLoadingScene
11:30:16.539 [JavaFX Application Thread] DEBUG GameApplicationServi - Clearing previous game
11:30:16.539 [JavaFX Application Thread] DEBUG GameScene            - Clearing game scene
11:30:16.540 [JavaFX Application Thread] DEBUG GameWorld            - Clearing game world
11:30:16.540 [JavaFX Application Thread] DEBUG PhysicsWorld         - Clearing physics world
11:30:16.543 [FXGL Background Thread 4 ] DEBUG FXGLApplication      - Initializing game
11:30:16.543 [JavaFX Application Thread] DEBUG FXGLApplication      - Registering font factories with UI factory
11:30:17.345 [FXGL Background Thread 4 ] WARN  TMXLevelLoader       - TiledMap generated from 1.11.2. Supported version: 1.9.0. Some features may not be parsed fully.
11:30:17.439 [FXGL Background Thread 2 ] INFO  UpdaterService       - Your current version:  17.3
11:30:17.440 [FXGL Background Thread 2 ] INFO  UpdaterService       - Latest stable version: 21.1
11:30:17.500 [FXGL Background Thread 4 ] DEBUG TMXLevelLoader       - Parsed TiledMap: file:/C:/Users/11706/IdeaProjects/survivior-game3/SurvivorGame/target/classes/assets/levels/Bigdongeonmap.tmx
11:30:17.503 [FXGL Background Thread 4 ] DEBUG TMXLevelLoader       - Creating tile layer entities
11:30:17.508 [FXGL Background Thread 4 ] DEBUG TilesetLoader        - Loading view for layer 图块层 1
11:30:17.557 [FXGL Background Thread 4 ] DEBUG TilesetLoader        - Created buffer with size 9600.0x5600.0
11:30:17.682 [FXGL Background Thread 4 ] DEBUG TilesetLoader        - Loading view for layer 图块层 2
11:30:17.735 [FXGL Background Thread 4 ] DEBUG TilesetLoader        - Created buffer with size 9600.0x5600.0
11:30:17.760 [FXGL Background Thread 4 ] DEBUG TMXLevelLoader       - Creating object layer entities
11:30:17.856 [FXGL Background Thread 4 ] DEBUG GameWorld            - Clearing removable entities
11:30:17.858 [FXGL Background Thread 4 ] DEBUG GameWorld            - Setting level: com.almasb.fxgl.entity.level.Level@7dc6e667
11:30:17.924 [FXGL Background Thread 4 ] DEBUG FXGLAssetLoaderServi - Loading from file system: file:/C:/Users/11706/IdeaProjects/survivior-game3/SurvivorGame/target/classes/assets/textures/Idle.png
11:30:17.933 [FXGL Background Thread 4 ] DEBUG FXGLAssetLoaderServi - Loading from file system: file:/C:/Users/11706/IdeaProjects/survivior-game3/SurvivorGame/target/classes/assets/textures/Run.png
11:30:17.935 [FXGL Background Thread 4 ] DEBUG FXGLAssetLoaderServi - Loading from file system: file:/C:/Users/11706/IdeaProjects/survivior-game3/SurvivorGame/target/classes/assets/textures/Attack3.png
11:30:17.950 [FXGL Background Thread 4 ] INFO  FXGLApplication      - Game initialization took: 1.407 sec
11:30:18.277 [JavaFX Application Thread] DEBUG Input                - Clearing active input actions
11:30:18.309 [JavaFX Application Thread] DEBUG GameApplicationServi - Removing overlay from FXGLLoadingScene and adding to GameScene
11:30:18.309 [JavaFX Application Thread] DEBUG PrimaryStageWindow   - FXGLLoadingScene -> GameScene
11:30:19.425 [FXGL Background Thread 3 ] DEBUG Engine               - Logging environment variables
11:30:19.426 [FXGL Background Thread 3 ] DEBUG Engine               - achievements: []
11:30:19.426 [FXGL Background Thread 3 ] DEBUG Engine               - actualHeight: 720.0
11:30:19.426 [FXGL Background Thread 3 ] DEBUG Engine               - actualHeightProperty: ReadOnlyDoubleProperty [value: 720.0]
11:30:19.426 [FXGL Background Thread 3 ] DEBUG Engine               - actualWidth: 1280.0
11:30:19.426 [FXGL Background Thread 3 ] DEBUG Engine               - actualWidthProperty: ReadOnlyDoubleProperty [value: 1280.0]
11:30:19.426 [FXGL Background Thread 3 ] DEBUG Engine               - appIcon: icon.png
11:30:19.426 [FXGL Background Thread 3 ] DEBUG Engine               - applicationMode: DEVELOPER
11:30:19.426 [FXGL Background Thread 3 ] DEBUG Engine               - cSSList: [fxgl_dark.css]
11:30:19.427 [FXGL Background Thread 3 ] DEBUG Engine               - collisionDetectionStrategy: BRUTE_FORCE
11:30:19.427 [FXGL Background Thread 3 ] DEBUG Engine               - configClass: Optional.empty
11:30:19.427 [FXGL Background Thread 3 ] DEBUG Engine               - credits: []
11:30:19.427 [FXGL Background Thread 3 ] DEBUG Engine               - defaultCursor: CursorInfo(imageName=fxgl_default_cursor.png, hotspotX=7.0, hotspotY=6.0)
11:30:19.427 [FXGL Background Thread 3 ] DEBUG Engine               - devBBoxColorProperty: ObjectProperty [value: 0xff0000ff]
11:30:19.427 [FXGL Background Thread 3 ] DEBUG Engine               - devEnableDebugCameraProperty: BooleanProperty [value: false]
11:30:19.427 [FXGL Background Thread 3 ] DEBUG Engine               - devSensorColorProperty: ObjectProperty [value: 0xffff00ff]
11:30:19.427 [FXGL Background Thread 3 ] DEBUG Engine               - devShowBBoxProperty: BooleanProperty [value: false]
11:30:19.427 [FXGL Background Thread 3 ] DEBUG Engine               - devShowPositionProperty: BooleanProperty [value: false]
11:30:19.427 [FXGL Background Thread 3 ] DEBUG Engine               - enabledMenuItems: []
11:30:19.427 [FXGL Background Thread 3 ] DEBUG Engine               - engineServices: [class com.almasb.fxgl.app.services.FXGLAssetLoaderService, class com.almasb.fxgl.app.FXGLApplication$GameApplicationService, class com.almasb.fxgl.app.services.FXGLDialogService, class com.almasb.fxgl.app.services.IOTaskExecutorService, class com.almasb.fxgl.io.FileSystemService, class com.almasb.fxgl.localization.LocalizationService, class com.almasb.fxgl.app.services.SystemBundleService, class com.almasb.fxgl.profile.SaveLoadService, class com.almasb.fxgl.ui.FXGLUIFactoryServiceProvider, class com.almasb.fxgl.ui.FXGLDialogFactoryServiceProvider, class com.almasb.fxgl.audio.AudioPlayer, class com.almasb.fxgl.notification.impl.NotificationServiceProvider, class com.almasb.fxgl.achievement.AchievementService, class com.almasb.fxgl.cutscene.CutsceneService, class com.almasb.fxgl.minigames.MiniGameService, class com.almasb.fxgl.net.NetService, class com.almasb.fxgl.app.services.UpdaterService, class com.almasb.fxgl.dev.DevService]
11:30:19.427 [FXGL Background Thread 3 ] DEBUG Engine               - fontGame: Abel-Regular.ttf
11:30:19.427 [FXGL Background Thread 3 ] DEBUG Engine               - fontMono: TerminalLandMono-Regular.otf
11:30:19.427 [FXGL Background Thread 3 ] DEBUG Engine               - fontSizeScaleUI: 1.0
11:30:19.427 [FXGL Background Thread 3 ] DEBUG Engine               - fontText: Courier-Prime.ttf
11:30:19.427 [FXGL Background Thread 3 ] DEBUG Engine               - fontUI: VarelaRound-Regular.ttf
11:30:19.428 [FXGL Background Thread 3 ] DEBUG Engine               - fullScreen: BooleanProperty [value: false]
11:30:19.428 [FXGL Background Thread 3 ] DEBUG Engine               - gameDifficulty: MEDIUM
11:30:19.428 [FXGL Background Thread 3 ] DEBUG Engine               - gameDifficultyProperty: ObjectProperty [value: MEDIUM]
11:30:19.428 [FXGL Background Thread 3 ] DEBUG Engine               - globalMusicVolume: 0.5
11:30:19.428 [FXGL Background Thread 3 ] DEBUG Engine               - globalMusicVolumeProperty: DoubleProperty [value: 0.5]
11:30:19.428 [FXGL Background Thread 3 ] DEBUG Engine               - globalSoundVolume: 0.5
11:30:19.428 [FXGL Background Thread 3 ] DEBUG Engine               - globalSoundVolumeProperty: DoubleProperty [value: 0.5]
11:30:19.428 [FXGL Background Thread 3 ] DEBUG Engine               - height: 720
11:30:19.428 [FXGL Background Thread 3 ] DEBUG Engine               - is3D: false
11:30:19.428 [FXGL Background Thread 3 ] DEBUG Engine               - isAndroid: false
11:30:19.428 [FXGL Background Thread 3 ] DEBUG Engine               - isBrowser: false
11:30:19.429 [FXGL Background Thread 3 ] DEBUG Engine               - isClickFeedbackEnabled: false
11:30:19.429 [FXGL Background Thread 3 ] DEBUG Engine               - isCloseConfirmation: false
11:30:19.429 [FXGL Background Thread 3 ] DEBUG Engine               - isDesktop: true
11:30:19.429 [FXGL Background Thread 3 ] DEBUG Engine               - isDeveloperMenuEnabled: false
11:30:19.429 [FXGL Background Thread 3 ] DEBUG Engine               - isEmbedded: false
11:30:19.429 [FXGL Background Thread 3 ] DEBUG Engine               - isEntityPreloadEnabled: true
11:30:19.429 [FXGL Background Thread 3 ] DEBUG Engine               - isExperimentalTiledLargeMap: false
11:30:19.429 [FXGL Background Thread 3 ] DEBUG Engine               - isFileSystemWriteAllowed: true
11:30:19.429 [FXGL Background Thread 3 ] DEBUG Engine               - isFullScreenAllowed: false
11:30:19.429 [FXGL Background Thread 3 ] DEBUG Engine               - isFullScreenFromStart: false
11:30:19.429 [FXGL Background Thread 3 ] DEBUG Engine               - isGameMenuEnabled: true
11:30:19.429 [FXGL Background Thread 3 ] DEBUG Engine               - isIOS: false
11:30:19.429 [FXGL Background Thread 3 ] DEBUG Engine               - isIntroEnabled: false
11:30:19.429 [FXGL Background Thread 3 ] DEBUG Engine               - isLinux: false
11:30:19.429 [FXGL Background Thread 3 ] DEBUG Engine               - isMac: false
11:30:19.429 [FXGL Background Thread 3 ] DEBUG Engine               - isMainMenuEnabled: false
11:30:19.429 [FXGL Background Thread 3 ] DEBUG Engine               - isManualResizeEnabled: false
11:30:19.429 [FXGL Background Thread 3 ] DEBUG Engine               - isMobile: false
11:30:19.429 [FXGL Background Thread 3 ] DEBUG Engine               - isNative: false
11:30:19.429 [FXGL Background Thread 3 ] DEBUG Engine               - isPauseMusicWhenMinimized: true
11:30:19.429 [FXGL Background Thread 3 ] DEBUG Engine               - isPreserveResizeRatio: false
11:30:19.429 [FXGL Background Thread 3 ] DEBUG Engine               - isProfilingEnabled: false
11:30:19.429 [FXGL Background Thread 3 ] DEBUG Engine               - isScaleAffectedOnResize: true
11:30:19.429 [FXGL Background Thread 3 ] DEBUG Engine               - isSingleStep: false
11:30:19.429 [FXGL Background Thread 3 ] DEBUG Engine               - isUserProfileEnabled: false
11:30:19.429 [FXGL Background Thread 3 ] DEBUG Engine               - isWindows: true
11:30:19.429 [FXGL Background Thread 3 ] DEBUG Engine               - language: ObjectProperty [value: ENGLISH]
11:30:19.429 [FXGL Background Thread 3 ] DEBUG Engine               - menuKey: ESCAPE
11:30:19.430 [FXGL Background Thread 3 ] DEBUG Engine               - mouseSensitivity: 0.2
11:30:19.430 [FXGL Background Thread 3 ] DEBUG Engine               - notificationViewClass: class com.almasb.fxgl.notification.view.XboxNotificationView
11:30:19.430 [FXGL Background Thread 3 ] DEBUG Engine               - pixelsPerMeter: 50.0
11:30:19.430 [FXGL Background Thread 3 ] DEBUG Engine               - platform: WINDOWS
11:30:19.430 [FXGL Background Thread 3 ] DEBUG Engine               - prefHeightProperty: ReadOnlyDoubleProperty [value: 720.0]
11:30:19.430 [FXGL Background Thread 3 ] DEBUG Engine               - prefWidthProperty: ReadOnlyDoubleProperty [value: 1280.0]
11:30:19.430 [FXGL Background Thread 3 ] DEBUG Engine               - profileDir: profiles/
11:30:19.430 [FXGL Background Thread 3 ] DEBUG Engine               - profileName: StringProperty [value: DEFAULT]
11:30:19.430 [FXGL Background Thread 3 ] DEBUG Engine               - randomSeed: -1
11:30:19.430 [FXGL Background Thread 3 ] DEBUG Engine               - runtimeInfo: RuntimeInfo(platform=WINDOWS, version=17.3, build=30.03.2023 11.49)
11:30:19.431 [FXGL Background Thread 3 ] DEBUG Engine               - saveFileExt: sav
11:30:19.431 [FXGL Background Thread 3 ] DEBUG Engine               - scaledHeightProp$fxgl: DoubleProperty [bound, value: 720.0]
11:30:19.431 [FXGL Background Thread 3 ] DEBUG Engine               - scaledWidthProp$fxgl: DoubleProperty [bound, value: 1280.0]
11:30:19.431 [FXGL Background Thread 3 ] DEBUG Engine               - sceneFactory: com.almasb.fxgl.app.scene.SceneFactory@12a8f04a
11:30:19.431 [FXGL Background Thread 3 ] DEBUG Engine               - secondsIn24h: 60
11:30:19.431 [FXGL Background Thread 3 ] DEBUG Engine               - soundMenuBack: menu/back.wav
11:30:19.431 [FXGL Background Thread 3 ] DEBUG Engine               - soundMenuPress: menu/press.wav
11:30:19.431 [FXGL Background Thread 3 ] DEBUG Engine               - soundMenuSelect: menu/select.wav
11:30:19.431 [FXGL Background Thread 3 ] DEBUG Engine               - soundNotification: core/notification.wav
11:30:19.431 [FXGL Background Thread 3 ] DEBUG Engine               - stageStyle: DECORATED
11:30:19.431 [FXGL Background Thread 3 ] DEBUG Engine               - supportedLanguages: [ENGLISH, FRENCH, GERMAN, HUNGARIAN, RUSSIAN]
11:30:19.431 [FXGL Background Thread 3 ] DEBUG Engine               - ticksPerSecond: 120
11:30:19.431 [FXGL Background Thread 3 ] DEBUG Engine               - title: Survivor Game
11:30:19.431 [FXGL Background Thread 3 ] DEBUG Engine               - urlGithub: https://github.com/AlmasB/FXGL
11:30:19.431 [FXGL Background Thread 3 ] DEBUG Engine               - urlLeaderboard: http://fxgl-top.herokuapp.com/
11:30:19.431 [FXGL Background Thread 3 ] DEBUG Engine               - urlPOM: https://raw.githubusercontent.com/AlmasB/FXGL/release/README.md
11:30:19.431 [FXGL Background Thread 3 ] DEBUG Engine               - userAppClass: class com.survivor.main.GameApp
11:30:19.431 [FXGL Background Thread 3 ] DEBUG Engine               - version: 1.0
11:30:19.431 [FXGL Background Thread 3 ] DEBUG Engine               - versionCheckDays: 7
11:30:19.431 [FXGL Background Thread 3 ] DEBUG Engine               - width: 1280
11:30:19.431 [FXGL Background Thread 3 ] DEBUG Engine               - Logging services
11:30:19.431 [FXGL Background Thread 3 ] DEBUG Engine               - class com.almasb.fxgl.app.services.FXGLAssetLoaderService
11:30:19.431 [FXGL Background Thread 3 ] DEBUG Engine               - class com.almasb.fxgl.app.FXGLApplication$GameApplicationService
11:30:19.431 [FXGL Background Thread 3 ] DEBUG Engine               - class com.almasb.fxgl.app.services.FXGLDialogService
11:30:19.431 [FXGL Background Thread 3 ] DEBUG Engine               - class com.almasb.fxgl.app.services.IOTaskExecutorService
11:30:19.431 [FXGL Background Thread 3 ] DEBUG Engine               - class com.almasb.fxgl.io.FileSystemService
11:30:19.431 [FXGL Background Thread 3 ] DEBUG Engine               - class com.almasb.fxgl.localization.LocalizationService
11:30:19.431 [FXGL Background Thread 3 ] DEBUG Engine               - class com.almasb.fxgl.app.services.SystemBundleService
11:30:19.432 [FXGL Background Thread 3 ] DEBUG Engine               - class com.almasb.fxgl.profile.SaveLoadService
11:30:19.432 [FXGL Background Thread 3 ] DEBUG Engine               - class com.almasb.fxgl.ui.FXGLUIFactoryServiceProvider
11:30:19.432 [FXGL Background Thread 3 ] DEBUG Engine               - class com.almasb.fxgl.ui.FXGLDialogFactoryServiceProvider
11:30:19.432 [FXGL Background Thread 3 ] DEBUG Engine               - class com.almasb.fxgl.audio.AudioPlayer
11:30:19.432 [FXGL Background Thread 3 ] DEBUG Engine               - class com.almasb.fxgl.notification.impl.NotificationServiceProvider
11:30:19.432 [FXGL Background Thread 3 ] DEBUG Engine               - class com.almasb.fxgl.achievement.AchievementService
11:30:19.432 [FXGL Background Thread 3 ] DEBUG Engine               - class com.almasb.fxgl.cutscene.CutsceneService
11:30:19.432 [FXGL Background Thread 3 ] DEBUG Engine               - class com.almasb.fxgl.minigames.MiniGameService
11:30:19.432 [FXGL Background Thread 3 ] DEBUG Engine               - class com.almasb.fxgl.net.NetService
11:30:19.432 [FXGL Background Thread 3 ] DEBUG Engine               - class com.almasb.fxgl.app.services.UpdaterService
11:30:19.432 [FXGL Background Thread 3 ] DEBUG Engine               - class com.almasb.fxgl.dev.DevService
11:30:19.947 [JavaFX Application Thread] DEBUG FXGLAssetLoaderServi - Loading from file system: file:/C:/Users/11706/IdeaProjects/survivior-game3/SurvivorGame/target/classes/assets/textures/enemy.png
11:30:29.286 [JavaFX Application Thread] WARN  TMXLevelLoader       - TiledMap generated from 1.11.2. Supported version: 1.9.0. Some features may not be parsed fully.
11:30:29.338 [JavaFX Application Thread] DEBUG TMXLevelLoader       - Parsed TiledMap: file:/C:/Users/11706/IdeaProjects/survivior-game3/SurvivorGame/target/classes/assets/levels/Bigdongeonmap.tmx
11:30:29.338 [JavaFX Application Thread] DEBUG TMXLevelLoader       - Creating tile layer entities
11:30:29.339 [JavaFX Application Thread] DEBUG TilesetLoader        - Loading view for layer 图块层 1
11:30:29.390 [JavaFX Application Thread] DEBUG TilesetLoader        - Created buffer with size 9600.0x5600.0
11:30:29.452 [JavaFX Application Thread] DEBUG TilesetLoader        - Loading view for layer 图块层 2
11:30:29.501 [JavaFX Application Thread] DEBUG TilesetLoader        - Created buffer with size 9600.0x5600.0
11:30:29.613 [JavaFX Application Thread] DEBUG TMXLevelLoader       - Creating object layer entities
11:30:29.650 [JavaFX Application Thread] DEBUG GameWorld            - Clearing removable entities
11:30:29.666 [JavaFX Application Thread] DEBUG GameWorld            - Setting level: com.almasb.fxgl.entity.level.Level@2bb62544
12:12:42.337 [JavaFX Application Thread] DEBUG FXGLApplication      - Exiting FXGL
12:12:42.337 [JavaFX Application Thread] DEBUG LoopRunner           - Stopping loop
12:12:42.337 [JavaFX Application Thread] DEBUG SystemBundleService  - Saving FXGL system data
12:12:42.339 [JavaFX Application Thread] DEBUG FileSystemAccess     - Writing to: C:\Users\11706\IdeaProjects\survivior-game3\system\fxgl.bundle
12:12:42.339 [JavaFX Application Thread] DEBUG Async                - Shutting down background threads
12:12:42.339 [JavaFX Application Thread] DEBUG PrimaryStageWindow   - Closing main window
12:12:42.371 [JavaFX Application Thread] DEBUG Logger               - Closing Logger
