08:39:23.796 [main                     ] DEBUG Logger               - Configured Logger
08:39:23.814 [main                     ] DEBUG GameApplication      - Logging settings
Title: Survivor Game
Version: 1.0
Width: 1280
Height: 720
Fullscreen: false
Intro: false
Profiling: false
Single step:false
App Mode: DEVELOPER
Menu Key: ESCAPE
Stage Style: DECORATED
Scene Factory: class com.almasb.fxgl.app.scene.SceneFactory

08:39:24.189 [JavaFX Application Thread] DEBUG FXGLApplication      - Initializing FXGL
08:39:24.192 [JavaFX Application Thread] INFO  Engine               - FXGL-17.3 (30.03.2023 11.49) on WINDOWS (J:17.0.16 FX:20)
08:39:24.193 [JavaFX Application Thread] DEBUG Engine               - JRE Vendor Name: Microsoft
08:39:24.193 [JavaFX Application Thread] DEBUG Engine               - Running on OS: Windows 11 version 10.0
08:39:24.193 [JavaFX Application Thread] DEBUG Engine               - Architecture: amd64
08:39:24.193 [JavaFX Application Thread] INFO  Engine               - Source code and latest versions at: https://github.com/AlmasB/FXGL
08:39:24.193 [JavaFX Application Thread] INFO  Engine               -       Ask questions and discuss at: https://github.com/AlmasB/FXGL/discussions
08:39:24.193 [JavaFX Application Thread] INFO  Engine               -              Join the FXGL chat at: https://gitter.im/AlmasB/FXGL
08:39:24.255 [JavaFX Application Thread] DEBUG PrimaryStageWindow   - Creating a JavaFX scene
08:39:24.280 [JavaFX Application Thread] DEBUG PrimaryStageWindow   - Target settings size: 1280.0 x 720.0
08:39:24.281 [JavaFX Application Thread] DEBUG PrimaryStageWindow   - Scaled scene size:    1280.0 x 720.0
08:39:24.281 [JavaFX Application Thread] DEBUG PrimaryStageWindow   - Scaled ratio: (1.0, 1.0)
08:39:24.282 [JavaFX Application Thread] DEBUG PrimaryStageWindow   - Set initial scene to FXGLStartupScene
08:39:24.284 [JavaFX Application Thread] DEBUG PrimaryStageWindow   - Opening main window
08:39:24.328 [JavaFX Application Thread] DEBUG PrimaryStageWindow   - Window border size: (14.6666259765625, 37.33331298828125)
08:39:24.328 [JavaFX Application Thread] DEBUG PrimaryStageWindow   - Scaled size: 1280.0 x 720.0
08:39:24.328 [JavaFX Application Thread] DEBUG PrimaryStageWindow   - Scaled ratio: (1.0, 1.0)
08:39:24.330 [JavaFX Application Thread] DEBUG PrimaryStageWindow   - Scene size: 1280.0 x 720.0
08:39:24.330 [JavaFX Application Thread] DEBUG PrimaryStageWindow   - Stage size: 1294.6666259765625 x 757.3333129882812
08:39:24.332 [FXGL Background Thread 1 ] DEBUG Engine               - Initializing environment variables
08:39:24.350 [FXGL Background Thread 1 ] DEBUG FXGLAssetLoaderServi - User app class for loading assets: class com.survivor.main.GameApp
08:39:24.351 [FXGL Background Thread 1 ] DEBUG GameApplicationServi - Applying CSS: fxgl_dark.css
08:39:24.351 [FXGL Background Thread 1 ] DEBUG FXGLAssetLoaderServi - Loading from file system: jar:file:/C:/Users/zrj/.m2/repository/com/github/almasb/fxgl/17.3/fxgl-17.3.jar!/fxglassets/ui/css/fxgl_dark.css
08:39:24.376 [FXGL Background Thread 1 ] DEBUG GameApplicationServi - Initializing application scenes
08:39:24.421 [FXGL Background Thread 1 ] DEBUG GameWorld            - Game world initialized
08:39:24.450 [FXGL Background Thread 1 ] DEBUG PhysicsWorld         - Physics world initialized: appHeight=720, physics.ppm=50.0
08:39:24.450 [FXGL Background Thread 1 ] DEBUG PhysicsWorld         - Using strategy: BRUTE_FORCE
08:39:24.453 [FXGL Background Thread 1 ] DEBUG GameScene            - Game scene initialized: 1280x720
08:39:24.461 [FXGL Background Thread 1 ] DEBUG FXGL.DefaultMenu     - createMenuBodyGameMenu()
08:39:24.470 [FXGL Background Thread 1 ] DEBUG FXGL.DefaultMenu     - createOptionsMenu()
08:39:24.476 [FXGL Background Thread 1 ] DEBUG FXGLAssetLoaderServi - Loading from file system: jar:file:/C:/Users/zrj/.m2/repository/com/github/almasb/fxgl/17.3/fxgl-17.3.jar!/fxglassets/textures/particles/smoke.png
08:39:24.533 [FXGL Background Thread 1 ] DEBUG FXGLAssetLoaderServi - Loading from file system: jar:file:/C:/Users/zrj/.m2/repository/com/github/almasb/fxgl/17.3/fxgl-17.3.jar!/fxglassets/textures/particles/trace_horizontal.png
08:39:24.554 [FXGL Background Thread 1 ] DEBUG GameApplicationServi - Application scenes initialized
08:39:24.571 [FXGL Background Thread 1 ] DEBUG SystemBundleService  - Loading default FXGL system data
08:39:24.571 [FXGL Background Thread 1 ] DEBUG UpdaterService       - Checking for updates
08:39:24.573 [FXGL Background Thread 4 ] DEBUG FXGLApplication      - Loading fonts
08:39:24.574 [FXGL Background Thread 4 ] DEBUG FXGLAssetLoaderServi - Loading from file system: jar:file:/C:/Users/zrj/.m2/repository/com/github/almasb/fxgl/17.3/fxgl-17.3.jar!/fxglassets/ui/fonts/VarelaRound-Regular.ttf
08:39:24.574 [FXGL Background Thread 1 ] DEBUG FXGLApplication      - Loading default localization
08:39:24.575 [FXGL Background Thread 1 ] DEBUG FXGLAssetLoaderServi - Loading from file system: jar:file:/C:/Users/zrj/.m2/repository/com/github/almasb/fxgl/17.3/fxgl-17.3.jar!/fxglassets/languages/english.lang
08:39:24.587 [FXGL Background Thread 4 ] DEBUG FXGLAssetLoaderServi - Loading from file system: jar:file:/C:/Users/zrj/.m2/repository/com/github/almasb/fxgl/17.3/fxgl-17.3.jar!/fxglassets/ui/fonts/Abel-Regular.ttf
08:39:24.592 [FXGL Background Thread 1 ] INFO  FXGLApplication      - FXGL initialization took: 0.259 sec
08:39:24.594 [JavaFX Application Thread] DEBUG FXGLAssetLoaderServi - Loading from file system: file:/D:/javaproject/survivior-game5/SurvivorGame/target/classes/assets/textures/icon.png
08:39:24.595 [FXGL Background Thread 4 ] DEBUG FXGLAssetLoaderServi - Loading from file system: jar:file:/C:/Users/zrj/.m2/repository/com/github/almasb/fxgl/17.3/fxgl-17.3.jar!/fxglassets/ui/fonts/TerminalLandMono-Regular.otf
08:39:24.599 [JavaFX Application Thread] DEBUG FXGLAssetLoaderServi - Loading from file system: jar:file:/C:/Users/zrj/.m2/repository/com/github/almasb/fxgl/17.3/fxgl-17.3.jar!/fxglassets/textures/fxgl_default_cursor.png
08:39:24.603 [FXGL Background Thread 4 ] DEBUG FXGLAssetLoaderServi - Loading from file system: jar:file:/C:/Users/zrj/.m2/repository/com/github/almasb/fxgl/17.3/fxgl-17.3.jar!/fxglassets/ui/fonts/Courier-Prime.ttf
08:39:24.613 [JavaFX Application Thread] DEBUG Input                - Registered new binding: Screenshot - CTRL+8
08:39:24.613 [JavaFX Application Thread] DEBUG Input                - Registered new binding: System info dump - CTRL+9
08:39:24.615 [JavaFX Application Thread] DEBUG Input                - Registered new binding: Restart - CTRL+R
08:39:24.616 [JavaFX Application Thread] DEBUG Input                - Registered new binding: Toggle Debug Camera - CTRL+7
08:39:24.619 [JavaFX Application Thread] DEBUG LoopRunner           - Starting loop
08:39:24.620 [JavaFX Application Thread] DEBUG LoopRunner           - Initializing ScheduledExecutorLoop with fps: 120
08:39:24.621 [JavaFX Application Thread] DEBUG GameApplicationServi - Starting new game
08:39:24.622 [JavaFX Application Thread] DEBUG Input                - Clearing active input actions
08:39:24.633 [JavaFX Application Thread] DEBUG GameApplicationServi - Removing overlay from FXGLStartupScene and adding to FXGLLoadingScene
08:39:24.633 [JavaFX Application Thread] DEBUG PrimaryStageWindow   - FXGLStartupScene -> FXGLLoadingScene
08:39:24.633 [JavaFX Application Thread] DEBUG GameApplicationServi - Clearing previous game
08:39:24.634 [JavaFX Application Thread] DEBUG GameScene            - Clearing game scene
08:39:24.634 [JavaFX Application Thread] DEBUG GameWorld            - Clearing game world
08:39:24.634 [JavaFX Application Thread] DEBUG PhysicsWorld         - Clearing physics world
08:39:24.635 [FXGL Background Thread 4 ] DEBUG FXGLApplication      - Initializing game
08:39:24.635 [JavaFX Application Thread] DEBUG FXGLApplication      - Registering font factories with UI factory
08:39:25.025 [FXGL Background Thread 2 ] INFO  UpdaterService       - Your current version:  17.3
08:39:25.025 [FXGL Background Thread 2 ] INFO  UpdaterService       - Latest stable version: 21.1
08:39:25.061 [FXGL Background Thread 4 ] WARN  TMXLevelLoader       - TiledMap generated from 1.11.2. Supported version: 1.9.0. Some features may not be parsed fully.
08:39:25.144 [FXGL Background Thread 4 ] DEBUG TMXLevelLoader       - Parsed TiledMap: file:/D:/javaproject/survivior-game5/SurvivorGame/target/classes/assets/levels/Bigdongeonmap.tmx
08:39:25.146 [FXGL Background Thread 4 ] DEBUG TMXLevelLoader       - Creating tile layer entities
08:39:25.149 [FXGL Background Thread 4 ] DEBUG TilesetLoader        - Loading view for layer 图块层 1
08:39:25.191 [FXGL Background Thread 4 ] DEBUG TilesetLoader        - Created buffer with size 9600.0x5600.0
08:39:25.268 [FXGL Background Thread 4 ] DEBUG TilesetLoader        - Loading view for layer 图块层 2
08:39:25.310 [FXGL Background Thread 4 ] DEBUG TilesetLoader        - Created buffer with size 9600.0x5600.0
08:39:25.389 [FXGL Background Thread 4 ] DEBUG TMXLevelLoader       - Creating object layer entities
08:39:25.457 [FXGL Background Thread 4 ] DEBUG GameWorld            - Clearing removable entities
08:39:25.457 [FXGL Background Thread 4 ] DEBUG GameWorld            - Setting level: com.almasb.fxgl.entity.level.Level@189fd3db
08:39:25.485 [FXGL Background Thread 4 ] DEBUG Input                - Registered new binding: Move Up - W
08:39:25.486 [FXGL Background Thread 4 ] DEBUG Input                - Registered new binding: Move Down - S
08:39:25.486 [FXGL Background Thread 4 ] DEBUG Input                - Registered new binding: Move Left - A
08:39:25.486 [FXGL Background Thread 4 ] DEBUG Input                - Registered new binding: Move Right - D
08:39:25.486 [FXGL Background Thread 4 ] DEBUG Input                - Registered new binding: AttackLeft - J
08:39:25.486 [FXGL Background Thread 4 ] DEBUG Input                - Registered new binding: AttackRight - K
08:39:25.486 [FXGL Background Thread 4 ] DEBUG Input                - Registered new binding: Dash - L
08:39:25.491 [FXGL Background Thread 4 ] DEBUG FXGLAssetLoaderServi - Loading from file system: file:/D:/javaproject/survivior-game5/SurvivorGame/target/classes/assets/textures/Idle.png
08:39:25.495 [FXGL Background Thread 4 ] DEBUG FXGLAssetLoaderServi - Loading from file system: file:/D:/javaproject/survivior-game5/SurvivorGame/target/classes/assets/textures/Run.png
08:39:25.496 [FXGL Background Thread 4 ] DEBUG FXGLAssetLoaderServi - Loading from file system: file:/D:/javaproject/survivior-game5/SurvivorGame/target/classes/assets/textures/Attack3.png
08:39:25.502 [FXGL Background Thread 4 ] INFO  FXGLApplication      - Game initialization took: 0.867 sec
08:39:25.502 [JavaFX Application Thread] DEBUG Input                - Clearing active input actions
08:39:25.514 [JavaFX Application Thread] DEBUG GameApplicationServi - Removing overlay from FXGLLoadingScene and adding to GameScene
08:39:25.515 [JavaFX Application Thread] DEBUG PrimaryStageWindow   - FXGLLoadingScene -> GameScene
08:39:27.207 [JavaFX Application Thread] DEBUG FXGLAssetLoaderServi - Loading from file system: file:/D:/javaproject/survivior-game5/SurvivorGame/target/classes/assets/textures/enemy.png
08:39:27.573 [FXGL Background Thread 3 ] DEBUG Engine               - Logging environment variables
08:39:27.573 [FXGL Background Thread 3 ] DEBUG Engine               - achievements: []
08:39:27.573 [FXGL Background Thread 3 ] DEBUG Engine               - actualHeight: 720.0
08:39:27.573 [FXGL Background Thread 3 ] DEBUG Engine               - actualHeightProperty: ReadOnlyDoubleProperty [value: 720.0]
08:39:27.573 [FXGL Background Thread 3 ] DEBUG Engine               - actualWidth: 1280.0
08:39:27.573 [FXGL Background Thread 3 ] DEBUG Engine               - actualWidthProperty: ReadOnlyDoubleProperty [value: 1280.0]
08:39:27.573 [FXGL Background Thread 3 ] DEBUG Engine               - appIcon: icon.png
08:39:27.574 [FXGL Background Thread 3 ] DEBUG Engine               - applicationMode: DEVELOPER
08:39:27.574 [FXGL Background Thread 3 ] DEBUG Engine               - cSSList: [fxgl_dark.css]
08:39:27.574 [FXGL Background Thread 3 ] DEBUG Engine               - collisionDetectionStrategy: BRUTE_FORCE
08:39:27.574 [FXGL Background Thread 3 ] DEBUG Engine               - configClass: Optional.empty
08:39:27.574 [FXGL Background Thread 3 ] DEBUG Engine               - credits: []
08:39:27.577 [FXGL Background Thread 3 ] DEBUG Engine               - defaultCursor: CursorInfo(imageName=fxgl_default_cursor.png, hotspotX=7.0, hotspotY=6.0)
08:39:27.577 [FXGL Background Thread 3 ] DEBUG Engine               - devBBoxColorProperty: ObjectProperty [value: 0xff0000ff]
08:39:27.577 [FXGL Background Thread 3 ] DEBUG Engine               - devEnableDebugCameraProperty: BooleanProperty [value: false]
08:39:27.577 [FXGL Background Thread 3 ] DEBUG Engine               - devSensorColorProperty: ObjectProperty [value: 0xffff00ff]
08:39:27.577 [FXGL Background Thread 3 ] DEBUG Engine               - devShowBBoxProperty: BooleanProperty [value: false]
08:39:27.577 [FXGL Background Thread 3 ] DEBUG Engine               - devShowPositionProperty: BooleanProperty [value: false]
08:39:27.577 [FXGL Background Thread 3 ] DEBUG Engine               - enabledMenuItems: []
08:39:27.578 [FXGL Background Thread 3 ] DEBUG Engine               - engineServices: [class com.almasb.fxgl.app.services.FXGLAssetLoaderService, class com.almasb.fxgl.app.FXGLApplication$GameApplicationService, class com.almasb.fxgl.app.services.FXGLDialogService, class com.almasb.fxgl.app.services.IOTaskExecutorService, class com.almasb.fxgl.io.FileSystemService, class com.almasb.fxgl.localization.LocalizationService, class com.almasb.fxgl.app.services.SystemBundleService, class com.almasb.fxgl.profile.SaveLoadService, class com.almasb.fxgl.ui.FXGLUIFactoryServiceProvider, class com.almasb.fxgl.ui.FXGLDialogFactoryServiceProvider, class com.almasb.fxgl.audio.AudioPlayer, class com.almasb.fxgl.notification.impl.NotificationServiceProvider, class com.almasb.fxgl.achievement.AchievementService, class com.almasb.fxgl.cutscene.CutsceneService, class com.almasb.fxgl.minigames.MiniGameService, class com.almasb.fxgl.net.NetService, class com.almasb.fxgl.app.services.UpdaterService, class com.almasb.fxgl.dev.DevService]
08:39:27.578 [FXGL Background Thread 3 ] DEBUG Engine               - fontGame: Abel-Regular.ttf
08:39:27.578 [FXGL Background Thread 3 ] DEBUG Engine               - fontMono: TerminalLandMono-Regular.otf
08:39:27.578 [FXGL Background Thread 3 ] DEBUG Engine               - fontSizeScaleUI: 1.0
08:39:27.578 [FXGL Background Thread 3 ] DEBUG Engine               - fontText: Courier-Prime.ttf
08:39:27.578 [FXGL Background Thread 3 ] DEBUG Engine               - fontUI: VarelaRound-Regular.ttf
08:39:27.578 [FXGL Background Thread 3 ] DEBUG Engine               - fullScreen: BooleanProperty [value: false]
08:39:27.578 [FXGL Background Thread 3 ] DEBUG Engine               - gameDifficulty: MEDIUM
08:39:27.578 [FXGL Background Thread 3 ] DEBUG Engine               - gameDifficultyProperty: ObjectProperty [value: MEDIUM]
08:39:27.578 [FXGL Background Thread 3 ] DEBUG Engine               - globalMusicVolume: 0.5
08:39:27.578 [FXGL Background Thread 3 ] DEBUG Engine               - globalMusicVolumeProperty: DoubleProperty [value: 0.5]
08:39:27.578 [FXGL Background Thread 3 ] DEBUG Engine               - globalSoundVolume: 0.5
08:39:27.578 [FXGL Background Thread 3 ] DEBUG Engine               - globalSoundVolumeProperty: DoubleProperty [value: 0.5]
08:39:27.578 [FXGL Background Thread 3 ] DEBUG Engine               - height: 720
08:39:27.578 [FXGL Background Thread 3 ] DEBUG Engine               - is3D: false
08:39:27.578 [FXGL Background Thread 3 ] DEBUG Engine               - isAndroid: false
08:39:27.578 [FXGL Background Thread 3 ] DEBUG Engine               - isBrowser: false
08:39:27.578 [FXGL Background Thread 3 ] DEBUG Engine               - isClickFeedbackEnabled: false
08:39:27.579 [FXGL Background Thread 3 ] DEBUG Engine               - isCloseConfirmation: false
08:39:27.579 [FXGL Background Thread 3 ] DEBUG Engine               - isDesktop: true
08:39:27.579 [FXGL Background Thread 3 ] DEBUG Engine               - isDeveloperMenuEnabled: false
08:39:27.579 [FXGL Background Thread 3 ] DEBUG Engine               - isEmbedded: false
08:39:27.579 [FXGL Background Thread 3 ] DEBUG Engine               - isEntityPreloadEnabled: true
08:39:27.579 [FXGL Background Thread 3 ] DEBUG Engine               - isExperimentalTiledLargeMap: false
08:39:27.579 [FXGL Background Thread 3 ] DEBUG Engine               - isFileSystemWriteAllowed: true
08:39:27.579 [FXGL Background Thread 3 ] DEBUG Engine               - isFullScreenAllowed: false
08:39:27.579 [FXGL Background Thread 3 ] DEBUG Engine               - isFullScreenFromStart: false
08:39:27.579 [FXGL Background Thread 3 ] DEBUG Engine               - isGameMenuEnabled: true
08:39:27.579 [FXGL Background Thread 3 ] DEBUG Engine               - isIOS: false
08:39:27.579 [FXGL Background Thread 3 ] DEBUG Engine               - isIntroEnabled: false
08:39:27.579 [FXGL Background Thread 3 ] DEBUG Engine               - isLinux: false
08:39:27.579 [FXGL Background Thread 3 ] DEBUG Engine               - isMac: false
08:39:27.579 [FXGL Background Thread 3 ] DEBUG Engine               - isMainMenuEnabled: false
08:39:27.579 [FXGL Background Thread 3 ] DEBUG Engine               - isManualResizeEnabled: false
08:39:27.579 [FXGL Background Thread 3 ] DEBUG Engine               - isMobile: false
08:39:27.579 [FXGL Background Thread 3 ] DEBUG Engine               - isNative: false
08:39:27.579 [FXGL Background Thread 3 ] DEBUG Engine               - isPauseMusicWhenMinimized: true
08:39:27.579 [FXGL Background Thread 3 ] DEBUG Engine               - isPreserveResizeRatio: false
08:39:27.579 [FXGL Background Thread 3 ] DEBUG Engine               - isProfilingEnabled: false
08:39:27.579 [FXGL Background Thread 3 ] DEBUG Engine               - isScaleAffectedOnResize: true
08:39:27.579 [FXGL Background Thread 3 ] DEBUG Engine               - isSingleStep: false
08:39:27.579 [FXGL Background Thread 3 ] DEBUG Engine               - isUserProfileEnabled: false
08:39:27.579 [FXGL Background Thread 3 ] DEBUG Engine               - isWindows: true
08:39:27.579 [FXGL Background Thread 3 ] DEBUG Engine               - language: ObjectProperty [value: ENGLISH]
08:39:27.579 [FXGL Background Thread 3 ] DEBUG Engine               - menuKey: ESCAPE
08:39:27.579 [FXGL Background Thread 3 ] DEBUG Engine               - mouseSensitivity: 0.2
08:39:27.580 [FXGL Background Thread 3 ] DEBUG Engine               - notificationViewClass: class com.almasb.fxgl.notification.view.XboxNotificationView
08:39:27.580 [FXGL Background Thread 3 ] DEBUG Engine               - pixelsPerMeter: 50.0
08:39:27.580 [FXGL Background Thread 3 ] DEBUG Engine               - platform: WINDOWS
08:39:27.580 [FXGL Background Thread 3 ] DEBUG Engine               - prefHeightProperty: ReadOnlyDoubleProperty [value: 720.0]
08:39:27.580 [FXGL Background Thread 3 ] DEBUG Engine               - prefWidthProperty: ReadOnlyDoubleProperty [value: 1280.0]
08:39:27.580 [FXGL Background Thread 3 ] DEBUG Engine               - profileDir: profiles/
08:39:27.580 [FXGL Background Thread 3 ] DEBUG Engine               - profileName: StringProperty [value: DEFAULT]
08:39:27.580 [FXGL Background Thread 3 ] DEBUG Engine               - randomSeed: -1
08:39:27.580 [FXGL Background Thread 3 ] DEBUG Engine               - runtimeInfo: RuntimeInfo(platform=WINDOWS, version=17.3, build=30.03.2023 11.49)
08:39:27.580 [FXGL Background Thread 3 ] DEBUG Engine               - saveFileExt: sav
08:39:27.580 [FXGL Background Thread 3 ] DEBUG Engine               - scaledHeightProp$fxgl: DoubleProperty [bound, value: 720.0]
08:39:27.580 [FXGL Background Thread 3 ] DEBUG Engine               - scaledWidthProp$fxgl: DoubleProperty [bound, value: 1280.0]
08:39:27.580 [FXGL Background Thread 3 ] DEBUG Engine               - sceneFactory: com.almasb.fxgl.app.scene.SceneFactory@6d33a4e8
08:39:27.580 [FXGL Background Thread 3 ] DEBUG Engine               - secondsIn24h: 60
08:39:27.580 [FXGL Background Thread 3 ] DEBUG Engine               - soundMenuBack: menu/back.wav
08:39:27.580 [FXGL Background Thread 3 ] DEBUG Engine               - soundMenuPress: menu/press.wav
08:39:27.580 [FXGL Background Thread 3 ] DEBUG Engine               - soundMenuSelect: menu/select.wav
08:39:27.580 [FXGL Background Thread 3 ] DEBUG Engine               - soundNotification: core/notification.wav
08:39:27.580 [FXGL Background Thread 3 ] DEBUG Engine               - stageStyle: DECORATED
08:39:27.580 [FXGL Background Thread 3 ] DEBUG Engine               - supportedLanguages: [ENGLISH, FRENCH, GERMAN, HUNGARIAN, RUSSIAN]
08:39:27.580 [FXGL Background Thread 3 ] DEBUG Engine               - ticksPerSecond: 120
08:39:27.580 [FXGL Background Thread 3 ] DEBUG Engine               - title: Survivor Game
08:39:27.580 [FXGL Background Thread 3 ] DEBUG Engine               - urlGithub: https://github.com/AlmasB/FXGL
08:39:27.580 [FXGL Background Thread 3 ] DEBUG Engine               - urlLeaderboard: http://fxgl-top.herokuapp.com/
08:39:27.580 [FXGL Background Thread 3 ] DEBUG Engine               - urlPOM: https://raw.githubusercontent.com/AlmasB/FXGL/release/README.md
08:39:27.580 [FXGL Background Thread 3 ] DEBUG Engine               - userAppClass: class com.survivor.main.GameApp
08:39:27.580 [FXGL Background Thread 3 ] DEBUG Engine               - version: 1.0
08:39:27.580 [FXGL Background Thread 3 ] DEBUG Engine               - versionCheckDays: 7
08:39:27.581 [FXGL Background Thread 3 ] DEBUG Engine               - width: 1280
08:39:27.581 [FXGL Background Thread 3 ] DEBUG Engine               - Logging services
08:39:27.581 [FXGL Background Thread 3 ] DEBUG Engine               - class com.almasb.fxgl.app.services.FXGLAssetLoaderService
08:39:27.581 [FXGL Background Thread 3 ] DEBUG Engine               - class com.almasb.fxgl.app.FXGLApplication$GameApplicationService
08:39:27.581 [FXGL Background Thread 3 ] DEBUG Engine               - class com.almasb.fxgl.app.services.FXGLDialogService
08:39:27.581 [FXGL Background Thread 3 ] DEBUG Engine               - class com.almasb.fxgl.app.services.IOTaskExecutorService
08:39:27.581 [FXGL Background Thread 3 ] DEBUG Engine               - class com.almasb.fxgl.io.FileSystemService
08:39:27.581 [FXGL Background Thread 3 ] DEBUG Engine               - class com.almasb.fxgl.localization.LocalizationService
08:39:27.581 [FXGL Background Thread 3 ] DEBUG Engine               - class com.almasb.fxgl.app.services.SystemBundleService
08:39:27.581 [FXGL Background Thread 3 ] DEBUG Engine               - class com.almasb.fxgl.profile.SaveLoadService
08:39:27.581 [FXGL Background Thread 3 ] DEBUG Engine               - class com.almasb.fxgl.ui.FXGLUIFactoryServiceProvider
08:39:27.581 [FXGL Background Thread 3 ] DEBUG Engine               - class com.almasb.fxgl.ui.FXGLDialogFactoryServiceProvider
08:39:27.581 [FXGL Background Thread 3 ] DEBUG Engine               - class com.almasb.fxgl.audio.AudioPlayer
08:39:27.581 [FXGL Background Thread 3 ] DEBUG Engine               - class com.almasb.fxgl.notification.impl.NotificationServiceProvider
08:39:27.581 [FXGL Background Thread 3 ] DEBUG Engine               - class com.almasb.fxgl.achievement.AchievementService
08:39:27.581 [FXGL Background Thread 3 ] DEBUG Engine               - class com.almasb.fxgl.cutscene.CutsceneService
08:39:27.581 [FXGL Background Thread 3 ] DEBUG Engine               - class com.almasb.fxgl.minigames.MiniGameService
08:39:27.581 [FXGL Background Thread 3 ] DEBUG Engine               - class com.almasb.fxgl.net.NetService
08:39:27.581 [FXGL Background Thread 3 ] DEBUG Engine               - class com.almasb.fxgl.app.services.UpdaterService
08:39:27.581 [FXGL Background Thread 3 ] DEBUG Engine               - class com.almasb.fxgl.dev.DevService
08:39:40.766 [JavaFX Application Thread] DEBUG PrimaryStageWindow   - Push state: FXGLDefaultMenu
08:39:40.767 [JavaFX Application Thread] DEBUG Input                - Clearing active input actions
08:39:40.767 [JavaFX Application Thread] DEBUG GameApplicationServi - Removing overlay from GameScene and adding to FXGLDefaultMenu
08:39:40.767 [JavaFX Application Thread] DEBUG PrimaryStageWindow   - GameScene -> FXGLDefaultMenu
08:39:41.804 [JavaFX Application Thread] DEBUG PrimaryStageWindow   - Pop state: FXGLDefaultMenu
08:39:41.804 [JavaFX Application Thread] DEBUG Input                - Clearing active input actions
08:39:41.805 [JavaFX Application Thread] DEBUG GameApplicationServi - Removing overlay from FXGLDefaultMenu and adding to GameScene
08:39:41.805 [JavaFX Application Thread] DEBUG PrimaryStageWindow   - GameScene <- FXGLDefaultMenu
08:40:02.563 [JavaFX Application Thread] DEBUG FXGLApplication      - Exiting FXGL
08:40:02.563 [JavaFX Application Thread] DEBUG LoopRunner           - Stopping loop
08:40:02.563 [JavaFX Application Thread] DEBUG SystemBundleService  - Saving FXGL system data
08:40:02.565 [JavaFX Application Thread] DEBUG FileSystemAccess     - Writing to: D:\javaproject\survivior-game5\system\fxgl.bundle
08:40:02.567 [JavaFX Application Thread] DEBUG Async                - Shutting down background threads
08:40:02.567 [JavaFX Application Thread] DEBUG PrimaryStageWindow   - Closing main window
08:40:02.578 [JavaFX Application Thread] DEBUG Logger               - Closing Logger
