08:53:06.144 [main                     ] DEBUG Logger               - Configured Logger
08:53:06.160 [main                     ] DEBUG GameApplication      - Logging settings
Title: Survivor Game
Version: 1.0
Width: 1280
Height: 720
Fullscreen: false
Intro: false
Profiling: false
Single step:false
App Mode: DEVELOPER
Menu Key: ESCAPE
Stage Style: DECORATED
Scene Factory: class com.almasb.fxgl.app.scene.SceneFactory

08:53:06.482 [JavaFX Application Thread] DEBUG FXGLApplication      - Initializing FXGL
08:53:06.485 [JavaFX Application Thread] INFO  Engine               - FXGL-17.3 (30.03.2023 11.49) on WINDOWS (J:17.0.16 FX:20)
08:53:06.485 [JavaFX Application Thread] DEBUG Engine               - JRE Vendor Name: Microsoft
08:53:06.487 [JavaFX Application Thread] DEBUG Engine               - Running on OS: Windows 11 version 10.0
08:53:06.487 [JavaFX Application Thread] DEBUG Engine               - Architecture: amd64
08:53:06.487 [JavaFX Application Thread] INFO  Engine               - Source code and latest versions at: https://github.com/AlmasB/FXGL
08:53:06.487 [JavaFX Application Thread] INFO  Engine               -       Ask questions and discuss at: https://github.com/AlmasB/FXGL/discussions
08:53:06.487 [JavaFX Application Thread] INFO  Engine               -              Join the FXGL chat at: https://gitter.im/AlmasB/FXGL
08:53:06.553 [JavaFX Application Thread] DEBUG PrimaryStageWindow   - Creating a JavaFX scene
08:53:06.579 [JavaFX Application Thread] DEBUG PrimaryStageWindow   - Target settings size: 1280.0 x 720.0
08:53:06.579 [JavaFX Application Thread] DEBUG PrimaryStageWindow   - Scaled scene size:    1280.0 x 720.0
08:53:06.580 [JavaFX Application Thread] DEBUG PrimaryStageWindow   - Scaled ratio: (1.0, 1.0)
08:53:06.580 [JavaFX Application Thread] DEBUG PrimaryStageWindow   - Set initial scene to FXGLStartupScene
08:53:06.583 [JavaFX Application Thread] DEBUG PrimaryStageWindow   - Opening main window
08:53:06.635 [JavaFX Application Thread] DEBUG PrimaryStageWindow   - Window border size: (14.6666259765625, 37.33331298828125)
08:53:06.635 [JavaFX Application Thread] DEBUG PrimaryStageWindow   - Scaled size: 1280.0 x 720.0
08:53:06.635 [JavaFX Application Thread] DEBUG PrimaryStageWindow   - Scaled ratio: (1.0, 1.0)
08:53:06.635 [JavaFX Application Thread] DEBUG PrimaryStageWindow   - Scene size: 1280.0 x 720.0
08:53:06.636 [JavaFX Application Thread] DEBUG PrimaryStageWindow   - Stage size: 1294.6666259765625 x 757.3333129882812
08:53:06.640 [FXGL Background Thread 1 ] DEBUG Engine               - Initializing environment variables
08:53:06.660 [FXGL Background Thread 1 ] DEBUG FXGLAssetLoaderServi - User app class for loading assets: class com.survivor.main.GameApp
08:53:06.661 [FXGL Background Thread 1 ] DEBUG GameApplicationServi - Applying CSS: fxgl_dark.css
08:53:06.661 [FXGL Background Thread 1 ] DEBUG FXGLAssetLoaderServi - Loading from file system: jar:file:/C:/Users/zrj/.m2/repository/com/github/almasb/fxgl/17.3/fxgl-17.3.jar!/fxglassets/ui/css/fxgl_dark.css
08:53:06.684 [FXGL Background Thread 1 ] DEBUG GameApplicationServi - Initializing application scenes
08:53:06.724 [FXGL Background Thread 1 ] DEBUG GameWorld            - Game world initialized
08:53:06.756 [FXGL Background Thread 1 ] DEBUG PhysicsWorld         - Physics world initialized: appHeight=720, physics.ppm=50.0
08:53:06.756 [FXGL Background Thread 1 ] DEBUG PhysicsWorld         - Using strategy: BRUTE_FORCE
08:53:06.758 [FXGL Background Thread 1 ] DEBUG GameScene            - Game scene initialized: 1280x720
08:53:06.767 [FXGL Background Thread 1 ] DEBUG FXGL.DefaultMenu     - createMenuBodyGameMenu()
08:53:06.774 [FXGL Background Thread 1 ] DEBUG FXGL.DefaultMenu     - createOptionsMenu()
08:53:06.786 [FXGL Background Thread 1 ] DEBUG FXGLAssetLoaderServi - Loading from file system: jar:file:/C:/Users/zrj/.m2/repository/com/github/almasb/fxgl/17.3/fxgl-17.3.jar!/fxglassets/textures/particles/smoke.png
08:53:06.841 [FXGL Background Thread 1 ] DEBUG FXGLAssetLoaderServi - Loading from file system: jar:file:/C:/Users/zrj/.m2/repository/com/github/almasb/fxgl/17.3/fxgl-17.3.jar!/fxglassets/textures/particles/trace_horizontal.png
08:53:06.860 [FXGL Background Thread 1 ] DEBUG GameApplicationServi - Application scenes initialized
08:53:06.869 [FXGL Background Thread 1 ] DEBUG SystemBundleService  - Loading FXGL system data
08:53:06.871 [FXGL Background Thread 1 ] DEBUG FileSystemAccess     - Reading from: D:\javaproject\survivior-game5\system\fxgl.bundle
08:53:06.877 [FXGL Background Thread 1 ] DEBUG SystemBundleService  - Bundle FXGL: {}
08:53:06.877 [FXGL Background Thread 1 ] DEBUG UpdaterService       - Checking for updates
08:53:06.880 [FXGL Background Thread 4 ] DEBUG FXGLApplication      - Loading fonts
08:53:06.880 [FXGL Background Thread 4 ] DEBUG FXGLAssetLoaderServi - Loading from file system: jar:file:/C:/Users/zrj/.m2/repository/com/github/almasb/fxgl/17.3/fxgl-17.3.jar!/fxglassets/ui/fonts/VarelaRound-Regular.ttf
08:53:06.880 [FXGL Background Thread 1 ] DEBUG FXGLApplication      - Loading default localization
08:53:06.881 [FXGL Background Thread 1 ] DEBUG FXGLAssetLoaderServi - Loading from file system: jar:file:/C:/Users/zrj/.m2/repository/com/github/almasb/fxgl/17.3/fxgl-17.3.jar!/fxglassets/languages/english.lang
08:53:06.902 [FXGL Background Thread 1 ] INFO  FXGLApplication      - FXGL initialization took: 0.262 sec
08:53:06.903 [JavaFX Application Thread] DEBUG FXGLAssetLoaderServi - Loading from file system: file:/D:/javaproject/survivior-game5/SurvivorGame/target/classes/assets/textures/icon.png
08:53:06.909 [JavaFX Application Thread] DEBUG FXGLAssetLoaderServi - Loading from file system: jar:file:/C:/Users/zrj/.m2/repository/com/github/almasb/fxgl/17.3/fxgl-17.3.jar!/fxglassets/textures/fxgl_default_cursor.png
08:53:06.918 [JavaFX Application Thread] DEBUG Input                - Registered new binding: Screenshot - CTRL+8
08:53:06.918 [JavaFX Application Thread] DEBUG Input                - Registered new binding: System info dump - CTRL+9
08:53:06.919 [JavaFX Application Thread] DEBUG Input                - Registered new binding: Restart - CTRL+R
08:53:06.920 [JavaFX Application Thread] DEBUG Input                - Registered new binding: Toggle Debug Camera - CTRL+7
08:53:06.926 [JavaFX Application Thread] DEBUG LoopRunner           - Starting loop
08:53:06.926 [JavaFX Application Thread] DEBUG LoopRunner           - Initializing ScheduledExecutorLoop with fps: 120
08:53:06.929 [JavaFX Application Thread] DEBUG GameApplicationServi - Starting new game
08:53:06.930 [JavaFX Application Thread] DEBUG Input                - Clearing active input actions
08:53:06.940 [JavaFX Application Thread] DEBUG GameApplicationServi - Removing overlay from FXGLStartupScene and adding to FXGLLoadingScene
08:53:06.942 [JavaFX Application Thread] DEBUG PrimaryStageWindow   - FXGLStartupScene -> FXGLLoadingScene
08:53:06.942 [JavaFX Application Thread] DEBUG GameApplicationServi - Clearing previous game
08:53:06.942 [JavaFX Application Thread] DEBUG GameScene            - Clearing game scene
08:53:06.942 [JavaFX Application Thread] DEBUG GameWorld            - Clearing game world
08:53:06.942 [JavaFX Application Thread] DEBUG PhysicsWorld         - Clearing physics world
08:53:06.943 [FXGL Background Thread 4 ] DEBUG FXGLAssetLoaderServi - Loading from file system: jar:file:/C:/Users/zrj/.m2/repository/com/github/almasb/fxgl/17.3/fxgl-17.3.jar!/fxglassets/ui/fonts/Abel-Regular.ttf
08:53:06.943 [FXGL Background Thread 1 ] DEBUG FXGLApplication      - Initializing game
08:53:06.954 [FXGL Background Thread 4 ] DEBUG FXGLAssetLoaderServi - Loading from file system: jar:file:/C:/Users/zrj/.m2/repository/com/github/almasb/fxgl/17.3/fxgl-17.3.jar!/fxglassets/ui/fonts/TerminalLandMono-Regular.otf
08:53:06.966 [FXGL Background Thread 4 ] DEBUG FXGLAssetLoaderServi - Loading from file system: jar:file:/C:/Users/zrj/.m2/repository/com/github/almasb/fxgl/17.3/fxgl-17.3.jar!/fxglassets/ui/fonts/Courier-Prime.ttf
08:53:06.992 [JavaFX Application Thread] DEBUG FXGLApplication      - Registering font factories with UI factory
08:53:07.304 [FXGL Background Thread 1 ] WARN  TMXLevelLoader       - TiledMap generated from 1.11.2. Supported version: 1.9.0. Some features may not be parsed fully.
08:53:07.374 [FXGL Background Thread 2 ] INFO  UpdaterService       - Your current version:  17.3
08:53:07.374 [FXGL Background Thread 2 ] INFO  UpdaterService       - Latest stable version: 21.1
08:53:07.393 [FXGL Background Thread 1 ] DEBUG TMXLevelLoader       - Parsed TiledMap: file:/D:/javaproject/survivior-game5/SurvivorGame/target/classes/assets/levels/Bigdongeonmap.tmx
08:53:07.394 [FXGL Background Thread 1 ] DEBUG TMXLevelLoader       - Creating tile layer entities
08:53:07.397 [FXGL Background Thread 1 ] DEBUG TilesetLoader        - Loading view for layer 图块层 1
08:53:07.439 [FXGL Background Thread 1 ] DEBUG TilesetLoader        - Created buffer with size 9600.0x5600.0
08:53:07.519 [FXGL Background Thread 1 ] DEBUG TilesetLoader        - Loading view for layer 图块层 2
08:53:07.561 [FXGL Background Thread 1 ] DEBUG TilesetLoader        - Created buffer with size 9600.0x5600.0
08:53:07.641 [FXGL Background Thread 1 ] DEBUG TMXLevelLoader       - Creating object layer entities
08:53:07.712 [FXGL Background Thread 1 ] DEBUG GameWorld            - Clearing removable entities
08:53:07.712 [FXGL Background Thread 1 ] DEBUG GameWorld            - Setting level: com.almasb.fxgl.entity.level.Level@26f5091e
08:53:07.744 [FXGL Background Thread 1 ] DEBUG Input                - Registered new binding: Move Up - W
08:53:07.744 [FXGL Background Thread 1 ] DEBUG Input                - Registered new binding: Move Down - S
08:53:07.744 [FXGL Background Thread 1 ] DEBUG Input                - Registered new binding: Move Left - A
08:53:07.744 [FXGL Background Thread 1 ] DEBUG Input                - Registered new binding: Move Right - D
08:53:07.744 [FXGL Background Thread 1 ] DEBUG Input                - Registered new binding: AttackLeft - J
08:53:07.744 [FXGL Background Thread 1 ] DEBUG Input                - Registered new binding: AttackRight - K
08:53:07.744 [FXGL Background Thread 1 ] DEBUG Input                - Registered new binding: Dash - L
08:53:07.747 [FXGL Background Thread 1 ] DEBUG FXGLAssetLoaderServi - Loading from file system: file:/D:/javaproject/survivior-game5/SurvivorGame/target/classes/assets/textures/Idle.png
08:53:07.750 [FXGL Background Thread 1 ] DEBUG FXGLAssetLoaderServi - Loading from file system: file:/D:/javaproject/survivior-game5/SurvivorGame/target/classes/assets/textures/Run.png
08:53:07.753 [FXGL Background Thread 1 ] DEBUG FXGLAssetLoaderServi - Loading from file system: file:/D:/javaproject/survivior-game5/SurvivorGame/target/classes/assets/textures/Attack3.png
08:53:07.757 [FXGL Background Thread 1 ] DEBUG FXGLAssetLoaderServi - Loading from file system: file:/D:/javaproject/survivior-game5/SurvivorGame/target/classes/assets/sounds/sword-clashhit-393837.mp3
08:53:07.764 [FXGL Background Thread 1 ] INFO  FXGLApplication      - Game initialization took: 0.821 sec
08:53:07.765 [JavaFX Application Thread] DEBUG Input                - Clearing active input actions
08:53:07.778 [JavaFX Application Thread] DEBUG GameApplicationServi - Removing overlay from FXGLLoadingScene and adding to GameScene
08:53:07.778 [JavaFX Application Thread] DEBUG PrimaryStageWindow   - FXGLLoadingScene -> GameScene
08:53:08.766 [JavaFX Application Thread] DEBUG FXGLAssetLoaderServi - Loading from file system: file:/D:/javaproject/survivior-game5/SurvivorGame/target/classes/assets/textures/enemy.png
08:53:09.880 [FXGL Background Thread 3 ] DEBUG Engine               - Logging environment variables
08:53:09.880 [FXGL Background Thread 3 ] DEBUG Engine               - achievements: []
08:53:09.880 [FXGL Background Thread 3 ] DEBUG Engine               - actualHeight: 720.0
08:53:09.880 [FXGL Background Thread 3 ] DEBUG Engine               - actualHeightProperty: ReadOnlyDoubleProperty [value: 720.0]
08:53:09.881 [FXGL Background Thread 3 ] DEBUG Engine               - actualWidth: 1280.0
08:53:09.881 [FXGL Background Thread 3 ] DEBUG Engine               - actualWidthProperty: ReadOnlyDoubleProperty [value: 1280.0]
08:53:09.881 [FXGL Background Thread 3 ] DEBUG Engine               - appIcon: icon.png
08:53:09.881 [FXGL Background Thread 3 ] DEBUG Engine               - applicationMode: DEVELOPER
08:53:09.881 [FXGL Background Thread 3 ] DEBUG Engine               - cSSList: [fxgl_dark.css]
08:53:09.881 [FXGL Background Thread 3 ] DEBUG Engine               - collisionDetectionStrategy: BRUTE_FORCE
08:53:09.881 [FXGL Background Thread 3 ] DEBUG Engine               - configClass: Optional.empty
08:53:09.881 [FXGL Background Thread 3 ] DEBUG Engine               - credits: []
08:53:09.881 [FXGL Background Thread 3 ] DEBUG Engine               - defaultCursor: CursorInfo(imageName=fxgl_default_cursor.png, hotspotX=7.0, hotspotY=6.0)
08:53:09.881 [FXGL Background Thread 3 ] DEBUG Engine               - devBBoxColorProperty: ObjectProperty [value: 0xff0000ff]
08:53:09.881 [FXGL Background Thread 3 ] DEBUG Engine               - devEnableDebugCameraProperty: BooleanProperty [value: false]
08:53:09.881 [FXGL Background Thread 3 ] DEBUG Engine               - devSensorColorProperty: ObjectProperty [value: 0xffff00ff]
08:53:09.881 [FXGL Background Thread 3 ] DEBUG Engine               - devShowBBoxProperty: BooleanProperty [value: false]
08:53:09.881 [FXGL Background Thread 3 ] DEBUG Engine               - devShowPositionProperty: BooleanProperty [value: false]
08:53:09.881 [FXGL Background Thread 3 ] DEBUG Engine               - enabledMenuItems: []
08:53:09.881 [FXGL Background Thread 3 ] DEBUG Engine               - engineServices: [class com.almasb.fxgl.app.services.FXGLAssetLoaderService, class com.almasb.fxgl.app.FXGLApplication$GameApplicationService, class com.almasb.fxgl.app.services.FXGLDialogService, class com.almasb.fxgl.app.services.IOTaskExecutorService, class com.almasb.fxgl.io.FileSystemService, class com.almasb.fxgl.localization.LocalizationService, class com.almasb.fxgl.app.services.SystemBundleService, class com.almasb.fxgl.profile.SaveLoadService, class com.almasb.fxgl.ui.FXGLUIFactoryServiceProvider, class com.almasb.fxgl.ui.FXGLDialogFactoryServiceProvider, class com.almasb.fxgl.audio.AudioPlayer, class com.almasb.fxgl.notification.impl.NotificationServiceProvider, class com.almasb.fxgl.achievement.AchievementService, class com.almasb.fxgl.cutscene.CutsceneService, class com.almasb.fxgl.minigames.MiniGameService, class com.almasb.fxgl.net.NetService, class com.almasb.fxgl.app.services.UpdaterService, class com.almasb.fxgl.dev.DevService]
08:53:09.881 [FXGL Background Thread 3 ] DEBUG Engine               - fontGame: Abel-Regular.ttf
08:53:09.881 [FXGL Background Thread 3 ] DEBUG Engine               - fontMono: TerminalLandMono-Regular.otf
08:53:09.881 [FXGL Background Thread 3 ] DEBUG Engine               - fontSizeScaleUI: 1.0
08:53:09.881 [FXGL Background Thread 3 ] DEBUG Engine               - fontText: Courier-Prime.ttf
08:53:09.881 [FXGL Background Thread 3 ] DEBUG Engine               - fontUI: VarelaRound-Regular.ttf
08:53:09.882 [FXGL Background Thread 3 ] DEBUG Engine               - fullScreen: BooleanProperty [value: false]
08:53:09.882 [FXGL Background Thread 3 ] DEBUG Engine               - gameDifficulty: MEDIUM
08:53:09.882 [FXGL Background Thread 3 ] DEBUG Engine               - gameDifficultyProperty: ObjectProperty [value: MEDIUM]
08:53:09.882 [FXGL Background Thread 3 ] DEBUG Engine               - globalMusicVolume: 0.5
08:53:09.882 [FXGL Background Thread 3 ] DEBUG Engine               - globalMusicVolumeProperty: DoubleProperty [value: 0.5]
08:53:09.882 [FXGL Background Thread 3 ] DEBUG Engine               - globalSoundVolume: 0.5
08:53:09.882 [FXGL Background Thread 3 ] DEBUG Engine               - globalSoundVolumeProperty: DoubleProperty [value: 0.5]
08:53:09.882 [FXGL Background Thread 3 ] DEBUG Engine               - height: 720
08:53:09.882 [FXGL Background Thread 3 ] DEBUG Engine               - is3D: false
08:53:09.882 [FXGL Background Thread 3 ] DEBUG Engine               - isAndroid: false
08:53:09.882 [FXGL Background Thread 3 ] DEBUG Engine               - isBrowser: false
08:53:09.882 [FXGL Background Thread 3 ] DEBUG Engine               - isClickFeedbackEnabled: false
08:53:09.882 [FXGL Background Thread 3 ] DEBUG Engine               - isCloseConfirmation: false
08:53:09.882 [FXGL Background Thread 3 ] DEBUG Engine               - isDesktop: true
08:53:09.882 [FXGL Background Thread 3 ] DEBUG Engine               - isDeveloperMenuEnabled: false
08:53:09.882 [FXGL Background Thread 3 ] DEBUG Engine               - isEmbedded: false
08:53:09.882 [FXGL Background Thread 3 ] DEBUG Engine               - isEntityPreloadEnabled: true
08:53:09.882 [FXGL Background Thread 3 ] DEBUG Engine               - isExperimentalTiledLargeMap: false
08:53:09.882 [FXGL Background Thread 3 ] DEBUG Engine               - isFileSystemWriteAllowed: true
08:53:09.882 [FXGL Background Thread 3 ] DEBUG Engine               - isFullScreenAllowed: false
08:53:09.882 [FXGL Background Thread 3 ] DEBUG Engine               - isFullScreenFromStart: false
08:53:09.882 [FXGL Background Thread 3 ] DEBUG Engine               - isGameMenuEnabled: true
08:53:09.882 [FXGL Background Thread 3 ] DEBUG Engine               - isIOS: false
08:53:09.882 [FXGL Background Thread 3 ] DEBUG Engine               - isIntroEnabled: false
08:53:09.882 [FXGL Background Thread 3 ] DEBUG Engine               - isLinux: false
08:53:09.882 [FXGL Background Thread 3 ] DEBUG Engine               - isMac: false
08:53:09.883 [FXGL Background Thread 3 ] DEBUG Engine               - isMainMenuEnabled: false
08:53:09.883 [FXGL Background Thread 3 ] DEBUG Engine               - isManualResizeEnabled: false
08:53:09.883 [FXGL Background Thread 3 ] DEBUG Engine               - isMobile: false
08:53:09.883 [FXGL Background Thread 3 ] DEBUG Engine               - isNative: false
08:53:09.883 [FXGL Background Thread 3 ] DEBUG Engine               - isPauseMusicWhenMinimized: true
08:53:09.883 [FXGL Background Thread 3 ] DEBUG Engine               - isPreserveResizeRatio: false
08:53:09.883 [FXGL Background Thread 3 ] DEBUG Engine               - isProfilingEnabled: false
08:53:09.883 [FXGL Background Thread 3 ] DEBUG Engine               - isScaleAffectedOnResize: true
08:53:09.883 [FXGL Background Thread 3 ] DEBUG Engine               - isSingleStep: false
08:53:09.883 [FXGL Background Thread 3 ] DEBUG Engine               - isUserProfileEnabled: false
08:53:09.883 [FXGL Background Thread 3 ] DEBUG Engine               - isWindows: true
08:53:09.883 [FXGL Background Thread 3 ] DEBUG Engine               - language: ObjectProperty [value: ENGLISH]
08:53:09.883 [FXGL Background Thread 3 ] DEBUG Engine               - menuKey: ESCAPE
08:53:09.883 [FXGL Background Thread 3 ] DEBUG Engine               - mouseSensitivity: 0.2
08:53:09.883 [FXGL Background Thread 3 ] DEBUG Engine               - notificationViewClass: class com.almasb.fxgl.notification.view.XboxNotificationView
08:53:09.883 [FXGL Background Thread 3 ] DEBUG Engine               - pixelsPerMeter: 50.0
08:53:09.883 [FXGL Background Thread 3 ] DEBUG Engine               - platform: WINDOWS
08:53:09.883 [FXGL Background Thread 3 ] DEBUG Engine               - prefHeightProperty: ReadOnlyDoubleProperty [value: 720.0]
08:53:09.883 [FXGL Background Thread 3 ] DEBUG Engine               - prefWidthProperty: ReadOnlyDoubleProperty [value: 1280.0]
08:53:09.883 [FXGL Background Thread 3 ] DEBUG Engine               - profileDir: profiles/
08:53:09.883 [FXGL Background Thread 3 ] DEBUG Engine               - profileName: StringProperty [value: DEFAULT]
08:53:09.883 [FXGL Background Thread 3 ] DEBUG Engine               - randomSeed: -1
08:53:09.883 [FXGL Background Thread 3 ] DEBUG Engine               - runtimeInfo: RuntimeInfo(platform=WINDOWS, version=17.3, build=30.03.2023 11.49)
08:53:09.883 [FXGL Background Thread 3 ] DEBUG Engine               - saveFileExt: sav
08:53:09.885 [FXGL Background Thread 3 ] DEBUG Engine               - scaledHeightProp$fxgl: DoubleProperty [bound, value: 720.0]
08:53:09.885 [FXGL Background Thread 3 ] DEBUG Engine               - scaledWidthProp$fxgl: DoubleProperty [bound, value: 1280.0]
08:53:09.885 [FXGL Background Thread 3 ] DEBUG Engine               - sceneFactory: com.almasb.fxgl.app.scene.SceneFactory@49246e45
08:53:09.885 [FXGL Background Thread 3 ] DEBUG Engine               - secondsIn24h: 60
08:53:09.885 [FXGL Background Thread 3 ] DEBUG Engine               - soundMenuBack: menu/back.wav
08:53:09.885 [FXGL Background Thread 3 ] DEBUG Engine               - soundMenuPress: menu/press.wav
08:53:09.885 [FXGL Background Thread 3 ] DEBUG Engine               - soundMenuSelect: menu/select.wav
08:53:09.885 [FXGL Background Thread 3 ] DEBUG Engine               - soundNotification: core/notification.wav
08:53:09.885 [FXGL Background Thread 3 ] DEBUG Engine               - stageStyle: DECORATED
08:53:09.885 [FXGL Background Thread 3 ] DEBUG Engine               - supportedLanguages: [ENGLISH, FRENCH, GERMAN, HUNGARIAN, RUSSIAN]
08:53:09.885 [FXGL Background Thread 3 ] DEBUG Engine               - ticksPerSecond: 120
08:53:09.885 [FXGL Background Thread 3 ] DEBUG Engine               - title: Survivor Game
08:53:09.885 [FXGL Background Thread 3 ] DEBUG Engine               - urlGithub: https://github.com/AlmasB/FXGL
08:53:09.885 [FXGL Background Thread 3 ] DEBUG Engine               - urlLeaderboard: http://fxgl-top.herokuapp.com/
08:53:09.885 [FXGL Background Thread 3 ] DEBUG Engine               - urlPOM: https://raw.githubusercontent.com/AlmasB/FXGL/release/README.md
08:53:09.885 [FXGL Background Thread 3 ] DEBUG Engine               - userAppClass: class com.survivor.main.GameApp
08:53:09.885 [FXGL Background Thread 3 ] DEBUG Engine               - version: 1.0
08:53:09.885 [FXGL Background Thread 3 ] DEBUG Engine               - versionCheckDays: 7
08:53:09.885 [FXGL Background Thread 3 ] DEBUG Engine               - width: 1280
08:53:09.885 [FXGL Background Thread 3 ] DEBUG Engine               - Logging services
08:53:09.885 [FXGL Background Thread 3 ] DEBUG Engine               - class com.almasb.fxgl.app.services.FXGLAssetLoaderService
08:53:09.885 [FXGL Background Thread 3 ] DEBUG Engine               - class com.almasb.fxgl.app.FXGLApplication$GameApplicationService
08:53:09.885 [FXGL Background Thread 3 ] DEBUG Engine               - class com.almasb.fxgl.app.services.FXGLDialogService
08:53:09.885 [FXGL Background Thread 3 ] DEBUG Engine               - class com.almasb.fxgl.app.services.IOTaskExecutorService
08:53:09.885 [FXGL Background Thread 3 ] DEBUG Engine               - class com.almasb.fxgl.io.FileSystemService
08:53:09.885 [FXGL Background Thread 3 ] DEBUG Engine               - class com.almasb.fxgl.localization.LocalizationService
08:53:09.885 [FXGL Background Thread 3 ] DEBUG Engine               - class com.almasb.fxgl.app.services.SystemBundleService
08:53:09.885 [FXGL Background Thread 3 ] DEBUG Engine               - class com.almasb.fxgl.profile.SaveLoadService
08:53:09.885 [FXGL Background Thread 3 ] DEBUG Engine               - class com.almasb.fxgl.ui.FXGLUIFactoryServiceProvider
08:53:09.885 [FXGL Background Thread 3 ] DEBUG Engine               - class com.almasb.fxgl.ui.FXGLDialogFactoryServiceProvider
08:53:09.885 [FXGL Background Thread 3 ] DEBUG Engine               - class com.almasb.fxgl.audio.AudioPlayer
08:53:09.885 [FXGL Background Thread 3 ] DEBUG Engine               - class com.almasb.fxgl.notification.impl.NotificationServiceProvider
08:53:09.885 [FXGL Background Thread 3 ] DEBUG Engine               - class com.almasb.fxgl.achievement.AchievementService
08:53:09.885 [FXGL Background Thread 3 ] DEBUG Engine               - class com.almasb.fxgl.cutscene.CutsceneService
08:53:09.885 [FXGL Background Thread 3 ] DEBUG Engine               - class com.almasb.fxgl.minigames.MiniGameService
08:53:09.885 [FXGL Background Thread 3 ] DEBUG Engine               - class com.almasb.fxgl.net.NetService
08:53:09.885 [FXGL Background Thread 3 ] DEBUG Engine               - class com.almasb.fxgl.app.services.UpdaterService
08:53:09.885 [FXGL Background Thread 3 ] DEBUG Engine               - class com.almasb.fxgl.dev.DevService
08:53:11.024 [JavaFX Application Thread] WARN  FXGLAssetLoaderServi - Asset "/assets/textures/ireBall.png" was not found!
08:53:11.024 [JavaFX Application Thread] WARN  FXGLAssetLoaderServi - Failed to load IMAGE
08:53:11.028 [JavaFX Application Thread] WARN  FXGLAssetLoaderServi - Asset "/assets/textures/ireBall.png" was not found!
08:53:11.029 [JavaFX Application Thread] WARN  FXGLAssetLoaderServi - Failed to load IMAGE
08:53:14.346 [JavaFX Application Thread] WARN  FXGLAssetLoaderServi - Asset "/assets/textures/ireBall.png" was not found!
08:53:14.346 [JavaFX Application Thread] WARN  FXGLAssetLoaderServi - Failed to load IMAGE
08:53:14.346 [JavaFX Application Thread] WARN  FXGLAssetLoaderServi - Asset "/assets/textures/ireBall.png" was not found!
08:53:14.346 [JavaFX Application Thread] WARN  FXGLAssetLoaderServi - Failed to load IMAGE
08:53:15.480 [JavaFX Application Thread] WARN  FXGLAssetLoaderServi - Asset "/assets/textures/ireBall.png" was not found!
08:53:15.480 [JavaFX Application Thread] WARN  FXGLAssetLoaderServi - Failed to load IMAGE
08:53:15.480 [JavaFX Application Thread] WARN  FXGLAssetLoaderServi - Asset "/assets/textures/ireBall.png" was not found!
08:53:15.480 [JavaFX Application Thread] WARN  FXGLAssetLoaderServi - Failed to load IMAGE
08:53:16.496 [JavaFX Application Thread] WARN  FXGLAssetLoaderServi - Asset "/assets/textures/ireBall.png" was not found!
08:53:16.496 [JavaFX Application Thread] WARN  FXGLAssetLoaderServi - Failed to load IMAGE
08:53:16.496 [JavaFX Application Thread] WARN  FXGLAssetLoaderServi - Asset "/assets/textures/ireBall.png" was not found!
08:53:16.496 [JavaFX Application Thread] WARN  FXGLAssetLoaderServi - Failed to load IMAGE
08:53:38.842 [JavaFX Application Thread] DEBUG FXGLApplication      - Exiting FXGL
08:53:38.842 [JavaFX Application Thread] DEBUG LoopRunner           - Stopping loop
08:53:38.842 [JavaFX Application Thread] DEBUG SystemBundleService  - Saving FXGL system data
08:53:38.843 [JavaFX Application Thread] DEBUG FileSystemAccess     - Writing to: D:\javaproject\survivior-game5\system\fxgl.bundle
08:53:38.844 [JavaFX Application Thread] DEBUG Async                - Shutting down background threads
08:53:38.844 [JavaFX Application Thread] DEBUG PrimaryStageWindow   - Closing main window
08:53:38.854 [JavaFX Application Thread] DEBUG Logger               - Closing Logger
