17:04:40.734 [main                     ] DEBUG Logger               - Configured Logger
17:04:40.770 [main                     ] DEBUG GameApplication      - Logging settings
Title: Survivor Game
Version: 1.0
Width: 1280
Height: 720
Fullscreen: false
Intro: false
Profiling: false
Single step:false
App Mode: DEVELOPER
Menu Key: ESCAPE
Stage Style: DECORATED
Scene Factory: class com.almasb.fxgl.app.scene.SceneFactory

17:04:41.346 [JavaFX Application Thread] DEBUG FXGLApplication      - Initializing FXGL
17:04:41.351 [JavaFX Application Thread] INFO  Engine               - FXGL-17.3 (30.03.2023 11.49) on WINDOWS (J:23.0.1 FX:20)
17:04:41.351 [JavaFX Application Thread] DEBUG Engine               - JRE Vendor Name: Oracle Corporation
17:04:41.351 [JavaFX Application Thread] DEBUG Engine               - Running on OS: Windows 11 version 10.0
17:04:41.351 [JavaFX Application Thread] DEBUG Engine               - Architecture: amd64
17:04:41.351 [JavaFX Application Thread] INFO  Engine               - Source code and latest versions at: https://github.com/AlmasB/FXGL
17:04:41.351 [JavaFX Application Thread] INFO  Engine               -       Ask questions and discuss at: https://github.com/AlmasB/FXGL/discussions
17:04:41.352 [JavaFX Application Thread] INFO  Engine               -              Join the FXGL chat at: https://gitter.im/AlmasB/FXGL
17:04:41.485 [JavaFX Application Thread] DEBUG PrimaryStageWindow   - Creating a JavaFX scene
17:04:41.543 [JavaFX Application Thread] DEBUG PrimaryStageWindow   - Target settings size: 1280.0 x 720.0
17:04:41.544 [JavaFX Application Thread] DEBUG PrimaryStageWindow   - Scaled scene size:    1280.0 x 720.0
17:04:41.544 [JavaFX Application Thread] DEBUG PrimaryStageWindow   - Scaled ratio: (1.0, 1.0)
17:04:41.545 [JavaFX Application Thread] DEBUG PrimaryStageWindow   - Set initial scene to FXGLStartupScene
17:04:41.548 [JavaFX Application Thread] DEBUG PrimaryStageWindow   - Opening main window
17:04:41.702 [JavaFX Application Thread] DEBUG PrimaryStageWindow   - Window border size: (14.6666259765625, 37.33331298828125)
17:04:41.702 [JavaFX Application Thread] DEBUG PrimaryStageWindow   - Scaled size: 1280.0 x 720.0
17:04:41.703 [JavaFX Application Thread] DEBUG PrimaryStageWindow   - Scaled ratio: (1.0, 1.0)
17:04:41.703 [JavaFX Application Thread] DEBUG PrimaryStageWindow   - Scene size: 1280.0 x 720.0
17:04:41.703 [JavaFX Application Thread] DEBUG PrimaryStageWindow   - Stage size: 1294.6666259765625 x 757.3333129882812
17:04:41.711 [FXGL Background Thread 1 ] DEBUG Engine               - Initializing environment variables
17:04:41.763 [FXGL Background Thread 1 ] DEBUG FXGLAssetLoaderServi - User app class for loading assets: class com.survivor.main.GameApp
17:04:41.764 [FXGL Background Thread 1 ] DEBUG GameApplicationServi - Applying CSS: fxgl_dark.css
17:04:41.765 [FXGL Background Thread 1 ] DEBUG FXGLAssetLoaderServi - Loading from file system: jar:file:/C:/Users/11706/.m2/repository/com/github/almasb/fxgl/17.3/fxgl-17.3.jar!/fxglassets/ui/css/fxgl_dark.css
17:04:41.814 [FXGL Background Thread 1 ] DEBUG GameApplicationServi - Initializing application scenes
17:04:41.926 [FXGL Background Thread 1 ] DEBUG GameWorld            - Game world initialized
17:04:42.017 [FXGL Background Thread 1 ] DEBUG PhysicsWorld         - Physics world initialized: appHeight=720, physics.ppm=50.0
17:04:42.017 [FXGL Background Thread 1 ] DEBUG PhysicsWorld         - Using strategy: BRUTE_FORCE
17:04:42.022 [FXGL Background Thread 1 ] DEBUG GameScene            - Game scene initialized: 1280x720
17:04:42.036 [FXGL Background Thread 1 ] DEBUG FXGL.DefaultMenu     - createMenuBodyGameMenu()
17:04:42.055 [FXGL Background Thread 1 ] DEBUG FXGL.DefaultMenu     - createOptionsMenu()
17:04:42.068 [FXGL Background Thread 1 ] DEBUG FXGLAssetLoaderServi - Loading from file system: jar:file:/C:/Users/11706/.m2/repository/com/github/almasb/fxgl/17.3/fxgl-17.3.jar!/fxglassets/textures/particles/smoke.png
17:04:42.237 [FXGL Background Thread 1 ] DEBUG FXGLAssetLoaderServi - Loading from file system: jar:file:/C:/Users/11706/.m2/repository/com/github/almasb/fxgl/17.3/fxgl-17.3.jar!/fxglassets/textures/particles/trace_horizontal.png
17:04:42.274 [FXGL Background Thread 1 ] DEBUG GameApplicationServi - Application scenes initialized
17:04:42.298 [FXGL Background Thread 1 ] DEBUG SystemBundleService  - Loading FXGL system data
17:04:42.301 [FXGL Background Thread 1 ] DEBUG FileSystemAccess     - Reading from: C:\Users\11706\IdeaProjects\survivior-game3\system\fxgl.bundle
17:04:42.306 [FXGL Background Thread 1 ] DEBUG SystemBundleService  - Bundle FXGL: {}
17:04:42.306 [FXGL Background Thread 1 ] DEBUG UpdaterService       - Checking for updates
17:04:42.312 [FXGL Background Thread 4 ] DEBUG FXGLApplication      - Loading fonts
17:04:42.313 [FXGL Background Thread 4 ] DEBUG FXGLAssetLoaderServi - Loading from file system: jar:file:/C:/Users/11706/.m2/repository/com/github/almasb/fxgl/17.3/fxgl-17.3.jar!/fxglassets/ui/fonts/VarelaRound-Regular.ttf
17:04:42.313 [FXGL Background Thread 1 ] DEBUG FXGLApplication      - Loading default localization
17:04:42.314 [FXGL Background Thread 1 ] DEBUG FXGLAssetLoaderServi - Loading from file system: jar:file:/C:/Users/11706/.m2/repository/com/github/almasb/fxgl/17.3/fxgl-17.3.jar!/fxglassets/languages/english.lang
17:04:42.342 [FXGL Background Thread 4 ] DEBUG FXGLAssetLoaderServi - Loading from file system: jar:file:/C:/Users/11706/.m2/repository/com/github/almasb/fxgl/17.3/fxgl-17.3.jar!/fxglassets/ui/fonts/Abel-Regular.ttf
17:04:42.360 [FXGL Background Thread 1 ] INFO  FXGLApplication      - FXGL initialization took: 0.649 sec
17:04:42.361 [JavaFX Application Thread] DEBUG Input                - Clearing active input actions
17:04:42.365 [FXGL Background Thread 4 ] DEBUG FXGLAssetLoaderServi - Loading from file system: jar:file:/C:/Users/11706/.m2/repository/com/github/almasb/fxgl/17.3/fxgl-17.3.jar!/fxglassets/ui/fonts/TerminalLandMono-Regular.otf
17:04:42.373 [JavaFX Application Thread] DEBUG Input                - Registered new binding: Move Up - W
17:04:42.374 [JavaFX Application Thread] DEBUG Input                - Registered new binding: Move Down - S
17:04:42.374 [JavaFX Application Thread] DEBUG Input                - Registered new binding: Move Left - A
17:04:42.374 [JavaFX Application Thread] DEBUG Input                - Registered new binding: Move Right - D
17:04:42.374 [JavaFX Application Thread] DEBUG Input                - Registered new binding: AttackLeft - J
17:04:42.375 [JavaFX Application Thread] DEBUG Input                - Registered new binding: AttackRight - K
17:04:42.375 [JavaFX Application Thread] DEBUG Input                - Registered new binding: Dash - L
17:04:42.376 [JavaFX Application Thread] DEBUG FXGLAssetLoaderServi - Loading from file system: file:/C:/Users/11706/IdeaProjects/survivior-game3/SurvivorGame/target/classes/assets/textures/icon.png
17:04:42.382 [FXGL Background Thread 4 ] DEBUG FXGLAssetLoaderServi - Loading from file system: jar:file:/C:/Users/11706/.m2/repository/com/github/almasb/fxgl/17.3/fxgl-17.3.jar!/fxglassets/ui/fonts/Courier-Prime.ttf
17:04:42.393 [JavaFX Application Thread] DEBUG FXGLAssetLoaderServi - Loading from file system: jar:file:/C:/Users/11706/.m2/repository/com/github/almasb/fxgl/17.3/fxgl-17.3.jar!/fxglassets/textures/fxgl_default_cursor.png
17:04:42.400 [JavaFX Application Thread] DEBUG Input                - Registered new binding: Screenshot - CTRL+8
17:04:42.402 [JavaFX Application Thread] DEBUG Input                - Registered new binding: System info dump - CTRL+9
17:04:42.404 [JavaFX Application Thread] DEBUG Input                - Registered new binding: Restart - CTRL+R
17:04:42.408 [JavaFX Application Thread] DEBUG Input                - Registered new binding: Toggle Debug Camera - CTRL+7
17:04:42.421 [JavaFX Application Thread] DEBUG LoopRunner           - Starting loop
17:04:42.421 [JavaFX Application Thread] DEBUG LoopRunner           - Initializing ScheduledExecutorLoop with fps: 120
17:04:42.428 [JavaFX Application Thread] DEBUG GameApplicationServi - Starting new game
17:04:42.429 [JavaFX Application Thread] DEBUG Input                - Clearing active input actions
17:04:42.452 [JavaFX Application Thread] DEBUG GameApplicationServi - Removing overlay from FXGLStartupScene and adding to FXGLLoadingScene
17:04:42.452 [JavaFX Application Thread] DEBUG PrimaryStageWindow   - FXGLStartupScene -> FXGLLoadingScene
17:04:42.452 [JavaFX Application Thread] DEBUG GameApplicationServi - Clearing previous game
17:04:42.452 [JavaFX Application Thread] DEBUG GameScene            - Clearing game scene
17:04:42.452 [JavaFX Application Thread] DEBUG GameWorld            - Clearing game world
17:04:42.452 [JavaFX Application Thread] DEBUG PhysicsWorld         - Clearing physics world
17:04:42.457 [JavaFX Application Thread] DEBUG FXGLApplication      - Registering font factories with UI factory
17:04:42.457 [FXGL Background Thread 4 ] DEBUG FXGLApplication      - Initializing game
17:04:42.582 [FXGL Background Thread 2 ] WARN  UpdaterService       - Failed to find updates: java.net.UnknownHostException: raw.githubusercontent.com
17:04:43.106 [FXGL Background Thread 4 ] WARN  TMXLevelLoader       - TiledMap generated from 1.11.2. Supported version: 1.9.0. Some features may not be parsed fully.
17:04:43.301 [FXGL Background Thread 4 ] DEBUG TMXLevelLoader       - Parsed TiledMap: file:/C:/Users/11706/IdeaProjects/survivior-game3/SurvivorGame/target/classes/assets/levels/Bigdongeonmap.tmx
17:04:43.306 [FXGL Background Thread 4 ] DEBUG TMXLevelLoader       - Creating tile layer entities
17:04:43.315 [FXGL Background Thread 4 ] DEBUG TilesetLoader        - Loading view for layer 图块层 1
17:04:43.383 [FXGL Background Thread 4 ] DEBUG TilesetLoader        - Created buffer with size 9600.0x5600.0
17:04:43.527 [FXGL Background Thread 4 ] DEBUG TilesetLoader        - Loading view for layer 图块层 2
17:04:43.599 [FXGL Background Thread 4 ] DEBUG TilesetLoader        - Created buffer with size 9600.0x5600.0
17:04:43.756 [FXGL Background Thread 4 ] DEBUG TMXLevelLoader       - Creating object layer entities
17:04:43.911 [FXGL Background Thread 4 ] DEBUG GameWorld            - Clearing removable entities
17:04:43.912 [FXGL Background Thread 4 ] DEBUG GameWorld            - Setting level: com.almasb.fxgl.entity.level.Level@492a4616
17:04:43.988 [FXGL Background Thread 4 ] DEBUG FXGLAssetLoaderServi - Loading from file system: file:/C:/Users/11706/IdeaProjects/survivior-game3/SurvivorGame/target/classes/assets/textures/Idle.png
17:04:43.992 [FXGL Background Thread 4 ] DEBUG FXGLAssetLoaderServi - Loading from file system: file:/C:/Users/11706/IdeaProjects/survivior-game3/SurvivorGame/target/classes/assets/textures/Run.png
17:04:43.995 [FXGL Background Thread 4 ] DEBUG FXGLAssetLoaderServi - Loading from file system: file:/C:/Users/11706/IdeaProjects/survivior-game3/SurvivorGame/target/classes/assets/textures/Attack3.png
17:04:44.006 [FXGL Background Thread 4 ] INFO  FXGLApplication      - Game initialization took: 1.549 sec
17:04:44.305 [JavaFX Application Thread] DEBUG Input                - Clearing active input actions
17:04:44.372 [JavaFX Application Thread] DEBUG GameApplicationServi - Removing overlay from FXGLLoadingScene and adding to GameScene
17:04:44.374 [JavaFX Application Thread] DEBUG PrimaryStageWindow   - FXGLLoadingScene -> GameScene
17:04:45.310 [FXGL Background Thread 3 ] DEBUG Engine               - Logging environment variables
17:04:45.311 [FXGL Background Thread 3 ] DEBUG Engine               - achievements: []
17:04:45.311 [FXGL Background Thread 3 ] DEBUG Engine               - actualHeight: 720.0
17:04:45.311 [FXGL Background Thread 3 ] DEBUG Engine               - actualHeightProperty: ReadOnlyDoubleProperty [value: 720.0]
17:04:45.311 [FXGL Background Thread 3 ] DEBUG Engine               - actualWidth: 1280.0
17:04:45.311 [FXGL Background Thread 3 ] DEBUG Engine               - actualWidthProperty: ReadOnlyDoubleProperty [value: 1280.0]
17:04:45.311 [FXGL Background Thread 3 ] DEBUG Engine               - appIcon: icon.png
17:04:45.311 [FXGL Background Thread 3 ] DEBUG Engine               - applicationMode: DEVELOPER
17:04:45.311 [FXGL Background Thread 3 ] DEBUG Engine               - cSSList: [fxgl_dark.css]
17:04:45.311 [FXGL Background Thread 3 ] DEBUG Engine               - collisionDetectionStrategy: BRUTE_FORCE
17:04:45.311 [FXGL Background Thread 3 ] DEBUG Engine               - configClass: Optional.empty
17:04:45.311 [FXGL Background Thread 3 ] DEBUG Engine               - credits: []
17:04:45.311 [FXGL Background Thread 3 ] DEBUG Engine               - defaultCursor: CursorInfo(imageName=fxgl_default_cursor.png, hotspotX=7.0, hotspotY=6.0)
17:04:45.311 [FXGL Background Thread 3 ] DEBUG Engine               - devBBoxColorProperty: ObjectProperty [value: 0xff0000ff]
17:04:45.313 [FXGL Background Thread 3 ] DEBUG Engine               - devEnableDebugCameraProperty: BooleanProperty [value: false]
17:04:45.313 [FXGL Background Thread 3 ] DEBUG Engine               - devSensorColorProperty: ObjectProperty [value: 0xffff00ff]
17:04:45.313 [FXGL Background Thread 3 ] DEBUG Engine               - devShowBBoxProperty: BooleanProperty [value: false]
17:04:45.313 [FXGL Background Thread 3 ] DEBUG Engine               - devShowPositionProperty: BooleanProperty [value: false]
17:04:45.313 [FXGL Background Thread 3 ] DEBUG Engine               - enabledMenuItems: []
17:04:45.313 [FXGL Background Thread 3 ] DEBUG Engine               - engineServices: [class com.almasb.fxgl.app.services.FXGLAssetLoaderService, class com.almasb.fxgl.app.FXGLApplication$GameApplicationService, class com.almasb.fxgl.app.services.FXGLDialogService, class com.almasb.fxgl.app.services.IOTaskExecutorService, class com.almasb.fxgl.io.FileSystemService, class com.almasb.fxgl.localization.LocalizationService, class com.almasb.fxgl.app.services.SystemBundleService, class com.almasb.fxgl.profile.SaveLoadService, class com.almasb.fxgl.ui.FXGLUIFactoryServiceProvider, class com.almasb.fxgl.ui.FXGLDialogFactoryServiceProvider, class com.almasb.fxgl.audio.AudioPlayer, class com.almasb.fxgl.notification.impl.NotificationServiceProvider, class com.almasb.fxgl.achievement.AchievementService, class com.almasb.fxgl.cutscene.CutsceneService, class com.almasb.fxgl.minigames.MiniGameService, class com.almasb.fxgl.net.NetService, class com.almasb.fxgl.app.services.UpdaterService, class com.almasb.fxgl.dev.DevService]
17:04:45.313 [FXGL Background Thread 3 ] DEBUG Engine               - fontGame: Abel-Regular.ttf
17:04:45.313 [FXGL Background Thread 3 ] DEBUG Engine               - fontMono: TerminalLandMono-Regular.otf
17:04:45.313 [FXGL Background Thread 3 ] DEBUG Engine               - fontSizeScaleUI: 1.0
17:04:45.313 [FXGL Background Thread 3 ] DEBUG Engine               - fontText: Courier-Prime.ttf
17:04:45.313 [FXGL Background Thread 3 ] DEBUG Engine               - fontUI: VarelaRound-Regular.ttf
17:04:45.313 [FXGL Background Thread 3 ] DEBUG Engine               - fullScreen: BooleanProperty [value: false]
17:04:45.314 [FXGL Background Thread 3 ] DEBUG Engine               - gameDifficulty: MEDIUM
17:04:45.314 [FXGL Background Thread 3 ] DEBUG Engine               - gameDifficultyProperty: ObjectProperty [value: MEDIUM]
17:04:45.314 [FXGL Background Thread 3 ] DEBUG Engine               - globalMusicVolume: 0.5
17:04:45.314 [FXGL Background Thread 3 ] DEBUG Engine               - globalMusicVolumeProperty: DoubleProperty [value: 0.5]
17:04:45.315 [FXGL Background Thread 3 ] DEBUG Engine               - globalSoundVolume: 0.5
17:04:45.316 [FXGL Background Thread 3 ] DEBUG Engine               - globalSoundVolumeProperty: DoubleProperty [value: 0.5]
17:04:45.316 [FXGL Background Thread 3 ] DEBUG Engine               - height: 720
17:04:45.316 [FXGL Background Thread 3 ] DEBUG Engine               - is3D: false
17:04:45.316 [FXGL Background Thread 3 ] DEBUG Engine               - isAndroid: false
17:04:45.316 [FXGL Background Thread 3 ] DEBUG Engine               - isBrowser: false
17:04:45.316 [FXGL Background Thread 3 ] DEBUG Engine               - isClickFeedbackEnabled: false
17:04:45.316 [FXGL Background Thread 3 ] DEBUG Engine               - isCloseConfirmation: false
17:04:45.316 [FXGL Background Thread 3 ] DEBUG Engine               - isDesktop: true
17:04:45.316 [FXGL Background Thread 3 ] DEBUG Engine               - isDeveloperMenuEnabled: false
17:04:45.316 [FXGL Background Thread 3 ] DEBUG Engine               - isEmbedded: false
17:04:45.316 [FXGL Background Thread 3 ] DEBUG Engine               - isEntityPreloadEnabled: true
17:04:45.316 [FXGL Background Thread 3 ] DEBUG Engine               - isExperimentalTiledLargeMap: false
17:04:45.316 [FXGL Background Thread 3 ] DEBUG Engine               - isFileSystemWriteAllowed: true
17:04:45.316 [FXGL Background Thread 3 ] DEBUG Engine               - isFullScreenAllowed: false
17:04:45.316 [FXGL Background Thread 3 ] DEBUG Engine               - isFullScreenFromStart: false
17:04:45.316 [FXGL Background Thread 3 ] DEBUG Engine               - isGameMenuEnabled: true
17:04:45.316 [FXGL Background Thread 3 ] DEBUG Engine               - isIOS: false
17:04:45.316 [FXGL Background Thread 3 ] DEBUG Engine               - isIntroEnabled: false
17:04:45.316 [FXGL Background Thread 3 ] DEBUG Engine               - isLinux: false
17:04:45.316 [FXGL Background Thread 3 ] DEBUG Engine               - isMac: false
17:04:45.316 [FXGL Background Thread 3 ] DEBUG Engine               - isMainMenuEnabled: false
17:04:45.316 [FXGL Background Thread 3 ] DEBUG Engine               - isManualResizeEnabled: false
17:04:45.316 [FXGL Background Thread 3 ] DEBUG Engine               - isMobile: false
17:04:45.316 [FXGL Background Thread 3 ] DEBUG Engine               - isNative: false
17:04:45.316 [FXGL Background Thread 3 ] DEBUG Engine               - isPauseMusicWhenMinimized: true
17:04:45.316 [FXGL Background Thread 3 ] DEBUG Engine               - isPreserveResizeRatio: false
17:04:45.316 [FXGL Background Thread 3 ] DEBUG Engine               - isProfilingEnabled: false
17:04:45.316 [FXGL Background Thread 3 ] DEBUG Engine               - isScaleAffectedOnResize: true
17:04:45.317 [FXGL Background Thread 3 ] DEBUG Engine               - isSingleStep: false
17:04:45.317 [FXGL Background Thread 3 ] DEBUG Engine               - isUserProfileEnabled: false
17:04:45.317 [FXGL Background Thread 3 ] DEBUG Engine               - isWindows: true
17:04:45.317 [FXGL Background Thread 3 ] DEBUG Engine               - language: ObjectProperty [value: ENGLISH]
17:04:45.317 [FXGL Background Thread 3 ] DEBUG Engine               - menuKey: ESCAPE
17:04:45.317 [FXGL Background Thread 3 ] DEBUG Engine               - mouseSensitivity: 0.2
17:04:45.317 [FXGL Background Thread 3 ] DEBUG Engine               - notificationViewClass: class com.almasb.fxgl.notification.view.XboxNotificationView
17:04:45.317 [FXGL Background Thread 3 ] DEBUG Engine               - pixelsPerMeter: 50.0
17:04:45.317 [FXGL Background Thread 3 ] DEBUG Engine               - platform: WINDOWS
17:04:45.317 [FXGL Background Thread 3 ] DEBUG Engine               - prefHeightProperty: ReadOnlyDoubleProperty [value: 720.0]
17:04:45.317 [FXGL Background Thread 3 ] DEBUG Engine               - prefWidthProperty: ReadOnlyDoubleProperty [value: 1280.0]
17:04:45.317 [FXGL Background Thread 3 ] DEBUG Engine               - profileDir: profiles/
17:04:45.317 [FXGL Background Thread 3 ] DEBUG Engine               - profileName: StringProperty [value: DEFAULT]
17:04:45.317 [FXGL Background Thread 3 ] DEBUG Engine               - randomSeed: -1
17:04:45.317 [FXGL Background Thread 3 ] DEBUG Engine               - runtimeInfo: RuntimeInfo(platform=WINDOWS, version=17.3, build=30.03.2023 11.49)
17:04:45.317 [FXGL Background Thread 3 ] DEBUG Engine               - saveFileExt: sav
17:04:45.317 [FXGL Background Thread 3 ] DEBUG Engine               - scaledHeightProp$fxgl: DoubleProperty [bound, value: 720.0]
17:04:45.317 [FXGL Background Thread 3 ] DEBUG Engine               - scaledWidthProp$fxgl: DoubleProperty [bound, value: 1280.0]
17:04:45.317 [FXGL Background Thread 3 ] DEBUG Engine               - sceneFactory: com.almasb.fxgl.app.scene.SceneFactory@670ebacc
17:04:45.317 [FXGL Background Thread 3 ] DEBUG Engine               - secondsIn24h: 60
17:04:45.317 [FXGL Background Thread 3 ] DEBUG Engine               - soundMenuBack: menu/back.wav
17:04:45.317 [FXGL Background Thread 3 ] DEBUG Engine               - soundMenuPress: menu/press.wav
17:04:45.318 [FXGL Background Thread 3 ] DEBUG Engine               - soundMenuSelect: menu/select.wav
17:04:45.318 [FXGL Background Thread 3 ] DEBUG Engine               - soundNotification: core/notification.wav
17:04:45.318 [FXGL Background Thread 3 ] DEBUG Engine               - stageStyle: DECORATED
17:04:45.318 [FXGL Background Thread 3 ] DEBUG Engine               - supportedLanguages: [ENGLISH, FRENCH, GERMAN, HUNGARIAN, RUSSIAN]
17:04:45.318 [FXGL Background Thread 3 ] DEBUG Engine               - ticksPerSecond: 120
17:04:45.318 [FXGL Background Thread 3 ] DEBUG Engine               - title: Survivor Game
17:04:45.318 [FXGL Background Thread 3 ] DEBUG Engine               - urlGithub: https://github.com/AlmasB/FXGL
17:04:45.318 [FXGL Background Thread 3 ] DEBUG Engine               - urlLeaderboard: http://fxgl-top.herokuapp.com/
17:04:45.318 [FXGL Background Thread 3 ] DEBUG Engine               - urlPOM: https://raw.githubusercontent.com/AlmasB/FXGL/release/README.md
17:04:45.318 [FXGL Background Thread 3 ] DEBUG Engine               - userAppClass: class com.survivor.main.GameApp
17:04:45.318 [FXGL Background Thread 3 ] DEBUG Engine               - version: 1.0
17:04:45.318 [FXGL Background Thread 3 ] DEBUG Engine               - versionCheckDays: 7
17:04:45.318 [FXGL Background Thread 3 ] DEBUG Engine               - width: 1280
17:04:45.318 [FXGL Background Thread 3 ] DEBUG Engine               - Logging services
17:04:45.318 [FXGL Background Thread 3 ] DEBUG Engine               - class com.almasb.fxgl.app.services.FXGLAssetLoaderService
17:04:45.318 [FXGL Background Thread 3 ] DEBUG Engine               - class com.almasb.fxgl.app.FXGLApplication$GameApplicationService
17:04:45.318 [FXGL Background Thread 3 ] DEBUG Engine               - class com.almasb.fxgl.app.services.FXGLDialogService
17:04:45.318 [FXGL Background Thread 3 ] DEBUG Engine               - class com.almasb.fxgl.app.services.IOTaskExecutorService
17:04:45.318 [FXGL Background Thread 3 ] DEBUG Engine               - class com.almasb.fxgl.io.FileSystemService
17:04:45.318 [FXGL Background Thread 3 ] DEBUG Engine               - class com.almasb.fxgl.localization.LocalizationService
17:04:45.318 [FXGL Background Thread 3 ] DEBUG Engine               - class com.almasb.fxgl.app.services.SystemBundleService
17:04:45.318 [FXGL Background Thread 3 ] DEBUG Engine               - class com.almasb.fxgl.profile.SaveLoadService
17:04:45.318 [FXGL Background Thread 3 ] DEBUG Engine               - class com.almasb.fxgl.ui.FXGLUIFactoryServiceProvider
17:04:45.318 [FXGL Background Thread 3 ] DEBUG Engine               - class com.almasb.fxgl.ui.FXGLDialogFactoryServiceProvider
17:04:45.318 [FXGL Background Thread 3 ] DEBUG Engine               - class com.almasb.fxgl.audio.AudioPlayer
17:04:45.318 [FXGL Background Thread 3 ] DEBUG Engine               - class com.almasb.fxgl.notification.impl.NotificationServiceProvider
17:04:45.318 [FXGL Background Thread 3 ] DEBUG Engine               - class com.almasb.fxgl.achievement.AchievementService
17:04:45.318 [FXGL Background Thread 3 ] DEBUG Engine               - class com.almasb.fxgl.cutscene.CutsceneService
17:04:45.318 [FXGL Background Thread 3 ] DEBUG Engine               - class com.almasb.fxgl.minigames.MiniGameService
17:04:45.318 [FXGL Background Thread 3 ] DEBUG Engine               - class com.almasb.fxgl.net.NetService
17:04:45.318 [FXGL Background Thread 3 ] DEBUG Engine               - class com.almasb.fxgl.app.services.UpdaterService
17:04:45.318 [FXGL Background Thread 3 ] DEBUG Engine               - class com.almasb.fxgl.dev.DevService
17:04:47.360 [JavaFX Application Thread] DEBUG FXGLAssetLoaderServi - Loading from file system: file:/C:/Users/11706/IdeaProjects/survivior-game3/SurvivorGame/target/classes/assets/textures/enemy.png
17:04:48.850 [JavaFX Application Thread] DEBUG LoopRunner           - Pausing loop
17:04:50.904 [JavaFX Application Thread] DEBUG LoopRunner           - Resuming loop
17:04:59.613 [JavaFX Application Thread] DEBUG FXGLApplication      - Exiting FXGL
17:04:59.613 [JavaFX Application Thread] DEBUG LoopRunner           - Stopping loop
17:04:59.613 [JavaFX Application Thread] DEBUG SystemBundleService  - Saving FXGL system data
17:04:59.615 [JavaFX Application Thread] DEBUG FileSystemAccess     - Writing to: C:\Users\11706\IdeaProjects\survivior-game3\system\fxgl.bundle
17:04:59.616 [JavaFX Application Thread] DEBUG Async                - Shutting down background threads
17:04:59.616 [JavaFX Application Thread] DEBUG PrimaryStageWindow   - Closing main window
17:04:59.643 [JavaFX Application Thread] DEBUG Logger               - Closing Logger
