10:00:43.481 [main                     ] DEBUG Logger               - Configured Logger
10:00:43.518 [main                     ] DEBUG GameApplication      - Logging settings
Title: Survivor Game
Version: 1.0
Width: 1280
Height: 720
Fullscreen: false
Intro: false
Profiling: false
Single step:false
App Mode: DEVELOPER
Menu Key: ESCAPE
Stage Style: DECORATED
Scene Factory: class com.almasb.fxgl.app.scene.SceneFactory

10:00:44.151 [JavaFX Application Thread] DEBUG FXGLApplication      - Initializing FXGL
10:00:44.155 [JavaFX Application Thread] INFO  Engine               - FXGL-17.3 (30.03.2023 11.49) on WINDOWS (J:23.0.1 FX:20)
10:00:44.156 [JavaFX Application Thread] DEBUG Engine               - JRE Vendor Name: Oracle Corporation
10:00:44.156 [JavaFX Application Thread] DEBUG Engine               - Running on OS: Windows 11 version 10.0
10:00:44.156 [JavaFX Application Thread] DEBUG Engine               - Architecture: amd64
10:00:44.156 [JavaFX Application Thread] INFO  Engine               - Source code and latest versions at: https://github.com/AlmasB/FXGL
10:00:44.156 [JavaFX Application Thread] INFO  Engine               -       Ask questions and discuss at: https://github.com/AlmasB/FXGL/discussions
10:00:44.156 [JavaFX Application Thread] INFO  Engine               -              Join the FXGL chat at: https://gitter.im/AlmasB/FXGL
10:00:44.272 [JavaFX Application Thread] DEBUG PrimaryStageWindow   - Creating a JavaFX scene
10:00:44.334 [JavaFX Application Thread] DEBUG PrimaryStageWindow   - Target settings size: 1280.0 x 720.0
10:00:44.334 [JavaFX Application Thread] DEBUG PrimaryStageWindow   - Scaled scene size:    1280.0 x 720.0
10:00:44.335 [JavaFX Application Thread] DEBUG PrimaryStageWindow   - Scaled ratio: (1.0, 1.0)
10:00:44.336 [JavaFX Application Thread] DEBUG PrimaryStageWindow   - Set initial scene to FXGLStartupScene
10:00:44.340 [JavaFX Application Thread] DEBUG PrimaryStageWindow   - Opening main window
10:00:44.511 [JavaFX Application Thread] DEBUG PrimaryStageWindow   - Window border size: (14.6666259765625, 37.33331298828125)
10:00:44.511 [JavaFX Application Thread] DEBUG PrimaryStageWindow   - Scaled size: 1280.0 x 720.0
10:00:44.511 [JavaFX Application Thread] DEBUG PrimaryStageWindow   - Scaled ratio: (1.0, 1.0)
10:00:44.511 [JavaFX Application Thread] DEBUG PrimaryStageWindow   - Scene size: 1280.0 x 720.0
10:00:44.512 [JavaFX Application Thread] DEBUG PrimaryStageWindow   - Stage size: 1294.6666259765625 x 757.3333129882812
10:00:44.521 [FXGL Background Thread 1 ] DEBUG Engine               - Initializing environment variables
10:00:44.587 [FXGL Background Thread 1 ] DEBUG FXGLAssetLoaderServi - User app class for loading assets: class com.survivor.main.GameApp
10:00:44.587 [FXGL Background Thread 1 ] DEBUG GameApplicationServi - Applying CSS: fxgl_dark.css
10:00:44.589 [FXGL Background Thread 1 ] DEBUG FXGLAssetLoaderServi - Loading from file system: jar:file:/C:/Users/11706/.m2/repository/com/github/almasb/fxgl/17.3/fxgl-17.3.jar!/fxglassets/ui/css/fxgl_dark.css
10:00:44.647 [FXGL Background Thread 1 ] DEBUG GameApplicationServi - Initializing application scenes
10:00:44.770 [FXGL Background Thread 1 ] DEBUG GameWorld            - Game world initialized
10:00:44.854 [FXGL Background Thread 1 ] DEBUG PhysicsWorld         - Physics world initialized: appHeight=720, physics.ppm=50.0
10:00:44.854 [FXGL Background Thread 1 ] DEBUG PhysicsWorld         - Using strategy: BRUTE_FORCE
10:00:44.859 [FXGL Background Thread 1 ] DEBUG GameScene            - Game scene initialized: 1280x720
10:00:44.874 [FXGL Background Thread 1 ] DEBUG FXGL.DefaultMenu     - createMenuBodyGameMenu()
10:00:44.892 [FXGL Background Thread 1 ] DEBUG FXGL.DefaultMenu     - createOptionsMenu()
10:00:44.906 [FXGL Background Thread 1 ] DEBUG FXGLAssetLoaderServi - Loading from file system: jar:file:/C:/Users/11706/.m2/repository/com/github/almasb/fxgl/17.3/fxgl-17.3.jar!/fxglassets/textures/particles/smoke.png
10:00:45.057 [FXGL Background Thread 1 ] DEBUG FXGLAssetLoaderServi - Loading from file system: jar:file:/C:/Users/11706/.m2/repository/com/github/almasb/fxgl/17.3/fxgl-17.3.jar!/fxglassets/textures/particles/trace_horizontal.png
10:00:45.106 [FXGL Background Thread 1 ] DEBUG GameApplicationServi - Application scenes initialized
10:00:45.135 [FXGL Background Thread 1 ] DEBUG SystemBundleService  - Loading FXGL system data
10:00:45.136 [FXGL Background Thread 1 ] WARN  SystemBundleService  - Failed to load: java.io.FileNotFoundException: C:\Users\11706\IdeaProjects\survivior-game3\system\fxgl.bundle (系统找不到指定的文件。)
10:00:45.137 [FXGL Background Thread 1 ] DEBUG SystemBundleService  - Loading default FXGL system data
10:00:45.137 [FXGL Background Thread 1 ] DEBUG UpdaterService       - Checking for updates
10:00:45.141 [FXGL Background Thread 4 ] DEBUG FXGLApplication      - Loading fonts
10:00:45.143 [FXGL Background Thread 1 ] DEBUG FXGLApplication      - Loading default localization
10:00:45.143 [FXGL Background Thread 4 ] DEBUG FXGLAssetLoaderServi - Loading from file system: jar:file:/C:/Users/11706/.m2/repository/com/github/almasb/fxgl/17.3/fxgl-17.3.jar!/fxglassets/ui/fonts/VarelaRound-Regular.ttf
10:00:45.143 [FXGL Background Thread 1 ] DEBUG FXGLAssetLoaderServi - Loading from file system: jar:file:/C:/Users/11706/.m2/repository/com/github/almasb/fxgl/17.3/fxgl-17.3.jar!/fxglassets/languages/english.lang
10:00:45.172 [FXGL Background Thread 4 ] DEBUG FXGLAssetLoaderServi - Loading from file system: jar:file:/C:/Users/11706/.m2/repository/com/github/almasb/fxgl/17.3/fxgl-17.3.jar!/fxglassets/ui/fonts/Abel-Regular.ttf
10:00:45.185 [FXGL Background Thread 4 ] DEBUG FXGLAssetLoaderServi - Loading from file system: jar:file:/C:/Users/11706/.m2/repository/com/github/almasb/fxgl/17.3/fxgl-17.3.jar!/fxglassets/ui/fonts/TerminalLandMono-Regular.otf
10:00:45.197 [FXGL Background Thread 4 ] DEBUG FXGLAssetLoaderServi - Loading from file system: jar:file:/C:/Users/11706/.m2/repository/com/github/almasb/fxgl/17.3/fxgl-17.3.jar!/fxglassets/ui/fonts/Courier-Prime.ttf
10:00:45.217 [JavaFX Application Thread] DEBUG FXGLApplication      - Registering font factories with UI factory
10:00:45.238 [FXGL Background Thread 1 ] INFO  FXGLApplication      - FXGL initialization took: 0.717 sec
10:00:45.261 [JavaFX Application Thread] DEBUG Input                - Registered new binding: Move Up - W
10:00:45.261 [JavaFX Application Thread] DEBUG Input                - Registered new binding: Move Down - S
10:00:45.262 [JavaFX Application Thread] DEBUG Input                - Registered new binding: Move Left - A
10:00:45.262 [JavaFX Application Thread] DEBUG Input                - Registered new binding: Move Right - D
10:00:45.262 [JavaFX Application Thread] DEBUG Input                - Registered new binding: AttackLeft - J
10:00:45.263 [JavaFX Application Thread] DEBUG Input                - Registered new binding: AttackRight - K
10:00:45.263 [JavaFX Application Thread] DEBUG Input                - Registered new binding: Dash - L
10:00:45.263 [JavaFX Application Thread] DEBUG FXGLAssetLoaderServi - Loading from file system: file:/C:/Users/11706/IdeaProjects/survivior-game3/SurvivorGame/target/classes/assets/textures/icon.png
10:00:45.285 [JavaFX Application Thread] DEBUG FXGLAssetLoaderServi - Loading from file system: jar:file:/C:/Users/11706/.m2/repository/com/github/almasb/fxgl/17.3/fxgl-17.3.jar!/fxglassets/textures/fxgl_default_cursor.png
10:00:45.291 [JavaFX Application Thread] DEBUG Input                - Registered new binding: Screenshot - CTRL+8
10:00:45.294 [JavaFX Application Thread] DEBUG Input                - Registered new binding: System info dump - CTRL+9
10:00:45.296 [JavaFX Application Thread] DEBUG Input                - Registered new binding: Restart - CTRL+R
10:00:45.299 [JavaFX Application Thread] DEBUG Input                - Registered new binding: Toggle Debug Camera - CTRL+7
10:00:45.313 [JavaFX Application Thread] DEBUG LoopRunner           - Starting loop
10:00:45.313 [JavaFX Application Thread] DEBUG LoopRunner           - Initializing ScheduledExecutorLoop with fps: 120
10:00:45.322 [JavaFX Application Thread] DEBUG GameApplicationServi - Starting new game
10:00:45.323 [JavaFX Application Thread] DEBUG Input                - Clearing active input actions
10:00:45.353 [JavaFX Application Thread] DEBUG GameApplicationServi - Removing overlay from FXGLStartupScene and adding to FXGLLoadingScene
10:00:45.353 [JavaFX Application Thread] DEBUG PrimaryStageWindow   - FXGLStartupScene -> FXGLLoadingScene
10:00:45.353 [JavaFX Application Thread] DEBUG GameApplicationServi - Clearing previous game
10:00:45.353 [JavaFX Application Thread] DEBUG GameScene            - Clearing game scene
10:00:45.353 [JavaFX Application Thread] DEBUG GameWorld            - Clearing game world
10:00:45.354 [JavaFX Application Thread] DEBUG PhysicsWorld         - Clearing physics world
10:00:45.360 [FXGL Background Thread 1 ] DEBUG FXGLApplication      - Initializing game
10:00:46.206 [FXGL Background Thread 1 ] WARN  TMXLevelLoader       - TiledMap generated from 1.11.2. Supported version: 1.9.0. Some features may not be parsed fully.
10:00:46.385 [FXGL Background Thread 1 ] DEBUG TMXLevelLoader       - Parsed TiledMap: file:/C:/Users/11706/IdeaProjects/survivior-game3/SurvivorGame/target/classes/assets/levels/Bigdongeonmap.tmx
10:00:46.389 [FXGL Background Thread 1 ] DEBUG TMXLevelLoader       - Creating tile layer entities
10:00:46.395 [FXGL Background Thread 1 ] DEBUG TilesetLoader        - Loading view for layer 图块层 1
10:00:46.477 [FXGL Background Thread 1 ] DEBUG TilesetLoader        - Created buffer with size 9600.0x5600.0
10:00:46.631 [FXGL Background Thread 1 ] DEBUG TilesetLoader        - Loading view for layer 图块层 2
10:00:46.727 [FXGL Background Thread 1 ] DEBUG TilesetLoader        - Created buffer with size 9600.0x5600.0
10:00:46.767 [FXGL Background Thread 1 ] DEBUG TMXLevelLoader       - Creating object layer entities
10:00:46.985 [FXGL Background Thread 1 ] DEBUG GameWorld            - Clearing removable entities
10:00:46.991 [FXGL Background Thread 1 ] DEBUG GameWorld            - Setting level: com.almasb.fxgl.entity.level.Level@343e91c5
10:00:47.143 [FXGL Background Thread 1 ] DEBUG FXGLAssetLoaderServi - Loading from file system: file:/C:/Users/11706/IdeaProjects/survivior-game3/SurvivorGame/target/classes/assets/textures/Idle.png
10:00:47.153 [FXGL Background Thread 1 ] DEBUG FXGLAssetLoaderServi - Loading from file system: file:/C:/Users/11706/IdeaProjects/survivior-game3/SurvivorGame/target/classes/assets/textures/Run.png
10:00:47.156 [FXGL Background Thread 1 ] DEBUG FXGLAssetLoaderServi - Loading from file system: file:/C:/Users/11706/IdeaProjects/survivior-game3/SurvivorGame/target/classes/assets/textures/Attack3.png
10:00:47.181 [FXGL Background Thread 1 ] INFO  FXGLApplication      - Game initialization took: 1.820 sec
10:00:47.184 [JavaFX Application Thread] DEBUG Input                - Clearing active input actions
10:00:47.232 [JavaFX Application Thread] DEBUG GameApplicationServi - Removing overlay from FXGLLoadingScene and adding to GameScene
10:00:47.233 [JavaFX Application Thread] DEBUG PrimaryStageWindow   - FXGLLoadingScene -> GameScene
10:00:47.901 [FXGL Background Thread 2 ] INFO  UpdaterService       - Your current version:  17.3
10:00:47.901 [FXGL Background Thread 2 ] INFO  UpdaterService       - Latest stable version: 21.1
10:00:48.141 [FXGL Background Thread 3 ] DEBUG Engine               - Logging environment variables
10:00:48.141 [FXGL Background Thread 3 ] DEBUG Engine               - achievements: []
10:00:48.141 [FXGL Background Thread 3 ] DEBUG Engine               - actualHeight: 720.0
10:00:48.141 [FXGL Background Thread 3 ] DEBUG Engine               - actualHeightProperty: ReadOnlyDoubleProperty [value: 720.0]
10:00:48.142 [FXGL Background Thread 3 ] DEBUG Engine               - actualWidth: 1280.0
10:00:48.142 [FXGL Background Thread 3 ] DEBUG Engine               - actualWidthProperty: ReadOnlyDoubleProperty [value: 1280.0]
10:00:48.142 [FXGL Background Thread 3 ] DEBUG Engine               - appIcon: icon.png
10:00:48.142 [FXGL Background Thread 3 ] DEBUG Engine               - applicationMode: DEVELOPER
10:00:48.142 [FXGL Background Thread 3 ] DEBUG Engine               - cSSList: [fxgl_dark.css]
10:00:48.142 [FXGL Background Thread 3 ] DEBUG Engine               - collisionDetectionStrategy: BRUTE_FORCE
10:00:48.142 [FXGL Background Thread 3 ] DEBUG Engine               - configClass: Optional.empty
10:00:48.142 [FXGL Background Thread 3 ] DEBUG Engine               - credits: []
10:00:48.143 [FXGL Background Thread 3 ] DEBUG Engine               - defaultCursor: CursorInfo(imageName=fxgl_default_cursor.png, hotspotX=7.0, hotspotY=6.0)
10:00:48.143 [FXGL Background Thread 3 ] DEBUG Engine               - devBBoxColorProperty: ObjectProperty [value: 0xff0000ff]
10:00:48.143 [FXGL Background Thread 3 ] DEBUG Engine               - devEnableDebugCameraProperty: BooleanProperty [value: false]
10:00:48.143 [FXGL Background Thread 3 ] DEBUG Engine               - devSensorColorProperty: ObjectProperty [value: 0xffff00ff]
10:00:48.143 [FXGL Background Thread 3 ] DEBUG Engine               - devShowBBoxProperty: BooleanProperty [value: false]
10:00:48.143 [FXGL Background Thread 3 ] DEBUG Engine               - devShowPositionProperty: BooleanProperty [value: false]
10:00:48.143 [FXGL Background Thread 3 ] DEBUG Engine               - enabledMenuItems: []
10:00:48.143 [FXGL Background Thread 3 ] DEBUG Engine               - engineServices: [class com.almasb.fxgl.app.services.FXGLAssetLoaderService, class com.almasb.fxgl.app.FXGLApplication$GameApplicationService, class com.almasb.fxgl.app.services.FXGLDialogService, class com.almasb.fxgl.app.services.IOTaskExecutorService, class com.almasb.fxgl.io.FileSystemService, class com.almasb.fxgl.localization.LocalizationService, class com.almasb.fxgl.app.services.SystemBundleService, class com.almasb.fxgl.profile.SaveLoadService, class com.almasb.fxgl.ui.FXGLUIFactoryServiceProvider, class com.almasb.fxgl.ui.FXGLDialogFactoryServiceProvider, class com.almasb.fxgl.audio.AudioPlayer, class com.almasb.fxgl.notification.impl.NotificationServiceProvider, class com.almasb.fxgl.achievement.AchievementService, class com.almasb.fxgl.cutscene.CutsceneService, class com.almasb.fxgl.minigames.MiniGameService, class com.almasb.fxgl.net.NetService, class com.almasb.fxgl.app.services.UpdaterService, class com.almasb.fxgl.dev.DevService]
10:00:48.143 [FXGL Background Thread 3 ] DEBUG Engine               - fontGame: Abel-Regular.ttf
10:00:48.143 [FXGL Background Thread 3 ] DEBUG Engine               - fontMono: TerminalLandMono-Regular.otf
10:00:48.143 [FXGL Background Thread 3 ] DEBUG Engine               - fontSizeScaleUI: 1.0
10:00:48.143 [FXGL Background Thread 3 ] DEBUG Engine               - fontText: Courier-Prime.ttf
10:00:48.143 [FXGL Background Thread 3 ] DEBUG Engine               - fontUI: VarelaRound-Regular.ttf
10:00:48.143 [FXGL Background Thread 3 ] DEBUG Engine               - fullScreen: BooleanProperty [value: false]
10:00:48.143 [FXGL Background Thread 3 ] DEBUG Engine               - gameDifficulty: MEDIUM
10:00:48.143 [FXGL Background Thread 3 ] DEBUG Engine               - gameDifficultyProperty: ObjectProperty [value: MEDIUM]
10:00:48.143 [FXGL Background Thread 3 ] DEBUG Engine               - globalMusicVolume: 0.5
10:00:48.143 [FXGL Background Thread 3 ] DEBUG Engine               - globalMusicVolumeProperty: DoubleProperty [value: 0.5]
10:00:48.143 [FXGL Background Thread 3 ] DEBUG Engine               - globalSoundVolume: 0.5
10:00:48.143 [FXGL Background Thread 3 ] DEBUG Engine               - globalSoundVolumeProperty: DoubleProperty [value: 0.5]
10:00:48.144 [FXGL Background Thread 3 ] DEBUG Engine               - height: 720
10:00:48.144 [FXGL Background Thread 3 ] DEBUG Engine               - is3D: false
10:00:48.144 [FXGL Background Thread 3 ] DEBUG Engine               - isAndroid: false
10:00:48.144 [FXGL Background Thread 3 ] DEBUG Engine               - isBrowser: false
10:00:48.144 [FXGL Background Thread 3 ] DEBUG Engine               - isClickFeedbackEnabled: false
10:00:48.144 [FXGL Background Thread 3 ] DEBUG Engine               - isCloseConfirmation: false
10:00:48.144 [FXGL Background Thread 3 ] DEBUG Engine               - isDesktop: true
10:00:48.144 [FXGL Background Thread 3 ] DEBUG Engine               - isDeveloperMenuEnabled: false
10:00:48.144 [FXGL Background Thread 3 ] DEBUG Engine               - isEmbedded: false
10:00:48.144 [FXGL Background Thread 3 ] DEBUG Engine               - isEntityPreloadEnabled: true
10:00:48.144 [FXGL Background Thread 3 ] DEBUG Engine               - isExperimentalTiledLargeMap: false
10:00:48.144 [FXGL Background Thread 3 ] DEBUG Engine               - isFileSystemWriteAllowed: true
10:00:48.144 [FXGL Background Thread 3 ] DEBUG Engine               - isFullScreenAllowed: false
10:00:48.144 [FXGL Background Thread 3 ] DEBUG Engine               - isFullScreenFromStart: false
10:00:48.144 [FXGL Background Thread 3 ] DEBUG Engine               - isGameMenuEnabled: true
10:00:48.144 [FXGL Background Thread 3 ] DEBUG Engine               - isIOS: false
10:00:48.144 [FXGL Background Thread 3 ] DEBUG Engine               - isIntroEnabled: false
10:00:48.144 [FXGL Background Thread 3 ] DEBUG Engine               - isLinux: false
10:00:48.144 [FXGL Background Thread 3 ] DEBUG Engine               - isMac: false
10:00:48.144 [FXGL Background Thread 3 ] DEBUG Engine               - isMainMenuEnabled: false
10:00:48.144 [FXGL Background Thread 3 ] DEBUG Engine               - isManualResizeEnabled: false
10:00:48.144 [FXGL Background Thread 3 ] DEBUG Engine               - isMobile: false
10:00:48.144 [FXGL Background Thread 3 ] DEBUG Engine               - isNative: false
10:00:48.144 [FXGL Background Thread 3 ] DEBUG Engine               - isPauseMusicWhenMinimized: true
10:00:48.144 [FXGL Background Thread 3 ] DEBUG Engine               - isPreserveResizeRatio: false
10:00:48.144 [FXGL Background Thread 3 ] DEBUG Engine               - isProfilingEnabled: false
10:00:48.144 [FXGL Background Thread 3 ] DEBUG Engine               - isScaleAffectedOnResize: true
10:00:48.144 [FXGL Background Thread 3 ] DEBUG Engine               - isSingleStep: false
10:00:48.144 [FXGL Background Thread 3 ] DEBUG Engine               - isUserProfileEnabled: false
10:00:48.144 [FXGL Background Thread 3 ] DEBUG Engine               - isWindows: true
10:00:48.144 [FXGL Background Thread 3 ] DEBUG Engine               - language: ObjectProperty [value: ENGLISH]
10:00:48.144 [FXGL Background Thread 3 ] DEBUG Engine               - menuKey: ESCAPE
10:00:48.144 [FXGL Background Thread 3 ] DEBUG Engine               - mouseSensitivity: 0.2
10:00:48.144 [FXGL Background Thread 3 ] DEBUG Engine               - notificationViewClass: class com.almasb.fxgl.notification.view.XboxNotificationView
10:00:48.144 [FXGL Background Thread 3 ] DEBUG Engine               - pixelsPerMeter: 50.0
10:00:48.145 [FXGL Background Thread 3 ] DEBUG Engine               - platform: WINDOWS
10:00:48.145 [FXGL Background Thread 3 ] DEBUG Engine               - prefHeightProperty: ReadOnlyDoubleProperty [value: 720.0]
10:00:48.145 [FXGL Background Thread 3 ] DEBUG Engine               - prefWidthProperty: ReadOnlyDoubleProperty [value: 1280.0]
10:00:48.145 [FXGL Background Thread 3 ] DEBUG Engine               - profileDir: profiles/
10:00:48.145 [FXGL Background Thread 3 ] DEBUG Engine               - profileName: StringProperty [value: DEFAULT]
10:00:48.145 [FXGL Background Thread 3 ] DEBUG Engine               - randomSeed: -1
10:00:48.145 [FXGL Background Thread 3 ] DEBUG Engine               - runtimeInfo: RuntimeInfo(platform=WINDOWS, version=17.3, build=30.03.2023 11.49)
10:00:48.145 [FXGL Background Thread 3 ] DEBUG Engine               - saveFileExt: sav
10:00:48.145 [FXGL Background Thread 3 ] DEBUG Engine               - scaledHeightProp$fxgl: DoubleProperty [bound, value: 720.0]
10:00:48.145 [FXGL Background Thread 3 ] DEBUG Engine               - scaledWidthProp$fxgl: DoubleProperty [bound, value: 1280.0]
10:00:48.145 [FXGL Background Thread 3 ] DEBUG Engine               - sceneFactory: com.almasb.fxgl.app.scene.SceneFactory@1c4fa19f
10:00:48.145 [FXGL Background Thread 3 ] DEBUG Engine               - secondsIn24h: 60
10:00:48.145 [FXGL Background Thread 3 ] DEBUG Engine               - soundMenuBack: menu/back.wav
10:00:48.145 [FXGL Background Thread 3 ] DEBUG Engine               - soundMenuPress: menu/press.wav
10:00:48.145 [FXGL Background Thread 3 ] DEBUG Engine               - soundMenuSelect: menu/select.wav
10:00:48.145 [FXGL Background Thread 3 ] DEBUG Engine               - soundNotification: core/notification.wav
10:00:48.145 [FXGL Background Thread 3 ] DEBUG Engine               - stageStyle: DECORATED
10:00:48.145 [FXGL Background Thread 3 ] DEBUG Engine               - supportedLanguages: [ENGLISH, FRENCH, GERMAN, HUNGARIAN, RUSSIAN]
10:00:48.145 [FXGL Background Thread 3 ] DEBUG Engine               - ticksPerSecond: 120
10:00:48.145 [FXGL Background Thread 3 ] DEBUG Engine               - title: Survivor Game
10:00:48.145 [FXGL Background Thread 3 ] DEBUG Engine               - urlGithub: https://github.com/AlmasB/FXGL
10:00:48.145 [FXGL Background Thread 3 ] DEBUG Engine               - urlLeaderboard: http://fxgl-top.herokuapp.com/
10:00:48.146 [FXGL Background Thread 3 ] DEBUG Engine               - urlPOM: https://raw.githubusercontent.com/AlmasB/FXGL/release/README.md
10:00:48.146 [FXGL Background Thread 3 ] DEBUG Engine               - userAppClass: class com.survivor.main.GameApp
10:00:48.146 [FXGL Background Thread 3 ] DEBUG Engine               - version: 1.0
10:00:48.146 [FXGL Background Thread 3 ] DEBUG Engine               - versionCheckDays: 7
10:00:48.146 [FXGL Background Thread 3 ] DEBUG Engine               - width: 1280
10:00:48.146 [FXGL Background Thread 3 ] DEBUG Engine               - Logging services
10:00:48.146 [FXGL Background Thread 3 ] DEBUG Engine               - class com.almasb.fxgl.app.services.FXGLAssetLoaderService
10:00:48.146 [FXGL Background Thread 3 ] DEBUG Engine               - class com.almasb.fxgl.app.FXGLApplication$GameApplicationService
10:00:48.146 [FXGL Background Thread 3 ] DEBUG Engine               - class com.almasb.fxgl.app.services.FXGLDialogService
10:00:48.146 [FXGL Background Thread 3 ] DEBUG Engine               - class com.almasb.fxgl.app.services.IOTaskExecutorService
10:00:48.146 [FXGL Background Thread 3 ] DEBUG Engine               - class com.almasb.fxgl.io.FileSystemService
10:00:48.146 [FXGL Background Thread 3 ] DEBUG Engine               - class com.almasb.fxgl.localization.LocalizationService
10:00:48.146 [FXGL Background Thread 3 ] DEBUG Engine               - class com.almasb.fxgl.app.services.SystemBundleService
10:00:48.146 [FXGL Background Thread 3 ] DEBUG Engine               - class com.almasb.fxgl.profile.SaveLoadService
10:00:48.146 [FXGL Background Thread 3 ] DEBUG Engine               - class com.almasb.fxgl.ui.FXGLUIFactoryServiceProvider
10:00:48.146 [FXGL Background Thread 3 ] DEBUG Engine               - class com.almasb.fxgl.ui.FXGLDialogFactoryServiceProvider
10:00:48.146 [FXGL Background Thread 3 ] DEBUG Engine               - class com.almasb.fxgl.audio.AudioPlayer
10:00:48.146 [FXGL Background Thread 3 ] DEBUG Engine               - class com.almasb.fxgl.notification.impl.NotificationServiceProvider
10:00:48.146 [FXGL Background Thread 3 ] DEBUG Engine               - class com.almasb.fxgl.achievement.AchievementService
10:00:48.146 [FXGL Background Thread 3 ] DEBUG Engine               - class com.almasb.fxgl.cutscene.CutsceneService
10:00:48.146 [FXGL Background Thread 3 ] DEBUG Engine               - class com.almasb.fxgl.minigames.MiniGameService
10:00:48.146 [FXGL Background Thread 3 ] DEBUG Engine               - class com.almasb.fxgl.net.NetService
10:00:48.146 [FXGL Background Thread 3 ] DEBUG Engine               - class com.almasb.fxgl.app.services.UpdaterService
10:00:48.146 [FXGL Background Thread 3 ] DEBUG Engine               - class com.almasb.fxgl.dev.DevService
10:00:49.086 [JavaFX Application Thread] DEBUG FXGLAssetLoaderServi - Loading from file system: file:/C:/Users/11706/IdeaProjects/survivior-game3/SurvivorGame/target/classes/assets/textures/enemy.png
10:01:00.464 [JavaFX Application Thread] WARN  TMXLevelLoader       - TiledMap generated from 1.11.2. Supported version: 1.9.0. Some features may not be parsed fully.
10:01:00.537 [JavaFX Application Thread] DEBUG TMXLevelLoader       - Parsed TiledMap: file:/C:/Users/11706/IdeaProjects/survivior-game3/SurvivorGame/target/classes/assets/levels/Bigdongeonmap.tmx
10:01:00.537 [JavaFX Application Thread] DEBUG TMXLevelLoader       - Creating tile layer entities
10:01:00.537 [JavaFX Application Thread] DEBUG TilesetLoader        - Loading view for layer 图块层 1
10:01:00.664 [JavaFX Application Thread] DEBUG TilesetLoader        - Created buffer with size 9600.0x5600.0
10:01:00.731 [JavaFX Application Thread] DEBUG TilesetLoader        - Loading view for layer 图块层 2
10:01:00.810 [JavaFX Application Thread] DEBUG TilesetLoader        - Created buffer with size 9600.0x5600.0
10:01:00.927 [JavaFX Application Thread] DEBUG TMXLevelLoader       - Creating object layer entities
10:01:00.964 [JavaFX Application Thread] DEBUG GameWorld            - Clearing removable entities
10:01:00.993 [JavaFX Application Thread] DEBUG GameWorld            - Setting level: com.almasb.fxgl.entity.level.Level@1958438d
10:01:02.231 [JavaFX Application Thread] DEBUG LoopRunner           - Stopping loop
10:01:02.233 [JavaFX Application Thread] FATAL FXGLApplication      - Uncaught Exception:
java.lang.IllegalArgumentException: Component PlayerMovementComponent not found!
	at com.almasb.fxgl.entity.Entity.getComponent(Entity.java:366)
	at com.survivor.main.GameApp$4.onAction(GameApp.java:95)
	at com.almasb.fxgl.input.UserAction.action$fxgl_core(UserAction.kt:38)
	at com.almasb.fxgl.input.Input.update(Input.kt:288)
	at com.almasb.fxgl.scene.Scene.update(Scene.kt:103)
	at com.almasb.fxgl.app.MainWindow$update$1.invoke(MainWindow.kt:115)
	at com.almasb.fxgl.app.MainWindow$update$1.invoke(MainWindow.kt:115)
	at com.almasb.fxgl.core.fsm.StateMachine.runOnActiveStates(StateMachine.kt:69)
	at com.almasb.fxgl.app.MainWindow.update(MainWindow.kt:115)
	at com.almasb.fxgl.app.FXGLApplication$GameApplicationService.onUpdate(FXGLApplication.kt:426)
	at com.almasb.fxgl.app.Engine.loop(Engine.kt:134)
	at com.almasb.fxgl.app.Engine.access$loop(Engine.kt:24)
	at com.almasb.fxgl.app.Engine$loop$1.invoke(Engine.kt:28)
	at com.almasb.fxgl.app.Engine$loop$1.invoke(Engine.kt:28)
	at com.almasb.fxgl.app.LoopRunner.frame(LoopRunner.kt:103)
	at com.almasb.fxgl.app.LoopRunner.access$frame(LoopRunner.kt:23)
	at com.almasb.fxgl.app.LoopRunner$impl$2$2.onTick(LoopRunner.kt:64)
	at com.almasb.fxgl.app.ScheduledExecutorLoop.start$lambda$1$lambda$0(LoopRunner.kt:170)
	at com.sun.javafx.application.PlatformImpl.lambda$runLater$10(PlatformImpl.java:456)
	at java.base/java.security.AccessController.doPrivileged(AccessController.java:400)
	at com.sun.javafx.application.PlatformImpl.lambda$runLater$11(PlatformImpl.java:455)
	at com.sun.glass.ui.InvokeLaterDispatcher$Future.run(InvokeLaterDispatcher.java:95)
	at com.sun.glass.ui.win.WinApplication._runLoop(Native Method)
	at com.sun.glass.ui.win.WinApplication.lambda$runLoop$3(WinApplication.java:185)
	at java.base/java.lang.Thread.run(Thread.java:1575)

10:01:02.233 [JavaFX Application Thread] FATAL FXGLApplication      - Application will now exit
10:01:02.251 [JavaFX Application Thread] DEBUG PrimaryStageWindow   - Push state: ErrorSubScene
10:01:02.251 [JavaFX Application Thread] DEBUG Input                - Clearing active input actions
10:01:20.037 [JavaFX Application Thread] DEBUG FXGLApplication      - Exiting FXGL
10:01:20.037 [JavaFX Application Thread] DEBUG Async                - Shutting down background threads
10:01:20.037 [JavaFX Application Thread] DEBUG PrimaryStageWindow   - Closing main window
10:01:20.086 [JavaFX Application Thread] DEBUG Logger               - Closing Logger
