16:03:24.261 [main                     ] DEBUG Logger               - Configured Logger
16:03:24.287 [main                     ] DEBUG GameApplication      - Logging settings
Title: Survivor Game
Version: 1.0
Width: 1280
Height: 720
Fullscreen: false
Intro: false
Profiling: false
Single step:false
App Mode: DEVELOPER
Menu Key: ESCAPE
Stage Style: DECORATED
Scene Factory: class com.almasb.fxgl.app.scene.SceneFactory

16:03:24.731 [JavaFX Application Thread] DEBUG FXGLApplication      - Initializing FXGL
16:03:24.734 [JavaFX Application Thread] INFO  Engine               - FXGL-17.3 (30.03.2023 11.49) on WINDOWS (J:23.0.1 FX:20)
16:03:24.734 [JavaFX Application Thread] DEBUG Engine               - JRE Vendor Name: Oracle Corporation
16:03:24.734 [JavaFX Application Thread] DEBUG Engine               - Running on OS: Windows 11 version 10.0
16:03:24.734 [JavaFX Application Thread] DEBUG Engine               - Architecture: amd64
16:03:24.734 [JavaFX Application Thread] INFO  Engine               - Source code and latest versions at: https://github.com/AlmasB/FXGL
16:03:24.735 [JavaFX Application Thread] INFO  Engine               -       Ask questions and discuss at: https://github.com/AlmasB/FXGL/discussions
16:03:24.735 [JavaFX Application Thread] INFO  Engine               -              Join the FXGL chat at: https://gitter.im/AlmasB/FXGL
16:03:24.838 [JavaFX Application Thread] DEBUG PrimaryStageWindow   - Creating a JavaFX scene
16:03:24.882 [JavaFX Application Thread] DEBUG PrimaryStageWindow   - Target settings size: 1280.0 x 720.0
16:03:24.883 [JavaFX Application Thread] DEBUG PrimaryStageWindow   - Scaled scene size:    1280.0 x 720.0
16:03:24.883 [JavaFX Application Thread] DEBUG PrimaryStageWindow   - Scaled ratio: (1.0, 1.0)
16:03:24.884 [JavaFX Application Thread] DEBUG PrimaryStageWindow   - Set initial scene to FXGLStartupScene
16:03:24.886 [JavaFX Application Thread] DEBUG PrimaryStageWindow   - Opening main window
16:03:24.998 [JavaFX Application Thread] DEBUG PrimaryStageWindow   - Window border size: (14.6666259765625, 37.33331298828125)
16:03:24.998 [JavaFX Application Thread] DEBUG PrimaryStageWindow   - Scaled size: 1280.0 x 720.0
16:03:24.999 [JavaFX Application Thread] DEBUG PrimaryStageWindow   - Scaled ratio: (1.0, 1.0)
16:03:24.999 [JavaFX Application Thread] DEBUG PrimaryStageWindow   - Scene size: 1280.0 x 720.0
16:03:24.999 [JavaFX Application Thread] DEBUG PrimaryStageWindow   - Stage size: 1294.6666259765625 x 757.3333129882812
16:03:25.005 [FXGL Background Thread 1 ] DEBUG Engine               - Initializing environment variables
16:03:25.045 [FXGL Background Thread 1 ] DEBUG FXGLAssetLoaderServi - User app class for loading assets: class com.survivor.main.GameApp
16:03:25.045 [FXGL Background Thread 1 ] DEBUG GameApplicationServi - Applying CSS: fxgl_dark.css
16:03:25.045 [FXGL Background Thread 1 ] DEBUG FXGLAssetLoaderServi - Loading from file system: jar:file:/C:/Users/11706/.m2/repository/com/github/almasb/fxgl/17.3/fxgl-17.3.jar!/fxglassets/ui/css/fxgl_dark.css
16:03:25.088 [FXGL Background Thread 1 ] DEBUG GameApplicationServi - Initializing application scenes
16:03:25.183 [FXGL Background Thread 1 ] DEBUG GameWorld            - Game world initialized
16:03:25.252 [FXGL Background Thread 1 ] DEBUG PhysicsWorld         - Physics world initialized: appHeight=720, physics.ppm=50.0
16:03:25.252 [FXGL Background Thread 1 ] DEBUG PhysicsWorld         - Using strategy: BRUTE_FORCE
16:03:25.256 [FXGL Background Thread 1 ] DEBUG GameScene            - Game scene initialized: 1280x720
16:03:25.269 [FXGL Background Thread 1 ] DEBUG FXGL.DefaultMenu     - createMenuBodyGameMenu()
16:03:25.284 [FXGL Background Thread 1 ] DEBUG FXGL.DefaultMenu     - createOptionsMenu()
16:03:25.297 [FXGL Background Thread 1 ] DEBUG FXGLAssetLoaderServi - Loading from file system: jar:file:/C:/Users/11706/.m2/repository/com/github/almasb/fxgl/17.3/fxgl-17.3.jar!/fxglassets/textures/particles/smoke.png
16:03:25.418 [FXGL Background Thread 1 ] DEBUG FXGLAssetLoaderServi - Loading from file system: jar:file:/C:/Users/11706/.m2/repository/com/github/almasb/fxgl/17.3/fxgl-17.3.jar!/fxglassets/textures/particles/trace_horizontal.png
16:03:25.441 [FXGL Background Thread 1 ] DEBUG GameApplicationServi - Application scenes initialized
16:03:25.462 [FXGL Background Thread 1 ] DEBUG SystemBundleService  - Loading FXGL system data
16:03:25.467 [FXGL Background Thread 1 ] DEBUG FileSystemAccess     - Reading from: C:\Users\11706\IdeaProjects\survivior-game3\system\fxgl.bundle
16:03:25.470 [FXGL Background Thread 1 ] DEBUG SystemBundleService  - Bundle FXGL: {}
16:03:25.470 [FXGL Background Thread 1 ] DEBUG UpdaterService       - Checking for updates
16:03:25.473 [FXGL Background Thread 4 ] DEBUG FXGLApplication      - Loading fonts
16:03:25.473 [FXGL Background Thread 4 ] DEBUG FXGLAssetLoaderServi - Loading from file system: jar:file:/C:/Users/11706/.m2/repository/com/github/almasb/fxgl/17.3/fxgl-17.3.jar!/fxglassets/ui/fonts/VarelaRound-Regular.ttf
16:03:25.473 [FXGL Background Thread 1 ] DEBUG FXGLApplication      - Loading default localization
16:03:25.474 [FXGL Background Thread 1 ] DEBUG FXGLAssetLoaderServi - Loading from file system: jar:file:/C:/Users/11706/.m2/repository/com/github/almasb/fxgl/17.3/fxgl-17.3.jar!/fxglassets/languages/english.lang
16:03:25.490 [FXGL Background Thread 4 ] DEBUG FXGLAssetLoaderServi - Loading from file system: jar:file:/C:/Users/11706/.m2/repository/com/github/almasb/fxgl/17.3/fxgl-17.3.jar!/fxglassets/ui/fonts/Abel-Regular.ttf
16:03:25.501 [FXGL Background Thread 4 ] DEBUG FXGLAssetLoaderServi - Loading from file system: jar:file:/C:/Users/11706/.m2/repository/com/github/almasb/fxgl/17.3/fxgl-17.3.jar!/fxglassets/ui/fonts/TerminalLandMono-Regular.otf
16:03:25.506 [FXGL Background Thread 1 ] INFO  FXGLApplication      - FXGL initialization took: 0.501 sec
16:03:25.507 [JavaFX Application Thread] DEBUG Input                - Clearing active input actions
16:03:25.512 [FXGL Background Thread 4 ] DEBUG FXGLAssetLoaderServi - Loading from file system: jar:file:/C:/Users/11706/.m2/repository/com/github/almasb/fxgl/17.3/fxgl-17.3.jar!/fxglassets/ui/fonts/Courier-Prime.ttf
16:03:25.519 [JavaFX Application Thread] DEBUG Input                - Registered new binding: Move Up - W
16:03:25.520 [JavaFX Application Thread] DEBUG Input                - Registered new binding: Move Down - S
16:03:25.520 [JavaFX Application Thread] DEBUG Input                - Registered new binding: Move Left - A
16:03:25.520 [JavaFX Application Thread] DEBUG Input                - Registered new binding: Move Right - D
16:03:25.521 [JavaFX Application Thread] DEBUG Input                - Registered new binding: AttackLeft - J
16:03:25.521 [JavaFX Application Thread] DEBUG Input                - Registered new binding: AttackRight - K
16:03:25.521 [JavaFX Application Thread] DEBUG Input                - Registered new binding: Dash - L
16:03:25.522 [JavaFX Application Thread] DEBUG FXGLAssetLoaderServi - Loading from file system: file:/C:/Users/11706/IdeaProjects/survivior-game3/SurvivorGame/target/classes/assets/textures/icon.png
16:03:25.535 [JavaFX Application Thread] DEBUG FXGLAssetLoaderServi - Loading from file system: jar:file:/C:/Users/11706/.m2/repository/com/github/almasb/fxgl/17.3/fxgl-17.3.jar!/fxglassets/textures/fxgl_default_cursor.png
16:03:25.540 [JavaFX Application Thread] DEBUG Input                - Registered new binding: Screenshot - CTRL+8
16:03:25.542 [JavaFX Application Thread] DEBUG Input                - Registered new binding: System info dump - CTRL+9
16:03:25.543 [JavaFX Application Thread] DEBUG Input                - Registered new binding: Restart - CTRL+R
16:03:25.545 [JavaFX Application Thread] DEBUG Input                - Registered new binding: Toggle Debug Camera - CTRL+7
16:03:25.557 [JavaFX Application Thread] DEBUG LoopRunner           - Starting loop
16:03:25.557 [JavaFX Application Thread] DEBUG LoopRunner           - Initializing ScheduledExecutorLoop with fps: 120
16:03:25.563 [JavaFX Application Thread] DEBUG GameApplicationServi - Starting new game
16:03:25.564 [JavaFX Application Thread] DEBUG Input                - Clearing active input actions
16:03:25.582 [JavaFX Application Thread] DEBUG GameApplicationServi - Removing overlay from FXGLStartupScene and adding to FXGLLoadingScene
16:03:25.583 [JavaFX Application Thread] DEBUG PrimaryStageWindow   - FXGLStartupScene -> FXGLLoadingScene
16:03:25.583 [JavaFX Application Thread] DEBUG GameApplicationServi - Clearing previous game
16:03:25.583 [JavaFX Application Thread] DEBUG GameScene            - Clearing game scene
16:03:25.583 [JavaFX Application Thread] DEBUG GameWorld            - Clearing game world
16:03:25.583 [JavaFX Application Thread] DEBUG PhysicsWorld         - Clearing physics world
16:03:25.587 [FXGL Background Thread 4 ] DEBUG FXGLApplication      - Initializing game
16:03:25.627 [JavaFX Application Thread] DEBUG FXGLApplication      - Registering font factories with UI factory
16:03:26.329 [FXGL Background Thread 4 ] WARN  TMXLevelLoader       - TiledMap generated from 1.11.2. Supported version: 1.9.0. Some features may not be parsed fully.
16:03:26.472 [FXGL Background Thread 4 ] DEBUG TMXLevelLoader       - Parsed TiledMap: file:/C:/Users/11706/IdeaProjects/survivior-game3/SurvivorGame/target/classes/assets/levels/Bigdongeonmap.tmx
16:03:26.476 [FXGL Background Thread 4 ] DEBUG TMXLevelLoader       - Creating tile layer entities
16:03:26.482 [FXGL Background Thread 4 ] DEBUG TilesetLoader        - Loading view for layer 图块层 1
16:03:26.531 [FXGL Background Thread 4 ] DEBUG TilesetLoader        - Created buffer with size 9600.0x5600.0
16:03:26.644 [FXGL Background Thread 4 ] DEBUG TilesetLoader        - Loading view for layer 图块层 2
16:03:26.697 [FXGL Background Thread 4 ] DEBUG TilesetLoader        - Created buffer with size 9600.0x5600.0
16:03:26.809 [FXGL Background Thread 4 ] DEBUG TMXLevelLoader       - Creating object layer entities
16:03:26.926 [FXGL Background Thread 4 ] DEBUG GameWorld            - Clearing removable entities
16:03:26.927 [FXGL Background Thread 4 ] DEBUG GameWorld            - Setting level: com.almasb.fxgl.entity.level.Level@67a1d158
16:03:26.995 [FXGL Background Thread 4 ] DEBUG FXGLAssetLoaderServi - Loading from file system: file:/C:/Users/11706/IdeaProjects/survivior-game3/SurvivorGame/target/classes/assets/textures/Idle.png
16:03:26.999 [FXGL Background Thread 4 ] DEBUG FXGLAssetLoaderServi - Loading from file system: file:/C:/Users/11706/IdeaProjects/survivior-game3/SurvivorGame/target/classes/assets/textures/Run.png
16:03:27.002 [FXGL Background Thread 4 ] DEBUG FXGLAssetLoaderServi - Loading from file system: file:/C:/Users/11706/IdeaProjects/survivior-game3/SurvivorGame/target/classes/assets/textures/Attack3.png
16:03:27.012 [FXGL Background Thread 4 ] INFO  FXGLApplication      - Game initialization took: 1.425 sec
16:03:27.279 [JavaFX Application Thread] DEBUG Input                - Clearing active input actions
16:03:27.309 [JavaFX Application Thread] DEBUG GameApplicationServi - Removing overlay from FXGLLoadingScene and adding to GameScene
16:03:27.310 [JavaFX Application Thread] DEBUG PrimaryStageWindow   - FXGLLoadingScene -> GameScene
16:03:27.400 [FXGL Background Thread 2 ] INFO  UpdaterService       - Your current version:  17.3
16:03:27.400 [FXGL Background Thread 2 ] INFO  UpdaterService       - Latest stable version: 21.1
16:03:28.474 [FXGL Background Thread 3 ] DEBUG Engine               - Logging environment variables
16:03:28.475 [FXGL Background Thread 3 ] DEBUG Engine               - achievements: []
16:03:28.475 [FXGL Background Thread 3 ] DEBUG Engine               - actualHeight: 720.0
16:03:28.475 [FXGL Background Thread 3 ] DEBUG Engine               - actualHeightProperty: ReadOnlyDoubleProperty [value: 720.0]
16:03:28.475 [FXGL Background Thread 3 ] DEBUG Engine               - actualWidth: 1280.0
16:03:28.475 [FXGL Background Thread 3 ] DEBUG Engine               - actualWidthProperty: ReadOnlyDoubleProperty [value: 1280.0]
16:03:28.476 [FXGL Background Thread 3 ] DEBUG Engine               - appIcon: icon.png
16:03:28.476 [FXGL Background Thread 3 ] DEBUG Engine               - applicationMode: DEVELOPER
16:03:28.476 [FXGL Background Thread 3 ] DEBUG Engine               - cSSList: [fxgl_dark.css]
16:03:28.476 [FXGL Background Thread 3 ] DEBUG Engine               - collisionDetectionStrategy: BRUTE_FORCE
16:03:28.476 [FXGL Background Thread 3 ] DEBUG Engine               - configClass: Optional.empty
16:03:28.476 [FXGL Background Thread 3 ] DEBUG Engine               - credits: []
16:03:28.476 [FXGL Background Thread 3 ] DEBUG Engine               - defaultCursor: CursorInfo(imageName=fxgl_default_cursor.png, hotspotX=7.0, hotspotY=6.0)
16:03:28.476 [FXGL Background Thread 3 ] DEBUG Engine               - devBBoxColorProperty: ObjectProperty [value: 0xff0000ff]
16:03:28.476 [FXGL Background Thread 3 ] DEBUG Engine               - devEnableDebugCameraProperty: BooleanProperty [value: false]
16:03:28.477 [FXGL Background Thread 3 ] DEBUG Engine               - devSensorColorProperty: ObjectProperty [value: 0xffff00ff]
16:03:28.477 [FXGL Background Thread 3 ] DEBUG Engine               - devShowBBoxProperty: BooleanProperty [value: false]
16:03:28.477 [FXGL Background Thread 3 ] DEBUG Engine               - devShowPositionProperty: BooleanProperty [value: false]
16:03:28.477 [FXGL Background Thread 3 ] DEBUG Engine               - enabledMenuItems: []
16:03:28.477 [FXGL Background Thread 3 ] DEBUG Engine               - engineServices: [class com.almasb.fxgl.app.services.FXGLAssetLoaderService, class com.almasb.fxgl.app.FXGLApplication$GameApplicationService, class com.almasb.fxgl.app.services.FXGLDialogService, class com.almasb.fxgl.app.services.IOTaskExecutorService, class com.almasb.fxgl.io.FileSystemService, class com.almasb.fxgl.localization.LocalizationService, class com.almasb.fxgl.app.services.SystemBundleService, class com.almasb.fxgl.profile.SaveLoadService, class com.almasb.fxgl.ui.FXGLUIFactoryServiceProvider, class com.almasb.fxgl.ui.FXGLDialogFactoryServiceProvider, class com.almasb.fxgl.audio.AudioPlayer, class com.almasb.fxgl.notification.impl.NotificationServiceProvider, class com.almasb.fxgl.achievement.AchievementService, class com.almasb.fxgl.cutscene.CutsceneService, class com.almasb.fxgl.minigames.MiniGameService, class com.almasb.fxgl.net.NetService, class com.almasb.fxgl.app.services.UpdaterService, class com.almasb.fxgl.dev.DevService]
16:03:28.477 [FXGL Background Thread 3 ] DEBUG Engine               - fontGame: Abel-Regular.ttf
16:03:28.477 [FXGL Background Thread 3 ] DEBUG Engine               - fontMono: TerminalLandMono-Regular.otf
16:03:28.477 [FXGL Background Thread 3 ] DEBUG Engine               - fontSizeScaleUI: 1.0
16:03:28.477 [FXGL Background Thread 3 ] DEBUG Engine               - fontText: Courier-Prime.ttf
16:03:28.477 [FXGL Background Thread 3 ] DEBUG Engine               - fontUI: VarelaRound-Regular.ttf
16:03:28.477 [FXGL Background Thread 3 ] DEBUG Engine               - fullScreen: BooleanProperty [value: false]
16:03:28.477 [FXGL Background Thread 3 ] DEBUG Engine               - gameDifficulty: MEDIUM
16:03:28.478 [FXGL Background Thread 3 ] DEBUG Engine               - gameDifficultyProperty: ObjectProperty [value: MEDIUM]
16:03:28.478 [FXGL Background Thread 3 ] DEBUG Engine               - globalMusicVolume: 0.5
16:03:28.478 [FXGL Background Thread 3 ] DEBUG Engine               - globalMusicVolumeProperty: DoubleProperty [value: 0.5]
16:03:28.478 [FXGL Background Thread 3 ] DEBUG Engine               - globalSoundVolume: 0.5
16:03:28.478 [FXGL Background Thread 3 ] DEBUG Engine               - globalSoundVolumeProperty: DoubleProperty [value: 0.5]
16:03:28.478 [FXGL Background Thread 3 ] DEBUG Engine               - height: 720
16:03:28.478 [FXGL Background Thread 3 ] DEBUG Engine               - is3D: false
16:03:28.478 [FXGL Background Thread 3 ] DEBUG Engine               - isAndroid: false
16:03:28.478 [FXGL Background Thread 3 ] DEBUG Engine               - isBrowser: false
16:03:28.478 [FXGL Background Thread 3 ] DEBUG Engine               - isClickFeedbackEnabled: false
16:03:28.478 [FXGL Background Thread 3 ] DEBUG Engine               - isCloseConfirmation: false
16:03:28.478 [FXGL Background Thread 3 ] DEBUG Engine               - isDesktop: true
16:03:28.478 [FXGL Background Thread 3 ] DEBUG Engine               - isDeveloperMenuEnabled: false
16:03:28.478 [FXGL Background Thread 3 ] DEBUG Engine               - isEmbedded: false
16:03:28.478 [FXGL Background Thread 3 ] DEBUG Engine               - isEntityPreloadEnabled: true
16:03:28.479 [FXGL Background Thread 3 ] DEBUG Engine               - isExperimentalTiledLargeMap: false
16:03:28.479 [FXGL Background Thread 3 ] DEBUG Engine               - isFileSystemWriteAllowed: true
16:03:28.479 [FXGL Background Thread 3 ] DEBUG Engine               - isFullScreenAllowed: false
16:03:28.479 [FXGL Background Thread 3 ] DEBUG Engine               - isFullScreenFromStart: false
16:03:28.479 [FXGL Background Thread 3 ] DEBUG Engine               - isGameMenuEnabled: true
16:03:28.479 [FXGL Background Thread 3 ] DEBUG Engine               - isIOS: false
16:03:28.479 [FXGL Background Thread 3 ] DEBUG Engine               - isIntroEnabled: false
16:03:28.479 [FXGL Background Thread 3 ] DEBUG Engine               - isLinux: false
16:03:28.479 [FXGL Background Thread 3 ] DEBUG Engine               - isMac: false
16:03:28.479 [FXGL Background Thread 3 ] DEBUG Engine               - isMainMenuEnabled: false
16:03:28.479 [FXGL Background Thread 3 ] DEBUG Engine               - isManualResizeEnabled: false
16:03:28.479 [FXGL Background Thread 3 ] DEBUG Engine               - isMobile: false
16:03:28.479 [FXGL Background Thread 3 ] DEBUG Engine               - isNative: false
16:03:28.479 [FXGL Background Thread 3 ] DEBUG Engine               - isPauseMusicWhenMinimized: true
16:03:28.479 [FXGL Background Thread 3 ] DEBUG Engine               - isPreserveResizeRatio: false
16:03:28.479 [FXGL Background Thread 3 ] DEBUG Engine               - isProfilingEnabled: false
16:03:28.479 [FXGL Background Thread 3 ] DEBUG Engine               - isScaleAffectedOnResize: true
16:03:28.479 [FXGL Background Thread 3 ] DEBUG Engine               - isSingleStep: false
16:03:28.479 [FXGL Background Thread 3 ] DEBUG Engine               - isUserProfileEnabled: false
16:03:28.479 [FXGL Background Thread 3 ] DEBUG Engine               - isWindows: true
16:03:28.479 [FXGL Background Thread 3 ] DEBUG Engine               - language: ObjectProperty [value: ENGLISH]
16:03:28.479 [FXGL Background Thread 3 ] DEBUG Engine               - menuKey: ESCAPE
16:03:28.479 [FXGL Background Thread 3 ] DEBUG Engine               - mouseSensitivity: 0.2
16:03:28.479 [FXGL Background Thread 3 ] DEBUG Engine               - notificationViewClass: class com.almasb.fxgl.notification.view.XboxNotificationView
16:03:28.479 [FXGL Background Thread 3 ] DEBUG Engine               - pixelsPerMeter: 50.0
16:03:28.479 [FXGL Background Thread 3 ] DEBUG Engine               - platform: WINDOWS
16:03:28.479 [FXGL Background Thread 3 ] DEBUG Engine               - prefHeightProperty: ReadOnlyDoubleProperty [value: 720.0]
16:03:28.479 [FXGL Background Thread 3 ] DEBUG Engine               - prefWidthProperty: ReadOnlyDoubleProperty [value: 1280.0]
16:03:28.479 [FXGL Background Thread 3 ] DEBUG Engine               - profileDir: profiles/
16:03:28.480 [FXGL Background Thread 3 ] DEBUG Engine               - profileName: StringProperty [value: DEFAULT]
16:03:28.480 [FXGL Background Thread 3 ] DEBUG Engine               - randomSeed: -1
16:03:28.480 [FXGL Background Thread 3 ] DEBUG Engine               - runtimeInfo: RuntimeInfo(platform=WINDOWS, version=17.3, build=30.03.2023 11.49)
16:03:28.480 [FXGL Background Thread 3 ] DEBUG Engine               - saveFileExt: sav
16:03:28.480 [FXGL Background Thread 3 ] DEBUG Engine               - scaledHeightProp$fxgl: DoubleProperty [bound, value: 720.0]
16:03:28.480 [FXGL Background Thread 3 ] DEBUG Engine               - scaledWidthProp$fxgl: DoubleProperty [bound, value: 1280.0]
16:03:28.480 [FXGL Background Thread 3 ] DEBUG Engine               - sceneFactory: com.almasb.fxgl.app.scene.SceneFactory@4ed47ec1
16:03:28.480 [FXGL Background Thread 3 ] DEBUG Engine               - secondsIn24h: 60
16:03:28.480 [FXGL Background Thread 3 ] DEBUG Engine               - soundMenuBack: menu/back.wav
16:03:28.480 [FXGL Background Thread 3 ] DEBUG Engine               - soundMenuPress: menu/press.wav
16:03:28.480 [FXGL Background Thread 3 ] DEBUG Engine               - soundMenuSelect: menu/select.wav
16:03:28.480 [FXGL Background Thread 3 ] DEBUG Engine               - soundNotification: core/notification.wav
16:03:28.480 [FXGL Background Thread 3 ] DEBUG Engine               - stageStyle: DECORATED
16:03:28.480 [FXGL Background Thread 3 ] DEBUG Engine               - supportedLanguages: [ENGLISH, FRENCH, GERMAN, HUNGARIAN, RUSSIAN]
16:03:28.480 [FXGL Background Thread 3 ] DEBUG Engine               - ticksPerSecond: 120
16:03:28.481 [FXGL Background Thread 3 ] DEBUG Engine               - title: Survivor Game
16:03:28.481 [FXGL Background Thread 3 ] DEBUG Engine               - urlGithub: https://github.com/AlmasB/FXGL
16:03:28.481 [FXGL Background Thread 3 ] DEBUG Engine               - urlLeaderboard: http://fxgl-top.herokuapp.com/
16:03:28.481 [FXGL Background Thread 3 ] DEBUG Engine               - urlPOM: https://raw.githubusercontent.com/AlmasB/FXGL/release/README.md
16:03:28.481 [FXGL Background Thread 3 ] DEBUG Engine               - userAppClass: class com.survivor.main.GameApp
16:03:28.481 [FXGL Background Thread 3 ] DEBUG Engine               - version: 1.0
16:03:28.481 [FXGL Background Thread 3 ] DEBUG Engine               - versionCheckDays: 7
16:03:28.481 [FXGL Background Thread 3 ] DEBUG Engine               - width: 1280
16:03:28.481 [FXGL Background Thread 3 ] DEBUG Engine               - Logging services
16:03:28.481 [FXGL Background Thread 3 ] DEBUG Engine               - class com.almasb.fxgl.app.services.FXGLAssetLoaderService
16:03:28.481 [FXGL Background Thread 3 ] DEBUG Engine               - class com.almasb.fxgl.app.FXGLApplication$GameApplicationService
16:03:28.481 [FXGL Background Thread 3 ] DEBUG Engine               - class com.almasb.fxgl.app.services.FXGLDialogService
16:03:28.481 [FXGL Background Thread 3 ] DEBUG Engine               - class com.almasb.fxgl.app.services.IOTaskExecutorService
16:03:28.481 [FXGL Background Thread 3 ] DEBUG Engine               - class com.almasb.fxgl.io.FileSystemService
16:03:28.481 [FXGL Background Thread 3 ] DEBUG Engine               - class com.almasb.fxgl.localization.LocalizationService
16:03:28.481 [FXGL Background Thread 3 ] DEBUG Engine               - class com.almasb.fxgl.app.services.SystemBundleService
16:03:28.481 [FXGL Background Thread 3 ] DEBUG Engine               - class com.almasb.fxgl.profile.SaveLoadService
16:03:28.481 [FXGL Background Thread 3 ] DEBUG Engine               - class com.almasb.fxgl.ui.FXGLUIFactoryServiceProvider
16:03:28.481 [FXGL Background Thread 3 ] DEBUG Engine               - class com.almasb.fxgl.ui.FXGLDialogFactoryServiceProvider
16:03:28.481 [FXGL Background Thread 3 ] DEBUG Engine               - class com.almasb.fxgl.audio.AudioPlayer
16:03:28.481 [FXGL Background Thread 3 ] DEBUG Engine               - class com.almasb.fxgl.notification.impl.NotificationServiceProvider
16:03:28.481 [FXGL Background Thread 3 ] DEBUG Engine               - class com.almasb.fxgl.achievement.AchievementService
16:03:28.481 [FXGL Background Thread 3 ] DEBUG Engine               - class com.almasb.fxgl.cutscene.CutsceneService
16:03:28.482 [FXGL Background Thread 3 ] DEBUG Engine               - class com.almasb.fxgl.minigames.MiniGameService
16:03:28.482 [FXGL Background Thread 3 ] DEBUG Engine               - class com.almasb.fxgl.net.NetService
16:03:28.482 [FXGL Background Thread 3 ] DEBUG Engine               - class com.almasb.fxgl.app.services.UpdaterService
16:03:28.482 [FXGL Background Thread 3 ] DEBUG Engine               - class com.almasb.fxgl.dev.DevService
16:03:29.190 [JavaFX Application Thread] DEBUG FXGLAssetLoaderServi - Loading from file system: file:/C:/Users/11706/IdeaProjects/survivior-game3/SurvivorGame/target/classes/assets/textures/enemy.png
16:03:33.610 [JavaFX Application Thread] DEBUG LoopRunner           - Pausing loop
16:03:35.904 [JavaFX Application Thread] DEBUG LoopRunner           - Resuming loop
16:03:44.975 [JavaFX Application Thread] DEBUG LoopRunner           - Pausing loop
16:03:46.056 [JavaFX Application Thread] DEBUG FXGLApplication      - Exiting FXGL
16:03:46.056 [JavaFX Application Thread] DEBUG LoopRunner           - Stopping loop
16:03:46.056 [JavaFX Application Thread] DEBUG SystemBundleService  - Saving FXGL system data
16:03:46.058 [JavaFX Application Thread] DEBUG FileSystemAccess     - Writing to: C:\Users\11706\IdeaProjects\survivior-game3\system\fxgl.bundle
16:03:46.059 [JavaFX Application Thread] DEBUG Async                - Shutting down background threads
16:03:46.059 [JavaFX Application Thread] DEBUG PrimaryStageWindow   - Closing main window
16:03:46.110 [JavaFX Application Thread] DEBUG Logger               - Closing Logger
