10:13:21.572 [main                     ] DEBUG Logger               - Configured Logger
10:13:21.587 [main                     ] DEBUG GameApplication      - Logging settings
Title: Enemy Animation Test
Version: 0.0
Width: 800
Height: 600
Fullscreen: false
Intro: false
Profiling: false
Single step:false
App Mode: DEVELOPER
Menu Key: ESCAPE
Stage Style: DECORATED
Scene Factory: class com.almasb.fxgl.app.scene.SceneFactory

10:13:22.052 [JavaFX Application Thread] DEBUG FXGLApplication      - Initializing FXGL
10:13:22.054 [JavaFX Application Thread] INFO  Engine               - FXGL-17.3 (30.03.2023 11.49) on WINDOWS (J:21.0.5 FX:17)
10:13:22.054 [JavaFX Application Thread] DEBUG Engine               - JRE Vendor Name: Oracle Corporation
10:13:22.054 [JavaFX Application Thread] DEBUG Engine               - Running on OS: Windows 11 version 10.0
10:13:22.054 [JavaFX Application Thread] DEBUG Engine               - Architecture: amd64
10:13:22.054 [JavaFX Application Thread] INFO  Engine               - Source code and latest versions at: https://github.com/AlmasB/FXGL
10:13:22.054 [JavaFX Application Thread] INFO  Engine               -       Ask questions and discuss at: https://github.com/AlmasB/FXGL/discussions
10:13:22.055 [JavaFX Application Thread] INFO  Engine               -              Join the FXGL chat at: https://gitter.im/AlmasB/FXGL
10:13:22.135 [JavaFX Application Thread] DEBUG PrimaryStageWindow   - Creating a JavaFX scene
10:13:22.173 [JavaFX Application Thread] DEBUG PrimaryStageWindow   - Target settings size: 800.0 x 600.0
10:13:22.173 [JavaFX Application Thread] DEBUG PrimaryStageWindow   - Scaled scene size:    800.0 x 600.0
10:13:22.173 [JavaFX Application Thread] DEBUG PrimaryStageWindow   - Scaled ratio: (1.0, 1.0)
10:13:22.174 [JavaFX Application Thread] DEBUG PrimaryStageWindow   - Set initial scene to FXGLStartupScene
10:13:22.179 [JavaFX Application Thread] DEBUG PrimaryStageWindow   - Opening main window
10:13:22.246 [JavaFX Application Thread] DEBUG PrimaryStageWindow   - Window border size: (14.66668701171875, 37.33331298828125)
10:13:22.246 [JavaFX Application Thread] DEBUG PrimaryStageWindow   - Scaled size: 800.0 x 600.0
10:13:22.246 [JavaFX Application Thread] DEBUG PrimaryStageWindow   - Scaled ratio: (1.0, 1.0)
10:13:22.246 [JavaFX Application Thread] DEBUG PrimaryStageWindow   - Scene size: 800.0 x 600.0
10:13:22.246 [JavaFX Application Thread] DEBUG PrimaryStageWindow   - Stage size: 814.6666870117188 x 637.3333129882812
10:13:22.252 [FXGL Background Thread 1 ] DEBUG Engine               - Initializing environment variables
10:13:22.285 [FXGL Background Thread 1 ] DEBUG FXGLAssetLoaderServi - User app class for loading assets: class com.survivor.main.EnemyAnimationTest
10:13:22.285 [FXGL Background Thread 1 ] DEBUG GameApplicationServi - Applying CSS: fxgl_dark.css
10:13:22.285 [FXGL Background Thread 1 ] DEBUG FXGLAssetLoaderServi - Loading from file system: jar:file:/C:/Users/%e6%b6%82/.m2/repository/com/github/almasb/fxgl/17.3/fxgl-17.3.jar!/fxglassets/ui/css/fxgl_dark.css
10:13:22.310 [FXGL Background Thread 1 ] DEBUG GameApplicationServi - Initializing application scenes
10:13:22.368 [FXGL Background Thread 1 ] DEBUG GameWorld            - Game world initialized
10:13:22.403 [FXGL Background Thread 1 ] DEBUG PhysicsWorld         - Physics world initialized: appHeight=600, physics.ppm=50.0
10:13:22.403 [FXGL Background Thread 1 ] DEBUG PhysicsWorld         - Using strategy: BRUTE_FORCE
10:13:22.405 [FXGL Background Thread 1 ] DEBUG GameScene            - Game scene initialized: 800x600
10:13:22.414 [FXGL Background Thread 1 ] DEBUG FXGL.DefaultMenu     - createMenuBodyGameMenu()
10:13:22.425 [FXGL Background Thread 1 ] DEBUG FXGL.DefaultMenu     - createOptionsMenu()
10:13:22.437 [FXGL Background Thread 1 ] DEBUG FXGLAssetLoaderServi - Loading from file system: jar:file:/C:/Users/%e6%b6%82/.m2/repository/com/github/almasb/fxgl/17.3/fxgl-17.3.jar!/fxglassets/textures/particles/smoke.png
10:13:22.529 [FXGL Background Thread 1 ] DEBUG FXGLAssetLoaderServi - Loading from file system: jar:file:/C:/Users/%e6%b6%82/.m2/repository/com/github/almasb/fxgl/17.3/fxgl-17.3.jar!/fxglassets/textures/particles/trace_horizontal.png
10:13:22.551 [FXGL Background Thread 1 ] DEBUG GameApplicationServi - Application scenes initialized
10:13:22.570 [FXGL Background Thread 1 ] DEBUG SystemBundleService  - Loading default FXGL system data
10:13:22.570 [FXGL Background Thread 1 ] DEBUG UpdaterService       - Checking for updates
10:13:22.600 [FXGL Background Thread 4 ] DEBUG FXGLApplication      - Loading fonts
10:13:22.600 [FXGL Background Thread 4 ] DEBUG FXGLAssetLoaderServi - Loading from file system: jar:file:/C:/Users/%e6%b6%82/.m2/repository/com/github/almasb/fxgl/17.3/fxgl-17.3.jar!/fxglassets/ui/fonts/VarelaRound-Regular.ttf
10:13:22.601 [FXGL Background Thread 1 ] DEBUG FXGLApplication      - Loading default localization
10:13:22.602 [FXGL Background Thread 1 ] DEBUG FXGLAssetLoaderServi - Loading from file system: jar:file:/C:/Users/%e6%b6%82/.m2/repository/com/github/almasb/fxgl/17.3/fxgl-17.3.jar!/fxglassets/languages/english.lang
10:13:22.621 [FXGL Background Thread 1 ] INFO  FXGLApplication      - FXGL initialization took: 0.369 sec
10:13:22.626 [FXGL Background Thread 4 ] DEBUG FXGLAssetLoaderServi - Loading from file system: jar:file:/C:/Users/%e6%b6%82/.m2/repository/com/github/almasb/fxgl/17.3/fxgl-17.3.jar!/fxglassets/ui/fonts/Abel-Regular.ttf
10:13:22.628 [FXGL Background Thread 4 ] DEBUG FXGLAssetLoaderServi - Loading from file system: jar:file:/C:/Users/%e6%b6%82/.m2/repository/com/github/almasb/fxgl/17.3/fxgl-17.3.jar!/fxglassets/ui/fonts/TerminalLandMono-Regular.otf
10:13:22.629 [JavaFX Application Thread] DEBUG Input                - Registered new binding: Move Up - Up
10:13:22.630 [JavaFX Application Thread] DEBUG Input                - Registered new binding: Move Down - Down
10:13:22.630 [JavaFX Application Thread] DEBUG Input                - Registered new binding: Move Left - Left
10:13:22.630 [JavaFX Application Thread] DEBUG Input                - Registered new binding: Move Right - Right
10:13:22.631 [FXGL Background Thread 4 ] DEBUG FXGLAssetLoaderServi - Loading from file system: jar:file:/C:/Users/%e6%b6%82/.m2/repository/com/github/almasb/fxgl/17.3/fxgl-17.3.jar!/fxglassets/ui/fonts/Courier-Prime.ttf
10:13:22.633 [JavaFX Application Thread] DEBUG Input                - Registered new binding: Play Attack Animation - LMB
10:13:22.633 [JavaFX Application Thread] DEBUG Input                - Registered new binding: Play Hit Effect - RMB
10:13:22.633 [JavaFX Application Thread] DEBUG Input                - Registered new binding: Reset Enemy - R
10:13:22.633 [JavaFX Application Thread] DEBUG Input                - Registered new binding: Play Death Animation - K
10:13:22.634 [JavaFX Application Thread] DEBUG FXGLAssetLoaderServi - Loading from file system: jar:file:/C:/Users/%e6%b6%82/.m2/repository/com/github/almasb/fxgl/17.3/fxgl-17.3.jar!/fxglassets/textures/fxgl_icon.png
10:13:22.647 [JavaFX Application Thread] DEBUG FXGLAssetLoaderServi - Loading from file system: jar:file:/C:/Users/%e6%b6%82/.m2/repository/com/github/almasb/fxgl/17.3/fxgl-17.3.jar!/fxglassets/textures/fxgl_default_cursor.png
10:13:22.650 [JavaFX Application Thread] DEBUG Input                - Registered new binding: Screenshot - CTRL+8
10:13:22.651 [JavaFX Application Thread] DEBUG Input                - Registered new binding: Dev Options - 1
10:13:22.652 [JavaFX Application Thread] DEBUG Input                - Registered new binding: Dev Console - 2
10:13:22.652 [JavaFX Application Thread] DEBUG Input                - Registered new binding: System info dump - CTRL+9
10:13:22.653 [JavaFX Application Thread] DEBUG Input                - Registered new binding: Restart - CTRL+R
10:13:22.654 [JavaFX Application Thread] DEBUG Input                - Registered new binding: Toggle Debug Camera - CTRL+7
10:13:22.662 [JavaFX Application Thread] DEBUG LoopRunner           - Starting loop
10:13:22.681 [JavaFX Application Thread] DEBUG LoopRunner           - Initializing JavaFX AnimationTimerLoop
10:13:22.683 [JavaFX Application Thread] DEBUG GameApplicationServi - Starting new game
10:13:22.683 [JavaFX Application Thread] DEBUG Input                - Clearing active input actions
10:13:22.695 [JavaFX Application Thread] DEBUG GameApplicationServi - Removing overlay from FXGLStartupScene and adding to FXGLLoadingScene
10:13:22.698 [JavaFX Application Thread] DEBUG PrimaryStageWindow   - FXGLStartupScene -> FXGLLoadingScene
10:13:22.698 [JavaFX Application Thread] DEBUG GameApplicationServi - Clearing previous game
10:13:22.698 [JavaFX Application Thread] DEBUG GameScene            - Clearing game scene
10:13:22.698 [JavaFX Application Thread] DEBUG GameWorld            - Clearing game world
10:13:22.698 [JavaFX Application Thread] DEBUG PhysicsWorld         - Clearing physics world
10:13:22.699 [FXGL Background Thread 4 ] DEBUG FXGLApplication      - Initializing game
10:13:22.699 [JavaFX Application Thread] DEBUG FXGLApplication      - Registering font factories with UI factory
10:13:22.702 [FXGL Background Thread 4 ] WARN  FXGLAssetLoaderServi - Asset "/assets/textures/role.png" was not found!
10:13:22.702 [FXGL Background Thread 4 ] WARN  FXGLAssetLoaderServi - Failed to load IMAGE
10:13:22.824 [FXGL Background Thread 2 ] WARN  UpdaterService       - Failed to find updates: javax.net.ssl.SSLHandshakeException: PKIX path building failed: sun.security.provider.certpath.SunCertPathBuilderException: unable to find valid certification path to requested target
10:13:22.961 [FXGL Background Thread 4 ] WARN  FXGLAssetLoaderServi - Asset "/assets/textures/monster/normal/Orc_Idle.png" was not found!
10:13:22.962 [FXGL Background Thread 4 ] WARN  FXGLAssetLoaderServi - Failed to load IMAGE
10:13:22.963 [FXGL Background Thread 4 ] WARN  FXGLAssetLoaderServi - Asset "/assets/textures/monster/normal/Orc_Walk.png" was not found!
10:13:22.963 [FXGL Background Thread 4 ] WARN  FXGLAssetLoaderServi - Failed to load IMAGE
10:13:22.963 [FXGL Background Thread 4 ] WARN  FXGLAssetLoaderServi - Asset "/assets/textures/monster/normal/Orc_Attack.png" was not found!
10:13:22.963 [FXGL Background Thread 4 ] WARN  FXGLAssetLoaderServi - Failed to load IMAGE
10:13:22.964 [FXGL Background Thread 4 ] WARN  FXGLAssetLoaderServi - Asset "/assets/textures/monster/normal/Orc_Death.png" was not found!
10:13:22.964 [FXGL Background Thread 4 ] WARN  FXGLAssetLoaderServi - Failed to load IMAGE
10:13:22.964 [FXGL Background Thread 4 ] WARN  FXGLAssetLoaderServi - Asset "/assets/textures/monster/normal/Orc_Hit.png" was not found!
10:13:22.964 [FXGL Background Thread 4 ] WARN  FXGLAssetLoaderServi - Failed to load IMAGE
10:13:22.974 [FXGL Background Thread 4 ] INFO  FXGLApplication      - Game initialization took: 0.275 sec
10:13:22.977 [JavaFX Application Thread] DEBUG Input                - Clearing active input actions
10:13:22.982 [JavaFX Application Thread] DEBUG GameApplicationServi - Removing overlay from FXGLLoadingScene and adding to GameScene
10:13:22.984 [JavaFX Application Thread] DEBUG PrimaryStageWindow   - FXGLLoadingScene -> GameScene
10:13:25.598 [FXGL Background Thread 3 ] DEBUG Engine               - Logging environment variables
10:13:25.601 [FXGL Background Thread 3 ] DEBUG Engine               - achievements: []
10:13:25.601 [FXGL Background Thread 3 ] DEBUG Engine               - actualHeight: 600.0
10:13:25.601 [FXGL Background Thread 3 ] DEBUG Engine               - actualHeightProperty: ReadOnlyDoubleProperty [value: 600.0]
10:13:25.601 [FXGL Background Thread 3 ] DEBUG Engine               - actualWidth: 800.0
10:13:25.601 [FXGL Background Thread 3 ] DEBUG Engine               - actualWidthProperty: ReadOnlyDoubleProperty [value: 800.0]
10:13:25.601 [FXGL Background Thread 3 ] DEBUG Engine               - appIcon: fxgl_icon.png
10:13:25.601 [FXGL Background Thread 3 ] DEBUG Engine               - applicationMode: DEVELOPER
10:13:25.601 [FXGL Background Thread 3 ] DEBUG Engine               - cSSList: [fxgl_dark.css]
10:13:25.602 [FXGL Background Thread 3 ] DEBUG Engine               - collisionDetectionStrategy: BRUTE_FORCE
10:13:25.602 [FXGL Background Thread 3 ] DEBUG Engine               - configClass: Optional.empty
10:13:25.602 [FXGL Background Thread 3 ] DEBUG Engine               - credits: []
10:13:25.602 [FXGL Background Thread 3 ] DEBUG Engine               - defaultCursor: CursorInfo(imageName=fxgl_default_cursor.png, hotspotX=7.0, hotspotY=6.0)
10:13:25.602 [FXGL Background Thread 3 ] DEBUG Engine               - devBBoxColorProperty: ObjectProperty [value: 0xff0000ff]
10:13:25.602 [FXGL Background Thread 3 ] DEBUG Engine               - devEnableDebugCameraProperty: BooleanProperty [value: false]
10:13:25.602 [FXGL Background Thread 3 ] DEBUG Engine               - devSensorColorProperty: ObjectProperty [value: 0xffff00ff]
10:13:25.602 [FXGL Background Thread 3 ] DEBUG Engine               - devShowBBoxProperty: BooleanProperty [value: false]
10:13:25.602 [FXGL Background Thread 3 ] DEBUG Engine               - devShowPositionProperty: BooleanProperty [value: false]
10:13:25.602 [FXGL Background Thread 3 ] DEBUG Engine               - enabledMenuItems: []
10:13:25.603 [FXGL Background Thread 3 ] DEBUG Engine               - engineServices: [class com.almasb.fxgl.app.services.FXGLAssetLoaderService, class com.almasb.fxgl.app.FXGLApplication$GameApplicationService, class com.almasb.fxgl.app.services.FXGLDialogService, class com.almasb.fxgl.app.services.IOTaskExecutorService, class com.almasb.fxgl.io.FileSystemService, class com.almasb.fxgl.localization.LocalizationService, class com.almasb.fxgl.app.services.SystemBundleService, class com.almasb.fxgl.profile.SaveLoadService, class com.almasb.fxgl.ui.FXGLUIFactoryServiceProvider, class com.almasb.fxgl.ui.FXGLDialogFactoryServiceProvider, class com.almasb.fxgl.audio.AudioPlayer, class com.almasb.fxgl.notification.impl.NotificationServiceProvider, class com.almasb.fxgl.achievement.AchievementService, class com.almasb.fxgl.cutscene.CutsceneService, class com.almasb.fxgl.minigames.MiniGameService, class com.almasb.fxgl.net.NetService, class com.almasb.fxgl.app.services.UpdaterService, class com.almasb.fxgl.dev.DevService]
10:13:25.603 [FXGL Background Thread 3 ] DEBUG Engine               - fontGame: Abel-Regular.ttf
10:13:25.603 [FXGL Background Thread 3 ] DEBUG Engine               - fontMono: TerminalLandMono-Regular.otf
10:13:25.603 [FXGL Background Thread 3 ] DEBUG Engine               - fontSizeScaleUI: 1.0
10:13:25.603 [FXGL Background Thread 3 ] DEBUG Engine               - fontText: Courier-Prime.ttf
10:13:25.603 [FXGL Background Thread 3 ] DEBUG Engine               - fontUI: VarelaRound-Regular.ttf
10:13:25.603 [FXGL Background Thread 3 ] DEBUG Engine               - fullScreen: BooleanProperty [value: false]
10:13:25.603 [FXGL Background Thread 3 ] DEBUG Engine               - gameDifficulty: MEDIUM
10:13:25.603 [FXGL Background Thread 3 ] DEBUG Engine               - gameDifficultyProperty: ObjectProperty [value: MEDIUM]
10:13:25.603 [FXGL Background Thread 3 ] DEBUG Engine               - globalMusicVolume: 0.5
10:13:25.603 [FXGL Background Thread 3 ] DEBUG Engine               - globalMusicVolumeProperty: DoubleProperty [value: 0.5]
10:13:25.603 [FXGL Background Thread 3 ] DEBUG Engine               - globalSoundVolume: 0.5
10:13:25.603 [FXGL Background Thread 3 ] DEBUG Engine               - globalSoundVolumeProperty: DoubleProperty [value: 0.5]
10:13:25.604 [FXGL Background Thread 3 ] DEBUG Engine               - height: 600
10:13:25.604 [FXGL Background Thread 3 ] DEBUG Engine               - is3D: false
10:13:25.604 [FXGL Background Thread 3 ] DEBUG Engine               - isAndroid: false
10:13:25.604 [FXGL Background Thread 3 ] DEBUG Engine               - isBrowser: false
10:13:25.604 [FXGL Background Thread 3 ] DEBUG Engine               - isClickFeedbackEnabled: false
10:13:25.604 [FXGL Background Thread 3 ] DEBUG Engine               - isCloseConfirmation: false
10:13:25.604 [FXGL Background Thread 3 ] DEBUG Engine               - isDesktop: true
10:13:25.604 [FXGL Background Thread 3 ] DEBUG Engine               - isDeveloperMenuEnabled: true
10:13:25.604 [FXGL Background Thread 3 ] DEBUG Engine               - isEmbedded: false
10:13:25.604 [FXGL Background Thread 3 ] DEBUG Engine               - isEntityPreloadEnabled: true
10:13:25.604 [FXGL Background Thread 3 ] DEBUG Engine               - isExperimentalTiledLargeMap: false
10:13:25.604 [FXGL Background Thread 3 ] DEBUG Engine               - isFileSystemWriteAllowed: true
10:13:25.604 [FXGL Background Thread 3 ] DEBUG Engine               - isFullScreenAllowed: false
10:13:25.604 [FXGL Background Thread 3 ] DEBUG Engine               - isFullScreenFromStart: false
10:13:25.605 [FXGL Background Thread 3 ] DEBUG Engine               - isGameMenuEnabled: true
10:13:25.605 [FXGL Background Thread 3 ] DEBUG Engine               - isIOS: false
10:13:25.605 [FXGL Background Thread 3 ] DEBUG Engine               - isIntroEnabled: false
10:13:25.605 [FXGL Background Thread 3 ] DEBUG Engine               - isLinux: false
10:13:25.605 [FXGL Background Thread 3 ] DEBUG Engine               - isMac: false
10:13:25.605 [FXGL Background Thread 3 ] DEBUG Engine               - isMainMenuEnabled: false
10:13:25.605 [FXGL Background Thread 3 ] DEBUG Engine               - isManualResizeEnabled: false
10:13:25.605 [FXGL Background Thread 3 ] DEBUG Engine               - isMobile: false
10:13:25.605 [FXGL Background Thread 3 ] DEBUG Engine               - isNative: false
10:13:25.605 [FXGL Background Thread 3 ] DEBUG Engine               - isPauseMusicWhenMinimized: true
10:13:25.605 [FXGL Background Thread 3 ] DEBUG Engine               - isPreserveResizeRatio: false
10:13:25.605 [FXGL Background Thread 3 ] DEBUG Engine               - isProfilingEnabled: false
10:13:25.605 [FXGL Background Thread 3 ] DEBUG Engine               - isScaleAffectedOnResize: true
10:13:25.605 [FXGL Background Thread 3 ] DEBUG Engine               - isSingleStep: false
10:13:25.605 [FXGL Background Thread 3 ] DEBUG Engine               - isUserProfileEnabled: false
10:13:25.605 [FXGL Background Thread 3 ] DEBUG Engine               - isWindows: true
10:13:25.605 [FXGL Background Thread 3 ] DEBUG Engine               - language: ObjectProperty [value: ENGLISH]
10:13:25.605 [FXGL Background Thread 3 ] DEBUG Engine               - menuKey: ESCAPE
10:13:25.605 [FXGL Background Thread 3 ] DEBUG Engine               - mouseSensitivity: 0.2
10:13:25.605 [FXGL Background Thread 3 ] DEBUG Engine               - notificationViewClass: class com.almasb.fxgl.notification.view.XboxNotificationView
10:13:25.605 [FXGL Background Thread 3 ] DEBUG Engine               - pixelsPerMeter: 50.0
10:13:25.607 [FXGL Background Thread 3 ] DEBUG Engine               - platform: WINDOWS
10:13:25.607 [FXGL Background Thread 3 ] DEBUG Engine               - prefHeightProperty: ReadOnlyDoubleProperty [value: 600.0]
10:13:25.607 [FXGL Background Thread 3 ] DEBUG Engine               - prefWidthProperty: ReadOnlyDoubleProperty [value: 800.0]
10:13:25.607 [FXGL Background Thread 3 ] DEBUG Engine               - profileDir: profiles/
10:13:25.607 [FXGL Background Thread 3 ] DEBUG Engine               - profileName: StringProperty [value: DEFAULT]
10:13:25.607 [FXGL Background Thread 3 ] DEBUG Engine               - randomSeed: -1
10:13:25.607 [FXGL Background Thread 3 ] DEBUG Engine               - runtimeInfo: RuntimeInfo(platform=WINDOWS, version=17.3, build=30.03.2023 11.49)
10:13:25.607 [FXGL Background Thread 3 ] DEBUG Engine               - saveFileExt: sav
10:13:25.607 [FXGL Background Thread 3 ] DEBUG Engine               - scaledHeightProp$fxgl: DoubleProperty [bound, value: 600.0]
10:13:25.607 [FXGL Background Thread 3 ] DEBUG Engine               - scaledWidthProp$fxgl: DoubleProperty [bound, value: 800.0]
10:13:25.607 [FXGL Background Thread 3 ] DEBUG Engine               - sceneFactory: com.almasb.fxgl.app.scene.SceneFactory@73b5cb27
10:13:25.607 [FXGL Background Thread 3 ] DEBUG Engine               - secondsIn24h: 60
10:13:25.607 [FXGL Background Thread 3 ] DEBUG Engine               - soundMenuBack: menu/back.wav
10:13:25.607 [FXGL Background Thread 3 ] DEBUG Engine               - soundMenuPress: menu/press.wav
10:13:25.607 [FXGL Background Thread 3 ] DEBUG Engine               - soundMenuSelect: menu/select.wav
10:13:25.607 [FXGL Background Thread 3 ] DEBUG Engine               - soundNotification: core/notification.wav
10:13:25.607 [FXGL Background Thread 3 ] DEBUG Engine               - stageStyle: DECORATED
10:13:25.607 [FXGL Background Thread 3 ] DEBUG Engine               - supportedLanguages: [ENGLISH, FRENCH, GERMAN, HUNGARIAN, RUSSIAN]
10:13:25.607 [FXGL Background Thread 3 ] DEBUG Engine               - ticksPerSecond: -1
10:13:25.607 [FXGL Background Thread 3 ] DEBUG Engine               - title: Enemy Animation Test
10:13:25.607 [FXGL Background Thread 3 ] DEBUG Engine               - urlGithub: https://github.com/AlmasB/FXGL
10:13:25.607 [FXGL Background Thread 3 ] DEBUG Engine               - urlLeaderboard: http://fxgl-top.herokuapp.com/
10:13:25.607 [FXGL Background Thread 3 ] DEBUG Engine               - urlPOM: https://raw.githubusercontent.com/AlmasB/FXGL/release/README.md
10:13:25.607 [FXGL Background Thread 3 ] DEBUG Engine               - userAppClass: class com.survivor.main.EnemyAnimationTest
10:13:25.608 [FXGL Background Thread 3 ] DEBUG Engine               - version: 0.0
10:13:25.608 [FXGL Background Thread 3 ] DEBUG Engine               - versionCheckDays: 7
10:13:25.608 [FXGL Background Thread 3 ] DEBUG Engine               - width: 800
10:13:25.608 [FXGL Background Thread 3 ] DEBUG Engine               - Logging services
10:13:25.608 [FXGL Background Thread 3 ] DEBUG Engine               - class com.almasb.fxgl.app.services.FXGLAssetLoaderService
10:13:25.608 [FXGL Background Thread 3 ] DEBUG Engine               - class com.almasb.fxgl.app.FXGLApplication$GameApplicationService
10:13:25.608 [FXGL Background Thread 3 ] DEBUG Engine               - class com.almasb.fxgl.app.services.FXGLDialogService
10:13:25.608 [FXGL Background Thread 3 ] DEBUG Engine               - class com.almasb.fxgl.app.services.IOTaskExecutorService
10:13:25.608 [FXGL Background Thread 3 ] DEBUG Engine               - class com.almasb.fxgl.io.FileSystemService
10:13:25.608 [FXGL Background Thread 3 ] DEBUG Engine               - class com.almasb.fxgl.localization.LocalizationService
10:13:25.608 [FXGL Background Thread 3 ] DEBUG Engine               - class com.almasb.fxgl.app.services.SystemBundleService
10:13:25.608 [FXGL Background Thread 3 ] DEBUG Engine               - class com.almasb.fxgl.profile.SaveLoadService
10:13:25.608 [FXGL Background Thread 3 ] DEBUG Engine               - class com.almasb.fxgl.ui.FXGLUIFactoryServiceProvider
10:13:25.608 [FXGL Background Thread 3 ] DEBUG Engine               - class com.almasb.fxgl.ui.FXGLDialogFactoryServiceProvider
10:13:25.608 [FXGL Background Thread 3 ] DEBUG Engine               - class com.almasb.fxgl.audio.AudioPlayer
10:13:25.608 [FXGL Background Thread 3 ] DEBUG Engine               - class com.almasb.fxgl.notification.impl.NotificationServiceProvider
10:13:25.608 [FXGL Background Thread 3 ] DEBUG Engine               - class com.almasb.fxgl.achievement.AchievementService
10:13:25.608 [FXGL Background Thread 3 ] DEBUG Engine               - class com.almasb.fxgl.cutscene.CutsceneService
10:13:25.608 [FXGL Background Thread 3 ] DEBUG Engine               - class com.almasb.fxgl.minigames.MiniGameService
10:13:25.609 [FXGL Background Thread 3 ] DEBUG Engine               - class com.almasb.fxgl.net.NetService
10:13:25.609 [FXGL Background Thread 3 ] DEBUG Engine               - class com.almasb.fxgl.app.services.UpdaterService
10:13:25.609 [FXGL Background Thread 3 ] DEBUG Engine               - class com.almasb.fxgl.dev.DevService
10:13:28.067 [JavaFX Application Thread] DEBUG FXGLApplication      - Exiting FXGL
10:13:28.067 [JavaFX Application Thread] DEBUG LoopRunner           - Stopping loop
10:13:28.067 [JavaFX Application Thread] DEBUG SystemBundleService  - Saving FXGL system data
10:13:28.071 [JavaFX Application Thread] DEBUG FileSystemAccess     - Writing to: D:\code\survivior-game-tqw\system\fxgl.bundle
10:13:28.082 [JavaFX Application Thread] DEBUG Async                - Shutting down background threads
10:13:28.082 [JavaFX Application Thread] DEBUG PrimaryStageWindow   - Closing main window
10:13:28.099 [JavaFX Application Thread] DEBUG Logger               - Closing Logger
