09:26:03.081 [main                     ] DEBUG Logger               - Configured Logger
09:26:03.095 [main                     ] DEBUG GameApplication      - Logging settings
Title: Boss Animation Test
Version: 0.0
Width: 1000
Height: 700
Fullscreen: false
Intro: false
Profiling: false
Single step:false
App Mode: DEVELOPER
Menu Key: ESCAPE
Stage Style: DECORATED
Scene Factory: class com.almasb.fxgl.app.scene.SceneFactory

09:26:03.534 [JavaFX Application Thread] DEBUG FXGLApplication      - Initializing FXGL
09:26:03.536 [JavaFX Application Thread] INFO  Engine               - FXGL-17.3 (30.03.2023 11.49) on WINDOWS (J:21.0.5 FX:17)
09:26:03.536 [JavaFX Application Thread] DEBUG Engine               - JRE Vendor Name: Oracle Corporation
09:26:03.536 [JavaFX Application Thread] DEBUG Engine               - Running on OS: Windows 11 version 10.0
09:26:03.536 [JavaFX Application Thread] DEBUG Engine               - Architecture: amd64
09:26:03.537 [JavaFX Application Thread] INFO  Engine               - Source code and latest versions at: https://github.com/AlmasB/FXGL
09:26:03.537 [JavaFX Application Thread] INFO  Engine               -       Ask questions and discuss at: https://github.com/AlmasB/FXGL/discussions
09:26:03.537 [JavaFX Application Thread] INFO  Engine               -              Join the FXGL chat at: https://gitter.im/AlmasB/FXGL
09:26:03.606 [JavaFX Application Thread] DEBUG PrimaryStageWindow   - Creating a JavaFX scene
09:26:03.635 [JavaFX Application Thread] DEBUG PrimaryStageWindow   - Target settings size: 1000.0 x 700.0
09:26:03.635 [JavaFX Application Thread] DEBUG PrimaryStageWindow   - Scaled scene size:    1000.0 x 700.0
09:26:03.635 [JavaFX Application Thread] DEBUG PrimaryStageWindow   - Scaled ratio: (1.0, 1.0)
09:26:03.635 [JavaFX Application Thread] DEBUG PrimaryStageWindow   - Set initial scene to FXGLStartupScene
09:26:03.640 [JavaFX Application Thread] DEBUG PrimaryStageWindow   - Opening main window
09:26:03.701 [JavaFX Application Thread] DEBUG PrimaryStageWindow   - Window border size: (14.66668701171875, 37.33331298828125)
09:26:03.702 [JavaFX Application Thread] DEBUG PrimaryStageWindow   - Scaled size: 1000.0 x 700.0
09:26:03.702 [JavaFX Application Thread] DEBUG PrimaryStageWindow   - Scaled ratio: (1.0, 1.0)
09:26:03.702 [JavaFX Application Thread] DEBUG PrimaryStageWindow   - Scene size: 1000.0 x 700.0
09:26:03.702 [JavaFX Application Thread] DEBUG PrimaryStageWindow   - Stage size: 1014.6666870117188 x 737.3333129882812
09:26:03.707 [FXGL Background Thread 1 ] DEBUG Engine               - Initializing environment variables
09:26:03.740 [FXGL Background Thread 1 ] DEBUG FXGLAssetLoaderServi - User app class for loading assets: class com.survivor.main.BossAnimationTestApp
09:26:03.740 [FXGL Background Thread 1 ] DEBUG GameApplicationServi - Applying CSS: fxgl_dark.css
09:26:03.742 [FXGL Background Thread 1 ] DEBUG FXGLAssetLoaderServi - Loading from file system: jar:file:/C:/Users/%e6%b6%82/.m2/repository/com/github/almasb/fxgl/17.3/fxgl-17.3.jar!/fxglassets/ui/css/fxgl_dark.css
09:26:03.767 [FXGL Background Thread 1 ] DEBUG GameApplicationServi - Initializing application scenes
09:26:03.816 [FXGL Background Thread 1 ] DEBUG GameWorld            - Game world initialized
09:26:03.854 [FXGL Background Thread 1 ] DEBUG PhysicsWorld         - Physics world initialized: appHeight=700, physics.ppm=50.0
09:26:03.854 [FXGL Background Thread 1 ] DEBUG PhysicsWorld         - Using strategy: BRUTE_FORCE
09:26:03.857 [FXGL Background Thread 1 ] DEBUG GameScene            - Game scene initialized: 1000x700
09:26:03.866 [FXGL Background Thread 1 ] DEBUG FXGL.DefaultMenu     - createMenuBodyGameMenu()
09:26:03.877 [FXGL Background Thread 1 ] DEBUG FXGL.DefaultMenu     - createOptionsMenu()
09:26:03.884 [FXGL Background Thread 1 ] DEBUG FXGLAssetLoaderServi - Loading from file system: jar:file:/C:/Users/%e6%b6%82/.m2/repository/com/github/almasb/fxgl/17.3/fxgl-17.3.jar!/fxglassets/textures/particles/smoke.png
09:26:03.951 [FXGL Background Thread 1 ] DEBUG FXGLAssetLoaderServi - Loading from file system: jar:file:/C:/Users/%e6%b6%82/.m2/repository/com/github/almasb/fxgl/17.3/fxgl-17.3.jar!/fxglassets/textures/particles/trace_horizontal.png
09:26:03.969 [FXGL Background Thread 1 ] DEBUG GameApplicationServi - Application scenes initialized
09:26:03.980 [FXGL Background Thread 1 ] DEBUG SystemBundleService  - Loading FXGL system data
09:26:03.982 [FXGL Background Thread 1 ] DEBUG FileSystemAccess     - Reading from: D:\code\survivior-game-tqw\system\fxgl.bundle
09:26:03.988 [FXGL Background Thread 1 ] DEBUG SystemBundleService  - Bundle FXGL: {}
09:26:03.988 [FXGL Background Thread 1 ] DEBUG UpdaterService       - Checking for updates
09:26:04.013 [FXGL Background Thread 4 ] DEBUG FXGLApplication      - Loading fonts
09:26:04.013 [FXGL Background Thread 4 ] DEBUG FXGLAssetLoaderServi - Loading from file system: jar:file:/C:/Users/%e6%b6%82/.m2/repository/com/github/almasb/fxgl/17.3/fxgl-17.3.jar!/fxglassets/ui/fonts/VarelaRound-Regular.ttf
09:26:04.013 [FXGL Background Thread 1 ] DEBUG FXGLApplication      - Loading default localization
09:26:04.014 [FXGL Background Thread 1 ] DEBUG FXGLAssetLoaderServi - Loading from file system: jar:file:/C:/Users/%e6%b6%82/.m2/repository/com/github/almasb/fxgl/17.3/fxgl-17.3.jar!/fxglassets/languages/english.lang
09:26:04.028 [FXGL Background Thread 1 ] INFO  FXGLApplication      - FXGL initialization took: 0.322 sec
09:26:04.040 [JavaFX Application Thread] DEBUG Input                - Registered new binding: Move Up - Up
09:26:04.041 [JavaFX Application Thread] DEBUG Input                - Registered new binding: Move Down - Down
09:26:04.041 [JavaFX Application Thread] DEBUG Input                - Registered new binding: Move Left - Left
09:26:04.041 [JavaFX Application Thread] DEBUG Input                - Registered new binding: Move Right - Right
09:26:04.043 [JavaFX Application Thread] DEBUG Input                - Registered new binding: Play Attack Animation - LMB
09:26:04.043 [JavaFX Application Thread] DEBUG Input                - Registered new binding: Play Hit Effect - RMB
09:26:04.043 [JavaFX Application Thread] DEBUG Input                - Registered new binding: Switch to Phase 1 - Z
09:26:04.043 [JavaFX Application Thread] DEBUG Input                - Registered new binding: Switch to Phase 2 - X
09:26:04.043 [JavaFX Application Thread] DEBUG Input                - Registered new binding: Reset Boss - R
09:26:04.043 [JavaFX Application Thread] DEBUG Input                - Registered new binding: Play Death Animation - K
09:26:04.044 [JavaFX Application Thread] DEBUG FXGLAssetLoaderServi - Loading from file system: jar:file:/C:/Users/%e6%b6%82/.m2/repository/com/github/almasb/fxgl/17.3/fxgl-17.3.jar!/fxglassets/textures/fxgl_icon.png
09:26:04.044 [FXGL Background Thread 4 ] DEBUG FXGLAssetLoaderServi - Loading from file system: jar:file:/C:/Users/%e6%b6%82/.m2/repository/com/github/almasb/fxgl/17.3/fxgl-17.3.jar!/fxglassets/ui/fonts/Abel-Regular.ttf
09:26:04.048 [FXGL Background Thread 4 ] DEBUG FXGLAssetLoaderServi - Loading from file system: jar:file:/C:/Users/%e6%b6%82/.m2/repository/com/github/almasb/fxgl/17.3/fxgl-17.3.jar!/fxglassets/ui/fonts/TerminalLandMono-Regular.otf
09:26:04.052 [FXGL Background Thread 4 ] DEBUG FXGLAssetLoaderServi - Loading from file system: jar:file:/C:/Users/%e6%b6%82/.m2/repository/com/github/almasb/fxgl/17.3/fxgl-17.3.jar!/fxglassets/ui/fonts/Courier-Prime.ttf
09:26:04.062 [JavaFX Application Thread] DEBUG FXGLAssetLoaderServi - Loading from file system: jar:file:/C:/Users/%e6%b6%82/.m2/repository/com/github/almasb/fxgl/17.3/fxgl-17.3.jar!/fxglassets/textures/fxgl_default_cursor.png
09:26:04.064 [JavaFX Application Thread] DEBUG Input                - Registered new binding: Screenshot - CTRL+8
09:26:04.065 [JavaFX Application Thread] DEBUG Input                - Registered new binding: Dev Options - 1
09:26:04.065 [JavaFX Application Thread] DEBUG Input                - Registered new binding: Dev Console - 2
09:26:04.066 [JavaFX Application Thread] DEBUG Input                - Registered new binding: System info dump - CTRL+9
09:26:04.066 [JavaFX Application Thread] DEBUG Input                - Registered new binding: Restart - CTRL+R
09:26:04.067 [JavaFX Application Thread] DEBUG Input                - Registered new binding: Toggle Debug Camera - CTRL+7
09:26:04.073 [JavaFX Application Thread] DEBUG LoopRunner           - Starting loop
09:26:04.093 [JavaFX Application Thread] DEBUG LoopRunner           - Initializing JavaFX AnimationTimerLoop
09:26:04.095 [JavaFX Application Thread] DEBUG GameApplicationServi - Starting new game
09:26:04.095 [JavaFX Application Thread] DEBUG Input                - Clearing active input actions
09:26:04.108 [JavaFX Application Thread] DEBUG GameApplicationServi - Removing overlay from FXGLStartupScene and adding to FXGLLoadingScene
09:26:04.111 [JavaFX Application Thread] DEBUG PrimaryStageWindow   - FXGLStartupScene -> FXGLLoadingScene
09:26:04.111 [JavaFX Application Thread] DEBUG GameApplicationServi - Clearing previous game
09:26:04.111 [JavaFX Application Thread] DEBUG GameScene            - Clearing game scene
09:26:04.111 [JavaFX Application Thread] DEBUG GameWorld            - Clearing game world
09:26:04.111 [JavaFX Application Thread] DEBUG PhysicsWorld         - Clearing physics world
09:26:04.113 [FXGL Background Thread 4 ] DEBUG FXGLApplication      - Initializing game
09:26:04.114 [JavaFX Application Thread] DEBUG FXGLApplication      - Registering font factories with UI factory
09:26:04.117 [FXGL Background Thread 4 ] DEBUG FXGLAssetLoaderServi - Loading from file system: file:/D:/code/survivior-game-tqw/survivior-game-tqw/survivior-game-main/SurvivorGame/target/classes/assets/textures/boss/Idle.png
09:26:04.127 [FXGL Background Thread 4 ] DEBUG FXGLAssetLoaderServi - Loading from file system: file:/D:/code/survivior-game-tqw/survivior-game-tqw/survivior-game-main/SurvivorGame/target/classes/assets/textures/boss/Run.png
09:26:04.134 [FXGL Background Thread 4 ] DEBUG FXGLAssetLoaderServi - Loading from file system: file:/D:/code/survivior-game-tqw/survivior-game-tqw/survivior-game-main/SurvivorGame/target/classes/assets/textures/boss/Attack1.png
09:26:04.139 [FXGL Background Thread 4 ] DEBUG FXGLAssetLoaderServi - Loading from file system: file:/D:/code/survivior-game-tqw/survivior-game-tqw/survivior-game-main/SurvivorGame/target/classes/assets/textures/boss/Attack2.png
09:26:04.146 [FXGL Background Thread 4 ] DEBUG FXGLAssetLoaderServi - Loading from file system: file:/D:/code/survivior-game-tqw/survivior-game-tqw/survivior-game-main/SurvivorGame/target/classes/assets/textures/boss/Death.png
09:26:04.150 [FXGL Background Thread 4 ] DEBUG FXGLAssetLoaderServi - Loading from file system: file:/D:/code/survivior-game-tqw/survivior-game-tqw/survivior-game-main/SurvivorGame/target/classes/assets/textures/boss/Take%20Hit.png
09:26:04.168 [FXGL Background Thread 4 ] INFO  FXGLApplication      - Game initialization took: 0.055 sec
09:26:04.251 [JavaFX Application Thread] DEBUG Input                - Clearing active input actions
09:26:04.258 [JavaFX Application Thread] DEBUG GameApplicationServi - Removing overlay from FXGLLoadingScene and adding to GameScene
09:26:04.260 [JavaFX Application Thread] DEBUG PrimaryStageWindow   - FXGLLoadingScene -> GameScene
09:26:07.013 [FXGL Background Thread 3 ] DEBUG Engine               - Logging environment variables
09:26:07.014 [FXGL Background Thread 3 ] DEBUG Engine               - achievements: []
09:26:07.015 [FXGL Background Thread 3 ] DEBUG Engine               - actualHeight: 700.0
09:26:07.015 [FXGL Background Thread 3 ] DEBUG Engine               - actualHeightProperty: ReadOnlyDoubleProperty [value: 700.0]
09:26:07.015 [FXGL Background Thread 3 ] DEBUG Engine               - actualWidth: 1000.0
09:26:07.016 [FXGL Background Thread 3 ] DEBUG Engine               - actualWidthProperty: ReadOnlyDoubleProperty [value: 1000.0]
09:26:07.016 [FXGL Background Thread 3 ] DEBUG Engine               - appIcon: fxgl_icon.png
09:26:07.016 [FXGL Background Thread 3 ] DEBUG Engine               - applicationMode: DEVELOPER
09:26:07.016 [FXGL Background Thread 3 ] DEBUG Engine               - cSSList: [fxgl_dark.css]
09:26:07.017 [FXGL Background Thread 3 ] DEBUG Engine               - collisionDetectionStrategy: BRUTE_FORCE
09:26:07.017 [FXGL Background Thread 3 ] DEBUG Engine               - configClass: Optional.empty
09:26:07.017 [FXGL Background Thread 3 ] DEBUG Engine               - credits: []
09:26:07.018 [FXGL Background Thread 3 ] DEBUG Engine               - defaultCursor: CursorInfo(imageName=fxgl_default_cursor.png, hotspotX=7.0, hotspotY=6.0)
09:26:07.019 [FXGL Background Thread 3 ] DEBUG Engine               - devBBoxColorProperty: ObjectProperty [value: 0xff0000ff]
09:26:07.019 [FXGL Background Thread 3 ] DEBUG Engine               - devEnableDebugCameraProperty: BooleanProperty [value: false]
09:26:07.019 [FXGL Background Thread 3 ] DEBUG Engine               - devSensorColorProperty: ObjectProperty [value: 0xffff00ff]
09:26:07.020 [FXGL Background Thread 3 ] DEBUG Engine               - devShowBBoxProperty: BooleanProperty [value: false]
09:26:07.020 [FXGL Background Thread 3 ] DEBUG Engine               - devShowPositionProperty: BooleanProperty [value: false]
09:26:07.020 [FXGL Background Thread 3 ] DEBUG Engine               - enabledMenuItems: []
09:26:07.020 [FXGL Background Thread 3 ] DEBUG Engine               - engineServices: [class com.almasb.fxgl.app.services.FXGLAssetLoaderService, class com.almasb.fxgl.app.FXGLApplication$GameApplicationService, class com.almasb.fxgl.app.services.FXGLDialogService, class com.almasb.fxgl.app.services.IOTaskExecutorService, class com.almasb.fxgl.io.FileSystemService, class com.almasb.fxgl.localization.LocalizationService, class com.almasb.fxgl.app.services.SystemBundleService, class com.almasb.fxgl.profile.SaveLoadService, class com.almasb.fxgl.ui.FXGLUIFactoryServiceProvider, class com.almasb.fxgl.ui.FXGLDialogFactoryServiceProvider, class com.almasb.fxgl.audio.AudioPlayer, class com.almasb.fxgl.notification.impl.NotificationServiceProvider, class com.almasb.fxgl.achievement.AchievementService, class com.almasb.fxgl.cutscene.CutsceneService, class com.almasb.fxgl.minigames.MiniGameService, class com.almasb.fxgl.net.NetService, class com.almasb.fxgl.app.services.UpdaterService, class com.almasb.fxgl.dev.DevService]
09:26:07.020 [FXGL Background Thread 3 ] DEBUG Engine               - fontGame: Abel-Regular.ttf
09:26:07.020 [FXGL Background Thread 3 ] DEBUG Engine               - fontMono: TerminalLandMono-Regular.otf
09:26:07.020 [FXGL Background Thread 3 ] DEBUG Engine               - fontSizeScaleUI: 1.0
09:26:07.020 [FXGL Background Thread 3 ] DEBUG Engine               - fontText: Courier-Prime.ttf
09:26:07.020 [FXGL Background Thread 3 ] DEBUG Engine               - fontUI: VarelaRound-Regular.ttf
09:26:07.020 [FXGL Background Thread 3 ] DEBUG Engine               - fullScreen: BooleanProperty [value: false]
09:26:07.020 [FXGL Background Thread 3 ] DEBUG Engine               - gameDifficulty: MEDIUM
09:26:07.021 [FXGL Background Thread 3 ] DEBUG Engine               - gameDifficultyProperty: ObjectProperty [value: MEDIUM]
09:26:07.021 [FXGL Background Thread 3 ] DEBUG Engine               - globalMusicVolume: 0.5
09:26:07.021 [FXGL Background Thread 3 ] DEBUG Engine               - globalMusicVolumeProperty: DoubleProperty [value: 0.5]
09:26:07.021 [FXGL Background Thread 3 ] DEBUG Engine               - globalSoundVolume: 0.5
09:26:07.021 [FXGL Background Thread 3 ] DEBUG Engine               - globalSoundVolumeProperty: DoubleProperty [value: 0.5]
09:26:07.021 [FXGL Background Thread 3 ] DEBUG Engine               - height: 700
09:26:07.021 [FXGL Background Thread 3 ] DEBUG Engine               - is3D: false
09:26:07.022 [FXGL Background Thread 3 ] DEBUG Engine               - isAndroid: false
09:26:07.022 [FXGL Background Thread 3 ] DEBUG Engine               - isBrowser: false
09:26:07.022 [FXGL Background Thread 3 ] DEBUG Engine               - isClickFeedbackEnabled: false
09:26:07.022 [FXGL Background Thread 3 ] DEBUG Engine               - isCloseConfirmation: false
09:26:07.022 [FXGL Background Thread 3 ] DEBUG Engine               - isDesktop: true
09:26:07.022 [FXGL Background Thread 3 ] DEBUG Engine               - isDeveloperMenuEnabled: true
09:26:07.022 [FXGL Background Thread 3 ] DEBUG Engine               - isEmbedded: false
09:26:07.022 [FXGL Background Thread 3 ] DEBUG Engine               - isEntityPreloadEnabled: true
09:26:07.023 [FXGL Background Thread 3 ] DEBUG Engine               - isExperimentalTiledLargeMap: false
09:26:07.023 [FXGL Background Thread 3 ] DEBUG Engine               - isFileSystemWriteAllowed: true
09:26:07.023 [FXGL Background Thread 3 ] DEBUG Engine               - isFullScreenAllowed: false
09:26:07.023 [FXGL Background Thread 3 ] DEBUG Engine               - isFullScreenFromStart: false
09:26:07.023 [FXGL Background Thread 3 ] DEBUG Engine               - isGameMenuEnabled: true
09:26:07.023 [FXGL Background Thread 3 ] DEBUG Engine               - isIOS: false
09:26:07.023 [FXGL Background Thread 3 ] DEBUG Engine               - isIntroEnabled: false
09:26:07.023 [FXGL Background Thread 3 ] DEBUG Engine               - isLinux: false
09:26:07.023 [FXGL Background Thread 3 ] DEBUG Engine               - isMac: false
09:26:07.023 [FXGL Background Thread 3 ] DEBUG Engine               - isMainMenuEnabled: false
09:26:07.023 [FXGL Background Thread 3 ] DEBUG Engine               - isManualResizeEnabled: false
09:26:07.023 [FXGL Background Thread 3 ] DEBUG Engine               - isMobile: false
09:26:07.024 [FXGL Background Thread 3 ] DEBUG Engine               - isNative: false
09:26:07.024 [FXGL Background Thread 3 ] DEBUG Engine               - isPauseMusicWhenMinimized: true
09:26:07.024 [FXGL Background Thread 3 ] DEBUG Engine               - isPreserveResizeRatio: false
09:26:07.024 [FXGL Background Thread 3 ] DEBUG Engine               - isProfilingEnabled: false
09:26:07.024 [FXGL Background Thread 3 ] DEBUG Engine               - isScaleAffectedOnResize: true
09:26:07.024 [FXGL Background Thread 3 ] DEBUG Engine               - isSingleStep: false
09:26:07.024 [FXGL Background Thread 3 ] DEBUG Engine               - isUserProfileEnabled: false
09:26:07.024 [FXGL Background Thread 3 ] DEBUG Engine               - isWindows: true
09:26:07.024 [FXGL Background Thread 3 ] DEBUG Engine               - language: ObjectProperty [value: ENGLISH]
09:26:07.024 [FXGL Background Thread 3 ] DEBUG Engine               - menuKey: ESCAPE
09:26:07.024 [FXGL Background Thread 3 ] DEBUG Engine               - mouseSensitivity: 0.2
09:26:07.024 [FXGL Background Thread 3 ] DEBUG Engine               - notificationViewClass: class com.almasb.fxgl.notification.view.XboxNotificationView
09:26:07.024 [FXGL Background Thread 3 ] DEBUG Engine               - pixelsPerMeter: 50.0
09:26:07.024 [FXGL Background Thread 3 ] DEBUG Engine               - platform: WINDOWS
09:26:07.024 [FXGL Background Thread 3 ] DEBUG Engine               - prefHeightProperty: ReadOnlyDoubleProperty [value: 700.0]
09:26:07.024 [FXGL Background Thread 3 ] DEBUG Engine               - prefWidthProperty: ReadOnlyDoubleProperty [value: 1000.0]
09:26:07.026 [FXGL Background Thread 3 ] DEBUG Engine               - profileDir: profiles/
09:26:07.026 [FXGL Background Thread 3 ] DEBUG Engine               - profileName: StringProperty [value: DEFAULT]
09:26:07.026 [FXGL Background Thread 3 ] DEBUG Engine               - randomSeed: -1
09:26:07.026 [FXGL Background Thread 3 ] DEBUG Engine               - runtimeInfo: RuntimeInfo(platform=WINDOWS, version=17.3, build=30.03.2023 11.49)
09:26:07.026 [FXGL Background Thread 3 ] DEBUG Engine               - saveFileExt: sav
09:26:07.026 [FXGL Background Thread 3 ] DEBUG Engine               - scaledHeightProp$fxgl: DoubleProperty [bound, value: 700.0]
09:26:07.026 [FXGL Background Thread 3 ] DEBUG Engine               - scaledWidthProp$fxgl: DoubleProperty [bound, value: 1000.0]
09:26:07.026 [FXGL Background Thread 3 ] DEBUG Engine               - sceneFactory: com.almasb.fxgl.app.scene.SceneFactory@8674e9f
09:26:07.026 [FXGL Background Thread 3 ] DEBUG Engine               - secondsIn24h: 60
09:26:07.026 [FXGL Background Thread 3 ] DEBUG Engine               - soundMenuBack: menu/back.wav
09:26:07.026 [FXGL Background Thread 3 ] DEBUG Engine               - soundMenuPress: menu/press.wav
09:26:07.026 [FXGL Background Thread 3 ] DEBUG Engine               - soundMenuSelect: menu/select.wav
09:26:07.026 [FXGL Background Thread 3 ] DEBUG Engine               - soundNotification: core/notification.wav
09:26:07.026 [FXGL Background Thread 3 ] DEBUG Engine               - stageStyle: DECORATED
09:26:07.026 [FXGL Background Thread 3 ] DEBUG Engine               - supportedLanguages: [ENGLISH, FRENCH, GERMAN, HUNGARIAN, RUSSIAN]
09:26:07.026 [FXGL Background Thread 3 ] DEBUG Engine               - ticksPerSecond: -1
09:26:07.026 [FXGL Background Thread 3 ] DEBUG Engine               - title: Boss Animation Test
09:26:07.026 [FXGL Background Thread 3 ] DEBUG Engine               - urlGithub: https://github.com/AlmasB/FXGL
09:26:07.026 [FXGL Background Thread 3 ] DEBUG Engine               - urlLeaderboard: http://fxgl-top.herokuapp.com/
09:26:07.026 [FXGL Background Thread 3 ] DEBUG Engine               - urlPOM: https://raw.githubusercontent.com/AlmasB/FXGL/release/README.md
09:26:07.026 [FXGL Background Thread 3 ] DEBUG Engine               - userAppClass: class com.survivor.main.BossAnimationTestApp
09:26:07.026 [FXGL Background Thread 3 ] DEBUG Engine               - version: 0.0
09:26:07.026 [FXGL Background Thread 3 ] DEBUG Engine               - versionCheckDays: 7
09:26:07.026 [FXGL Background Thread 3 ] DEBUG Engine               - width: 1000
09:26:07.026 [FXGL Background Thread 3 ] DEBUG Engine               - Logging services
09:26:07.026 [FXGL Background Thread 3 ] DEBUG Engine               - class com.almasb.fxgl.app.services.FXGLAssetLoaderService
09:26:07.027 [FXGL Background Thread 3 ] DEBUG Engine               - class com.almasb.fxgl.app.FXGLApplication$GameApplicationService
09:26:07.027 [FXGL Background Thread 3 ] DEBUG Engine               - class com.almasb.fxgl.app.services.FXGLDialogService
09:26:07.027 [FXGL Background Thread 3 ] DEBUG Engine               - class com.almasb.fxgl.app.services.IOTaskExecutorService
09:26:07.027 [FXGL Background Thread 3 ] DEBUG Engine               - class com.almasb.fxgl.io.FileSystemService
09:26:07.027 [FXGL Background Thread 3 ] DEBUG Engine               - class com.almasb.fxgl.localization.LocalizationService
09:26:07.027 [FXGL Background Thread 3 ] DEBUG Engine               - class com.almasb.fxgl.app.services.SystemBundleService
09:26:07.027 [FXGL Background Thread 3 ] DEBUG Engine               - class com.almasb.fxgl.profile.SaveLoadService
09:26:07.027 [FXGL Background Thread 3 ] DEBUG Engine               - class com.almasb.fxgl.ui.FXGLUIFactoryServiceProvider
09:26:07.027 [FXGL Background Thread 3 ] DEBUG Engine               - class com.almasb.fxgl.ui.FXGLDialogFactoryServiceProvider
09:26:07.027 [FXGL Background Thread 3 ] DEBUG Engine               - class com.almasb.fxgl.audio.AudioPlayer
09:26:07.027 [FXGL Background Thread 3 ] DEBUG Engine               - class com.almasb.fxgl.notification.impl.NotificationServiceProvider
09:26:07.027 [FXGL Background Thread 3 ] DEBUG Engine               - class com.almasb.fxgl.achievement.AchievementService
09:26:07.028 [FXGL Background Thread 3 ] DEBUG Engine               - class com.almasb.fxgl.cutscene.CutsceneService
09:26:07.028 [FXGL Background Thread 3 ] DEBUG Engine               - class com.almasb.fxgl.minigames.MiniGameService
09:26:07.028 [FXGL Background Thread 3 ] DEBUG Engine               - class com.almasb.fxgl.net.NetService
09:26:07.028 [FXGL Background Thread 3 ] DEBUG Engine               - class com.almasb.fxgl.app.services.UpdaterService
09:26:07.028 [FXGL Background Thread 3 ] DEBUG Engine               - class com.almasb.fxgl.dev.DevService
09:26:22.061 [JavaFX Application Thread] DEBUG FXGLApplication      - Exiting FXGL
09:26:22.061 [JavaFX Application Thread] DEBUG LoopRunner           - Stopping loop
09:26:22.061 [JavaFX Application Thread] DEBUG SystemBundleService  - Saving FXGL system data
09:26:22.065 [JavaFX Application Thread] DEBUG FileSystemAccess     - Writing to: D:\code\survivior-game-tqw\system\fxgl.bundle
09:26:22.067 [JavaFX Application Thread] DEBUG Async                - Shutting down background threads
09:26:22.067 [JavaFX Application Thread] DEBUG PrimaryStageWindow   - Closing main window
09:26:22.092 [JavaFX Application Thread] DEBUG Logger               - Closing Logger
